[0.570s] Invoking command in '/micro_ros_ws/wall_e_ws/src/control': AMENT_PREFIX_PATH=/micro_ros_ws/wall_e_ws/install/custom_interfaces:${AMENT_PREFIX_PATH} CMAKE_PREFIX_PATH=/micro_ros_ws/wall_e_ws/install/custom_interfaces:${CMAKE_PREFIX_PATH} LD_LIBRARY_PATH=/micro_ros_ws/wall_e_ws/install/custom_interfaces/lib:${LD_LIBRARY_PATH} PYTHONPATH=/micro_ros_ws/wall_e_ws/build/control/prefix_override:/usr/lib/python3/dist-packages/colcon_core/task/python/colcon_distutils_commands:/micro_ros_ws/wall_e_ws/install/control/lib/python3.10/site-packages:/micro_ros_ws/wall_e_ws/install/custom_interfaces/local/lib/python3.10/dist-packages:${PYTHONPATH} /usr/bin/python3 -W ignore:setup.py install is deprecated -W ignore:easy_install command is deprecated setup.py egg_info --egg-base ../../build/control build --build-base /micro_ros_ws/wall_e_ws/build/control/build install --record /micro_ros_ws/wall_e_ws/build/control/install.log --single-version-externally-managed install_data
[0.785s] running egg_info
[0.786s] writing ../../build/control/control.egg-info/PKG-INFO
[0.786s] writing dependency_links to ../../build/control/control.egg-info/dependency_links.txt
[0.787s] writing entry points to ../../build/control/control.egg-info/entry_points.txt
[0.787s] writing requirements to ../../build/control/control.egg-info/requires.txt
[0.787s] writing top-level names to ../../build/control/control.egg-info/top_level.txt
[0.792s] reading manifest file '../../build/control/control.egg-info/SOURCES.txt'
[0.794s] adding license file 'LICENSE'
[0.796s] writing manifest file '../../build/control/control.egg-info/SOURCES.txt'
[0.796s] running build
[0.796s] running build_py
[0.797s] copying control/gamepad.py -> /micro_ros_ws/wall_e_ws/build/control/build/lib/control
[0.800s] running install
[0.801s] running install_lib
[0.802s] copying /micro_ros_ws/wall_e_ws/build/control/build/lib/control/gamepad.py -> /micro_ros_ws/wall_e_ws/install/control/lib/python3.10/site-packages/control
[0.806s] byte-compiling /micro_ros_ws/wall_e_ws/install/control/lib/python3.10/site-packages/control/gamepad.py to gamepad.cpython-310.pyc
[0.809s] running install_data
[0.811s] running install_egg_info
[0.814s] removing '/micro_ros_ws/wall_e_ws/install/control/lib/python3.10/site-packages/control-0.0.0-py3.10.egg-info' (and everything under it)
[0.816s] Copying ../../build/control/control.egg-info to /micro_ros_ws/wall_e_ws/install/control/lib/python3.10/site-packages/control-0.0.0-py3.10.egg-info
[0.822s] running install_scripts
[0.841s] Installing gamepad_node script to /micro_ros_ws/wall_e_ws/install/control/lib/control
[0.842s] writing list of installed files to '/micro_ros_ws/wall_e_ws/build/control/install.log'
[0.866s] Invoked command in '/micro_ros_ws/wall_e_ws/src/control' returned '0': AMENT_PREFIX_PATH=/micro_ros_ws/wall_e_ws/install/custom_interfaces:${AMENT_PREFIX_PATH} CMAKE_PREFIX_PATH=/micro_ros_ws/wall_e_ws/install/custom_interfaces:${CMAKE_PREFIX_PATH} LD_LIBRARY_PATH=/micro_ros_ws/wall_e_ws/install/custom_interfaces/lib:${LD_LIBRARY_PATH} PYTHONPATH=/micro_ros_ws/wall_e_ws/build/control/prefix_override:/usr/lib/python3/dist-packages/colcon_core/task/python/colcon_distutils_commands:/micro_ros_ws/wall_e_ws/install/control/lib/python3.10/site-packages:/micro_ros_ws/wall_e_ws/install/custom_interfaces/local/lib/python3.10/dist-packages:${PYTHONPATH} /usr/bin/python3 -W ignore:setup.py install is deprecated -W ignore:easy_install command is deprecated setup.py egg_info --egg-base ../../build/control build --build-base /micro_ros_ws/wall_e_ws/build/control/build install --record /micro_ros_ws/wall_e_ws/build/control/install.log --single-version-externally-managed install_data
