Not searching for unused variables given on the command line.
-- The C compiler identification is GNU 8.2.0
-- Detecting C compiler ABI info
-- Detecting C compiler ABI info - done
-- Check for working C compiler: /micro_ros_ws/firmware/toolchain/espressif/tools/xtensa-esp32-elf/esp-2020r2-8.2.0/xtensa-esp32-elf/bin/xtensa-esp32-elf-gcc - skipped
-- Detecting C compile features
-- Detecting C compile features - done
-- Found ament_cmake: 1.3.14 (/micro_ros_ws/firmware/dev_ws/install/ament_cmake/share/ament_cmake/cmake)
-- Found Python3: /micro_ros_ws/firmware/toolchain/espressif/python_env/idf4.1_py3.10_env/bin/python3 (found version "3.10.12") found components: Interpreter 
-- Found rosidl_runtime_c: 3.1.8 (/micro_ros_ws/firmware/mcu_ws/install/share/rosidl_runtime_c/cmake)
-- Configuring done
-- Generating done
-- Build files have been written to: /micro_ros_ws/firmware/mcu_ws/build/rosidl_typesupport_microxrcedds_c
gmake[4]: Entering directory '/micro_ros_ws/firmware/mcu_ws/build/rosidl_typesupport_microxrcedds_c'
/usr/bin/cmake -S/micro_ros_ws/firmware/mcu_ws/uros/rosidl_typesupport_microxrcedds/rosidl_typesupport_microxrcedds_c -B/micro_ros_ws/firmware/mcu_ws/build/rosidl_typesupport_microxrcedds_c --check-build-system CMakeFiles/Makefile.cmake 0
/usr/bin/cmake -E cmake_progress_start /micro_ros_ws/firmware/mcu_ws/build/rosidl_typesupport_microxrcedds_c/CMakeFiles /micro_ros_ws/firmware/mcu_ws/build/rosidl_typesupport_microxrcedds_c//CMakeFiles/progress.marks
/usr/bin/gmake  -f CMakeFiles/Makefile2 all
gmake[5]: Entering directory '/micro_ros_ws/firmware/mcu_ws/build/rosidl_typesupport_microxrcedds_c'
/usr/bin/gmake  -f CMakeFiles/ament_cmake_python_copy_rosidl_typesupport_microxrcedds_c.dir/build.make CMakeFiles/ament_cmake_python_copy_rosidl_typesupport_microxrcedds_c.dir/depend
/usr/bin/gmake  -f CMakeFiles/rosidl_typesupport_microxrcedds_c.dir/build.make CMakeFiles/rosidl_typesupport_microxrcedds_c.dir/depend
gmake[6]: Entering directory '/micro_ros_ws/firmware/mcu_ws/build/rosidl_typesupport_microxrcedds_c'
cd /micro_ros_ws/firmware/mcu_ws/build/rosidl_typesupport_microxrcedds_c && /usr/bin/cmake -E cmake_depends "Unix Makefiles" /micro_ros_ws/firmware/mcu_ws/uros/rosidl_typesupport_microxrcedds/rosidl_typesupport_microxrcedds_c /micro_ros_ws/firmware/mcu_ws/uros/rosidl_typesupport_microxrcedds/rosidl_typesupport_microxrcedds_c /micro_ros_ws/firmware/mcu_ws/build/rosidl_typesupport_microxrcedds_c /micro_ros_ws/firmware/mcu_ws/build/rosidl_typesupport_microxrcedds_c /micro_ros_ws/firmware/mcu_ws/build/rosidl_typesupport_microxrcedds_c/CMakeFiles/ament_cmake_python_copy_rosidl_typesupport_microxrcedds_c.dir/DependInfo.cmake --color=
gmake[6]: Entering directory '/micro_ros_ws/firmware/mcu_ws/build/rosidl_typesupport_microxrcedds_c'
cd /micro_ros_ws/firmware/mcu_ws/build/rosidl_typesupport_microxrcedds_c && /usr/bin/cmake -E cmake_depends "Unix Makefiles" /micro_ros_ws/firmware/mcu_ws/uros/rosidl_typesupport_microxrcedds/rosidl_typesupport_microxrcedds_c /micro_ros_ws/firmware/mcu_ws/uros/rosidl_typesupport_microxrcedds/rosidl_typesupport_microxrcedds_c /micro_ros_ws/firmware/mcu_ws/build/rosidl_typesupport_microxrcedds_c /micro_ros_ws/firmware/mcu_ws/build/rosidl_typesupport_microxrcedds_c /micro_ros_ws/firmware/mcu_ws/build/rosidl_typesupport_microxrcedds_c/CMakeFiles/rosidl_typesupport_microxrcedds_c.dir/DependInfo.cmake --color=
gmake[6]: Leaving directory '/micro_ros_ws/firmware/mcu_ws/build/rosidl_typesupport_microxrcedds_c'
/usr/bin/gmake  -f CMakeFiles/rosidl_typesupport_microxrcedds_c.dir/build.make CMakeFiles/rosidl_typesupport_microxrcedds_c.dir/build
gmake[6]: Leaving directory '/micro_ros_ws/firmware/mcu_ws/build/rosidl_typesupport_microxrcedds_c'
/usr/bin/gmake  -f CMakeFiles/ament_cmake_python_copy_rosidl_typesupport_microxrcedds_c.dir/build.make CMakeFiles/ament_cmake_python_copy_rosidl_typesupport_microxrcedds_c.dir/build
gmake[6]: Entering directory '/micro_ros_ws/firmware/mcu_ws/build/rosidl_typesupport_microxrcedds_c'
gmake[6]: Entering directory '/micro_ros_ws/firmware/mcu_ws/build/rosidl_typesupport_microxrcedds_c'
/usr/bin/cmake -E copy_directory /micro_ros_ws/firmware/mcu_ws/uros/rosidl_typesupport_microxrcedds/rosidl_typesupport_microxrcedds_c/rosidl_typesupport_microxrcedds_c /micro_ros_ws/firmware/mcu_ws/build/rosidl_typesupport_microxrcedds_c/ament_cmake_python/rosidl_typesupport_microxrcedds_c/rosidl_typesupport_microxrcedds_c
gmake[6]: Leaving directory '/micro_ros_ws/firmware/mcu_ws/build/rosidl_typesupport_microxrcedds_c'
[ 50%] [32mBuilding C object CMakeFiles/rosidl_typesupport_microxrcedds_c.dir/src/identifier.c.obj[0m
/micro_ros_ws/firmware/toolchain/espressif/tools/xtensa-esp32-elf/esp-2020r2-8.2.0/xtensa-esp32-elf/bin/xtensa-esp32-elf-gcc -DLWIP_IPV4 -DLWIP_IPV6 -I/micro_ros_ws/firmware/freertos_apps/microros_esp32_extensions/build/config -I/micro_ros_ws/firmware/toolchain/esp-idf/components/newlib/platform_include -I/micro_ros_ws/firmware/toolchain/esp-idf/components/protocomm/include -I/micro_ros_ws/firmware/toolchain/esp-idf/components/esp_rom/include -I/micro_ros_ws/firmware/toolchain/esp-idf/components/driver/include -I/micro_ros_ws/firmware/toolchain/esp-idf/components/wear_levelling/include -I/micro_ros_ws/firmware/toolchain/esp-idf/components/vfs/include -I/micro_ros_ws/firmware/toolchain/esp-idf/components/log/include -I/micro_ros_ws/firmware/toolchain/esp-idf/components/freertos/include -I/micro_ros_ws/firmware/toolchain/esp-idf/components/wifi_provisioning/include -I/micro_ros_ws/firmware/toolchain/esp-idf/components/pthread/include -I/micro_ros_ws/firmware/toolchain/esp-idf/components/libsodium/libsodium/src/libsodium/include -I/micro_ros_ws/firmware/toolchain/esp-idf/components/coap/port/include -I/micro_ros_ws/firmware/toolchain/esp-idf/components/coap/libcoap/include -I/micro_ros_ws/firmware/toolchain/esp-idf/components/tcp_transport/include -I/micro_ros_ws/firmware/toolchain/esp-idf/components/unity/include -I/micro_ros_ws/firmware/toolchain/esp-idf/components/esp32/include -I/micro_ros_ws/firmware/toolchain/esp-idf/components/asio/port/include -I/micro_ros_ws/firmware/toolchain/esp-idf/components/asio/asio/asio/include -I/micro_ros_ws/firmware/toolchain/esp-idf/components/app_update/include -I/micro_ros_ws/firmware/toolchain/esp-idf/components/esp_ringbuf/include -I/micro_ros_ws/firmware/toolchain/esp-idf/components/soc/esp32/include -I/micro_ros_ws/firmware/toolchain/esp-idf/components/soc/include -I/micro_ros_ws/firmware/toolchain/esp-idf/components/efuse/test/include -I/micro_ros_ws/firmware/toolchain/esp-idf/components/efuse/esp32/include -I/micro_ros_ws/firmware/toolchain/esp-idf/components/efuse/include -I/micro_ros_ws/firmware/toolchain/esp-idf/components/mbedtls/port/include -I/micro_ros_ws/firmware/toolchain/esp-idf/components/mbedtls/mbedtls/include -I/micro_ros_ws/firmware/toolchain/esp-idf/components/xtensa/esp32/include -I/micro_ros_ws/firmware/toolchain/esp-idf/components/xtensa/include -I/micro_ros_ws/firmware/toolchain/esp-idf/components/app_trace/include -I/micro_ros_ws/firmware/toolchain/esp-idf/components/nvs_flash/include -I/micro_ros_ws/firmware/toolchain/esp-idf/components/jsmn/include -I/micro_ros_ws/firmware/toolchain/esp-idf/components/esp_eth/include -I/micro_ros_ws/firmware/toolchain/esp-idf/components/spiffs/include -I/micro_ros_ws/firmware/toolchain/esp-idf/components/ulp/include -I/micro_ros_ws/firmware/toolchain/esp-idf/components/mdns/include -I/micro_ros_ws/firmware/toolchain/esp-idf/components/freemodbus/modbus/include -I/micro_ros_ws/firmware/toolchain/esp-idf/components/freemodbus/common/include -I/micro_ros_ws/firmware/toolchain/esp-idf/components/esp_event/include -I/micro_ros_ws/firmware/toolchain/esp-idf/components/expat/port/include -I/micro_ros_ws/firmware/toolchain/esp-idf/components/bootloader_support/include -I/micro_ros_ws/firmware/toolchain/esp-idf/components/heap/include -I/micro_ros_ws/firmware/toolchain/esp-idf/components/wpa_supplicant/port/include -I/micro_ros_ws/firmware/toolchain/esp-idf/components/wpa_supplicant/include -I/micro_ros_ws/firmware/toolchain/esp-idf/components/tcpip_adapter/include -I/micro_ros_ws/firmware/toolchain/esp-idf/components/openssl/include -I/micro_ros_ws/firmware/toolchain/esp-idf/components/sdmmc/include -I/micro_ros_ws/firmware/toolchain/esp-idf/components/esp_local_ctrl/include -I/micro_ros_ws/firmware/toolchain/esp-idf/components/esp_common/include -I/micro_ros_ws/firmware/toolchain/esp-idf/components/lwip/lwip/src/include/lwip/apps -I/micro_ros_ws/firmware/toolchain/esp-idf/components/lwip/lwip/src/include/compat/posix -I/micro_ros_ws/firmware/toolchain/esp-idf/components/lwip/lwip/src/include -I/micro_ros_ws/firmware/toolchain/esp-idf/components/lwip/port/esp32/include -I/micro_ros_ws/firmware/mcu_ws/uros/rosidl_typesupport_microxrcedds/rosidl_typesupport_microxrcedds_c/include -isystem /micro_ros_ws/firmware/mcu_ws/install/include/rosidl_runtime_c -isystem /micro_ros_ws/firmware/mcu_ws/install/include/rcutils -isystem /micro_ros_ws/firmware/mcu_ws/install/include/rosidl_typesupport_interface -mlongcalls -Wno-frame-address -mlongcalls -Wno-frame-address -g -Wall -Wextra -Wpedantic -std=gnu99 -MD -MT CMakeFiles/rosidl_typesupport_microxrcedds_c.dir/src/identifier.c.obj -MF CMakeFiles/rosidl_typesupport_microxrcedds_c.dir/src/identifier.c.obj.d -o CMakeFiles/rosidl_typesupport_microxrcedds_c.dir/src/identifier.c.obj -c /micro_ros_ws/firmware/mcu_ws/uros/rosidl_typesupport_microxrcedds/rosidl_typesupport_microxrcedds_c/src/identifier.c
[ 50%] Built target ament_cmake_python_copy_rosidl_typesupport_microxrcedds_c
/usr/bin/gmake  -f CMakeFiles/ament_cmake_python_build_rosidl_typesupport_microxrcedds_c_egg.dir/build.make CMakeFiles/ament_cmake_python_build_rosidl_typesupport_microxrcedds_c_egg.dir/depend
gmake[6]: Entering directory '/micro_ros_ws/firmware/mcu_ws/build/rosidl_typesupport_microxrcedds_c'
cd /micro_ros_ws/firmware/mcu_ws/build/rosidl_typesupport_microxrcedds_c && /usr/bin/cmake -E cmake_depends "Unix Makefiles" /micro_ros_ws/firmware/mcu_ws/uros/rosidl_typesupport_microxrcedds/rosidl_typesupport_microxrcedds_c /micro_ros_ws/firmware/mcu_ws/uros/rosidl_typesupport_microxrcedds/rosidl_typesupport_microxrcedds_c /micro_ros_ws/firmware/mcu_ws/build/rosidl_typesupport_microxrcedds_c /micro_ros_ws/firmware/mcu_ws/build/rosidl_typesupport_microxrcedds_c /micro_ros_ws/firmware/mcu_ws/build/rosidl_typesupport_microxrcedds_c/CMakeFiles/ament_cmake_python_build_rosidl_typesupport_microxrcedds_c_egg.dir/DependInfo.cmake --color=
gmake[6]: Leaving directory '/micro_ros_ws/firmware/mcu_ws/build/rosidl_typesupport_microxrcedds_c'
/usr/bin/gmake  -f CMakeFiles/ament_cmake_python_build_rosidl_typesupport_microxrcedds_c_egg.dir/build.make CMakeFiles/ament_cmake_python_build_rosidl_typesupport_microxrcedds_c_egg.dir/build
gmake[6]: Entering directory '/micro_ros_ws/firmware/mcu_ws/build/rosidl_typesupport_microxrcedds_c'
cd /micro_ros_ws/firmware/mcu_ws/build/rosidl_typesupport_microxrcedds_c/ament_cmake_python/rosidl_typesupport_microxrcedds_c && /micro_ros_ws/firmware/toolchain/espressif/python_env/idf4.1_py3.10_env/bin/python3 setup.py egg_info
[100%] [32m[1mLinking C static library librosidl_typesupport_microxrcedds_c.a[0m
/usr/bin/cmake -P CMakeFiles/rosidl_typesupport_microxrcedds_c.dir/cmake_clean_target.cmake
/usr/bin/cmake -E cmake_link_script CMakeFiles/rosidl_typesupport_microxrcedds_c.dir/link.txt --verbose=1
/micro_ros_ws/firmware/toolchain/espressif/tools/xtensa-esp32-elf/esp-2020r2-8.2.0/xtensa-esp32-elf/bin/xtensa-esp32-elf-ar qc librosidl_typesupport_microxrcedds_c.a CMakeFiles/rosidl_typesupport_microxrcedds_c.dir/src/identifier.c.obj
/micro_ros_ws/firmware/toolchain/espressif/tools/xtensa-esp32-elf/esp-2020r2-8.2.0/xtensa-esp32-elf/bin/xtensa-esp32-elf-ranlib librosidl_typesupport_microxrcedds_c.a
gmake[6]: Leaving directory '/micro_ros_ws/firmware/mcu_ws/build/rosidl_typesupport_microxrcedds_c'
[100%] Built target rosidl_typesupport_microxrcedds_c
running egg_info
creating rosidl_typesupport_microxrcedds_c.egg-info
writing rosidl_typesupport_microxrcedds_c.egg-info/PKG-INFO
writing dependency_links to rosidl_typesupport_microxrcedds_c.egg-info/dependency_links.txt
writing top-level names to rosidl_typesupport_microxrcedds_c.egg-info/top_level.txt
writing manifest file 'rosidl_typesupport_microxrcedds_c.egg-info/SOURCES.txt'
reading manifest file 'rosidl_typesupport_microxrcedds_c.egg-info/SOURCES.txt'
writing manifest file 'rosidl_typesupport_microxrcedds_c.egg-info/SOURCES.txt'
gmake[6]: Leaving directory '/micro_ros_ws/firmware/mcu_ws/build/rosidl_typesupport_microxrcedds_c'
[100%] Built target ament_cmake_python_build_rosidl_typesupport_microxrcedds_c_egg
gmake[5]: Leaving directory '/micro_ros_ws/firmware/mcu_ws/build/rosidl_typesupport_microxrcedds_c'
/usr/bin/cmake -E cmake_progress_start /micro_ros_ws/firmware/mcu_ws/build/rosidl_typesupport_microxrcedds_c/CMakeFiles 0
gmake[4]: Leaving directory '/micro_ros_ws/firmware/mcu_ws/build/rosidl_typesupport_microxrcedds_c'
-- Install configuration: "Debug"
-- Installing: /micro_ros_ws/firmware/mcu_ws/install/share/rosidl_typesupport_microxrcedds_c/environment/pythonpath.sh
-- Installing: /micro_ros_ws/firmware/mcu_ws/install/share/rosidl_typesupport_microxrcedds_c/environment/pythonpath.dsv
-- Installing: /micro_ros_ws/firmware/mcu_ws/install/lib/python3.10/site-packages/rosidl_typesupport_microxrcedds_c-3.0.1-py3.10.egg-info
-- Installing: /micro_ros_ws/firmware/mcu_ws/install/lib/python3.10/site-packages/rosidl_typesupport_microxrcedds_c-3.0.1-py3.10.egg-info/dependency_links.txt
-- Installing: /micro_ros_ws/firmware/mcu_ws/install/lib/python3.10/site-packages/rosidl_typesupport_microxrcedds_c-3.0.1-py3.10.egg-info/PKG-INFO
-- Installing: /micro_ros_ws/firmware/mcu_ws/install/lib/python3.10/site-packages/rosidl_typesupport_microxrcedds_c-3.0.1-py3.10.egg-info/SOURCES.txt
-- Installing: /micro_ros_ws/firmware/mcu_ws/install/lib/python3.10/site-packages/rosidl_typesupport_microxrcedds_c-3.0.1-py3.10.egg-info/top_level.txt
-- Installing: /micro_ros_ws/firmware/mcu_ws/install/lib/python3.10/site-packages/rosidl_typesupport_microxrcedds_c
-- Installing: /micro_ros_ws/firmware/mcu_ws/install/lib/python3.10/site-packages/rosidl_typesupport_microxrcedds_c/__init__.py
Listing '/micro_ros_ws/firmware/mcu_ws/install/lib/python3.10/site-packages/rosidl_typesupport_microxrcedds_c'...
Compiling '/micro_ros_ws/firmware/mcu_ws/install/lib/python3.10/site-packages/rosidl_typesupport_microxrcedds_c/__init__.py'...
-- Installing: /micro_ros_ws/firmware/mcu_ws/install/share/rosidl_typesupport_microxrcedds_c/environment/library_path.sh
-- Installing: /micro_ros_ws/firmware/mcu_ws/install/share/rosidl_typesupport_microxrcedds_c/environment/library_path.dsv
-- Installing: /micro_ros_ws/firmware/mcu_ws/install/share/ament_index/resource_index/rosidl_typesupport_c/rosidl_typesupport_microxrcedds_c
-- Installing: /micro_ros_ws/firmware/mcu_ws/install/share/ament_index/resource_index/package_run_dependencies/rosidl_typesupport_microxrcedds_c
-- Installing: /micro_ros_ws/firmware/mcu_ws/install/share/ament_index/resource_index/parent_prefix_path/rosidl_typesupport_microxrcedds_c
-- Installing: /micro_ros_ws/firmware/mcu_ws/install/share/rosidl_typesupport_microxrcedds_c/environment/ament_prefix_path.sh
-- Installing: /micro_ros_ws/firmware/mcu_ws/install/share/rosidl_typesupport_microxrcedds_c/environment/ament_prefix_path.dsv
-- Installing: /micro_ros_ws/firmware/mcu_ws/install/share/rosidl_typesupport_microxrcedds_c/environment/path.sh
-- Installing: /micro_ros_ws/firmware/mcu_ws/install/share/rosidl_typesupport_microxrcedds_c/environment/path.dsv
-- Installing: /micro_ros_ws/firmware/mcu_ws/install/share/rosidl_typesupport_microxrcedds_c/local_setup.bash
-- Installing: /micro_ros_ws/firmware/mcu_ws/install/share/rosidl_typesupport_microxrcedds_c/local_setup.sh
-- Installing: /micro_ros_ws/firmware/mcu_ws/install/share/rosidl_typesupport_microxrcedds_c/local_setup.zsh
-- Installing: /micro_ros_ws/firmware/mcu_ws/install/share/rosidl_typesupport_microxrcedds_c/local_setup.dsv
-- Installing: /micro_ros_ws/firmware/mcu_ws/install/share/rosidl_typesupport_microxrcedds_c/package.dsv
-- Installing: /micro_ros_ws/firmware/mcu_ws/install/share/ament_index/resource_index/packages/rosidl_typesupport_microxrcedds_c
-- Installing: /micro_ros_ws/firmware/mcu_ws/install/share/rosidl_typesupport_microxrcedds_c/cmake/rosidl_typesupport_microxrcedds_cExport.cmake
-- Installing: /micro_ros_ws/firmware/mcu_ws/install/share/rosidl_typesupport_microxrcedds_c/cmake/rosidl_typesupport_microxrcedds_cExport-debug.cmake
-- Installing: /micro_ros_ws/firmware/mcu_ws/install/share/rosidl_typesupport_microxrcedds_c/cmake/rosidl_typesupport_microxrcedds_c-extras.cmake
-- Installing: /micro_ros_ws/firmware/mcu_ws/install/share/rosidl_typesupport_microxrcedds_c/cmake/ament_cmake_export_dependencies-extras.cmake
-- Installing: /micro_ros_ws/firmware/mcu_ws/install/share/rosidl_typesupport_microxrcedds_c/cmake/ament_cmake_export_include_directories-extras.cmake
-- Installing: /micro_ros_ws/firmware/mcu_ws/install/share/rosidl_typesupport_microxrcedds_c/cmake/ament_cmake_export_libraries-extras.cmake
-- Installing: /micro_ros_ws/firmware/mcu_ws/install/share/rosidl_typesupport_microxrcedds_c/cmake/ament_cmake_export_targets-extras.cmake
-- Installing: /micro_ros_ws/firmware/mcu_ws/install/share/rosidl_typesupport_microxrcedds_c/cmake/rosidl_typesupport_microxrcedds_cConfig.cmake
-- Installing: /micro_ros_ws/firmware/mcu_ws/install/share/rosidl_typesupport_microxrcedds_c/cmake/rosidl_typesupport_microxrcedds_cConfig-version.cmake
-- Installing: /micro_ros_ws/firmware/mcu_ws/install/share/rosidl_typesupport_microxrcedds_c/package.xml
-- Installing: /micro_ros_ws/firmware/mcu_ws/install/lib/rosidl_typesupport_microxrcedds_c/rosidl_typesupport_microxrcedds_c
-- Up-to-date: /micro_ros_ws/firmware/mcu_ws/install/share/rosidl_typesupport_microxrcedds_c/cmake
-- Installing: /micro_ros_ws/firmware/mcu_ws/install/share/rosidl_typesupport_microxrcedds_c/cmake/rosidl_typesupport_microxrcedds_c_generate_interfaces.cmake
-- Installing: /micro_ros_ws/firmware/mcu_ws/install/share/rosidl_typesupport_microxrcedds_c/resource
-- Installing: /micro_ros_ws/firmware/mcu_ws/install/share/rosidl_typesupport_microxrcedds_c/resource/idl__rosidl_typesupport_microxrcedds_c.h.em
-- Installing: /micro_ros_ws/firmware/mcu_ws/install/share/rosidl_typesupport_microxrcedds_c/resource/idl__type_support_c.c.em
-- Installing: /micro_ros_ws/firmware/mcu_ws/install/share/rosidl_typesupport_microxrcedds_c/resource/msg__rosidl_typesupport_microxrcedds_c.h.em
-- Installing: /micro_ros_ws/firmware/mcu_ws/install/share/rosidl_typesupport_microxrcedds_c/resource/msg__type_support_c.c.em
-- Installing: /micro_ros_ws/firmware/mcu_ws/install/share/rosidl_typesupport_microxrcedds_c/resource/rosidl_typesupport_microxrcedds_c__visibility_control.h.in
-- Installing: /micro_ros_ws/firmware/mcu_ws/install/share/rosidl_typesupport_microxrcedds_c/resource/srv__rosidl_typesupport_microxrcedds_c.h.em
-- Installing: /micro_ros_ws/firmware/mcu_ws/install/share/rosidl_typesupport_microxrcedds_c/resource/srv__type_support_c.c.em
-- Up-to-date: /micro_ros_ws/firmware/mcu_ws/install/include
-- Up-to-date: /micro_ros_ws/firmware/mcu_ws/install/include/rosidl_typesupport_microxrcedds_c
-- Installing: /micro_ros_ws/firmware/mcu_ws/install/include/rosidl_typesupport_microxrcedds_c/identifier.h
-- Installing: /micro_ros_ws/firmware/mcu_ws/install/include/rosidl_typesupport_microxrcedds_c/message_type_support.h
-- Installing: /micro_ros_ws/firmware/mcu_ws/install/include/rosidl_typesupport_microxrcedds_c/service_type_support.h
-- Installing: /micro_ros_ws/firmware/mcu_ws/install/include/rosidl_typesupport_microxrcedds_c/visibility_control.h
-- Installing: /micro_ros_ws/firmware/mcu_ws/install/lib/librosidl_typesupport_microxrcedds_c.a
