[0.278s] Invoking command in '/micro_ros_ws/firmware/mcu_ws/build/rosidl_generator_c': AMENT_PREFIX_PATH=/micro_ros_ws/firmware/mcu_ws/install:${AMENT_PREFIX_PATH} CMAKE_PREFIX_PATH=/micro_ros_ws/firmware/mcu_ws/install:/micro_ros_ws/firmware/dev_ws/install/ament_lint_common:/micro_ros_ws/firmware/dev_ws/install/ament_cmake_uncrustify:/micro_ros_ws/firmware/dev_ws/install/uncrustify_vendor:/micro_ros_ws/firmware/dev_ws/install/ament_cmake_ros:/micro_ros_ws/firmware/dev_ws/install/ament_cmake_auto:/micro_ros_ws/firmware/dev_ws/install/ament_cmake_gmock:/micro_ros_ws/firmware/dev_ws/install/gmock_vendor:/micro_ros_ws/firmware/dev_ws/install/ament_cmake_gtest:/micro_ros_ws/firmware/dev_ws/install/gtest_vendor:/micro_ros_ws/firmware/dev_ws/install/ament_cmake_xmllint:/micro_ros_ws/firmware/dev_ws/install/ament_cmake_pyflakes:/micro_ros_ws/firmware/dev_ws/install/ament_cmake_pycodestyle:/micro_ros_ws/firmware/dev_ws/install/ament_cmake_pep257:/micro_ros_ws/firmware/dev_ws/install/ament_cmake_pclint:/micro_ros_ws/firmware/dev_ws/install/ament_lint_auto:/micro_ros_ws/firmware/dev_ws/install/ament_cmake:/micro_ros_ws/firmware/dev_ws/install/ament_cmake_version:/micro_ros_ws/firmware/dev_ws/install/ament_cmake_vendor_package:/micro_ros_ws/firmware/dev_ws/install/ament_cmake_pytest:/micro_ros_ws/firmware/dev_ws/install/ament_cmake_nose:/micro_ros_ws/firmware/dev_ws/install/ament_cmake_mypy:/micro_ros_ws/firmware/dev_ws/install/ament_cmake_lint_cmake:/micro_ros_ws/firmware/dev_ws/install/ament_cmake_google_benchmark:/micro_ros_ws/firmware/dev_ws/install/ament_cmake_flake8:/micro_ros_ws/firmware/dev_ws/install/ament_cmake_cpplint:/micro_ros_ws/firmware/dev_ws/install/ament_cmake_cppcheck:/micro_ros_ws/firmware/dev_ws/install/ament_cmake_copyright:/micro_ros_ws/firmware/dev_ws/install/ament_cmake_clang_tidy:/micro_ros_ws/firmware/dev_ws/install/ament_cmake_clang_format:/micro_ros_ws/firmware/dev_ws/install/ament_cmake_test:/micro_ros_ws/firmware/dev_ws/install/ament_cmake_target_dependencies:/micro_ros_ws/firmware/dev_ws/install/ament_cmake_python:/micro_ros_ws/firmware/dev_ws/install/ament_cmake_export_dependencies:/micro_ros_ws/firmware/dev_ws/install/ament_cmake_libraries:/micro_ros_ws/firmware/dev_ws/install/ament_cmake_include_directories:/micro_ros_ws/firmware/dev_ws/install/ament_cmake_gen_version_h:/micro_ros_ws/firmware/dev_ws/install/ament_cmake_export_targets:/micro_ros_ws/firmware/dev_ws/install/ament_cmake_export_link_flags:/micro_ros_ws/firmware/dev_ws/install/ament_cmake_export_interfaces:/micro_ros_ws/firmware/dev_ws/install/ament_cmake_export_libraries:/micro_ros_ws/firmware/dev_ws/install/ament_cmake_export_include_directories:/micro_ros_ws/firmware/dev_ws/install/ament_cmake_export_definitions:/micro_ros_ws/firmware/dev_ws/install/ament_cmake_core:/micro_ros_ws/firmware/dev_ws/install/ament_index_cpp:/micro_ros_ws/firmware/dev_ws/install/ament_uncrustify:/micro_ros_ws/firmware/dev_ws/install/domain_coordinator:/micro_ros_ws/firmware/dev_ws/install/ament_xmllint:/micro_ros_ws/firmware/dev_ws/install/ament_pyflakes:/micro_ros_ws/firmware/dev_ws/install/ament_pycodestyle:/micro_ros_ws/firmware/dev_ws/install/ament_pep257:/micro_ros_ws/firmware/dev_ws/install/ament_pclint:/micro_ros_ws/firmware/dev_ws/install/ament_package:/micro_ros_ws/firmware/dev_ws/install/ament_mypy:/micro_ros_ws/firmware/dev_ws/install/ament_lint_cmake:/micro_ros_ws/firmware/dev_ws/install/ament_flake8:/micro_ros_ws/firmware/dev_ws/install/ament_copyright:/micro_ros_ws/firmware/dev_ws/install/ament_lint:/micro_ros_ws/firmware/dev_ws/install/ament_index_python:/micro_ros_ws/firmware/dev_ws/install/ament_cpplint:/micro_ros_ws/firmware/dev_ws/install/ament_cppcheck:/micro_ros_ws/firmware/dev_ws/install/ament_clang_tidy:/micro_ros_ws/firmware/dev_ws/install/ament_clang_format LD_LIBRARY_PATH=/micro_ros_ws/firmware/mcu_ws/install/lib:${LD_LIBRARY_PATH} PATH=/micro_ros_ws/firmware/mcu_ws/install/bin:${PATH} PYTHONPATH=/micro_ros_ws/firmware/mcu_ws/install/lib/python3.10/site-packages:${PYTHONPATH} /usr/bin/cmake --build /micro_ros_ws/firmware/mcu_ws/build/rosidl_generator_c -- -j12 -l12
[0.358s] gmake[4]: Entering directory '/micro_ros_ws/firmware/mcu_ws/build/rosidl_generator_c'
[0.359s] /usr/bin/cmake -S/micro_ros_ws/firmware/mcu_ws/ros2/rosidl/rosidl_generator_c -B/micro_ros_ws/firmware/mcu_ws/build/rosidl_generator_c --check-build-system CMakeFiles/Makefile.cmake 0
[0.408s] Re-run cmake file: Makefile older than: /micro_ros_ws/firmware/freertos_apps/microros_esp32_extensions/esp32_toolchain.cmake
[0.418s] -- Found ament_cmake_python: 1.3.14 (/micro_ros_ws/firmware/dev_ws/install/ament_cmake_python/share/ament_cmake_python/cmake)
[0.422s] -- Found ament_cmake_ros: 0.10.0 (/micro_ros_ws/firmware/dev_ws/install/ament_cmake_ros/share/ament_cmake_ros/cmake)
[1.922s] -- Configuring done
[2.044s] -- Generating done
[2.078s] -- Build files have been written to: /micro_ros_ws/firmware/mcu_ws/build/rosidl_generator_c
[2.078s] /usr/bin/cmake -E cmake_progress_start /micro_ros_ws/firmware/mcu_ws/build/rosidl_generator_c/CMakeFiles /micro_ros_ws/firmware/mcu_ws/build/rosidl_generator_c//CMakeFiles/progress.marks
[2.135s] /usr/bin/gmake  -f CMakeFiles/Makefile2 all
[2.155s] gmake[5]: Entering directory '/micro_ros_ws/firmware/mcu_ws/build/rosidl_generator_c'
[2.155s] /usr/bin/gmake  -f CMakeFiles/ament_cmake_python_copy_rosidl_generator_c_setup.dir/build.make CMakeFiles/ament_cmake_python_copy_rosidl_generator_c_setup.dir/depend
[2.155s] /usr/bin/gmake  -f CMakeFiles/ament_cmake_python_copy_rosidl_generator_c.dir/build.make CMakeFiles/ament_cmake_python_copy_rosidl_generator_c.dir/depend
[2.165s] gmake[6]: Entering directory '/micro_ros_ws/firmware/mcu_ws/build/rosidl_generator_c'
[2.167s] cd /micro_ros_ws/firmware/mcu_ws/build/rosidl_generator_c && /usr/bin/cmake -E cmake_depends "Unix Makefiles" /micro_ros_ws/firmware/mcu_ws/ros2/rosidl/rosidl_generator_c /micro_ros_ws/firmware/mcu_ws/ros2/rosidl/rosidl_generator_c /micro_ros_ws/firmware/mcu_ws/build/rosidl_generator_c /micro_ros_ws/firmware/mcu_ws/build/rosidl_generator_c /micro_ros_ws/firmware/mcu_ws/build/rosidl_generator_c/CMakeFiles/ament_cmake_python_copy_rosidl_generator_c.dir/DependInfo.cmake --color=
[2.167s] gmake[6]: Entering directory '/micro_ros_ws/firmware/mcu_ws/build/rosidl_generator_c'
[2.170s] cd /micro_ros_ws/firmware/mcu_ws/build/rosidl_generator_c && /usr/bin/cmake -E cmake_depends "Unix Makefiles" /micro_ros_ws/firmware/mcu_ws/ros2/rosidl/rosidl_generator_c /micro_ros_ws/firmware/mcu_ws/ros2/rosidl/rosidl_generator_c /micro_ros_ws/firmware/mcu_ws/build/rosidl_generator_c /micro_ros_ws/firmware/mcu_ws/build/rosidl_generator_c /micro_ros_ws/firmware/mcu_ws/build/rosidl_generator_c/CMakeFiles/ament_cmake_python_copy_rosidl_generator_c_setup.dir/DependInfo.cmake --color=
[2.232s] gmake[6]: Leaving directory '/micro_ros_ws/firmware/mcu_ws/build/rosidl_generator_c'
[2.233s] gmake[6]: Leaving directory '/micro_ros_ws/firmware/mcu_ws/build/rosidl_generator_c'
[2.233s] /usr/bin/gmake  -f CMakeFiles/ament_cmake_python_copy_rosidl_generator_c_setup.dir/build.make CMakeFiles/ament_cmake_python_copy_rosidl_generator_c_setup.dir/build
[2.233s] /usr/bin/gmake  -f CMakeFiles/ament_cmake_python_copy_rosidl_generator_c.dir/build.make CMakeFiles/ament_cmake_python_copy_rosidl_generator_c.dir/build
[2.239s] gmake[6]: Entering directory '/micro_ros_ws/firmware/mcu_ws/build/rosidl_generator_c'
[2.240s] /usr/bin/cmake -E copy /micro_ros_ws/firmware/mcu_ws/ros2/rosidl/rosidl_generator_c/setup.cfg /micro_ros_ws/firmware/mcu_ws/build/rosidl_generator_c/ament_cmake_python/rosidl_generator_c/setup.cfg
[2.240s] gmake[6]: Entering directory '/micro_ros_ws/firmware/mcu_ws/build/rosidl_generator_c'
[2.240s] /usr/bin/cmake -E copy_directory /micro_ros_ws/firmware/mcu_ws/ros2/rosidl/rosidl_generator_c/rosidl_generator_c /micro_ros_ws/firmware/mcu_ws/build/rosidl_generator_c/ament_cmake_python/rosidl_generator_c/rosidl_generator_c
[2.267s] gmake[6]: Leaving directory '/micro_ros_ws/firmware/mcu_ws/build/rosidl_generator_c'
[2.273s] gmake[6]: Leaving directory '/micro_ros_ws/firmware/mcu_ws/build/rosidl_generator_c'
[2.343s] Built target ament_cmake_python_copy_rosidl_generator_c_setup
[2.349s] Built target ament_cmake_python_copy_rosidl_generator_c
[2.350s] /usr/bin/gmake  -f CMakeFiles/ament_cmake_python_build_rosidl_generator_c_egg.dir/build.make CMakeFiles/ament_cmake_python_build_rosidl_generator_c_egg.dir/depend
[2.368s] gmake[6]: Entering directory '/micro_ros_ws/firmware/mcu_ws/build/rosidl_generator_c'
[2.368s] cd /micro_ros_ws/firmware/mcu_ws/build/rosidl_generator_c && /usr/bin/cmake -E cmake_depends "Unix Makefiles" /micro_ros_ws/firmware/mcu_ws/ros2/rosidl/rosidl_generator_c /micro_ros_ws/firmware/mcu_ws/ros2/rosidl/rosidl_generator_c /micro_ros_ws/firmware/mcu_ws/build/rosidl_generator_c /micro_ros_ws/firmware/mcu_ws/build/rosidl_generator_c /micro_ros_ws/firmware/mcu_ws/build/rosidl_generator_c/CMakeFiles/ament_cmake_python_build_rosidl_generator_c_egg.dir/DependInfo.cmake --color=
[2.413s] gmake[6]: Leaving directory '/micro_ros_ws/firmware/mcu_ws/build/rosidl_generator_c'
[2.413s] /usr/bin/gmake  -f CMakeFiles/ament_cmake_python_build_rosidl_generator_c_egg.dir/build.make CMakeFiles/ament_cmake_python_build_rosidl_generator_c_egg.dir/build
[2.428s] gmake[6]: Entering directory '/micro_ros_ws/firmware/mcu_ws/build/rosidl_generator_c'
[2.431s] cd /micro_ros_ws/firmware/mcu_ws/build/rosidl_generator_c/ament_cmake_python/rosidl_generator_c && /micro_ros_ws/firmware/toolchain/espressif/python_env/idf4.1_py3.10_env/bin/python3 setup.py egg_info
[3.235s] running egg_info
[3.265s] writing rosidl_generator_c.egg-info/PKG-INFO
[3.266s] writing dependency_links to rosidl_generator_c.egg-info/dependency_links.txt
[3.266s] writing entry points to rosidl_generator_c.egg-info/entry_points.txt
[3.267s] writing top-level names to rosidl_generator_c.egg-info/top_level.txt
[3.364s] reading manifest file 'rosidl_generator_c.egg-info/SOURCES.txt'
[3.366s] writing manifest file 'rosidl_generator_c.egg-info/SOURCES.txt'
[3.383s] gmake[6]: Leaving directory '/micro_ros_ws/firmware/mcu_ws/build/rosidl_generator_c'
[3.402s] Built target ament_cmake_python_build_rosidl_generator_c_egg
[3.403s] gmake[5]: Leaving directory '/micro_ros_ws/firmware/mcu_ws/build/rosidl_generator_c'
[3.403s] /usr/bin/cmake -E cmake_progress_start /micro_ros_ws/firmware/mcu_ws/build/rosidl_generator_c/CMakeFiles 0
[3.419s] gmake[4]: Leaving directory '/micro_ros_ws/firmware/mcu_ws/build/rosidl_generator_c'
[3.422s] Invoked command in '/micro_ros_ws/firmware/mcu_ws/build/rosidl_generator_c' returned '0': AMENT_PREFIX_PATH=/micro_ros_ws/firmware/mcu_ws/install:${AMENT_PREFIX_PATH} CMAKE_PREFIX_PATH=/micro_ros_ws/firmware/mcu_ws/install:/micro_ros_ws/firmware/dev_ws/install/ament_lint_common:/micro_ros_ws/firmware/dev_ws/install/ament_cmake_uncrustify:/micro_ros_ws/firmware/dev_ws/install/uncrustify_vendor:/micro_ros_ws/firmware/dev_ws/install/ament_cmake_ros:/micro_ros_ws/firmware/dev_ws/install/ament_cmake_auto:/micro_ros_ws/firmware/dev_ws/install/ament_cmake_gmock:/micro_ros_ws/firmware/dev_ws/install/gmock_vendor:/micro_ros_ws/firmware/dev_ws/install/ament_cmake_gtest:/micro_ros_ws/firmware/dev_ws/install/gtest_vendor:/micro_ros_ws/firmware/dev_ws/install/ament_cmake_xmllint:/micro_ros_ws/firmware/dev_ws/install/ament_cmake_pyflakes:/micro_ros_ws/firmware/dev_ws/install/ament_cmake_pycodestyle:/micro_ros_ws/firmware/dev_ws/install/ament_cmake_pep257:/micro_ros_ws/firmware/dev_ws/install/ament_cmake_pclint:/micro_ros_ws/firmware/dev_ws/install/ament_lint_auto:/micro_ros_ws/firmware/dev_ws/install/ament_cmake:/micro_ros_ws/firmware/dev_ws/install/ament_cmake_version:/micro_ros_ws/firmware/dev_ws/install/ament_cmake_vendor_package:/micro_ros_ws/firmware/dev_ws/install/ament_cmake_pytest:/micro_ros_ws/firmware/dev_ws/install/ament_cmake_nose:/micro_ros_ws/firmware/dev_ws/install/ament_cmake_mypy:/micro_ros_ws/firmware/dev_ws/install/ament_cmake_lint_cmake:/micro_ros_ws/firmware/dev_ws/install/ament_cmake_google_benchmark:/micro_ros_ws/firmware/dev_ws/install/ament_cmake_flake8:/micro_ros_ws/firmware/dev_ws/install/ament_cmake_cpplint:/micro_ros_ws/firmware/dev_ws/install/ament_cmake_cppcheck:/micro_ros_ws/firmware/dev_ws/install/ament_cmake_copyright:/micro_ros_ws/firmware/dev_ws/install/ament_cmake_clang_tidy:/micro_ros_ws/firmware/dev_ws/install/ament_cmake_clang_format:/micro_ros_ws/firmware/dev_ws/install/ament_cmake_test:/micro_ros_ws/firmware/dev_ws/install/ament_cmake_target_dependencies:/micro_ros_ws/firmware/dev_ws/install/ament_cmake_python:/micro_ros_ws/firmware/dev_ws/install/ament_cmake_export_dependencies:/micro_ros_ws/firmware/dev_ws/install/ament_cmake_libraries:/micro_ros_ws/firmware/dev_ws/install/ament_cmake_include_directories:/micro_ros_ws/firmware/dev_ws/install/ament_cmake_gen_version_h:/micro_ros_ws/firmware/dev_ws/install/ament_cmake_export_targets:/micro_ros_ws/firmware/dev_ws/install/ament_cmake_export_link_flags:/micro_ros_ws/firmware/dev_ws/install/ament_cmake_export_interfaces:/micro_ros_ws/firmware/dev_ws/install/ament_cmake_export_libraries:/micro_ros_ws/firmware/dev_ws/install/ament_cmake_export_include_directories:/micro_ros_ws/firmware/dev_ws/install/ament_cmake_export_definitions:/micro_ros_ws/firmware/dev_ws/install/ament_cmake_core:/micro_ros_ws/firmware/dev_ws/install/ament_index_cpp:/micro_ros_ws/firmware/dev_ws/install/ament_uncrustify:/micro_ros_ws/firmware/dev_ws/install/domain_coordinator:/micro_ros_ws/firmware/dev_ws/install/ament_xmllint:/micro_ros_ws/firmware/dev_ws/install/ament_pyflakes:/micro_ros_ws/firmware/dev_ws/install/ament_pycodestyle:/micro_ros_ws/firmware/dev_ws/install/ament_pep257:/micro_ros_ws/firmware/dev_ws/install/ament_pclint:/micro_ros_ws/firmware/dev_ws/install/ament_package:/micro_ros_ws/firmware/dev_ws/install/ament_mypy:/micro_ros_ws/firmware/dev_ws/install/ament_lint_cmake:/micro_ros_ws/firmware/dev_ws/install/ament_flake8:/micro_ros_ws/firmware/dev_ws/install/ament_copyright:/micro_ros_ws/firmware/dev_ws/install/ament_lint:/micro_ros_ws/firmware/dev_ws/install/ament_index_python:/micro_ros_ws/firmware/dev_ws/install/ament_cpplint:/micro_ros_ws/firmware/dev_ws/install/ament_cppcheck:/micro_ros_ws/firmware/dev_ws/install/ament_clang_tidy:/micro_ros_ws/firmware/dev_ws/install/ament_clang_format LD_LIBRARY_PATH=/micro_ros_ws/firmware/mcu_ws/install/lib:${LD_LIBRARY_PATH} PATH=/micro_ros_ws/firmware/mcu_ws/install/bin:${PATH} PYTHONPATH=/micro_ros_ws/firmware/mcu_ws/install/lib/python3.10/site-packages:${PYTHONPATH} /usr/bin/cmake --build /micro_ros_ws/firmware/mcu_ws/build/rosidl_generator_c -- -j12 -l12
[3.424s] Invoking command in '/micro_ros_ws/firmware/mcu_ws/build/rosidl_generator_c': AMENT_PREFIX_PATH=/micro_ros_ws/firmware/mcu_ws/install:${AMENT_PREFIX_PATH} CMAKE_PREFIX_PATH=/micro_ros_ws/firmware/mcu_ws/install:/micro_ros_ws/firmware/dev_ws/install/ament_lint_common:/micro_ros_ws/firmware/dev_ws/install/ament_cmake_uncrustify:/micro_ros_ws/firmware/dev_ws/install/uncrustify_vendor:/micro_ros_ws/firmware/dev_ws/install/ament_cmake_ros:/micro_ros_ws/firmware/dev_ws/install/ament_cmake_auto:/micro_ros_ws/firmware/dev_ws/install/ament_cmake_gmock:/micro_ros_ws/firmware/dev_ws/install/gmock_vendor:/micro_ros_ws/firmware/dev_ws/install/ament_cmake_gtest:/micro_ros_ws/firmware/dev_ws/install/gtest_vendor:/micro_ros_ws/firmware/dev_ws/install/ament_cmake_xmllint:/micro_ros_ws/firmware/dev_ws/install/ament_cmake_pyflakes:/micro_ros_ws/firmware/dev_ws/install/ament_cmake_pycodestyle:/micro_ros_ws/firmware/dev_ws/install/ament_cmake_pep257:/micro_ros_ws/firmware/dev_ws/install/ament_cmake_pclint:/micro_ros_ws/firmware/dev_ws/install/ament_lint_auto:/micro_ros_ws/firmware/dev_ws/install/ament_cmake:/micro_ros_ws/firmware/dev_ws/install/ament_cmake_version:/micro_ros_ws/firmware/dev_ws/install/ament_cmake_vendor_package:/micro_ros_ws/firmware/dev_ws/install/ament_cmake_pytest:/micro_ros_ws/firmware/dev_ws/install/ament_cmake_nose:/micro_ros_ws/firmware/dev_ws/install/ament_cmake_mypy:/micro_ros_ws/firmware/dev_ws/install/ament_cmake_lint_cmake:/micro_ros_ws/firmware/dev_ws/install/ament_cmake_google_benchmark:/micro_ros_ws/firmware/dev_ws/install/ament_cmake_flake8:/micro_ros_ws/firmware/dev_ws/install/ament_cmake_cpplint:/micro_ros_ws/firmware/dev_ws/install/ament_cmake_cppcheck:/micro_ros_ws/firmware/dev_ws/install/ament_cmake_copyright:/micro_ros_ws/firmware/dev_ws/install/ament_cmake_clang_tidy:/micro_ros_ws/firmware/dev_ws/install/ament_cmake_clang_format:/micro_ros_ws/firmware/dev_ws/install/ament_cmake_test:/micro_ros_ws/firmware/dev_ws/install/ament_cmake_target_dependencies:/micro_ros_ws/firmware/dev_ws/install/ament_cmake_python:/micro_ros_ws/firmware/dev_ws/install/ament_cmake_export_dependencies:/micro_ros_ws/firmware/dev_ws/install/ament_cmake_libraries:/micro_ros_ws/firmware/dev_ws/install/ament_cmake_include_directories:/micro_ros_ws/firmware/dev_ws/install/ament_cmake_gen_version_h:/micro_ros_ws/firmware/dev_ws/install/ament_cmake_export_targets:/micro_ros_ws/firmware/dev_ws/install/ament_cmake_export_link_flags:/micro_ros_ws/firmware/dev_ws/install/ament_cmake_export_interfaces:/micro_ros_ws/firmware/dev_ws/install/ament_cmake_export_libraries:/micro_ros_ws/firmware/dev_ws/install/ament_cmake_export_include_directories:/micro_ros_ws/firmware/dev_ws/install/ament_cmake_export_definitions:/micro_ros_ws/firmware/dev_ws/install/ament_cmake_core:/micro_ros_ws/firmware/dev_ws/install/ament_index_cpp:/micro_ros_ws/firmware/dev_ws/install/ament_uncrustify:/micro_ros_ws/firmware/dev_ws/install/domain_coordinator:/micro_ros_ws/firmware/dev_ws/install/ament_xmllint:/micro_ros_ws/firmware/dev_ws/install/ament_pyflakes:/micro_ros_ws/firmware/dev_ws/install/ament_pycodestyle:/micro_ros_ws/firmware/dev_ws/install/ament_pep257:/micro_ros_ws/firmware/dev_ws/install/ament_pclint:/micro_ros_ws/firmware/dev_ws/install/ament_package:/micro_ros_ws/firmware/dev_ws/install/ament_mypy:/micro_ros_ws/firmware/dev_ws/install/ament_lint_cmake:/micro_ros_ws/firmware/dev_ws/install/ament_flake8:/micro_ros_ws/firmware/dev_ws/install/ament_copyright:/micro_ros_ws/firmware/dev_ws/install/ament_lint:/micro_ros_ws/firmware/dev_ws/install/ament_index_python:/micro_ros_ws/firmware/dev_ws/install/ament_cpplint:/micro_ros_ws/firmware/dev_ws/install/ament_cppcheck:/micro_ros_ws/firmware/dev_ws/install/ament_clang_tidy:/micro_ros_ws/firmware/dev_ws/install/ament_clang_format LD_LIBRARY_PATH=/micro_ros_ws/firmware/mcu_ws/install/lib:${LD_LIBRARY_PATH} PATH=/micro_ros_ws/firmware/mcu_ws/install/bin:${PATH} PYTHONPATH=/micro_ros_ws/firmware/mcu_ws/install/lib/python3.10/site-packages:${PYTHONPATH} /usr/bin/cmake --install /micro_ros_ws/firmware/mcu_ws/build/rosidl_generator_c
[3.441s] -- Install configuration: "Debug"
[3.442s] -- Up-to-date: /micro_ros_ws/firmware/mcu_ws/install/share/ament_index/resource_index/rosidl_generator_packages/rosidl_generator_c
[3.443s] -- Up-to-date: /micro_ros_ws/firmware/mcu_ws/install/share/rosidl_generator_c/environment/pythonpath.sh
[3.443s] -- Installing: /micro_ros_ws/firmware/mcu_ws/install/share/rosidl_generator_c/environment/pythonpath.dsv
[3.446s] -- Up-to-date: /micro_ros_ws/firmware/mcu_ws/install/lib/python3.10/site-packages/rosidl_generator_c-3.1.8-py3.10.egg-info
[3.447s] -- Installing: /micro_ros_ws/firmware/mcu_ws/install/lib/python3.10/site-packages/rosidl_generator_c-3.1.8-py3.10.egg-info/dependency_links.txt
[3.449s] -- Installing: /micro_ros_ws/firmware/mcu_ws/install/lib/python3.10/site-packages/rosidl_generator_c-3.1.8-py3.10.egg-info/entry_points.txt
[3.452s] -- Installing: /micro_ros_ws/firmware/mcu_ws/install/lib/python3.10/site-packages/rosidl_generator_c-3.1.8-py3.10.egg-info/PKG-INFO
[3.454s] -- Installing: /micro_ros_ws/firmware/mcu_ws/install/lib/python3.10/site-packages/rosidl_generator_c-3.1.8-py3.10.egg-info/SOURCES.txt
[3.457s] -- Installing: /micro_ros_ws/firmware/mcu_ws/install/lib/python3.10/site-packages/rosidl_generator_c-3.1.8-py3.10.egg-info/top_level.txt
[3.460s] -- Up-to-date: /micro_ros_ws/firmware/mcu_ws/install/lib/python3.10/site-packages/rosidl_generator_c
[3.461s] -- Up-to-date: /micro_ros_ws/firmware/mcu_ws/install/lib/python3.10/site-packages/rosidl_generator_c/cli.py
[3.462s] -- Up-to-date: /micro_ros_ws/firmware/mcu_ws/install/lib/python3.10/site-packages/rosidl_generator_c/__init__.py
[3.664s] Listing '/micro_ros_ws/firmware/mcu_ws/install/lib/python3.10/site-packages/rosidl_generator_c'...
[3.669s] -- Up-to-date: /micro_ros_ws/firmware/mcu_ws/install/share/ament_index/resource_index/package_run_dependencies/rosidl_generator_c
[3.670s] -- Up-to-date: /micro_ros_ws/firmware/mcu_ws/install/share/ament_index/resource_index/parent_prefix_path/rosidl_generator_c
[3.672s] -- Up-to-date: /micro_ros_ws/firmware/mcu_ws/install/share/rosidl_generator_c/environment/ament_prefix_path.sh
[3.673s] -- Installing: /micro_ros_ws/firmware/mcu_ws/install/share/rosidl_generator_c/environment/ament_prefix_path.dsv
[3.677s] -- Up-to-date: /micro_ros_ws/firmware/mcu_ws/install/share/rosidl_generator_c/environment/path.sh
[3.679s] -- Installing: /micro_ros_ws/firmware/mcu_ws/install/share/rosidl_generator_c/environment/path.dsv
[3.682s] -- Up-to-date: /micro_ros_ws/firmware/mcu_ws/install/share/rosidl_generator_c/local_setup.bash
[3.683s] -- Up-to-date: /micro_ros_ws/firmware/mcu_ws/install/share/rosidl_generator_c/local_setup.sh
[3.684s] -- Up-to-date: /micro_ros_ws/firmware/mcu_ws/install/share/rosidl_generator_c/local_setup.zsh
[3.688s] -- Installing: /micro_ros_ws/firmware/mcu_ws/install/share/rosidl_generator_c/local_setup.dsv
[3.691s] -- Installing: /micro_ros_ws/firmware/mcu_ws/install/share/rosidl_generator_c/package.dsv
[3.697s] -- Up-to-date: /micro_ros_ws/firmware/mcu_ws/install/share/ament_index/resource_index/packages/rosidl_generator_c
[3.700s] -- Up-to-date: /micro_ros_ws/firmware/mcu_ws/install/share/rosidl_generator_c/cmake/rosidl_generator_c-extras.cmake
[3.703s] -- Up-to-date: /micro_ros_ws/firmware/mcu_ws/install/share/rosidl_generator_c/cmake/ament_cmake_export_dependencies-extras.cmake
[3.705s] -- Up-to-date: /micro_ros_ws/firmware/mcu_ws/install/share/rosidl_generator_c/cmake/rosidl_generator_cConfig.cmake
[3.706s] -- Up-to-date: /micro_ros_ws/firmware/mcu_ws/install/share/rosidl_generator_c/cmake/rosidl_generator_cConfig-version.cmake
[3.708s] -- Up-to-date: /micro_ros_ws/firmware/mcu_ws/install/share/rosidl_generator_c/package.xml
[3.710s] -- Up-to-date: /micro_ros_ws/firmware/mcu_ws/install/lib/rosidl_generator_c/rosidl_generator_c
[3.711s] -- Up-to-date: /micro_ros_ws/firmware/mcu_ws/install/share/rosidl_generator_c/cmake
[3.713s] -- Up-to-date: /micro_ros_ws/firmware/mcu_ws/install/share/rosidl_generator_c/cmake/register_c.cmake
[3.713s] -- Up-to-date: /micro_ros_ws/firmware/mcu_ws/install/share/rosidl_generator_c/cmake/rosidl_generator_c_generate_interfaces.cmake
[3.714s] -- Up-to-date: /micro_ros_ws/firmware/mcu_ws/install/share/rosidl_generator_c/resource
[3.716s] -- Up-to-date: /micro_ros_ws/firmware/mcu_ws/install/share/rosidl_generator_c/resource/action__type_support.h.em
[3.717s] -- Up-to-date: /micro_ros_ws/firmware/mcu_ws/install/share/rosidl_generator_c/resource/idl.h.em
[3.718s] -- Up-to-date: /micro_ros_ws/firmware/mcu_ws/install/share/rosidl_generator_c/resource/idl__functions.c.em
[3.719s] -- Up-to-date: /micro_ros_ws/firmware/mcu_ws/install/share/rosidl_generator_c/resource/idl__functions.h.em
[3.720s] -- Up-to-date: /micro_ros_ws/firmware/mcu_ws/install/share/rosidl_generator_c/resource/idl__struct.h.em
[3.721s] -- Up-to-date: /micro_ros_ws/firmware/mcu_ws/install/share/rosidl_generator_c/resource/idl__type_support.h.em
[3.722s] -- Up-to-date: /micro_ros_ws/firmware/mcu_ws/install/share/rosidl_generator_c/resource/msg__functions.c.em
[3.723s] -- Up-to-date: /micro_ros_ws/firmware/mcu_ws/install/share/rosidl_generator_c/resource/msg__functions.h.em
[3.724s] -- Up-to-date: /micro_ros_ws/firmware/mcu_ws/install/share/rosidl_generator_c/resource/msg__struct.h.em
[3.726s] -- Up-to-date: /micro_ros_ws/firmware/mcu_ws/install/share/rosidl_generator_c/resource/msg__type_support.h.em
[3.727s] -- Up-to-date: /micro_ros_ws/firmware/mcu_ws/install/share/rosidl_generator_c/resource/rosidl_generator_c__visibility_control.h.in
[3.728s] -- Up-to-date: /micro_ros_ws/firmware/mcu_ws/install/share/rosidl_generator_c/resource/srv__type_support.h.em
[3.731s] Invoked command in '/micro_ros_ws/firmware/mcu_ws/build/rosidl_generator_c' returned '0': AMENT_PREFIX_PATH=/micro_ros_ws/firmware/mcu_ws/install:${AMENT_PREFIX_PATH} CMAKE_PREFIX_PATH=/micro_ros_ws/firmware/mcu_ws/install:/micro_ros_ws/firmware/dev_ws/install/ament_lint_common:/micro_ros_ws/firmware/dev_ws/install/ament_cmake_uncrustify:/micro_ros_ws/firmware/dev_ws/install/uncrustify_vendor:/micro_ros_ws/firmware/dev_ws/install/ament_cmake_ros:/micro_ros_ws/firmware/dev_ws/install/ament_cmake_auto:/micro_ros_ws/firmware/dev_ws/install/ament_cmake_gmock:/micro_ros_ws/firmware/dev_ws/install/gmock_vendor:/micro_ros_ws/firmware/dev_ws/install/ament_cmake_gtest:/micro_ros_ws/firmware/dev_ws/install/gtest_vendor:/micro_ros_ws/firmware/dev_ws/install/ament_cmake_xmllint:/micro_ros_ws/firmware/dev_ws/install/ament_cmake_pyflakes:/micro_ros_ws/firmware/dev_ws/install/ament_cmake_pycodestyle:/micro_ros_ws/firmware/dev_ws/install/ament_cmake_pep257:/micro_ros_ws/firmware/dev_ws/install/ament_cmake_pclint:/micro_ros_ws/firmware/dev_ws/install/ament_lint_auto:/micro_ros_ws/firmware/dev_ws/install/ament_cmake:/micro_ros_ws/firmware/dev_ws/install/ament_cmake_version:/micro_ros_ws/firmware/dev_ws/install/ament_cmake_vendor_package:/micro_ros_ws/firmware/dev_ws/install/ament_cmake_pytest:/micro_ros_ws/firmware/dev_ws/install/ament_cmake_nose:/micro_ros_ws/firmware/dev_ws/install/ament_cmake_mypy:/micro_ros_ws/firmware/dev_ws/install/ament_cmake_lint_cmake:/micro_ros_ws/firmware/dev_ws/install/ament_cmake_google_benchmark:/micro_ros_ws/firmware/dev_ws/install/ament_cmake_flake8:/micro_ros_ws/firmware/dev_ws/install/ament_cmake_cpplint:/micro_ros_ws/firmware/dev_ws/install/ament_cmake_cppcheck:/micro_ros_ws/firmware/dev_ws/install/ament_cmake_copyright:/micro_ros_ws/firmware/dev_ws/install/ament_cmake_clang_tidy:/micro_ros_ws/firmware/dev_ws/install/ament_cmake_clang_format:/micro_ros_ws/firmware/dev_ws/install/ament_cmake_test:/micro_ros_ws/firmware/dev_ws/install/ament_cmake_target_dependencies:/micro_ros_ws/firmware/dev_ws/install/ament_cmake_python:/micro_ros_ws/firmware/dev_ws/install/ament_cmake_export_dependencies:/micro_ros_ws/firmware/dev_ws/install/ament_cmake_libraries:/micro_ros_ws/firmware/dev_ws/install/ament_cmake_include_directories:/micro_ros_ws/firmware/dev_ws/install/ament_cmake_gen_version_h:/micro_ros_ws/firmware/dev_ws/install/ament_cmake_export_targets:/micro_ros_ws/firmware/dev_ws/install/ament_cmake_export_link_flags:/micro_ros_ws/firmware/dev_ws/install/ament_cmake_export_interfaces:/micro_ros_ws/firmware/dev_ws/install/ament_cmake_export_libraries:/micro_ros_ws/firmware/dev_ws/install/ament_cmake_export_include_directories:/micro_ros_ws/firmware/dev_ws/install/ament_cmake_export_definitions:/micro_ros_ws/firmware/dev_ws/install/ament_cmake_core:/micro_ros_ws/firmware/dev_ws/install/ament_index_cpp:/micro_ros_ws/firmware/dev_ws/install/ament_uncrustify:/micro_ros_ws/firmware/dev_ws/install/domain_coordinator:/micro_ros_ws/firmware/dev_ws/install/ament_xmllint:/micro_ros_ws/firmware/dev_ws/install/ament_pyflakes:/micro_ros_ws/firmware/dev_ws/install/ament_pycodestyle:/micro_ros_ws/firmware/dev_ws/install/ament_pep257:/micro_ros_ws/firmware/dev_ws/install/ament_pclint:/micro_ros_ws/firmware/dev_ws/install/ament_package:/micro_ros_ws/firmware/dev_ws/install/ament_mypy:/micro_ros_ws/firmware/dev_ws/install/ament_lint_cmake:/micro_ros_ws/firmware/dev_ws/install/ament_flake8:/micro_ros_ws/firmware/dev_ws/install/ament_copyright:/micro_ros_ws/firmware/dev_ws/install/ament_lint:/micro_ros_ws/firmware/dev_ws/install/ament_index_python:/micro_ros_ws/firmware/dev_ws/install/ament_cpplint:/micro_ros_ws/firmware/dev_ws/install/ament_cppcheck:/micro_ros_ws/firmware/dev_ws/install/ament_clang_tidy:/micro_ros_ws/firmware/dev_ws/install/ament_clang_format LD_LIBRARY_PATH=/micro_ros_ws/firmware/mcu_ws/install/lib:${LD_LIBRARY_PATH} PATH=/micro_ros_ws/firmware/mcu_ws/install/bin:${PATH} PYTHONPATH=/micro_ros_ws/firmware/mcu_ws/install/lib/python3.10/site-packages:${PYTHONPATH} /usr/bin/cmake --install /micro_ros_ws/firmware/mcu_ws/build/rosidl_generator_c
