[0.661s] Invoking command in '/micro_ros_ws/firmware/mcu_ws/build/tracetools': CMAKE_PREFIX_PATH=${CMAKE_PREFIX_PATH}:/micro_ros_ws/firmware/dev_ws/install/ament_uncrustify:/micro_ros_ws/firmware/dev_ws/install/domain_coordinator:/micro_ros_ws/firmware/dev_ws/install/ament_xmllint:/micro_ros_ws/firmware/dev_ws/install/ament_pyflakes:/micro_ros_ws/firmware/dev_ws/install/ament_pycodestyle:/micro_ros_ws/firmware/dev_ws/install/ament_pep257:/micro_ros_ws/firmware/dev_ws/install/ament_pclint:/micro_ros_ws/firmware/dev_ws/install/ament_package:/micro_ros_ws/firmware/dev_ws/install/ament_mypy:/micro_ros_ws/firmware/dev_ws/install/ament_lint_cmake:/micro_ros_ws/firmware/dev_ws/install/ament_flake8:/micro_ros_ws/firmware/dev_ws/install/ament_copyright:/micro_ros_ws/firmware/dev_ws/install/ament_lint:/micro_ros_ws/firmware/dev_ws/install/ament_index_python:/micro_ros_ws/firmware/dev_ws/install/ament_cpplint:/micro_ros_ws/firmware/dev_ws/install/ament_cppcheck:/micro_ros_ws/firmware/dev_ws/install/ament_clang_tidy:/micro_ros_ws/firmware/dev_ws/install/ament_clang_format /usr/bin/cmake --build /micro_ros_ws/firmware/mcu_ws/build/tracetools -- -j12 -l12
[2.963s] gmake[4]: Entering directory '/micro_ros_ws/firmware/mcu_ws/build/tracetools'
[2.966s] /usr/bin/cmake -S/micro_ros_ws/firmware/mcu_ws/uros/tracetools/tracetools -B/micro_ros_ws/firmware/mcu_ws/build/tracetools --check-build-system CMakeFiles/Makefile.cmake 0
[2.968s] Re-run cmake file: Makefile older than: /micro_ros_ws/firmware/freertos_apps/microros_esp32_extensions/esp32_toolchain.cmake
[2.969s] -- Found ament_cmake_ros: 0.10.0 (/micro_ros_ws/firmware/dev_ws/install/ament_cmake_ros/share/ament_cmake_ros/cmake)
[2.970s] -- Configuring done
[2.970s] -- Generating done
[2.971s] -- Build files have been written to: /micro_ros_ws/firmware/mcu_ws/build/tracetools
[2.972s] /usr/bin/cmake -E cmake_progress_start /micro_ros_ws/firmware/mcu_ws/build/tracetools/CMakeFiles /micro_ros_ws/firmware/mcu_ws/build/tracetools//CMakeFiles/progress.marks
[2.973s] /usr/bin/gmake  -f CMakeFiles/Makefile2 all
[2.973s] gmake[5]: Entering directory '/micro_ros_ws/firmware/mcu_ws/build/tracetools'
[2.974s] gmake[5]: Nothing to be done for 'all'.
[2.975s] gmake[5]: Leaving directory '/micro_ros_ws/firmware/mcu_ws/build/tracetools'
[2.976s] /usr/bin/cmake -E cmake_progress_start /micro_ros_ws/firmware/mcu_ws/build/tracetools/CMakeFiles 0
[2.976s] gmake[4]: Leaving directory '/micro_ros_ws/firmware/mcu_ws/build/tracetools'
[3.002s] Invoked command in '/micro_ros_ws/firmware/mcu_ws/build/tracetools' returned '0': CMAKE_PREFIX_PATH=${CMAKE_PREFIX_PATH}:/micro_ros_ws/firmware/dev_ws/install/ament_uncrustify:/micro_ros_ws/firmware/dev_ws/install/domain_coordinator:/micro_ros_ws/firmware/dev_ws/install/ament_xmllint:/micro_ros_ws/firmware/dev_ws/install/ament_pyflakes:/micro_ros_ws/firmware/dev_ws/install/ament_pycodestyle:/micro_ros_ws/firmware/dev_ws/install/ament_pep257:/micro_ros_ws/firmware/dev_ws/install/ament_pclint:/micro_ros_ws/firmware/dev_ws/install/ament_package:/micro_ros_ws/firmware/dev_ws/install/ament_mypy:/micro_ros_ws/firmware/dev_ws/install/ament_lint_cmake:/micro_ros_ws/firmware/dev_ws/install/ament_flake8:/micro_ros_ws/firmware/dev_ws/install/ament_copyright:/micro_ros_ws/firmware/dev_ws/install/ament_lint:/micro_ros_ws/firmware/dev_ws/install/ament_index_python:/micro_ros_ws/firmware/dev_ws/install/ament_cpplint:/micro_ros_ws/firmware/dev_ws/install/ament_cppcheck:/micro_ros_ws/firmware/dev_ws/install/ament_clang_tidy:/micro_ros_ws/firmware/dev_ws/install/ament_clang_format /usr/bin/cmake --build /micro_ros_ws/firmware/mcu_ws/build/tracetools -- -j12 -l12
[3.003s] Invoking command in '/micro_ros_ws/firmware/mcu_ws/build/tracetools': CMAKE_PREFIX_PATH=${CMAKE_PREFIX_PATH}:/micro_ros_ws/firmware/dev_ws/install/ament_uncrustify:/micro_ros_ws/firmware/dev_ws/install/domain_coordinator:/micro_ros_ws/firmware/dev_ws/install/ament_xmllint:/micro_ros_ws/firmware/dev_ws/install/ament_pyflakes:/micro_ros_ws/firmware/dev_ws/install/ament_pycodestyle:/micro_ros_ws/firmware/dev_ws/install/ament_pep257:/micro_ros_ws/firmware/dev_ws/install/ament_pclint:/micro_ros_ws/firmware/dev_ws/install/ament_package:/micro_ros_ws/firmware/dev_ws/install/ament_mypy:/micro_ros_ws/firmware/dev_ws/install/ament_lint_cmake:/micro_ros_ws/firmware/dev_ws/install/ament_flake8:/micro_ros_ws/firmware/dev_ws/install/ament_copyright:/micro_ros_ws/firmware/dev_ws/install/ament_lint:/micro_ros_ws/firmware/dev_ws/install/ament_index_python:/micro_ros_ws/firmware/dev_ws/install/ament_cpplint:/micro_ros_ws/firmware/dev_ws/install/ament_cppcheck:/micro_ros_ws/firmware/dev_ws/install/ament_clang_tidy:/micro_ros_ws/firmware/dev_ws/install/ament_clang_format /usr/bin/cmake --install /micro_ros_ws/firmware/mcu_ws/build/tracetools
[3.042s] -- Install configuration: "Debug"
[3.042s] -- Up-to-date: /micro_ros_ws/firmware/mcu_ws/install/include/tracetools
[3.043s] -- Up-to-date: /micro_ros_ws/firmware/mcu_ws/install/include/tracetools/tracetools
[3.044s] -- Up-to-date: /micro_ros_ws/firmware/mcu_ws/install/include/tracetools/tracetools/config.h
[3.053s] -- Up-to-date: /micro_ros_ws/firmware/mcu_ws/install/include/tracetools/tracetools/tracetools.h
[3.057s] -- Up-to-date: /micro_ros_ws/firmware/mcu_ws/install/include/tracetools/tracetools/utils.hpp
[3.061s] -- Up-to-date: /micro_ros_ws/firmware/mcu_ws/install/include/tracetools/tracetools/visibility_control.hpp
[3.065s] -- Up-to-date: /micro_ros_ws/firmware/mcu_ws/install/share/ament_index/resource_index/package_run_dependencies/tracetools
[3.661s] -- Up-to-date: /micro_ros_ws/firmware/mcu_ws/install/share/ament_index/resource_index/parent_prefix_path/tracetools
[3.662s] -- Up-to-date: /micro_ros_ws/firmware/mcu_ws/install/share/tracetools/environment/ament_prefix_path.sh
[3.663s] -- Installing: /micro_ros_ws/firmware/mcu_ws/install/share/tracetools/environment/ament_prefix_path.dsv
[3.665s] -- Up-to-date: /micro_ros_ws/firmware/mcu_ws/install/share/tracetools/environment/path.sh
[3.666s] -- Installing: /micro_ros_ws/firmware/mcu_ws/install/share/tracetools/environment/path.dsv
[3.666s] -- Up-to-date: /micro_ros_ws/firmware/mcu_ws/install/share/tracetools/local_setup.bash
[3.667s] -- Up-to-date: /micro_ros_ws/firmware/mcu_ws/install/share/tracetools/local_setup.sh
[3.668s] -- Up-to-date: /micro_ros_ws/firmware/mcu_ws/install/share/tracetools/local_setup.zsh
[3.668s] -- Installing: /micro_ros_ws/firmware/mcu_ws/install/share/tracetools/local_setup.dsv
[3.669s] -- Installing: /micro_ros_ws/firmware/mcu_ws/install/share/tracetools/package.dsv
[3.670s] -- Up-to-date: /micro_ros_ws/firmware/mcu_ws/install/share/ament_index/resource_index/packages/tracetools
[3.671s] -- Up-to-date: /micro_ros_ws/firmware/mcu_ws/install/share/tracetools/cmake/tracetools_exportExport.cmake
[3.672s] -- Up-to-date: /micro_ros_ws/firmware/mcu_ws/install/share/tracetools/cmake/ament_cmake_export_targets-extras.cmake
[3.673s] -- Up-to-date: /micro_ros_ws/firmware/mcu_ws/install/share/tracetools/cmake/ament_cmake_export_include_directories-extras.cmake
[3.673s] -- Up-to-date: /micro_ros_ws/firmware/mcu_ws/install/share/tracetools/cmake/tracetoolsConfig.cmake
[3.674s] -- Up-to-date: /micro_ros_ws/firmware/mcu_ws/install/share/tracetools/cmake/tracetoolsConfig-version.cmake
[3.675s] -- Up-to-date: /micro_ros_ws/firmware/mcu_ws/install/share/tracetools/package.xml
[4.373s] Invoked command in '/micro_ros_ws/firmware/mcu_ws/build/tracetools' returned '0': CMAKE_PREFIX_PATH=${CMAKE_PREFIX_PATH}:/micro_ros_ws/firmware/dev_ws/install/ament_uncrustify:/micro_ros_ws/firmware/dev_ws/install/domain_coordinator:/micro_ros_ws/firmware/dev_ws/install/ament_xmllint:/micro_ros_ws/firmware/dev_ws/install/ament_pyflakes:/micro_ros_ws/firmware/dev_ws/install/ament_pycodestyle:/micro_ros_ws/firmware/dev_ws/install/ament_pep257:/micro_ros_ws/firmware/dev_ws/install/ament_pclint:/micro_ros_ws/firmware/dev_ws/install/ament_package:/micro_ros_ws/firmware/dev_ws/install/ament_mypy:/micro_ros_ws/firmware/dev_ws/install/ament_lint_cmake:/micro_ros_ws/firmware/dev_ws/install/ament_flake8:/micro_ros_ws/firmware/dev_ws/install/ament_copyright:/micro_ros_ws/firmware/dev_ws/install/ament_lint:/micro_ros_ws/firmware/dev_ws/install/ament_index_python:/micro_ros_ws/firmware/dev_ws/install/ament_cpplint:/micro_ros_ws/firmware/dev_ws/install/ament_cppcheck:/micro_ros_ws/firmware/dev_ws/install/ament_clang_tidy:/micro_ros_ws/firmware/dev_ws/install/ament_clang_format /usr/bin/cmake --install /micro_ros_ws/firmware/mcu_ws/build/tracetools
