[0.604s] Invoking command in '/micro_ros_ws/firmware/mcu_ws/build/rosidl_typesupport_interface': CMAKE_PREFIX_PATH=${CMAKE_PREFIX_PATH}:/micro_ros_ws/firmware/dev_ws/install/ament_uncrustify:/micro_ros_ws/firmware/dev_ws/install/domain_coordinator:/micro_ros_ws/firmware/dev_ws/install/ament_xmllint:/micro_ros_ws/firmware/dev_ws/install/ament_pyflakes:/micro_ros_ws/firmware/dev_ws/install/ament_pycodestyle:/micro_ros_ws/firmware/dev_ws/install/ament_pep257:/micro_ros_ws/firmware/dev_ws/install/ament_pclint:/micro_ros_ws/firmware/dev_ws/install/ament_package:/micro_ros_ws/firmware/dev_ws/install/ament_mypy:/micro_ros_ws/firmware/dev_ws/install/ament_lint_cmake:/micro_ros_ws/firmware/dev_ws/install/ament_flake8:/micro_ros_ws/firmware/dev_ws/install/ament_copyright:/micro_ros_ws/firmware/dev_ws/install/ament_lint:/micro_ros_ws/firmware/dev_ws/install/ament_index_python:/micro_ros_ws/firmware/dev_ws/install/ament_cpplint:/micro_ros_ws/firmware/dev_ws/install/ament_cppcheck:/micro_ros_ws/firmware/dev_ws/install/ament_clang_tidy:/micro_ros_ws/firmware/dev_ws/install/ament_clang_format /usr/bin/cmake --build /micro_ros_ws/firmware/mcu_ws/build/rosidl_typesupport_interface -- -j12 -l12
[1.916s] gmake[4]: Entering directory '/micro_ros_ws/firmware/mcu_ws/build/rosidl_typesupport_interface'
[1.917s] /usr/bin/cmake -S/micro_ros_ws/firmware/mcu_ws/ros2/rosidl/rosidl_typesupport_interface -B/micro_ros_ws/firmware/mcu_ws/build/rosidl_typesupport_interface --check-build-system CMakeFiles/Makefile.cmake 0
[1.917s] Re-run cmake file: Makefile older than: /micro_ros_ws/firmware/freertos_apps/microros_esp32_extensions/esp32_toolchain.cmake
[1.918s] -- Found ament_cmake: 1.3.14 (/micro_ros_ws/firmware/dev_ws/install/ament_cmake/share/ament_cmake/cmake)
[1.918s] -- Configuring done
[1.919s] -- Generating done
[1.919s] -- Build files have been written to: /micro_ros_ws/firmware/mcu_ws/build/rosidl_typesupport_interface
[1.919s] /usr/bin/cmake -E cmake_progress_start /micro_ros_ws/firmware/mcu_ws/build/rosidl_typesupport_interface/CMakeFiles /micro_ros_ws/firmware/mcu_ws/build/rosidl_typesupport_interface//CMakeFiles/progress.marks
[1.920s] /usr/bin/gmake  -f CMakeFiles/Makefile2 all
[1.920s] gmake[5]: Entering directory '/micro_ros_ws/firmware/mcu_ws/build/rosidl_typesupport_interface'
[1.921s] gmake[5]: Nothing to be done for 'all'.
[1.921s] gmake[5]: Leaving directory '/micro_ros_ws/firmware/mcu_ws/build/rosidl_typesupport_interface'
[1.921s] /usr/bin/cmake -E cmake_progress_start /micro_ros_ws/firmware/mcu_ws/build/rosidl_typesupport_interface/CMakeFiles 0
[1.922s] gmake[4]: Leaving directory '/micro_ros_ws/firmware/mcu_ws/build/rosidl_typesupport_interface'
[2.007s] Invoked command in '/micro_ros_ws/firmware/mcu_ws/build/rosidl_typesupport_interface' returned '0': CMAKE_PREFIX_PATH=${CMAKE_PREFIX_PATH}:/micro_ros_ws/firmware/dev_ws/install/ament_uncrustify:/micro_ros_ws/firmware/dev_ws/install/domain_coordinator:/micro_ros_ws/firmware/dev_ws/install/ament_xmllint:/micro_ros_ws/firmware/dev_ws/install/ament_pyflakes:/micro_ros_ws/firmware/dev_ws/install/ament_pycodestyle:/micro_ros_ws/firmware/dev_ws/install/ament_pep257:/micro_ros_ws/firmware/dev_ws/install/ament_pclint:/micro_ros_ws/firmware/dev_ws/install/ament_package:/micro_ros_ws/firmware/dev_ws/install/ament_mypy:/micro_ros_ws/firmware/dev_ws/install/ament_lint_cmake:/micro_ros_ws/firmware/dev_ws/install/ament_flake8:/micro_ros_ws/firmware/dev_ws/install/ament_copyright:/micro_ros_ws/firmware/dev_ws/install/ament_lint:/micro_ros_ws/firmware/dev_ws/install/ament_index_python:/micro_ros_ws/firmware/dev_ws/install/ament_cpplint:/micro_ros_ws/firmware/dev_ws/install/ament_cppcheck:/micro_ros_ws/firmware/dev_ws/install/ament_clang_tidy:/micro_ros_ws/firmware/dev_ws/install/ament_clang_format /usr/bin/cmake --build /micro_ros_ws/firmware/mcu_ws/build/rosidl_typesupport_interface -- -j12 -l12
[2.008s] Invoking command in '/micro_ros_ws/firmware/mcu_ws/build/rosidl_typesupport_interface': CMAKE_PREFIX_PATH=${CMAKE_PREFIX_PATH}:/micro_ros_ws/firmware/dev_ws/install/ament_uncrustify:/micro_ros_ws/firmware/dev_ws/install/domain_coordinator:/micro_ros_ws/firmware/dev_ws/install/ament_xmllint:/micro_ros_ws/firmware/dev_ws/install/ament_pyflakes:/micro_ros_ws/firmware/dev_ws/install/ament_pycodestyle:/micro_ros_ws/firmware/dev_ws/install/ament_pep257:/micro_ros_ws/firmware/dev_ws/install/ament_pclint:/micro_ros_ws/firmware/dev_ws/install/ament_package:/micro_ros_ws/firmware/dev_ws/install/ament_mypy:/micro_ros_ws/firmware/dev_ws/install/ament_lint_cmake:/micro_ros_ws/firmware/dev_ws/install/ament_flake8:/micro_ros_ws/firmware/dev_ws/install/ament_copyright:/micro_ros_ws/firmware/dev_ws/install/ament_lint:/micro_ros_ws/firmware/dev_ws/install/ament_index_python:/micro_ros_ws/firmware/dev_ws/install/ament_cpplint:/micro_ros_ws/firmware/dev_ws/install/ament_cppcheck:/micro_ros_ws/firmware/dev_ws/install/ament_clang_tidy:/micro_ros_ws/firmware/dev_ws/install/ament_clang_format /usr/bin/cmake --install /micro_ros_ws/firmware/mcu_ws/build/rosidl_typesupport_interface
[2.039s] -- Install configuration: "Debug"
[2.040s] -- Up-to-date: /micro_ros_ws/firmware/mcu_ws/install/share/ament_index/resource_index/package_run_dependencies/rosidl_typesupport_interface
[2.040s] -- Up-to-date: /micro_ros_ws/firmware/mcu_ws/install/share/ament_index/resource_index/parent_prefix_path/rosidl_typesupport_interface
[2.041s] -- Up-to-date: /micro_ros_ws/firmware/mcu_ws/install/share/rosidl_typesupport_interface/environment/ament_prefix_path.sh
[2.045s] -- Installing: /micro_ros_ws/firmware/mcu_ws/install/share/rosidl_typesupport_interface/environment/ament_prefix_path.dsv
[2.059s] -- Up-to-date: /micro_ros_ws/firmware/mcu_ws/install/share/rosidl_typesupport_interface/environment/path.sh
[2.062s] -- Installing: /micro_ros_ws/firmware/mcu_ws/install/share/rosidl_typesupport_interface/environment/path.dsv
[2.084s] -- Up-to-date: /micro_ros_ws/firmware/mcu_ws/install/share/rosidl_typesupport_interface/local_setup.bash
[2.088s] -- Up-to-date: /micro_ros_ws/firmware/mcu_ws/install/share/rosidl_typesupport_interface/local_setup.sh
[2.090s] -- Up-to-date: /micro_ros_ws/firmware/mcu_ws/install/share/rosidl_typesupport_interface/local_setup.zsh
[2.092s] -- Installing: /micro_ros_ws/firmware/mcu_ws/install/share/rosidl_typesupport_interface/local_setup.dsv
[2.100s] -- Installing: /micro_ros_ws/firmware/mcu_ws/install/share/rosidl_typesupport_interface/package.dsv
[2.110s] -- Up-to-date: /micro_ros_ws/firmware/mcu_ws/install/share/ament_index/resource_index/packages/rosidl_typesupport_interface
[2.121s] -- Up-to-date: /micro_ros_ws/firmware/mcu_ws/install/share/rosidl_typesupport_interface/cmake/rosidl_typesupport_interfaceExport.cmake
[2.127s] -- Up-to-date: /micro_ros_ws/firmware/mcu_ws/install/share/rosidl_typesupport_interface/cmake/ament_cmake_export_include_directories-extras.cmake
[2.133s] -- Up-to-date: /micro_ros_ws/firmware/mcu_ws/install/share/rosidl_typesupport_interface/cmake/ament_cmake_export_targets-extras.cmake
[2.138s] -- Up-to-date: /micro_ros_ws/firmware/mcu_ws/install/share/rosidl_typesupport_interface/cmake/rosidl_typesupport_interfaceConfig.cmake
[2.142s] -- Up-to-date: /micro_ros_ws/firmware/mcu_ws/install/share/rosidl_typesupport_interface/cmake/rosidl_typesupport_interfaceConfig-version.cmake
[2.148s] -- Up-to-date: /micro_ros_ws/firmware/mcu_ws/install/share/rosidl_typesupport_interface/package.xml
[2.153s] -- Up-to-date: /micro_ros_ws/firmware/mcu_ws/install/include/rosidl_typesupport_interface
[2.163s] -- Up-to-date: /micro_ros_ws/firmware/mcu_ws/install/include/rosidl_typesupport_interface/rosidl_typesupport_interface
[2.174s] -- Up-to-date: /micro_ros_ws/firmware/mcu_ws/install/include/rosidl_typesupport_interface/rosidl_typesupport_interface/macros.h
[2.635s] Invoked command in '/micro_ros_ws/firmware/mcu_ws/build/rosidl_typesupport_interface' returned '0': CMAKE_PREFIX_PATH=${CMAKE_PREFIX_PATH}:/micro_ros_ws/firmware/dev_ws/install/ament_uncrustify:/micro_ros_ws/firmware/dev_ws/install/domain_coordinator:/micro_ros_ws/firmware/dev_ws/install/ament_xmllint:/micro_ros_ws/firmware/dev_ws/install/ament_pyflakes:/micro_ros_ws/firmware/dev_ws/install/ament_pycodestyle:/micro_ros_ws/firmware/dev_ws/install/ament_pep257:/micro_ros_ws/firmware/dev_ws/install/ament_pclint:/micro_ros_ws/firmware/dev_ws/install/ament_package:/micro_ros_ws/firmware/dev_ws/install/ament_mypy:/micro_ros_ws/firmware/dev_ws/install/ament_lint_cmake:/micro_ros_ws/firmware/dev_ws/install/ament_flake8:/micro_ros_ws/firmware/dev_ws/install/ament_copyright:/micro_ros_ws/firmware/dev_ws/install/ament_lint:/micro_ros_ws/firmware/dev_ws/install/ament_index_python:/micro_ros_ws/firmware/dev_ws/install/ament_cpplint:/micro_ros_ws/firmware/dev_ws/install/ament_cppcheck:/micro_ros_ws/firmware/dev_ws/install/ament_clang_tidy:/micro_ros_ws/firmware/dev_ws/install/ament_clang_format /usr/bin/cmake --install /micro_ros_ws/firmware/mcu_ws/build/rosidl_typesupport_interface
