[2.184s] Invoking command in '/micro_ros_ws/wall_e_ws/src/localization': PYTHONPATH=/micro_ros_ws/wall_e_ws/build/localization/prefix_override:/usr/lib/python3/dist-packages/colcon_core/task/python/colcon_distutils_commands:/micro_ros_ws/wall_e_ws/install/localization/lib/python3.10/site-packages:${PYTHONPATH} /usr/bin/python3 -W ignore:setup.py install is deprecated -W ignore:easy_install command is deprecated setup.py egg_info --egg-base ../../build/localization build --build-base /micro_ros_ws/wall_e_ws/build/localization/build install --record /micro_ros_ws/wall_e_ws/build/localization/install.log --single-version-externally-managed install_data
[2.434s] running egg_info
[2.436s] writing ../../build/localization/localization.egg-info/PKG-INFO
[2.436s] writing dependency_links to ../../build/localization/localization.egg-info/dependency_links.txt
[2.437s] writing entry points to ../../build/localization/localization.egg-info/entry_points.txt
[2.437s] writing requirements to ../../build/localization/localization.egg-info/requires.txt
[2.437s] writing top-level names to ../../build/localization/localization.egg-info/top_level.txt
[2.441s] reading manifest file '../../build/localization/localization.egg-info/SOURCES.txt'
[2.446s] adding license file 'LICENSE'
[2.448s] writing manifest file '../../build/localization/localization.egg-info/SOURCES.txt'
[2.449s] running build
[2.450s] running build_py
[2.456s] running install
[2.457s] running install_lib
[2.462s] running install_data
[2.463s] running install_egg_info
[2.465s] removing '/micro_ros_ws/wall_e_ws/install/localization/lib/python3.10/site-packages/localization-0.0.0-py3.10.egg-info' (and everything under it)
[2.467s] Copying ../../build/localization/localization.egg-info to /micro_ros_ws/wall_e_ws/install/localization/lib/python3.10/site-packages/localization-0.0.0-py3.10.egg-info
[2.473s] running install_scripts
[2.491s] Installing inverse_kinematic_node script to /micro_ros_ws/wall_e_ws/install/localization/lib/localization
[2.492s] writing list of installed files to '/micro_ros_ws/wall_e_ws/build/localization/install.log'
[2.512s] Invoked command in '/micro_ros_ws/wall_e_ws/src/localization' returned '0': PYTHONPATH=/micro_ros_ws/wall_e_ws/build/localization/prefix_override:/usr/lib/python3/dist-packages/colcon_core/task/python/colcon_distutils_commands:/micro_ros_ws/wall_e_ws/install/localization/lib/python3.10/site-packages:${PYTHONPATH} /usr/bin/python3 -W ignore:setup.py install is deprecated -W ignore:easy_install command is deprecated setup.py egg_info --egg-base ../../build/localization build --build-base /micro_ros_ws/wall_e_ws/build/localization/build install --record /micro_ros_ws/wall_e_ws/build/localization/install.log --single-version-externally-managed install_data
