[0.000000] (-) TimerEvent: {}
[0.000290] (-) JobUnselected: {'identifier': 'custom_interfaces'}
[0.000390] (-) JobUnselected: {'identifier': 'feedback'}
[0.000433] (-) JobUnselected: {'identifier': 'localization'}
[0.000488] (control) JobQueued: {'identifier': 'control', 'dependencies': OrderedDict([('custom_interfaces', '/micro_ros_ws/wall_e_ws/install/custom_interfaces')])}
[0.000553] (control) JobStarted: {'identifier': 'control'}
[0.099589] (-) TimerEvent: {}
[0.200039] (-) TimerEvent: {}
[0.300298] (-) TimerEvent: {}
[0.400619] (-) TimerEvent: {}
[0.430086] (control) Command: {'cmd': ['/usr/bin/python3', '-W', 'ignore:setup.py install is deprecated', '-W', 'ignore:easy_install command is deprecated', 'setup.py', 'develop', '--editable', '--build-directory', '/micro_ros_ws/wall_e_ws/build/control/build', '--no-deps', 'symlink_data'], 'cwd': '/micro_ros_ws/wall_e_ws/build/control', 'env': {'HOSTNAME': 'e9b38ef6caf0', 'SHLVL': '0', 'LD_LIBRARY_PATH': '/micro_ros_ws/wall_e_ws/install/custom_interfaces/lib:/opt/ros/humble/lib/x86_64-linux-gnu:/opt/ros/humble/lib', 'HOME': '/root', 'OLDPWD': '/micro_ros_ws', 'ROS_PYTHON_VERSION': '3', 'ROS_DISTRO': 'humble', '_': '/usr/bin/colcon', 'ROS_VERSION': '2', 'TERM': 'xterm', 'ROS_LOCALHOST_ONLY': '0', 'PATH': '/opt/ros/humble/bin:/usr/local/sbin:/usr/local/bin:/usr/sbin:/usr/bin:/sbin:/bin', 'LANG': 'C.UTF-8', 'AMENT_PREFIX_PATH': '/micro_ros_ws/wall_e_ws/install/custom_interfaces:/opt/ros/humble', 'PWD': '/micro_ros_ws/wall_e_ws/build/control', 'LC_ALL': 'C.UTF-8', 'PYTHONPATH': '/micro_ros_ws/wall_e_ws/build/control/prefix_override:/usr/lib/python3/dist-packages/colcon_core/task/python/colcon_distutils_commands:/micro_ros_ws/wall_e_ws/install/control/lib/python3.10/site-packages:/micro_ros_ws/wall_e_ws/install/custom_interfaces/local/lib/python3.10/dist-packages:/opt/ros/humble/lib/python3.10/site-packages:/opt/ros/humble/local/lib/python3.10/dist-packages', 'COLCON': '1', 'CMAKE_PREFIX_PATH': '/micro_ros_ws/wall_e_ws/install/custom_interfaces'}, 'shell': False}
[0.500738] (-) TimerEvent: {}
[0.601160] (-) TimerEvent: {}
[0.620124] (control) StdoutLine: {'line': b'running develop\n'}
[0.701251] (-) TimerEvent: {}
[0.703466] (control) StdoutLine: {'line': b'running egg_info\n'}
[0.703752] (control) StdoutLine: {'line': b'writing control.egg-info/PKG-INFO\n'}
[0.703907] (control) StdoutLine: {'line': b'writing dependency_links to control.egg-info/dependency_links.txt\n'}
[0.704072] (control) StdoutLine: {'line': b'writing entry points to control.egg-info/entry_points.txt\n'}
[0.704221] (control) StdoutLine: {'line': b'writing requirements to control.egg-info/requires.txt\n'}
[0.704353] (control) StdoutLine: {'line': b'writing top-level names to control.egg-info/top_level.txt\n'}
[0.706043] (control) StdoutLine: {'line': b"reading manifest file 'control.egg-info/SOURCES.txt'\n"}
[0.707772] (control) StdoutLine: {'line': b"writing manifest file 'control.egg-info/SOURCES.txt'\n"}
[0.709328] (control) StdoutLine: {'line': b'running build_ext\n'}
[0.709639] (control) StdoutLine: {'line': b'Creating /micro_ros_ws/wall_e_ws/install/control/lib/python3.10/site-packages/control.egg-link (link to .)\n'}
[0.711278] (control) StdoutLine: {'line': b'Installing gamepad_node script to /micro_ros_ws/wall_e_ws/install/control/lib/control\n'}
[0.711910] (control) StdoutLine: {'line': b'Installing robot_control_node script to /micro_ros_ws/wall_e_ws/install/control/lib/control\n'}
[0.713548] (control) StdoutLine: {'line': b'\n'}
[0.713925] (control) StdoutLine: {'line': b'Installed /micro_ros_ws/wall_e_ws/build/control\n'}
[0.714308] (control) StdoutLine: {'line': b'running symlink_data\n'}
[0.743239] (control) CommandEnded: {'returncode': 0}
[0.762029] (control) JobEnded: {'identifier': 'control', 'rc': 0}
[0.762553] (-) EventReactorShutdown: {}
