Not searching for unused variables given on the command line.
-- The C compiler identification is GNU 8.2.0
-- The CXX compiler identification is GNU 8.2.0
-- Detecting C compiler ABI info
-- Detecting C compiler ABI info - done
-- Check for working C compiler: /micro_ros_ws/firmware/toolchain/espressif/tools/xtensa-esp32-elf/esp-2020r2-8.2.0/xtensa-esp32-elf/bin/xtensa-esp32-elf-gcc - skipped
-- Detecting C compile features
-- Detecting C compile features - done
-- Detecting CXX compiler ABI info
-- Detecting CXX compiler ABI info - done
-- Check for working CXX compiler: /micro_ros_ws/firmware/toolchain/espressif/tools/xtensa-esp32-elf/esp-2020r2-8.2.0/xtensa-esp32-elf/bin/xtensa-esp32-elf-g++ - skipped
-- Detecting CXX compile features
-- Detecting CXX compile features - done
-- Found ament_cmake: 1.3.14 (/micro_ros_ws/firmware/dev_ws/install/ament_cmake/share/ament_cmake/cmake)
-- Found Python3: /micro_ros_ws/firmware/toolchain/espressif/python_env/idf4.1_py3.10_env/bin/python3 (found version "3.10.12") found components: Interpreter 
-- Found rmw_implementation_cmake: 6.1.2 (/micro_ros_ws/firmware/mcu_ws/install/share/rmw_implementation_cmake/cmake)
-- Found rmw_microxrcedds: 3.0.3 (/micro_ros_ws/firmware/mcu_ws/install/share/rmw_microxrcedds/cmake)
-- Found rosidl_adapter: 3.1.8 (/micro_ros_ws/firmware/mcu_ws/install/share/rosidl_adapter/cmake)
-- 
-- Default rmw implementation: 'rmw_microxrcedds'
-- 
-- Runtime selection of RMW disabled; Only using 'rmw_microxrcedds'
-- Configuring done
-- Generating done
-- Build files have been written to: /micro_ros_ws/firmware/mcu_ws/build/rmw_implementation
gmake[4]: Entering directory '/micro_ros_ws/firmware/mcu_ws/build/rmw_implementation'
/usr/bin/cmake -S/micro_ros_ws/firmware/mcu_ws/ros2/rmw_implementation/rmw_implementation -B/micro_ros_ws/firmware/mcu_ws/build/rmw_implementation --check-build-system CMakeFiles/Makefile.cmake 0
/usr/bin/cmake -E cmake_progress_start /micro_ros_ws/firmware/mcu_ws/build/rmw_implementation/CMakeFiles /micro_ros_ws/firmware/mcu_ws/build/rmw_implementation//CMakeFiles/progress.marks
/usr/bin/gmake  -f CMakeFiles/Makefile2 all
gmake[5]: Entering directory '/micro_ros_ws/firmware/mcu_ws/build/rmw_implementation'
gmake[5]: Nothing to be done for 'all'.
gmake[5]: Leaving directory '/micro_ros_ws/firmware/mcu_ws/build/rmw_implementation'
/usr/bin/cmake -E cmake_progress_start /micro_ros_ws/firmware/mcu_ws/build/rmw_implementation/CMakeFiles 0
gmake[4]: Leaving directory '/micro_ros_ws/firmware/mcu_ws/build/rmw_implementation'
-- Install configuration: "Debug"
-- Installing: /micro_ros_ws/firmware/mcu_ws/install/share/ament_index/resource_index/rmw_typesupport_c/rmw_implementation
-- Installing: /micro_ros_ws/firmware/mcu_ws/install/share/ament_index/resource_index/rmw_typesupport_cpp/rmw_implementation
-- Installing: /micro_ros_ws/firmware/mcu_ws/install/share/ament_index/resource_index/rmw_typesupport/rmw_implementation
-- Installing: /micro_ros_ws/firmware/mcu_ws/install/share/ament_index/resource_index/package_run_dependencies/rmw_implementation
-- Installing: /micro_ros_ws/firmware/mcu_ws/install/share/ament_index/resource_index/parent_prefix_path/rmw_implementation
-- Installing: /micro_ros_ws/firmware/mcu_ws/install/share/rmw_implementation/environment/ament_prefix_path.sh
-- Installing: /micro_ros_ws/firmware/mcu_ws/install/share/rmw_implementation/environment/ament_prefix_path.dsv
-- Installing: /micro_ros_ws/firmware/mcu_ws/install/share/rmw_implementation/environment/path.sh
-- Installing: /micro_ros_ws/firmware/mcu_ws/install/share/rmw_implementation/environment/path.dsv
-- Installing: /micro_ros_ws/firmware/mcu_ws/install/share/rmw_implementation/local_setup.bash
-- Installing: /micro_ros_ws/firmware/mcu_ws/install/share/rmw_implementation/local_setup.sh
-- Installing: /micro_ros_ws/firmware/mcu_ws/install/share/rmw_implementation/local_setup.zsh
-- Installing: /micro_ros_ws/firmware/mcu_ws/install/share/rmw_implementation/local_setup.dsv
-- Installing: /micro_ros_ws/firmware/mcu_ws/install/share/rmw_implementation/package.dsv
-- Installing: /micro_ros_ws/firmware/mcu_ws/install/share/ament_index/resource_index/packages/rmw_implementation
-- Installing: /micro_ros_ws/firmware/mcu_ws/install/share/rmw_implementation/cmake/rmw_implementation-extras.cmake
-- Installing: /micro_ros_ws/firmware/mcu_ws/install/share/rmw_implementation/cmake/rmw_implementationConfig.cmake
-- Installing: /micro_ros_ws/firmware/mcu_ws/install/share/rmw_implementation/cmake/rmw_implementationConfig-version.cmake
-- Installing: /micro_ros_ws/firmware/mcu_ws/install/share/rmw_implementation/package.xml
