[0.000000] (-) TimerEvent: {}
[0.000376] (-) JobUnselected: {'identifier': 'custom_interfaces'}
[0.000698] (-) JobUnselected: {'identifier': 'feedback'}
[0.000903] (-) JobUnselected: {'identifier': 'localization'}
[0.001179] (control) JobQueued: {'identifier': 'control', 'dependencies': OrderedDict([('custom_interfaces', '/micro_ros_ws/wall_e_ws/install/custom_interfaces')])}
[0.001561] (control) JobStarted: {'identifier': 'control'}
[0.098698] (-) TimerEvent: {}
[0.199162] (-) TimerEvent: {}
[0.299682] (-) TimerEvent: {}
[0.400213] (-) TimerEvent: {}
[0.500681] (-) TimerEvent: {}
[0.601002] (-) TimerEvent: {}
[0.701287] (-) TimerEvent: {}
[0.741796] (control) Command: {'cmd': ['/usr/bin/python3', '-W', 'ignore:setup.py install is deprecated', '-W', 'ignore:easy_install command is deprecated', 'setup.py', 'develop', '--editable', '--build-directory', '/micro_ros_ws/wall_e_ws/build/control/build', '--no-deps', 'symlink_data', '--force'], 'cwd': '/micro_ros_ws/wall_e_ws/build/control', 'env': {'HOSTNAME': 'e9b38ef6caf0', 'SHLVL': '0', 'LD_LIBRARY_PATH': '/micro_ros_ws/wall_e_ws/install/custom_interfaces/lib:/opt/ros/humble/lib/x86_64-linux-gnu:/opt/ros/humble/lib', 'HOME': '/root', 'OLDPWD': '/micro_ros_ws', 'ROS_PYTHON_VERSION': '3', 'ROS_DISTRO': 'humble', '_': '/usr/bin/colcon', 'ROS_VERSION': '2', 'TERM': 'xterm', 'ROS_LOCALHOST_ONLY': '0', 'PATH': '/opt/ros/humble/bin:/usr/local/sbin:/usr/local/bin:/usr/sbin:/usr/bin:/sbin:/bin', 'LANG': 'C.UTF-8', 'AMENT_PREFIX_PATH': '/micro_ros_ws/wall_e_ws/install/custom_interfaces:/opt/ros/humble', 'PWD': '/micro_ros_ws/wall_e_ws/build/control', 'LC_ALL': 'C.UTF-8', 'PYTHONPATH': '/micro_ros_ws/wall_e_ws/build/control/prefix_override:/usr/lib/python3/dist-packages/colcon_core/task/python/colcon_distutils_commands:/micro_ros_ws/wall_e_ws/install/control/lib/python3.10/site-packages:/micro_ros_ws/wall_e_ws/install/custom_interfaces/local/lib/python3.10/dist-packages:/opt/ros/humble/lib/python3.10/site-packages:/opt/ros/humble/local/lib/python3.10/dist-packages', 'COLCON': '1', 'CMAKE_PREFIX_PATH': '/micro_ros_ws/wall_e_ws/install/custom_interfaces'}, 'shell': False}
[0.801373] (-) TimerEvent: {}
[0.896853] (control) StdoutLine: {'line': b'running develop\n'}
[0.901465] (-) TimerEvent: {}
[0.951111] (control) StdoutLine: {'line': b'running egg_info\n'}
[0.951370] (control) StdoutLine: {'line': b'writing control.egg-info/PKG-INFO\n'}
[0.951581] (control) StdoutLine: {'line': b'writing dependency_links to control.egg-info/dependency_links.txt\n'}
[0.951778] (control) StdoutLine: {'line': b'writing entry points to control.egg-info/entry_points.txt\n'}
[0.951967] (control) StdoutLine: {'line': b'writing requirements to control.egg-info/requires.txt\n'}
[0.952099] (control) StdoutLine: {'line': b'writing top-level names to control.egg-info/top_level.txt\n'}
[0.954044] (control) StdoutLine: {'line': b"reading manifest file 'control.egg-info/SOURCES.txt'\n"}
[0.955973] (control) StdoutLine: {'line': b"writing manifest file 'control.egg-info/SOURCES.txt'\n"}
[0.957074] (control) StdoutLine: {'line': b'running build_ext\n'}
[0.957260] (control) StdoutLine: {'line': b'Creating /micro_ros_ws/wall_e_ws/install/control/lib/python3.10/site-packages/control.egg-link (link to .)\n'}
[0.958402] (control) StdoutLine: {'line': b'Installing gamepad_node script to /micro_ros_ws/wall_e_ws/install/control/lib/control\n'}
[0.958938] (control) StdoutLine: {'line': b'\n'}
[0.959145] (control) StdoutLine: {'line': b'Installed /micro_ros_ws/wall_e_ws/build/control\n'}
[0.959292] (control) StdoutLine: {'line': b'running symlink_data\n'}
[0.959530] (control) StdoutLine: {'line': b'symbolically linking /micro_ros_ws/wall_e_ws/build/control/resource/control -> /micro_ros_ws/wall_e_ws/install/control/share/ament_index/resource_index/packages\n'}
[0.959907] (control) StdoutLine: {'line': b'symbolically linking /micro_ros_ws/wall_e_ws/build/control/package.xml -> /micro_ros_ws/wall_e_ws/install/control/share/control\n'}
[0.978205] (control) CommandEnded: {'returncode': 0}
[0.990359] (control) JobEnded: {'identifier': 'control', 'rc': 0}
[0.991070] (-) EventReactorShutdown: {}
