[0.565s] Invoking command in '/micro_ros_ws/firmware/mcu_ws/build/rosidl_typesupport_interface': CMAKE_PREFIX_PATH=${CMAKE_PREFIX_PATH}:/micro_ros_ws/firmware/dev_ws/install/ament_uncrustify:/micro_ros_ws/firmware/dev_ws/install/domain_coordinator:/micro_ros_ws/firmware/dev_ws/install/ament_xmllint:/micro_ros_ws/firmware/dev_ws/install/ament_pyflakes:/micro_ros_ws/firmware/dev_ws/install/ament_pycodestyle:/micro_ros_ws/firmware/dev_ws/install/ament_pep257:/micro_ros_ws/firmware/dev_ws/install/ament_pclint:/micro_ros_ws/firmware/dev_ws/install/ament_package:/micro_ros_ws/firmware/dev_ws/install/ament_mypy:/micro_ros_ws/firmware/dev_ws/install/ament_lint_cmake:/micro_ros_ws/firmware/dev_ws/install/ament_flake8:/micro_ros_ws/firmware/dev_ws/install/ament_copyright:/micro_ros_ws/firmware/dev_ws/install/ament_lint:/micro_ros_ws/firmware/dev_ws/install/ament_index_python:/micro_ros_ws/firmware/dev_ws/install/ament_cpplint:/micro_ros_ws/firmware/dev_ws/install/ament_cppcheck:/micro_ros_ws/firmware/dev_ws/install/ament_clang_tidy:/micro_ros_ws/firmware/dev_ws/install/ament_clang_format /usr/bin/cmake /micro_ros_ws/firmware/mcu_ws/ros2/rosidl/rosidl_typesupport_interface --no-warn-unused-cli -DCMAKE_POSITION_INDEPENDENT_CODE:BOOL=OFF -DTHIRDPARTY=ON -DBUILD_SHARED_LIBS=OFF -DBUILD_TESTING=OFF -DCMAKE_BUILD_TYPE=Debug -DCMAKE_TOOLCHAIN_FILE=/micro_ros_ws/firmware/freertos_apps/microros_esp32_extensions/esp32_toolchain.cmake -DCMAKE_VERBOSE_MAKEFILE=ON -DCMAKE_INSTALL_PREFIX=/micro_ros_ws/firmware/mcu_ws/install
[1.828s] Not searching for unused variables given on the command line.
[1.828s] -- Found ament_cmake: 1.3.14 (/micro_ros_ws/firmware/dev_ws/install/ament_cmake/share/ament_cmake/cmake)
[2.035s] -- Found Python3: /micro_ros_ws/firmware/toolchain/espressif/python_env/idf4.1_py3.10_env/bin/python3 (found version "3.10.12") found components: Interpreter 
[3.952s] Traceback (most recent call last):
[3.952s]   File "/micro_ros_ws/firmware/dev_ws/install/ament_cmake_core/share/ament_cmake_core/cmake/core/package_xml_2_cmake.py", line 22, in <module>
[3.953s]     from catkin_pkg.package import parse_package_string
[3.953s] ModuleNotFoundError: No module named 'catkin_pkg'
[3.955s] [31mCMake Error at /micro_ros_ws/firmware/dev_ws/install/ament_cmake_core/share/ament_cmake_core/cmake/core/ament_package_xml.cmake:95 (message):
[3.955s]   
[3.956s]   execute_process(/micro_ros_ws/firmware/toolchain/espressif/python_env/idf4.1_py3.10_env/bin/python3
[3.956s]   /micro_ros_ws/firmware/dev_ws/install/ament_cmake_core/share/ament_cmake_core/cmake/core/package_xml_2_cmake.py
[3.956s]   /micro_ros_ws/firmware/mcu_ws/ros2/rosidl/rosidl_typesupport_interface/package.xml
[3.956s]   /micro_ros_ws/firmware/mcu_ws/build/rosidl_typesupport_interface/ament_cmake_core/package.cmake)
[3.956s]   returned error code 1
[3.957s] Call Stack (most recent call first):
[3.957s]   /micro_ros_ws/firmware/dev_ws/install/ament_cmake_core/share/ament_cmake_core/cmake/core/ament_package_xml.cmake:49 (_ament_package_xml)
[3.957s]   /micro_ros_ws/firmware/dev_ws/install/ament_cmake_core/share/ament_cmake_core/cmake/core/ament_package.cmake:63 (ament_package_xml)
[3.957s]   CMakeLists.txt:46 (ament_package)
[3.958s] 
[3.958s] [0m
[3.958s] -- Configuring incomplete, errors occurred!
[3.958s] See also "/micro_ros_ws/firmware/mcu_ws/build/rosidl_typesupport_interface/CMakeFiles/CMakeOutput.log".
