[0.546s] Invoking command in '/micro_ros_ws/wall_e_ws/src/control': AMENT_PREFIX_PATH=/micro_ros_ws/wall_e_ws/install/custom_interfaces:${AMENT_PREFIX_PATH} CMAKE_PREFIX_PATH=/micro_ros_ws/wall_e_ws/install/custom_interfaces LD_LIBRARY_PATH=/micro_ros_ws/wall_e_ws/install/custom_interfaces/lib:${LD_LIBRARY_PATH} PYTHONPATH=/micro_ros_ws/wall_e_ws/build/control/prefix_override:/usr/lib/python3/dist-packages/colcon_core/task/python/colcon_distutils_commands:/micro_ros_ws/wall_e_ws/install/control/lib/python3.10/site-packages:/micro_ros_ws/wall_e_ws/install/custom_interfaces/local/lib/python3.10/dist-packages:${PYTHONPATH} /usr/bin/python3 -W ignore:setup.py install is deprecated -W ignore:easy_install command is deprecated setup.py egg_info --egg-base ../../build/control build --build-base /micro_ros_ws/wall_e_ws/build/control/build install --record /micro_ros_ws/wall_e_ws/build/control/install.log --single-version-externally-managed install_data
[0.698s] running egg_info
[0.699s] creating ../../build/control/control.egg-info
[0.700s] writing ../../build/control/control.egg-info/PKG-INFO
[0.702s] writing dependency_links to ../../build/control/control.egg-info/dependency_links.txt
[0.703s] writing entry points to ../../build/control/control.egg-info/entry_points.txt
[0.703s] writing requirements to ../../build/control/control.egg-info/requires.txt
[0.704s] writing top-level names to ../../build/control/control.egg-info/top_level.txt
[0.705s] writing manifest file '../../build/control/control.egg-info/SOURCES.txt'
[0.710s] reading manifest file '../../build/control/control.egg-info/SOURCES.txt'
[0.712s] adding license file 'LICENSE'
[0.713s] writing manifest file '../../build/control/control.egg-info/SOURCES.txt'
[0.713s] running build
[0.714s] running build_py
[0.714s] creating /micro_ros_ws/wall_e_ws/build/control/build
[0.714s] creating /micro_ros_ws/wall_e_ws/build/control/build/lib
[0.714s] creating /micro_ros_ws/wall_e_ws/build/control/build/lib/control
[0.715s] copying control/gamepad.py -> /micro_ros_ws/wall_e_ws/build/control/build/lib/control
[0.715s] copying control/robot_control.py -> /micro_ros_ws/wall_e_ws/build/control/build/lib/control
[0.716s] copying control/__init__.py -> /micro_ros_ws/wall_e_ws/build/control/build/lib/control
[0.716s] running install
[0.716s] running install_lib
[0.718s] creating /micro_ros_ws/wall_e_ws/install/control/lib/python3.10/site-packages/control
[0.719s] copying /micro_ros_ws/wall_e_ws/build/control/build/lib/control/gamepad.py -> /micro_ros_ws/wall_e_ws/install/control/lib/python3.10/site-packages/control
[0.720s] copying /micro_ros_ws/wall_e_ws/build/control/build/lib/control/robot_control.py -> /micro_ros_ws/wall_e_ws/install/control/lib/python3.10/site-packages/control
[0.722s] copying /micro_ros_ws/wall_e_ws/build/control/build/lib/control/__init__.py -> /micro_ros_ws/wall_e_ws/install/control/lib/python3.10/site-packages/control
[0.724s] byte-compiling /micro_ros_ws/wall_e_ws/install/control/lib/python3.10/site-packages/control/gamepad.py to gamepad.cpython-310.pyc
[0.726s] byte-compiling /micro_ros_ws/wall_e_ws/install/control/lib/python3.10/site-packages/control/robot_control.py to robot_control.cpython-310.pyc
[0.727s] byte-compiling /micro_ros_ws/wall_e_ws/install/control/lib/python3.10/site-packages/control/__init__.py to __init__.cpython-310.pyc
[0.728s] running install_data
[0.728s] creating /micro_ros_ws/wall_e_ws/install/control/share/ament_index
[0.728s] creating /micro_ros_ws/wall_e_ws/install/control/share/ament_index/resource_index
[0.728s] creating /micro_ros_ws/wall_e_ws/install/control/share/ament_index/resource_index/packages
[0.729s] copying resource/control -> /micro_ros_ws/wall_e_ws/install/control/share/ament_index/resource_index/packages
[0.730s] copying package.xml -> /micro_ros_ws/wall_e_ws/install/control/share/control
[0.730s] running install_egg_info
[0.733s] Copying ../../build/control/control.egg-info to /micro_ros_ws/wall_e_ws/install/control/lib/python3.10/site-packages/control-0.0.0-py3.10.egg-info
[0.739s] running install_scripts
[0.762s] Installing gamepad_node script to /micro_ros_ws/wall_e_ws/install/control/lib/control
[0.763s] writing list of installed files to '/micro_ros_ws/wall_e_ws/build/control/install.log'
[0.782s] Invoked command in '/micro_ros_ws/wall_e_ws/src/control' returned '0': AMENT_PREFIX_PATH=/micro_ros_ws/wall_e_ws/install/custom_interfaces:${AMENT_PREFIX_PATH} CMAKE_PREFIX_PATH=/micro_ros_ws/wall_e_ws/install/custom_interfaces LD_LIBRARY_PATH=/micro_ros_ws/wall_e_ws/install/custom_interfaces/lib:${LD_LIBRARY_PATH} PYTHONPATH=/micro_ros_ws/wall_e_ws/build/control/prefix_override:/usr/lib/python3/dist-packages/colcon_core/task/python/colcon_distutils_commands:/micro_ros_ws/wall_e_ws/install/control/lib/python3.10/site-packages:/micro_ros_ws/wall_e_ws/install/custom_interfaces/local/lib/python3.10/dist-packages:${PYTHONPATH} /usr/bin/python3 -W ignore:setup.py install is deprecated -W ignore:easy_install command is deprecated setup.py egg_info --egg-base ../../build/control build --build-base /micro_ros_ws/wall_e_ws/build/control/build install --record /micro_ros_ws/wall_e_ws/build/control/install.log --single-version-externally-managed install_data
