[0.757s] Invoking command in '/micro_ros_ws/wall_e_ws/src/control': PYTHONPATH=/micro_ros_ws/wall_e_ws/build/control/prefix_override:/usr/lib/python3/dist-packages/colcon_core/task/python/colcon_distutils_commands:/micro_ros_ws/wall_e_ws/install/control/lib/python3.10/site-packages:${PYTHONPATH} /usr/bin/python3 -W ignore:setup.py install is deprecated -W ignore:easy_install command is deprecated setup.py egg_info --egg-base ../../build/control build --build-base /micro_ros_ws/wall_e_ws/build/control/build install --record /micro_ros_ws/wall_e_ws/build/control/install.log --single-version-externally-managed install_data
[1.004s] running egg_info
[1.004s] writing ../../build/control/control.egg-info/PKG-INFO
[1.005s] writing dependency_links to ../../build/control/control.egg-info/dependency_links.txt
[1.005s] writing entry points to ../../build/control/control.egg-info/entry_points.txt
[1.006s] writing requirements to ../../build/control/control.egg-info/requires.txt
[1.006s] writing top-level names to ../../build/control/control.egg-info/top_level.txt
[1.009s] reading manifest file '../../build/control/control.egg-info/SOURCES.txt'
[1.011s] adding license file 'LICENSE'
[1.012s] writing manifest file '../../build/control/control.egg-info/SOURCES.txt'
[1.012s] running build
[1.012s] running build_py
[1.013s] copying control/gamepad.py -> /micro_ros_ws/wall_e_ws/build/control/build/lib/control
[1.015s] running install
[1.015s] running install_lib
[1.016s] copying /micro_ros_ws/wall_e_ws/build/control/build/lib/control/gamepad.py -> /micro_ros_ws/wall_e_ws/install/control/lib/python3.10/site-packages/control
[1.019s] byte-compiling /micro_ros_ws/wall_e_ws/install/control/lib/python3.10/site-packages/control/gamepad.py to gamepad.cpython-310.pyc
[1.022s] running install_data
[1.023s] running install_egg_info
[1.025s] removing '/micro_ros_ws/wall_e_ws/install/control/lib/python3.10/site-packages/control-0.0.0-py3.10.egg-info' (and everything under it)
[1.027s] Copying ../../build/control/control.egg-info to /micro_ros_ws/wall_e_ws/install/control/lib/python3.10/site-packages/control-0.0.0-py3.10.egg-info
[1.041s] running install_scripts
[1.066s] Installing gamepad_node script to /micro_ros_ws/wall_e_ws/install/control/lib/control
[1.067s] writing list of installed files to '/micro_ros_ws/wall_e_ws/build/control/install.log'
[1.086s] Invoked command in '/micro_ros_ws/wall_e_ws/src/control' returned '0': PYTHONPATH=/micro_ros_ws/wall_e_ws/build/control/prefix_override:/usr/lib/python3/dist-packages/colcon_core/task/python/colcon_distutils_commands:/micro_ros_ws/wall_e_ws/install/control/lib/python3.10/site-packages:${PYTHONPATH} /usr/bin/python3 -W ignore:setup.py install is deprecated -W ignore:easy_install command is deprecated setup.py egg_info --egg-base ../../build/control build --build-base /micro_ros_ws/wall_e_ws/build/control/build install --record /micro_ros_ws/wall_e_ws/build/control/install.log --single-version-externally-managed install_data
