[0.691s] Invoking command in '/micro_ros_ws/firmware/mcu_ws/build/microcdr': /usr/bin/cmake --build /micro_ros_ws/firmware/mcu_ws/build/microcdr -- -j12 -l12
[2.967s] gmake[4]: Entering directory '/micro_ros_ws/firmware/mcu_ws/build/microcdr'
[2.968s] /usr/bin/cmake -S/micro_ros_ws/firmware/mcu_ws/eProsima/Micro-CDR -B/micro_ros_ws/firmware/mcu_ws/build/microcdr --check-build-system CMakeFiles/Makefile.cmake 0
[2.973s] Re-run cmake file: Makefile older than: /micro_ros_ws/firmware/freertos_apps/microros_esp32_extensions/esp32_toolchain.cmake
[2.973s] -- Configuring done
[2.974s] -- Generating done
[2.975s] -- Build files have been written to: /micro_ros_ws/firmware/mcu_ws/build/microcdr
[2.975s] /usr/bin/cmake -E cmake_progress_start /micro_ros_ws/firmware/mcu_ws/build/microcdr/CMakeFiles /micro_ros_ws/firmware/mcu_ws/build/microcdr//CMakeFiles/progress.marks
[2.976s] /usr/bin/gmake  -f CMakeFiles/Makefile2 all
[2.977s] gmake[5]: Entering directory '/micro_ros_ws/firmware/mcu_ws/build/microcdr'
[2.977s] /usr/bin/gmake  -f CMakeFiles/microcdr.dir/build.make CMakeFiles/microcdr.dir/depend
[2.978s] gmake[6]: Entering directory '/micro_ros_ws/firmware/mcu_ws/build/microcdr'
[2.983s] cd /micro_ros_ws/firmware/mcu_ws/build/microcdr && /usr/bin/cmake -E cmake_depends "Unix Makefiles" /micro_ros_ws/firmware/mcu_ws/eProsima/Micro-CDR /micro_ros_ws/firmware/mcu_ws/eProsima/Micro-CDR /micro_ros_ws/firmware/mcu_ws/build/microcdr /micro_ros_ws/firmware/mcu_ws/build/microcdr /micro_ros_ws/firmware/mcu_ws/build/microcdr/CMakeFiles/microcdr.dir/DependInfo.cmake --color=
[2.983s] Dependencies file "CMakeFiles/microcdr.dir/src/c/common.c.obj.d" is newer than depends file "/micro_ros_ws/firmware/mcu_ws/build/microcdr/CMakeFiles/microcdr.dir/compiler_depend.internal".
[2.984s] Dependencies file "CMakeFiles/microcdr.dir/src/c/types/array.c.obj.d" is newer than depends file "/micro_ros_ws/firmware/mcu_ws/build/microcdr/CMakeFiles/microcdr.dir/compiler_depend.internal".
[2.987s] Dependencies file "CMakeFiles/microcdr.dir/src/c/types/basic.c.obj.d" is newer than depends file "/micro_ros_ws/firmware/mcu_ws/build/microcdr/CMakeFiles/microcdr.dir/compiler_depend.internal".
[2.987s] Dependencies file "CMakeFiles/microcdr.dir/src/c/types/sequence.c.obj.d" is newer than depends file "/micro_ros_ws/firmware/mcu_ws/build/microcdr/CMakeFiles/microcdr.dir/compiler_depend.internal".
[2.988s] Dependencies file "CMakeFiles/microcdr.dir/src/c/types/string.c.obj.d" is newer than depends file "/micro_ros_ws/firmware/mcu_ws/build/microcdr/CMakeFiles/microcdr.dir/compiler_depend.internal".
[2.988s] Consolidate compiler generated dependencies of target microcdr
[2.989s] gmake[6]: Leaving directory '/micro_ros_ws/firmware/mcu_ws/build/microcdr'
[2.989s] /usr/bin/gmake  -f CMakeFiles/microcdr.dir/build.make CMakeFiles/microcdr.dir/build
[2.991s] gmake[6]: Entering directory '/micro_ros_ws/firmware/mcu_ws/build/microcdr'
[2.991s] gmake[6]: Nothing to be done for 'CMakeFiles/microcdr.dir/build'.
[2.992s] gmake[6]: Leaving directory '/micro_ros_ws/firmware/mcu_ws/build/microcdr'
[2.993s] [100%] Built target microcdr
[2.994s] gmake[5]: Leaving directory '/micro_ros_ws/firmware/mcu_ws/build/microcdr'
[2.995s] /usr/bin/cmake -E cmake_progress_start /micro_ros_ws/firmware/mcu_ws/build/microcdr/CMakeFiles 0
[2.995s] gmake[4]: Leaving directory '/micro_ros_ws/firmware/mcu_ws/build/microcdr'
[3.051s] Invoked command in '/micro_ros_ws/firmware/mcu_ws/build/microcdr' returned '0': /usr/bin/cmake --build /micro_ros_ws/firmware/mcu_ws/build/microcdr -- -j12 -l12
[3.052s] Invoking command in '/micro_ros_ws/firmware/mcu_ws/build/microcdr': /usr/bin/cmake --install /micro_ros_ws/firmware/mcu_ws/build/microcdr
[3.090s] -- Install configuration: "Debug"
[3.090s] -- Up-to-date: /micro_ros_ws/firmware/mcu_ws/install/lib/libmicrocdr.a
[3.091s] -- Up-to-date: /micro_ros_ws/firmware/mcu_ws/install/include/ucdr
[3.092s] -- Up-to-date: /micro_ros_ws/firmware/mcu_ws/install/include/ucdr/microcdr.h
[3.098s] -- Up-to-date: /micro_ros_ws/firmware/mcu_ws/install/include/ucdr/visibility.h
[3.099s] -- Up-to-date: /micro_ros_ws/firmware/mcu_ws/install/include/ucdr/config.h
[3.100s] -- Up-to-date: /micro_ros_ws/firmware/mcu_ws/install/share/microcdr/cmake/microcdrTargets.cmake
[3.116s] -- Up-to-date: /micro_ros_ws/firmware/mcu_ws/install/share/microcdr/cmake/microcdrTargets-debug.cmake
[3.120s] -- Up-to-date: /micro_ros_ws/firmware/mcu_ws/install/share/microcdr/cmake/microcdrConfig.cmake
[3.123s] -- Up-to-date: /micro_ros_ws/firmware/mcu_ws/install/share/microcdr/cmake/microcdrConfigVersion.cmake
[3.125s] Invoked command in '/micro_ros_ws/firmware/mcu_ws/build/microcdr' returned '0': /usr/bin/cmake --install /micro_ros_ws/firmware/mcu_ws/build/microcdr
