gmake[4]: Entering directory '/micro_ros_ws/firmware/mcu_ws/build/microxrcedds_client'
/usr/bin/cmake -S/micro_ros_ws/firmware/mcu_ws/eProsima/Micro-XRCE-DDS-Client -B/micro_ros_ws/firmware/mcu_ws/build/microxrcedds_client --check-build-system CMakeFiles/Makefile.cmake 0
Re-run cmake file: Makefile older than: /micro_ros_ws/firmware/freertos_apps/microros_esp32_extensions/esp32_toolchain.cmake
-- Configuring done
-- Generating done
-- Build files have been written to: /micro_ros_ws/firmware/mcu_ws/build/microxrcedds_client
/usr/bin/cmake -E cmake_progress_start /micro_ros_ws/firmware/mcu_ws/build/microxrcedds_client/CMakeFiles /micro_ros_ws/firmware/mcu_ws/build/microxrcedds_client//CMakeFiles/progress.marks
/usr/bin/gmake  -f CMakeFiles/Makefile2 all
gmake[5]: Entering directory '/micro_ros_ws/firmware/mcu_ws/build/microxrcedds_client'
/usr/bin/gmake  -f CMakeFiles/microxrcedds_client.dir/build.make CMakeFiles/microxrcedds_client.dir/depend
gmake[6]: Entering directory '/micro_ros_ws/firmware/mcu_ws/build/microxrcedds_client'
cd /micro_ros_ws/firmware/mcu_ws/build/microxrcedds_client && /usr/bin/cmake -E cmake_depends "Unix Makefiles" /micro_ros_ws/firmware/mcu_ws/eProsima/Micro-XRCE-DDS-Client /micro_ros_ws/firmware/mcu_ws/eProsima/Micro-XRCE-DDS-Client /micro_ros_ws/firmware/mcu_ws/build/microxrcedds_client /micro_ros_ws/firmware/mcu_ws/build/microxrcedds_client /micro_ros_ws/firmware/mcu_ws/build/microxrcedds_client/CMakeFiles/microxrcedds_client.dir/DependInfo.cmake --color=
Dependencies file "CMakeFiles/microxrcedds_client.dir/src/c/core/serialization/xrce_header.c.obj.d" is newer than depends file "/micro_ros_ws/firmware/mcu_ws/build/microxrcedds_client/CMakeFiles/microxrcedds_client.dir/compiler_depend.internal".
Dependencies file "CMakeFiles/microxrcedds_client.dir/src/c/core/serialization/xrce_subheader.c.obj.d" is newer than depends file "/micro_ros_ws/firmware/mcu_ws/build/microxrcedds_client/CMakeFiles/microxrcedds_client.dir/compiler_depend.internal".
Dependencies file "CMakeFiles/microxrcedds_client.dir/src/c/core/serialization/xrce_types.c.obj.d" is newer than depends file "/micro_ros_ws/firmware/mcu_ws/build/microxrcedds_client/CMakeFiles/microxrcedds_client.dir/compiler_depend.internal".
Dependencies file "CMakeFiles/microxrcedds_client.dir/src/c/core/session/common_create_entities.c.obj.d" is newer than depends file "/micro_ros_ws/firmware/mcu_ws/build/microxrcedds_client/CMakeFiles/microxrcedds_client.dir/compiler_depend.internal".
Dependencies file "CMakeFiles/microxrcedds_client.dir/src/c/core/session/create_entities_bin.c.obj.d" is newer than depends file "/micro_ros_ws/firmware/mcu_ws/build/microxrcedds_client/CMakeFiles/microxrcedds_client.dir/compiler_depend.internal".
Dependencies file "CMakeFiles/microxrcedds_client.dir/src/c/core/session/create_entities_ref.c.obj.d" is newer than depends file "/micro_ros_ws/firmware/mcu_ws/build/microxrcedds_client/CMakeFiles/microxrcedds_client.dir/compiler_depend.internal".
Dependencies file "CMakeFiles/microxrcedds_client.dir/src/c/core/session/create_entities_xml.c.obj.d" is newer than depends file "/micro_ros_ws/firmware/mcu_ws/build/microxrcedds_client/CMakeFiles/microxrcedds_client.dir/compiler_depend.internal".
Dependencies file "CMakeFiles/microxrcedds_client.dir/src/c/core/session/object_id.c.obj.d" is newer than depends file "/micro_ros_ws/firmware/mcu_ws/build/microxrcedds_client/CMakeFiles/microxrcedds_client.dir/compiler_depend.internal".
Dependencies file "CMakeFiles/microxrcedds_client.dir/src/c/core/session/read_access.c.obj.d" is newer than depends file "/micro_ros_ws/firmware/mcu_ws/build/microxrcedds_client/CMakeFiles/microxrcedds_client.dir/compiler_depend.internal".
Dependencies file "CMakeFiles/microxrcedds_client.dir/src/c/core/session/session.c.obj.d" is newer than depends file "/micro_ros_ws/firmware/mcu_ws/build/microxrcedds_client/CMakeFiles/microxrcedds_client.dir/compiler_depend.internal".
Dependencies file "CMakeFiles/microxrcedds_client.dir/src/c/core/session/session_info.c.obj.d" is newer than depends file "/micro_ros_ws/firmware/mcu_ws/build/microxrcedds_client/CMakeFiles/microxrcedds_client.dir/compiler_depend.internal".
Dependencies file "CMakeFiles/microxrcedds_client.dir/src/c/core/session/stream/input_best_effort_stream.c.obj.d" is newer than depends file "/micro_ros_ws/firmware/mcu_ws/build/microxrcedds_client/CMakeFiles/microxrcedds_client.dir/compiler_depend.internal".
Dependencies file "CMakeFiles/microxrcedds_client.dir/src/c/core/session/stream/input_reliable_stream.c.obj.d" is newer than depends file "/micro_ros_ws/firmware/mcu_ws/build/microxrcedds_client/CMakeFiles/microxrcedds_client.dir/compiler_depend.internal".
Dependencies file "CMakeFiles/microxrcedds_client.dir/src/c/core/session/stream/output_best_effort_stream.c.obj.d" is newer than depends file "/micro_ros_ws/firmware/mcu_ws/build/microxrcedds_client/CMakeFiles/microxrcedds_client.dir/compiler_depend.internal".
Dependencies file "CMakeFiles/microxrcedds_client.dir/src/c/core/session/stream/output_reliable_stream.c.obj.d" is newer than depends file "/micro_ros_ws/firmware/mcu_ws/build/microxrcedds_client/CMakeFiles/microxrcedds_client.dir/compiler_depend.internal".
Dependencies file "CMakeFiles/microxrcedds_client.dir/src/c/core/session/stream/seq_num.c.obj.d" is newer than depends file "/micro_ros_ws/firmware/mcu_ws/build/microxrcedds_client/CMakeFiles/microxrcedds_client.dir/compiler_depend.internal".
Dependencies file "CMakeFiles/microxrcedds_client.dir/src/c/core/session/stream/stream_id.c.obj.d" is newer than depends file "/micro_ros_ws/firmware/mcu_ws/build/microxrcedds_client/CMakeFiles/microxrcedds_client.dir/compiler_depend.internal".
Dependencies file "CMakeFiles/microxrcedds_client.dir/src/c/core/session/stream/stream_storage.c.obj.d" is newer than depends file "/micro_ros_ws/firmware/mcu_ws/build/microxrcedds_client/CMakeFiles/microxrcedds_client.dir/compiler_depend.internal".
Dependencies file "CMakeFiles/microxrcedds_client.dir/src/c/core/session/submessage.c.obj.d" is newer than depends file "/micro_ros_ws/firmware/mcu_ws/build/microxrcedds_client/CMakeFiles/microxrcedds_client.dir/compiler_depend.internal".
Dependencies file "CMakeFiles/microxrcedds_client.dir/src/c/core/session/write_access.c.obj.d" is newer than depends file "/micro_ros_ws/firmware/mcu_ws/build/microxrcedds_client/CMakeFiles/microxrcedds_client.dir/compiler_depend.internal".
Dependencies file "CMakeFiles/microxrcedds_client.dir/src/c/profile/transport/custom/custom_transport.c.obj.d" is newer than depends file "/micro_ros_ws/firmware/mcu_ws/build/microxrcedds_client/CMakeFiles/microxrcedds_client.dir/compiler_depend.internal".
Dependencies file "CMakeFiles/microxrcedds_client.dir/src/c/profile/transport/ip/ip_posix.c.obj.d" is newer than depends file "/micro_ros_ws/firmware/mcu_ws/build/microxrcedds_client/CMakeFiles/microxrcedds_client.dir/compiler_depend.internal".
Dependencies file "CMakeFiles/microxrcedds_client.dir/src/c/profile/transport/ip/udp/udp_transport.c.obj.d" is newer than depends file "/micro_ros_ws/firmware/mcu_ws/build/microxrcedds_client/CMakeFiles/microxrcedds_client.dir/compiler_depend.internal".
Dependencies file "CMakeFiles/microxrcedds_client.dir/src/c/profile/transport/ip/udp/udp_transport_posix_nopoll.c.obj.d" is newer than depends file "/micro_ros_ws/firmware/mcu_ws/build/microxrcedds_client/CMakeFiles/microxrcedds_client.dir/compiler_depend.internal".
Dependencies file "CMakeFiles/microxrcedds_client.dir/src/c/profile/transport/stream_framing/stream_framing_protocol.c.obj.d" is newer than depends file "/micro_ros_ws/firmware/mcu_ws/build/microxrcedds_client/CMakeFiles/microxrcedds_client.dir/compiler_depend.internal".
Dependencies file "CMakeFiles/microxrcedds_client.dir/src/c/util/ping.c.obj.d" is newer than depends file "/micro_ros_ws/firmware/mcu_ws/build/microxrcedds_client/CMakeFiles/microxrcedds_client.dir/compiler_depend.internal".
Dependencies file "CMakeFiles/microxrcedds_client.dir/src/c/util/time.c.obj.d" is newer than depends file "/micro_ros_ws/firmware/mcu_ws/build/microxrcedds_client/CMakeFiles/microxrcedds_client.dir/compiler_depend.internal".
[35m[1mConsolidate compiler generated dependencies of target microxrcedds_client[0m
gmake[6]: Leaving directory '/micro_ros_ws/firmware/mcu_ws/build/microxrcedds_client'
/usr/bin/gmake  -f CMakeFiles/microxrcedds_client.dir/build.make CMakeFiles/microxrcedds_client.dir/build
gmake[6]: Entering directory '/micro_ros_ws/firmware/mcu_ws/build/microxrcedds_client'
gmake[6]: Nothing to be done for 'CMakeFiles/microxrcedds_client.dir/build'.
gmake[6]: Leaving directory '/micro_ros_ws/firmware/mcu_ws/build/microxrcedds_client'
[100%] Built target microxrcedds_client
gmake[5]: Leaving directory '/micro_ros_ws/firmware/mcu_ws/build/microxrcedds_client'
/usr/bin/cmake -E cmake_progress_start /micro_ros_ws/firmware/mcu_ws/build/microxrcedds_client/CMakeFiles 0
gmake[4]: Leaving directory '/micro_ros_ws/firmware/mcu_ws/build/microxrcedds_client'
-- Install configuration: "Debug"
-- Installing: /micro_ros_ws/firmware/mcu_ws/install/lib/libmicroxrcedds_client.a
-- Installing: /micro_ros_ws/firmware/mcu_ws/install/include/uxr/client
-- Installing: /micro_ros_ws/firmware/mcu_ws/install/include/uxr/client/client.h
-- Installing: /micro_ros_ws/firmware/mcu_ws/install/include/uxr/client/core
-- Installing: /micro_ros_ws/firmware/mcu_ws/install/include/uxr/client/core/communication
-- Installing: /micro_ros_ws/firmware/mcu_ws/install/include/uxr/client/core/communication/communication.h
-- Installing: /micro_ros_ws/firmware/mcu_ws/install/include/uxr/client/core/session
-- Installing: /micro_ros_ws/firmware/mcu_ws/install/include/uxr/client/core/session/common_create_entities.h
-- Installing: /micro_ros_ws/firmware/mcu_ws/install/include/uxr/client/core/session/create_entities_bin.h
-- Installing: /micro_ros_ws/firmware/mcu_ws/install/include/uxr/client/core/session/create_entities_ref.h
-- Installing: /micro_ros_ws/firmware/mcu_ws/install/include/uxr/client/core/session/create_entities_xml.h
-- Installing: /micro_ros_ws/firmware/mcu_ws/install/include/uxr/client/core/session/object_id.h
-- Installing: /micro_ros_ws/firmware/mcu_ws/install/include/uxr/client/core/session/read_access.h
-- Installing: /micro_ros_ws/firmware/mcu_ws/install/include/uxr/client/core/session/session.h
-- Installing: /micro_ros_ws/firmware/mcu_ws/install/include/uxr/client/core/session/session_info.h
-- Installing: /micro_ros_ws/firmware/mcu_ws/install/include/uxr/client/core/session/stream
-- Installing: /micro_ros_ws/firmware/mcu_ws/install/include/uxr/client/core/session/stream/input_best_effort_stream.h
-- Installing: /micro_ros_ws/firmware/mcu_ws/install/include/uxr/client/core/session/stream/input_reliable_stream.h
-- Installing: /micro_ros_ws/firmware/mcu_ws/install/include/uxr/client/core/session/stream/output_best_effort_stream.h
-- Installing: /micro_ros_ws/firmware/mcu_ws/install/include/uxr/client/core/session/stream/output_reliable_stream.h
-- Installing: /micro_ros_ws/firmware/mcu_ws/install/include/uxr/client/core/session/stream/reliable_stream.h
-- Installing: /micro_ros_ws/firmware/mcu_ws/install/include/uxr/client/core/session/stream/seq_num.h
-- Installing: /micro_ros_ws/firmware/mcu_ws/install/include/uxr/client/core/session/stream/stream_id.h
-- Installing: /micro_ros_ws/firmware/mcu_ws/install/include/uxr/client/core/session/stream/stream_storage.h
-- Installing: /micro_ros_ws/firmware/mcu_ws/install/include/uxr/client/core/session/time_sync.h
-- Installing: /micro_ros_ws/firmware/mcu_ws/install/include/uxr/client/core/session/write_access.h
-- Installing: /micro_ros_ws/firmware/mcu_ws/install/include/uxr/client/core/type
-- Installing: /micro_ros_ws/firmware/mcu_ws/install/include/uxr/client/core/type/xrce_types.h
-- Installing: /micro_ros_ws/firmware/mcu_ws/install/include/uxr/client/defines.h
-- Installing: /micro_ros_ws/firmware/mcu_ws/install/include/uxr/client/profile
-- Installing: /micro_ros_ws/firmware/mcu_ws/install/include/uxr/client/profile/discovery
-- Installing: /micro_ros_ws/firmware/mcu_ws/install/include/uxr/client/profile/discovery/discovery.h
-- Installing: /micro_ros_ws/firmware/mcu_ws/install/include/uxr/client/profile/multithread
-- Installing: /micro_ros_ws/firmware/mcu_ws/install/include/uxr/client/profile/multithread/multithread.h
-- Installing: /micro_ros_ws/firmware/mcu_ws/install/include/uxr/client/profile/transport
-- Installing: /micro_ros_ws/firmware/mcu_ws/install/include/uxr/client/profile/transport/can
-- Installing: /micro_ros_ws/firmware/mcu_ws/install/include/uxr/client/profile/transport/can/can_transport.h
-- Installing: /micro_ros_ws/firmware/mcu_ws/install/include/uxr/client/profile/transport/can/can_transport_posix.h
-- Installing: /micro_ros_ws/firmware/mcu_ws/install/include/uxr/client/profile/transport/custom
-- Installing: /micro_ros_ws/firmware/mcu_ws/install/include/uxr/client/profile/transport/custom/custom_transport.h
-- Installing: /micro_ros_ws/firmware/mcu_ws/install/include/uxr/client/profile/transport/ip
-- Installing: /micro_ros_ws/firmware/mcu_ws/install/include/uxr/client/profile/transport/ip/ip.h
-- Installing: /micro_ros_ws/firmware/mcu_ws/install/include/uxr/client/profile/transport/ip/tcp
-- Installing: /micro_ros_ws/firmware/mcu_ws/install/include/uxr/client/profile/transport/ip/tcp/tcp_transport.h
-- Installing: /micro_ros_ws/firmware/mcu_ws/install/include/uxr/client/profile/transport/ip/tcp/tcp_transport_freertos_plus_tcp.h
-- Installing: /micro_ros_ws/firmware/mcu_ws/install/include/uxr/client/profile/transport/ip/tcp/tcp_transport_posix.h
-- Installing: /micro_ros_ws/firmware/mcu_ws/install/include/uxr/client/profile/transport/ip/tcp/tcp_transport_posix_nopoll.h
-- Installing: /micro_ros_ws/firmware/mcu_ws/install/include/uxr/client/profile/transport/ip/tcp/tcp_transport_rtems_bsd_net.h
-- Installing: /micro_ros_ws/firmware/mcu_ws/install/include/uxr/client/profile/transport/ip/tcp/tcp_transport_windows.h
-- Installing: /micro_ros_ws/firmware/mcu_ws/install/include/uxr/client/profile/transport/ip/udp
-- Installing: /micro_ros_ws/firmware/mcu_ws/install/include/uxr/client/profile/transport/ip/udp/udp_transport.h
-- Installing: /micro_ros_ws/firmware/mcu_ws/install/include/uxr/client/profile/transport/ip/udp/udp_transport_freertos_plus_tcp.h
-- Installing: /micro_ros_ws/firmware/mcu_ws/install/include/uxr/client/profile/transport/ip/udp/udp_transport_posix.h
-- Installing: /micro_ros_ws/firmware/mcu_ws/install/include/uxr/client/profile/transport/ip/udp/udp_transport_posix_nopoll.h
-- Installing: /micro_ros_ws/firmware/mcu_ws/install/include/uxr/client/profile/transport/ip/udp/udp_transport_rtems_bsd_net.h
-- Installing: /micro_ros_ws/firmware/mcu_ws/install/include/uxr/client/profile/transport/ip/udp/udp_transport_windows.h
-- Installing: /micro_ros_ws/firmware/mcu_ws/install/include/uxr/client/profile/transport/serial
-- Installing: /micro_ros_ws/firmware/mcu_ws/install/include/uxr/client/profile/transport/serial/serial_transport.h
-- Installing: /micro_ros_ws/firmware/mcu_ws/install/include/uxr/client/profile/transport/serial/serial_transport_platform.h
-- Installing: /micro_ros_ws/firmware/mcu_ws/install/include/uxr/client/profile/transport/serial/serial_transport_posix.h
-- Installing: /micro_ros_ws/firmware/mcu_ws/install/include/uxr/client/profile/transport/serial/serial_transport_rtems_bsd_net.h
-- Installing: /micro_ros_ws/firmware/mcu_ws/install/include/uxr/client/profile/transport/stream_framing
-- Installing: /micro_ros_ws/firmware/mcu_ws/install/include/uxr/client/profile/transport/stream_framing/stream_framing_protocol.h
-- Installing: /micro_ros_ws/firmware/mcu_ws/install/include/uxr/client/transport.h
-- Installing: /micro_ros_ws/firmware/mcu_ws/install/include/uxr/client/util
-- Installing: /micro_ros_ws/firmware/mcu_ws/install/include/uxr/client/util/ping.h
-- Installing: /micro_ros_ws/firmware/mcu_ws/install/include/uxr/client/util/time.h
-- Installing: /micro_ros_ws/firmware/mcu_ws/install/include/uxr/client/visibility.h
-- Installing: /micro_ros_ws/firmware/mcu_ws/install/include/uxr/client/config.h
-- Installing: /micro_ros_ws/firmware/mcu_ws/install/share/microxrcedds_client/cmake/microxrcedds_clientTargets.cmake
-- Installing: /micro_ros_ws/firmware/mcu_ws/install/share/microxrcedds_client/cmake/microxrcedds_clientTargets-debug.cmake
-- Installing: /micro_ros_ws/firmware/mcu_ws/install/share/microxrcedds_client/cmake/microxrcedds_clientConfig.cmake
-- Installing: /micro_ros_ws/firmware/mcu_ws/install/share/microxrcedds_client/cmake/microxrcedds_clientConfigVersion.cmake
