[1.918s] Invoking command in '/micro_ros_ws/firmware/mcu_ws/build/microxrcedds_client': CMAKE_PREFIX_PATH=/micro_ros_ws/firmware/mcu_ws/install:${CMAKE_PREFIX_PATH} PATH=/micro_ros_ws/firmware/mcu_ws/install/bin:${PATH} PYTHONPATH=/micro_ros_ws/firmware/mcu_ws/install/lib/python3.10/site-packages:${PYTHONPATH} /usr/bin/cmake --build /micro_ros_ws/firmware/mcu_ws/build/microxrcedds_client -- -j12 -l12
[2.012s] gmake[4]: Entering directory '/micro_ros_ws/firmware/mcu_ws/build/microxrcedds_client'
[2.012s] /usr/bin/cmake -S/micro_ros_ws/firmware/mcu_ws/eProsima/Micro-XRCE-DDS-Client -B/micro_ros_ws/firmware/mcu_ws/build/microxrcedds_client --check-build-system CMakeFiles/Makefile.cmake 0
[2.051s] Re-run cmake file: Makefile older than: /micro_ros_ws/firmware/freertos_apps/microros_esp32_extensions/esp32_toolchain.cmake
[2.135s] -- Configuring done
[2.375s] -- Generating done
[2.418s] -- Build files have been written to: /micro_ros_ws/firmware/mcu_ws/build/microxrcedds_client
[2.419s] /usr/bin/cmake -E cmake_progress_start /micro_ros_ws/firmware/mcu_ws/build/microxrcedds_client/CMakeFiles /micro_ros_ws/firmware/mcu_ws/build/microxrcedds_client//CMakeFiles/progress.marks
[2.450s] /usr/bin/gmake  -f CMakeFiles/Makefile2 all
[2.457s] gmake[5]: Entering directory '/micro_ros_ws/firmware/mcu_ws/build/microxrcedds_client'
[2.458s] /usr/bin/gmake  -f CMakeFiles/microxrcedds_client.dir/build.make CMakeFiles/microxrcedds_client.dir/depend
[2.467s] gmake[6]: Entering directory '/micro_ros_ws/firmware/mcu_ws/build/microxrcedds_client'
[2.468s] cd /micro_ros_ws/firmware/mcu_ws/build/microxrcedds_client && /usr/bin/cmake -E cmake_depends "Unix Makefiles" /micro_ros_ws/firmware/mcu_ws/eProsima/Micro-XRCE-DDS-Client /micro_ros_ws/firmware/mcu_ws/eProsima/Micro-XRCE-DDS-Client /micro_ros_ws/firmware/mcu_ws/build/microxrcedds_client /micro_ros_ws/firmware/mcu_ws/build/microxrcedds_client /micro_ros_ws/firmware/mcu_ws/build/microxrcedds_client/CMakeFiles/microxrcedds_client.dir/DependInfo.cmake --color=
[2.513s] Dependencies file "CMakeFiles/microxrcedds_client.dir/src/c/core/serialization/xrce_header.c.obj.d" is newer than depends file "/micro_ros_ws/firmware/mcu_ws/build/microxrcedds_client/CMakeFiles/microxrcedds_client.dir/compiler_depend.internal".
[2.515s] Dependencies file "CMakeFiles/microxrcedds_client.dir/src/c/core/serialization/xrce_subheader.c.obj.d" is newer than depends file "/micro_ros_ws/firmware/mcu_ws/build/microxrcedds_client/CMakeFiles/microxrcedds_client.dir/compiler_depend.internal".
[2.517s] Dependencies file "CMakeFiles/microxrcedds_client.dir/src/c/core/serialization/xrce_types.c.obj.d" is newer than depends file "/micro_ros_ws/firmware/mcu_ws/build/microxrcedds_client/CMakeFiles/microxrcedds_client.dir/compiler_depend.internal".
[2.519s] Dependencies file "CMakeFiles/microxrcedds_client.dir/src/c/core/session/common_create_entities.c.obj.d" is newer than depends file "/micro_ros_ws/firmware/mcu_ws/build/microxrcedds_client/CMakeFiles/microxrcedds_client.dir/compiler_depend.internal".
[2.520s] Dependencies file "CMakeFiles/microxrcedds_client.dir/src/c/core/session/create_entities_bin.c.obj.d" is newer than depends file "/micro_ros_ws/firmware/mcu_ws/build/microxrcedds_client/CMakeFiles/microxrcedds_client.dir/compiler_depend.internal".
[2.522s] Dependencies file "CMakeFiles/microxrcedds_client.dir/src/c/core/session/create_entities_ref.c.obj.d" is newer than depends file "/micro_ros_ws/firmware/mcu_ws/build/microxrcedds_client/CMakeFiles/microxrcedds_client.dir/compiler_depend.internal".
[2.524s] Dependencies file "CMakeFiles/microxrcedds_client.dir/src/c/core/session/create_entities_xml.c.obj.d" is newer than depends file "/micro_ros_ws/firmware/mcu_ws/build/microxrcedds_client/CMakeFiles/microxrcedds_client.dir/compiler_depend.internal".
[2.526s] Dependencies file "CMakeFiles/microxrcedds_client.dir/src/c/core/session/object_id.c.obj.d" is newer than depends file "/micro_ros_ws/firmware/mcu_ws/build/microxrcedds_client/CMakeFiles/microxrcedds_client.dir/compiler_depend.internal".
[2.528s] Dependencies file "CMakeFiles/microxrcedds_client.dir/src/c/core/session/read_access.c.obj.d" is newer than depends file "/micro_ros_ws/firmware/mcu_ws/build/microxrcedds_client/CMakeFiles/microxrcedds_client.dir/compiler_depend.internal".
[2.529s] Dependencies file "CMakeFiles/microxrcedds_client.dir/src/c/core/session/session.c.obj.d" is newer than depends file "/micro_ros_ws/firmware/mcu_ws/build/microxrcedds_client/CMakeFiles/microxrcedds_client.dir/compiler_depend.internal".
[2.531s] Dependencies file "CMakeFiles/microxrcedds_client.dir/src/c/core/session/session_info.c.obj.d" is newer than depends file "/micro_ros_ws/firmware/mcu_ws/build/microxrcedds_client/CMakeFiles/microxrcedds_client.dir/compiler_depend.internal".
[2.533s] Dependencies file "CMakeFiles/microxrcedds_client.dir/src/c/core/session/stream/input_best_effort_stream.c.obj.d" is newer than depends file "/micro_ros_ws/firmware/mcu_ws/build/microxrcedds_client/CMakeFiles/microxrcedds_client.dir/compiler_depend.internal".
[2.535s] Dependencies file "CMakeFiles/microxrcedds_client.dir/src/c/core/session/stream/input_reliable_stream.c.obj.d" is newer than depends file "/micro_ros_ws/firmware/mcu_ws/build/microxrcedds_client/CMakeFiles/microxrcedds_client.dir/compiler_depend.internal".
[2.536s] Dependencies file "CMakeFiles/microxrcedds_client.dir/src/c/core/session/stream/output_best_effort_stream.c.obj.d" is newer than depends file "/micro_ros_ws/firmware/mcu_ws/build/microxrcedds_client/CMakeFiles/microxrcedds_client.dir/compiler_depend.internal".
[2.538s] Dependencies file "CMakeFiles/microxrcedds_client.dir/src/c/core/session/stream/output_reliable_stream.c.obj.d" is newer than depends file "/micro_ros_ws/firmware/mcu_ws/build/microxrcedds_client/CMakeFiles/microxrcedds_client.dir/compiler_depend.internal".
[2.540s] Dependencies file "CMakeFiles/microxrcedds_client.dir/src/c/core/session/stream/seq_num.c.obj.d" is newer than depends file "/micro_ros_ws/firmware/mcu_ws/build/microxrcedds_client/CMakeFiles/microxrcedds_client.dir/compiler_depend.internal".
[2.542s] Dependencies file "CMakeFiles/microxrcedds_client.dir/src/c/core/session/stream/stream_id.c.obj.d" is newer than depends file "/micro_ros_ws/firmware/mcu_ws/build/microxrcedds_client/CMakeFiles/microxrcedds_client.dir/compiler_depend.internal".
[2.544s] Dependencies file "CMakeFiles/microxrcedds_client.dir/src/c/core/session/stream/stream_storage.c.obj.d" is newer than depends file "/micro_ros_ws/firmware/mcu_ws/build/microxrcedds_client/CMakeFiles/microxrcedds_client.dir/compiler_depend.internal".
[2.545s] Dependencies file "CMakeFiles/microxrcedds_client.dir/src/c/core/session/submessage.c.obj.d" is newer than depends file "/micro_ros_ws/firmware/mcu_ws/build/microxrcedds_client/CMakeFiles/microxrcedds_client.dir/compiler_depend.internal".
[2.547s] Dependencies file "CMakeFiles/microxrcedds_client.dir/src/c/core/session/write_access.c.obj.d" is newer than depends file "/micro_ros_ws/firmware/mcu_ws/build/microxrcedds_client/CMakeFiles/microxrcedds_client.dir/compiler_depend.internal".
[2.549s] Dependencies file "CMakeFiles/microxrcedds_client.dir/src/c/profile/transport/custom/custom_transport.c.obj.d" is newer than depends file "/micro_ros_ws/firmware/mcu_ws/build/microxrcedds_client/CMakeFiles/microxrcedds_client.dir/compiler_depend.internal".
[2.550s] Dependencies file "CMakeFiles/microxrcedds_client.dir/src/c/profile/transport/ip/ip_posix.c.obj.d" is newer than depends file "/micro_ros_ws/firmware/mcu_ws/build/microxrcedds_client/CMakeFiles/microxrcedds_client.dir/compiler_depend.internal".
[2.552s] Dependencies file "CMakeFiles/microxrcedds_client.dir/src/c/profile/transport/ip/udp/udp_transport.c.obj.d" is newer than depends file "/micro_ros_ws/firmware/mcu_ws/build/microxrcedds_client/CMakeFiles/microxrcedds_client.dir/compiler_depend.internal".
[2.554s] Dependencies file "CMakeFiles/microxrcedds_client.dir/src/c/profile/transport/ip/udp/udp_transport_posix_nopoll.c.obj.d" is newer than depends file "/micro_ros_ws/firmware/mcu_ws/build/microxrcedds_client/CMakeFiles/microxrcedds_client.dir/compiler_depend.internal".
[2.556s] Dependencies file "CMakeFiles/microxrcedds_client.dir/src/c/profile/transport/stream_framing/stream_framing_protocol.c.obj.d" is newer than depends file "/micro_ros_ws/firmware/mcu_ws/build/microxrcedds_client/CMakeFiles/microxrcedds_client.dir/compiler_depend.internal".
[2.558s] Dependencies file "CMakeFiles/microxrcedds_client.dir/src/c/util/ping.c.obj.d" is newer than depends file "/micro_ros_ws/firmware/mcu_ws/build/microxrcedds_client/CMakeFiles/microxrcedds_client.dir/compiler_depend.internal".
[2.560s] Dependencies file "CMakeFiles/microxrcedds_client.dir/src/c/util/time.c.obj.d" is newer than depends file "/micro_ros_ws/firmware/mcu_ws/build/microxrcedds_client/CMakeFiles/microxrcedds_client.dir/compiler_depend.internal".
[2.561s] [35m[1mConsolidate compiler generated dependencies of target microxrcedds_client[0m
[2.833s] gmake[6]: Leaving directory '/micro_ros_ws/firmware/mcu_ws/build/microxrcedds_client'
[2.834s] /usr/bin/gmake  -f CMakeFiles/microxrcedds_client.dir/build.make CMakeFiles/microxrcedds_client.dir/build
[3.017s] gmake[6]: Entering directory '/micro_ros_ws/firmware/mcu_ws/build/microxrcedds_client'
[3.018s] gmake[6]: Nothing to be done for 'CMakeFiles/microxrcedds_client.dir/build'.
[3.018s] gmake[6]: Leaving directory '/micro_ros_ws/firmware/mcu_ws/build/microxrcedds_client'
[3.077s] [100%] Built target microxrcedds_client
[3.083s] gmake[5]: Leaving directory '/micro_ros_ws/firmware/mcu_ws/build/microxrcedds_client'
[3.084s] /usr/bin/cmake -E cmake_progress_start /micro_ros_ws/firmware/mcu_ws/build/microxrcedds_client/CMakeFiles 0
[3.139s] gmake[4]: Leaving directory '/micro_ros_ws/firmware/mcu_ws/build/microxrcedds_client'
[3.142s] Invoked command in '/micro_ros_ws/firmware/mcu_ws/build/microxrcedds_client' returned '0': CMAKE_PREFIX_PATH=/micro_ros_ws/firmware/mcu_ws/install:${CMAKE_PREFIX_PATH} PATH=/micro_ros_ws/firmware/mcu_ws/install/bin:${PATH} PYTHONPATH=/micro_ros_ws/firmware/mcu_ws/install/lib/python3.10/site-packages:${PYTHONPATH} /usr/bin/cmake --build /micro_ros_ws/firmware/mcu_ws/build/microxrcedds_client -- -j12 -l12
[3.149s] Invoking command in '/micro_ros_ws/firmware/mcu_ws/build/microxrcedds_client': CMAKE_PREFIX_PATH=/micro_ros_ws/firmware/mcu_ws/install:${CMAKE_PREFIX_PATH} PATH=/micro_ros_ws/firmware/mcu_ws/install/bin:${PATH} PYTHONPATH=/micro_ros_ws/firmware/mcu_ws/install/lib/python3.10/site-packages:${PYTHONPATH} /usr/bin/cmake --install /micro_ros_ws/firmware/mcu_ws/build/microxrcedds_client
[3.173s] -- Install configuration: "Debug"
[3.176s] -- Installing: /micro_ros_ws/firmware/mcu_ws/install/lib/libmicroxrcedds_client.a
[3.220s] -- Installing: /micro_ros_ws/firmware/mcu_ws/install/include/uxr/client
[3.227s] -- Installing: /micro_ros_ws/firmware/mcu_ws/install/include/uxr/client/client.h
[3.243s] -- Installing: /micro_ros_ws/firmware/mcu_ws/install/include/uxr/client/core
[3.251s] -- Installing: /micro_ros_ws/firmware/mcu_ws/install/include/uxr/client/core/communication
[3.263s] -- Installing: /micro_ros_ws/firmware/mcu_ws/install/include/uxr/client/core/communication/communication.h
[3.280s] -- Installing: /micro_ros_ws/firmware/mcu_ws/install/include/uxr/client/core/session
[3.287s] -- Installing: /micro_ros_ws/firmware/mcu_ws/install/include/uxr/client/core/session/common_create_entities.h
[3.312s] -- Installing: /micro_ros_ws/firmware/mcu_ws/install/include/uxr/client/core/session/create_entities_bin.h
[3.326s] -- Installing: /micro_ros_ws/firmware/mcu_ws/install/include/uxr/client/core/session/create_entities_ref.h
[3.344s] -- Installing: /micro_ros_ws/firmware/mcu_ws/install/include/uxr/client/core/session/create_entities_xml.h
[3.360s] -- Installing: /micro_ros_ws/firmware/mcu_ws/install/include/uxr/client/core/session/object_id.h
[3.377s] -- Installing: /micro_ros_ws/firmware/mcu_ws/install/include/uxr/client/core/session/read_access.h
[3.400s] -- Installing: /micro_ros_ws/firmware/mcu_ws/install/include/uxr/client/core/session/session.h
[3.416s] -- Installing: /micro_ros_ws/firmware/mcu_ws/install/include/uxr/client/core/session/session_info.h
[3.434s] -- Installing: /micro_ros_ws/firmware/mcu_ws/install/include/uxr/client/core/session/stream
[3.444s] -- Installing: /micro_ros_ws/firmware/mcu_ws/install/include/uxr/client/core/session/stream/input_best_effort_stream.h
[3.460s] -- Installing: /micro_ros_ws/firmware/mcu_ws/install/include/uxr/client/core/session/stream/input_reliable_stream.h
[3.478s] -- Installing: /micro_ros_ws/firmware/mcu_ws/install/include/uxr/client/core/session/stream/output_best_effort_stream.h
[3.501s] -- Installing: /micro_ros_ws/firmware/mcu_ws/install/include/uxr/client/core/session/stream/output_reliable_stream.h
[3.518s] -- Installing: /micro_ros_ws/firmware/mcu_ws/install/include/uxr/client/core/session/stream/reliable_stream.h
[3.535s] -- Installing: /micro_ros_ws/firmware/mcu_ws/install/include/uxr/client/core/session/stream/seq_num.h
[3.550s] -- Installing: /micro_ros_ws/firmware/mcu_ws/install/include/uxr/client/core/session/stream/stream_id.h
[3.567s] -- Installing: /micro_ros_ws/firmware/mcu_ws/install/include/uxr/client/core/session/stream/stream_storage.h
[3.589s] -- Installing: /micro_ros_ws/firmware/mcu_ws/install/include/uxr/client/core/session/time_sync.h
[3.602s] -- Installing: /micro_ros_ws/firmware/mcu_ws/install/include/uxr/client/core/session/write_access.h
[3.615s] -- Installing: /micro_ros_ws/firmware/mcu_ws/install/include/uxr/client/core/type
[3.623s] -- Installing: /micro_ros_ws/firmware/mcu_ws/install/include/uxr/client/core/type/xrce_types.h
[3.637s] -- Installing: /micro_ros_ws/firmware/mcu_ws/install/include/uxr/client/defines.h
[3.647s] -- Installing: /micro_ros_ws/firmware/mcu_ws/install/include/uxr/client/profile
[3.652s] -- Installing: /micro_ros_ws/firmware/mcu_ws/install/include/uxr/client/profile/discovery
[3.659s] -- Installing: /micro_ros_ws/firmware/mcu_ws/install/include/uxr/client/profile/discovery/discovery.h
[3.669s] -- Installing: /micro_ros_ws/firmware/mcu_ws/install/include/uxr/client/profile/multithread
[3.677s] -- Installing: /micro_ros_ws/firmware/mcu_ws/install/include/uxr/client/profile/multithread/multithread.h
[3.692s] -- Installing: /micro_ros_ws/firmware/mcu_ws/install/include/uxr/client/profile/transport
[3.708s] -- Installing: /micro_ros_ws/firmware/mcu_ws/install/include/uxr/client/profile/transport/can
[3.716s] -- Installing: /micro_ros_ws/firmware/mcu_ws/install/include/uxr/client/profile/transport/can/can_transport.h
[3.732s] -- Installing: /micro_ros_ws/firmware/mcu_ws/install/include/uxr/client/profile/transport/can/can_transport_posix.h
[3.752s] -- Installing: /micro_ros_ws/firmware/mcu_ws/install/include/uxr/client/profile/transport/custom
[3.757s] -- Installing: /micro_ros_ws/firmware/mcu_ws/install/include/uxr/client/profile/transport/custom/custom_transport.h
[3.772s] -- Installing: /micro_ros_ws/firmware/mcu_ws/install/include/uxr/client/profile/transport/ip
[3.779s] -- Installing: /micro_ros_ws/firmware/mcu_ws/install/include/uxr/client/profile/transport/ip/ip.h
[3.799s] -- Installing: /micro_ros_ws/firmware/mcu_ws/install/include/uxr/client/profile/transport/ip/tcp
[3.808s] -- Installing: /micro_ros_ws/firmware/mcu_ws/install/include/uxr/client/profile/transport/ip/tcp/tcp_transport.h
[3.826s] -- Installing: /micro_ros_ws/firmware/mcu_ws/install/include/uxr/client/profile/transport/ip/tcp/tcp_transport_freertos_plus_tcp.h
[3.846s] -- Installing: /micro_ros_ws/firmware/mcu_ws/install/include/uxr/client/profile/transport/ip/tcp/tcp_transport_posix.h
[3.869s] -- Installing: /micro_ros_ws/firmware/mcu_ws/install/include/uxr/client/profile/transport/ip/tcp/tcp_transport_posix_nopoll.h
[3.885s] -- Installing: /micro_ros_ws/firmware/mcu_ws/install/include/uxr/client/profile/transport/ip/tcp/tcp_transport_rtems_bsd_net.h
[3.912s] -- Installing: /micro_ros_ws/firmware/mcu_ws/install/include/uxr/client/profile/transport/ip/tcp/tcp_transport_windows.h
[3.949s] -- Installing: /micro_ros_ws/firmware/mcu_ws/install/include/uxr/client/profile/transport/ip/udp
[3.959s] -- Installing: /micro_ros_ws/firmware/mcu_ws/install/include/uxr/client/profile/transport/ip/udp/udp_transport.h
[3.999s] -- Installing: /micro_ros_ws/firmware/mcu_ws/install/include/uxr/client/profile/transport/ip/udp/udp_transport_freertos_plus_tcp.h
[4.039s] -- Installing: /micro_ros_ws/firmware/mcu_ws/install/include/uxr/client/profile/transport/ip/udp/udp_transport_posix.h
[4.067s] -- Installing: /micro_ros_ws/firmware/mcu_ws/install/include/uxr/client/profile/transport/ip/udp/udp_transport_posix_nopoll.h
[4.087s] -- Installing: /micro_ros_ws/firmware/mcu_ws/install/include/uxr/client/profile/transport/ip/udp/udp_transport_rtems_bsd_net.h
[4.111s] -- Installing: /micro_ros_ws/firmware/mcu_ws/install/include/uxr/client/profile/transport/ip/udp/udp_transport_windows.h
[4.132s] -- Installing: /micro_ros_ws/firmware/mcu_ws/install/include/uxr/client/profile/transport/serial
[4.142s] -- Installing: /micro_ros_ws/firmware/mcu_ws/install/include/uxr/client/profile/transport/serial/serial_transport.h
[4.160s] -- Installing: /micro_ros_ws/firmware/mcu_ws/install/include/uxr/client/profile/transport/serial/serial_transport_platform.h
[4.179s] -- Installing: /micro_ros_ws/firmware/mcu_ws/install/include/uxr/client/profile/transport/serial/serial_transport_posix.h
[4.195s] -- Installing: /micro_ros_ws/firmware/mcu_ws/install/include/uxr/client/profile/transport/serial/serial_transport_rtems_bsd_net.h
[4.208s] -- Installing: /micro_ros_ws/firmware/mcu_ws/install/include/uxr/client/profile/transport/stream_framing
[4.216s] -- Installing: /micro_ros_ws/firmware/mcu_ws/install/include/uxr/client/profile/transport/stream_framing/stream_framing_protocol.h
[4.228s] -- Installing: /micro_ros_ws/firmware/mcu_ws/install/include/uxr/client/transport.h
[4.236s] -- Installing: /micro_ros_ws/firmware/mcu_ws/install/include/uxr/client/util
[4.241s] -- Installing: /micro_ros_ws/firmware/mcu_ws/install/include/uxr/client/util/ping.h
[4.250s] -- Installing: /micro_ros_ws/firmware/mcu_ws/install/include/uxr/client/util/time.h
[4.259s] -- Installing: /micro_ros_ws/firmware/mcu_ws/install/include/uxr/client/visibility.h
[4.268s] -- Installing: /micro_ros_ws/firmware/mcu_ws/install/include/uxr/client/config.h
[4.280s] -- Installing: /micro_ros_ws/firmware/mcu_ws/install/share/microxrcedds_client/cmake/microxrcedds_clientTargets.cmake
[4.295s] -- Installing: /micro_ros_ws/firmware/mcu_ws/install/share/microxrcedds_client/cmake/microxrcedds_clientTargets-debug.cmake
[4.306s] -- Installing: /micro_ros_ws/firmware/mcu_ws/install/share/microxrcedds_client/cmake/microxrcedds_clientConfig.cmake
[4.319s] -- Installing: /micro_ros_ws/firmware/mcu_ws/install/share/microxrcedds_client/cmake/microxrcedds_clientConfigVersion.cmake
[4.330s] Invoked command in '/micro_ros_ws/firmware/mcu_ws/build/microxrcedds_client' returned '0': CMAKE_PREFIX_PATH=/micro_ros_ws/firmware/mcu_ws/install:${CMAKE_PREFIX_PATH} PATH=/micro_ros_ws/firmware/mcu_ws/install/bin:${PATH} PYTHONPATH=/micro_ros_ws/firmware/mcu_ws/install/lib/python3.10/site-packages:${PYTHONPATH} /usr/bin/cmake --install /micro_ros_ws/firmware/mcu_ws/build/microxrcedds_client
