[6.425s] Invoking command in '/micro_ros_ws/firmware/mcu_ws/ros2/rosidl/rosidl_cli': PYTHONPATH=/micro_ros_ws/firmware/mcu_ws/build/rosidl_cli/prefix_override:/micro_ros_ws/firmware/toolchain/espressif/python_env/idf4.1_py3.10_env/lib/python3.10/site-packages/colcon_core/task/python/colcon_distutils_commands:/micro_ros_ws/firmware/mcu_ws/install/lib/python3.10/site-packages:${PYTHONPATH} /micro_ros_ws/firmware/toolchain/espressif/python_env/idf4.1_py3.10_env/bin/python -W ignore:setup.py install is deprecated -W ignore:easy_install command is deprecated setup.py egg_info --egg-base ../../../build/rosidl_cli build --build-base /micro_ros_ws/firmware/mcu_ws/build/rosidl_cli/build install --record /micro_ros_ws/firmware/mcu_ws/build/rosidl_cli/install.log --single-version-externally-managed install_data
[7.572s] running egg_info
[7.610s] writing ../../../build/rosidl_cli/rosidl_cli.egg-info/PKG-INFO
[7.612s] writing dependency_links to ../../../build/rosidl_cli/rosidl_cli.egg-info/dependency_links.txt
[7.613s] writing entry points to ../../../build/rosidl_cli/rosidl_cli.egg-info/entry_points.txt
[7.614s] writing requirements to ../../../build/rosidl_cli/rosidl_cli.egg-info/requires.txt
[7.614s] writing top-level names to ../../../build/rosidl_cli/rosidl_cli.egg-info/top_level.txt
[7.703s] reading manifest file '../../../build/rosidl_cli/rosidl_cli.egg-info/SOURCES.txt'
[7.712s] writing manifest file '../../../build/rosidl_cli/rosidl_cli.egg-info/SOURCES.txt'
[7.713s] running build
[7.713s] running build_py
[7.714s] copying rosidl_cli/cli.py -> /micro_ros_ws/firmware/mcu_ws/build/rosidl_cli/build/lib/rosidl_cli
[7.717s] copying rosidl_cli/common.py -> /micro_ros_ws/firmware/mcu_ws/build/rosidl_cli/build/lib/rosidl_cli
[7.719s] copying rosidl_cli/entry_points.py -> /micro_ros_ws/firmware/mcu_ws/build/rosidl_cli/build/lib/rosidl_cli
[7.721s] copying rosidl_cli/extensions.py -> /micro_ros_ws/firmware/mcu_ws/build/rosidl_cli/build/lib/rosidl_cli
[7.723s] copying rosidl_cli/__init__.py -> /micro_ros_ws/firmware/mcu_ws/build/rosidl_cli/build/lib/rosidl_cli
[7.726s] copying rosidl_cli/command/helpers.py -> /micro_ros_ws/firmware/mcu_ws/build/rosidl_cli/build/lib/rosidl_cli/command
[7.728s] copying rosidl_cli/command/__init__.py -> /micro_ros_ws/firmware/mcu_ws/build/rosidl_cli/build/lib/rosidl_cli/command
[7.732s] copying rosidl_cli/command/generate/api.py -> /micro_ros_ws/firmware/mcu_ws/build/rosidl_cli/build/lib/rosidl_cli/command/generate
[7.736s] copying rosidl_cli/command/generate/extensions.py -> /micro_ros_ws/firmware/mcu_ws/build/rosidl_cli/build/lib/rosidl_cli/command/generate
[7.739s] copying rosidl_cli/command/generate/__init__.py -> /micro_ros_ws/firmware/mcu_ws/build/rosidl_cli/build/lib/rosidl_cli/command/generate
[7.743s] copying rosidl_cli/command/translate/api.py -> /micro_ros_ws/firmware/mcu_ws/build/rosidl_cli/build/lib/rosidl_cli/command/translate
[7.746s] copying rosidl_cli/command/translate/extensions.py -> /micro_ros_ws/firmware/mcu_ws/build/rosidl_cli/build/lib/rosidl_cli/command/translate
[7.749s] copying rosidl_cli/command/translate/__init__.py -> /micro_ros_ws/firmware/mcu_ws/build/rosidl_cli/build/lib/rosidl_cli/command/translate
[7.753s] running install
[7.758s] running install_lib
[7.822s] running install_data
[7.823s] copying resource/rosidl_cli -> /micro_ros_ws/firmware/mcu_ws/install/share/ament_index/resource_index/packages
[7.825s] copying package.xml -> /micro_ros_ws/firmware/mcu_ws/install/share/rosidl_cli
[7.826s] copying completion/rosidl-argcomplete.bash -> /micro_ros_ws/firmware/mcu_ws/install/share/rosidl_cli/environment
[7.827s] copying completion/rosidl-argcomplete.zsh -> /micro_ros_ws/firmware/mcu_ws/install/share/rosidl_cli/environment
[7.828s] running install_egg_info
[7.864s] removing '/micro_ros_ws/firmware/mcu_ws/install/lib/python3.10/site-packages/rosidl_cli-3.1.8-py3.10.egg-info' (and everything under it)
[7.866s] Copying ../../../build/rosidl_cli/rosidl_cli.egg-info to /micro_ros_ws/firmware/mcu_ws/install/lib/python3.10/site-packages/rosidl_cli-3.1.8-py3.10.egg-info
[7.875s] running install_scripts
[8.138s] Installing rosidl script to /micro_ros_ws/firmware/mcu_ws/install/bin
[8.140s] writing list of installed files to '/micro_ros_ws/firmware/mcu_ws/build/rosidl_cli/install.log'
[8.268s] Invoked command in '/micro_ros_ws/firmware/mcu_ws/ros2/rosidl/rosidl_cli' returned '0': PYTHONPATH=/micro_ros_ws/firmware/mcu_ws/build/rosidl_cli/prefix_override:/micro_ros_ws/firmware/toolchain/espressif/python_env/idf4.1_py3.10_env/lib/python3.10/site-packages/colcon_core/task/python/colcon_distutils_commands:/micro_ros_ws/firmware/mcu_ws/install/lib/python3.10/site-packages:${PYTHONPATH} /micro_ros_ws/firmware/toolchain/espressif/python_env/idf4.1_py3.10_env/bin/python -W ignore:setup.py install is deprecated -W ignore:easy_install command is deprecated setup.py egg_info --egg-base ../../../build/rosidl_cli build --build-base /micro_ros_ws/firmware/mcu_ws/build/rosidl_cli/build install --record /micro_ros_ws/firmware/mcu_ws/build/rosidl_cli/install.log --single-version-externally-managed install_data
