[0.455s] Invoking command in '/micro_ros_ws/wall_e_ws/build/control': AMENT_PREFIX_PATH=/micro_ros_ws/wall_e_ws/install/custom_interfaces:${AMENT_PREFIX_PATH} CMAKE_PREFIX_PATH=/micro_ros_ws/wall_e_ws/install/custom_interfaces LD_LIBRARY_PATH=/micro_ros_ws/wall_e_ws/install/custom_interfaces/lib:${LD_LIBRARY_PATH} PYTHONPATH=/micro_ros_ws/wall_e_ws/build/control/prefix_override:/usr/lib/python3/dist-packages/colcon_core/task/python/colcon_distutils_commands:/micro_ros_ws/wall_e_ws/install/control/lib/python3.10/site-packages:/micro_ros_ws/wall_e_ws/install/custom_interfaces/local/lib/python3.10/dist-packages:${PYTHONPATH} /usr/bin/python3 -W ignore:setup.py install is deprecated -W ignore:easy_install command is deprecated setup.py develop --editable --build-directory /micro_ros_ws/wall_e_ws/build/control/build --no-deps symlink_data --force
[0.621s] running develop
[0.679s] running egg_info
[0.679s] writing control.egg-info/PKG-INFO
[0.679s] writing dependency_links to control.egg-info/dependency_links.txt
[0.679s] writing entry points to control.egg-info/entry_points.txt
[0.680s] writing requirements to control.egg-info/requires.txt
[0.680s] writing top-level names to control.egg-info/top_level.txt
[0.682s] reading manifest file 'control.egg-info/SOURCES.txt'
[0.684s] writing manifest file 'control.egg-info/SOURCES.txt'
[0.685s] running build_ext
[0.685s] Creating /micro_ros_ws/wall_e_ws/install/control/lib/python3.10/site-packages/control.egg-link (link to .)
[0.686s] Installing gamepad_node script to /micro_ros_ws/wall_e_ws/install/control/lib/control
[0.687s] Installing robot_control_node script to /micro_ros_ws/wall_e_ws/install/control/lib/control
[0.687s] 
[0.687s] Installed /micro_ros_ws/wall_e_ws/build/control
[0.687s] running symlink_data
[0.688s] symbolically linking /micro_ros_ws/wall_e_ws/build/control/resource/control -> /micro_ros_ws/wall_e_ws/install/control/share/ament_index/resource_index/packages
[0.688s] symbolically linking /micro_ros_ws/wall_e_ws/build/control/package.xml -> /micro_ros_ws/wall_e_ws/install/control/share/control
[0.711s] Invoked command in '/micro_ros_ws/wall_e_ws/build/control' returned '0': AMENT_PREFIX_PATH=/micro_ros_ws/wall_e_ws/install/custom_interfaces:${AMENT_PREFIX_PATH} CMAKE_PREFIX_PATH=/micro_ros_ws/wall_e_ws/install/custom_interfaces LD_LIBRARY_PATH=/micro_ros_ws/wall_e_ws/install/custom_interfaces/lib:${LD_LIBRARY_PATH} PYTHONPATH=/micro_ros_ws/wall_e_ws/build/control/prefix_override:/usr/lib/python3/dist-packages/colcon_core/task/python/colcon_distutils_commands:/micro_ros_ws/wall_e_ws/install/control/lib/python3.10/site-packages:/micro_ros_ws/wall_e_ws/install/custom_interfaces/local/lib/python3.10/dist-packages:${PYTHONPATH} /usr/bin/python3 -W ignore:setup.py install is deprecated -W ignore:easy_install command is deprecated setup.py develop --editable --build-directory /micro_ros_ws/wall_e_ws/build/control/build --no-deps symlink_data --force
