Not searching for unused variables given on the command line.
-- Found ament_cmake: 1.3.14 (/micro_ros_ws/firmware/dev_ws/install/ament_cmake/share/ament_cmake/cmake)
-- Found Python3: /micro_ros_ws/firmware/toolchain/espressif/python_env/idf4.1_py3.10_env/bin/python3 (found version "3.10.12") found components: Interpreter 
-- Configuring done
-- Generating done
-- Build files have been written to: /micro_ros_ws/firmware/mcu_ws/build/common_interfaces
gmake[4]: Entering directory '/micro_ros_ws/firmware/mcu_ws/build/common_interfaces'
/usr/bin/cmake -S/micro_ros_ws/firmware/mcu_ws/ros2/common_interfaces/common_interfaces -B/micro_ros_ws/firmware/mcu_ws/build/common_interfaces --check-build-system CMakeFiles/Makefile.cmake 0
/usr/bin/cmake -E cmake_progress_start /micro_ros_ws/firmware/mcu_ws/build/common_interfaces/CMakeFiles /micro_ros_ws/firmware/mcu_ws/build/common_interfaces//CMakeFiles/progress.marks
/usr/bin/gmake  -f CMakeFiles/Makefile2 all
gmake[5]: Entering directory '/micro_ros_ws/firmware/mcu_ws/build/common_interfaces'
gmake[5]: Nothing to be done for 'all'.
gmake[5]: Leaving directory '/micro_ros_ws/firmware/mcu_ws/build/common_interfaces'
/usr/bin/cmake -E cmake_progress_start /micro_ros_ws/firmware/mcu_ws/build/common_interfaces/CMakeFiles 0
gmake[4]: Leaving directory '/micro_ros_ws/firmware/mcu_ws/build/common_interfaces'
-- Install configuration: "Debug"
-- Installing: /micro_ros_ws/firmware/mcu_ws/install/share/ament_index/resource_index/package_run_dependencies/common_interfaces
-- Installing: /micro_ros_ws/firmware/mcu_ws/install/share/ament_index/resource_index/parent_prefix_path/common_interfaces
-- Installing: /micro_ros_ws/firmware/mcu_ws/install/share/common_interfaces/environment/ament_prefix_path.sh
-- Installing: /micro_ros_ws/firmware/mcu_ws/install/share/common_interfaces/environment/ament_prefix_path.dsv
-- Installing: /micro_ros_ws/firmware/mcu_ws/install/share/common_interfaces/environment/path.sh
-- Installing: /micro_ros_ws/firmware/mcu_ws/install/share/common_interfaces/environment/path.dsv
-- Installing: /micro_ros_ws/firmware/mcu_ws/install/share/common_interfaces/local_setup.bash
-- Installing: /micro_ros_ws/firmware/mcu_ws/install/share/common_interfaces/local_setup.sh
-- Installing: /micro_ros_ws/firmware/mcu_ws/install/share/common_interfaces/local_setup.zsh
-- Installing: /micro_ros_ws/firmware/mcu_ws/install/share/common_interfaces/local_setup.dsv
-- Installing: /micro_ros_ws/firmware/mcu_ws/install/share/common_interfaces/package.dsv
-- Installing: /micro_ros_ws/firmware/mcu_ws/install/share/ament_index/resource_index/packages/common_interfaces
-- Installing: /micro_ros_ws/firmware/mcu_ws/install/share/common_interfaces/cmake/common_interfacesConfig.cmake
-- Installing: /micro_ros_ws/firmware/mcu_ws/install/share/common_interfaces/cmake/common_interfacesConfig-version.cmake
-- Installing: /micro_ros_ws/firmware/mcu_ws/install/share/common_interfaces/package.xml
