[4.070s] Invoking command in '/micro_ros_ws/firmware/mcu_ws/uros/tracetools/tracetools_read': PYTHONPATH=/micro_ros_ws/firmware/mcu_ws/build/tracetools_read/prefix_override:/micro_ros_ws/firmware/toolchain/espressif/python_env/idf4.1_py3.10_env/lib/python3.10/site-packages/colcon_core/task/python/colcon_distutils_commands:/micro_ros_ws/firmware/mcu_ws/install/lib/python3.10/site-packages:${PYTHONPATH} /micro_ros_ws/firmware/toolchain/espressif/python_env/idf4.1_py3.10_env/bin/python -W ignore:setup.py install is deprecated -W ignore:easy_install command is deprecated setup.py egg_info --egg-base ../../../build/tracetools_read build --build-base /micro_ros_ws/firmware/mcu_ws/build/tracetools_read/build install --record /micro_ros_ws/firmware/mcu_ws/build/tracetools_read/install.log --single-version-externally-managed install_data
[4.629s] /micro_ros_ws/firmware/toolchain/espressif/python_env/idf4.1_py3.10_env/lib/python3.10/site-packages/setuptools/_distutils/dist.py:289: UserWarning: Unknown distribution option: 'tests_require'
[4.629s]   warnings.warn(msg)
[4.806s] running egg_info
[4.847s] creating ../../../build/tracetools_read/tracetools_read.egg-info
[4.847s] writing ../../../build/tracetools_read/tracetools_read.egg-info/PKG-INFO
[4.849s] writing dependency_links to ../../../build/tracetools_read/tracetools_read.egg-info/dependency_links.txt
[4.849s] writing requirements to ../../../build/tracetools_read/tracetools_read.egg-info/requires.txt
[4.850s] writing top-level names to ../../../build/tracetools_read/tracetools_read.egg-info/top_level.txt
[4.850s] writing manifest file '../../../build/tracetools_read/tracetools_read.egg-info/SOURCES.txt'
[4.915s] reading manifest file '../../../build/tracetools_read/tracetools_read.egg-info/SOURCES.txt'
[4.923s] writing manifest file '../../../build/tracetools_read/tracetools_read.egg-info/SOURCES.txt'
[4.924s] running build
[4.924s] running build_py
[4.925s] creating /micro_ros_ws/firmware/mcu_ws/build/tracetools_read/build/lib/tracetools_read
[4.926s] copying tracetools_read/trace.py -> /micro_ros_ws/firmware/mcu_ws/build/tracetools_read/build/lib/tracetools_read
[4.928s] copying tracetools_read/__init__.py -> /micro_ros_ws/firmware/mcu_ws/build/tracetools_read/build/lib/tracetools_read
[4.930s] running install
[4.934s] running install_lib
[4.968s] creating /micro_ros_ws/firmware/mcu_ws/install/lib/python3.10/site-packages/tracetools_read
[4.969s] copying /micro_ros_ws/firmware/mcu_ws/build/tracetools_read/build/lib/tracetools_read/trace.py -> /micro_ros_ws/firmware/mcu_ws/install/lib/python3.10/site-packages/tracetools_read
[4.971s] copying /micro_ros_ws/firmware/mcu_ws/build/tracetools_read/build/lib/tracetools_read/__init__.py -> /micro_ros_ws/firmware/mcu_ws/install/lib/python3.10/site-packages/tracetools_read
[4.976s] byte-compiling /micro_ros_ws/firmware/mcu_ws/install/lib/python3.10/site-packages/tracetools_read/trace.py to trace.cpython-310.pyc
[4.979s] byte-compiling /micro_ros_ws/firmware/mcu_ws/install/lib/python3.10/site-packages/tracetools_read/__init__.py to __init__.cpython-310.pyc
[4.981s] running install_data
[4.982s] copying package.xml -> /micro_ros_ws/firmware/mcu_ws/install/share/tracetools_read
[4.984s] copying resource/tracetools_read -> /micro_ros_ws/firmware/mcu_ws/install/share/ament_index/resource_index/packages
[4.985s] running install_egg_info
[5.037s] Copying ../../../build/tracetools_read/tracetools_read.egg-info to /micro_ros_ws/firmware/mcu_ws/install/lib/python3.10/site-packages/tracetools_read-4.1.1-py3.10.egg-info
[5.048s] running install_scripts
[5.325s] writing list of installed files to '/micro_ros_ws/firmware/mcu_ws/build/tracetools_read/install.log'
[5.348s] Invoked command in '/micro_ros_ws/firmware/mcu_ws/uros/tracetools/tracetools_read' returned '0': PYTHONPATH=/micro_ros_ws/firmware/mcu_ws/build/tracetools_read/prefix_override:/micro_ros_ws/firmware/toolchain/espressif/python_env/idf4.1_py3.10_env/lib/python3.10/site-packages/colcon_core/task/python/colcon_distutils_commands:/micro_ros_ws/firmware/mcu_ws/install/lib/python3.10/site-packages:${PYTHONPATH} /micro_ros_ws/firmware/toolchain/espressif/python_env/idf4.1_py3.10_env/bin/python -W ignore:setup.py install is deprecated -W ignore:easy_install command is deprecated setup.py egg_info --egg-base ../../../build/tracetools_read build --build-base /micro_ros_ws/firmware/mcu_ws/build/tracetools_read/build install --record /micro_ros_ws/firmware/mcu_ws/build/tracetools_read/install.log --single-version-externally-managed install_data
