[0.567s] Invoking command in '/micro_ros_ws/wall_e_ws/build/control': PYTHONPATH=/micro_ros_ws/wall_e_ws/build/control/prefix_override:/usr/lib/python3/dist-packages/colcon_core/task/python/colcon_distutils_commands:/micro_ros_ws/wall_e_ws/install/control/lib/python3.10/site-packages:${PYTHONPATH} /usr/bin/python3 -W ignore:setup.py install is deprecated -W ignore:easy_install command is deprecated setup.py develop --uninstall --editable --build-directory /micro_ros_ws/wall_e_ws/build/control/build
[0.764s] running develop
[0.828s] Removing /micro_ros_ws/wall_e_ws/install/control/lib/python3.10/site-packages/control.egg-link (link to .)
[0.844s] Invoked command in '/micro_ros_ws/wall_e_ws/build/control' returned '0': PYTHONPATH=/micro_ros_ws/wall_e_ws/build/control/prefix_override:/usr/lib/python3/dist-packages/colcon_core/task/python/colcon_distutils_commands:/micro_ros_ws/wall_e_ws/install/control/lib/python3.10/site-packages:${PYTHONPATH} /usr/bin/python3 -W ignore:setup.py install is deprecated -W ignore:easy_install command is deprecated setup.py develop --uninstall --editable --build-directory /micro_ros_ws/wall_e_ws/build/control/build
[0.845s] Invoking command in '/micro_ros_ws/wall_e_ws/src/control': PYTHONPATH=/micro_ros_ws/wall_e_ws/build/control/prefix_override:/usr/lib/python3/dist-packages/colcon_core/task/python/colcon_distutils_commands:/micro_ros_ws/wall_e_ws/install/control/lib/python3.10/site-packages:${PYTHONPATH} /usr/bin/python3 -W ignore:setup.py install is deprecated -W ignore:easy_install command is deprecated setup.py egg_info --egg-base ../../build/control build --build-base /micro_ros_ws/wall_e_ws/build/control/build install --record /micro_ros_ws/wall_e_ws/build/control/install.log --single-version-externally-managed install_data --force
[1.028s] running egg_info
[1.029s] writing ../../build/control/control.egg-info/PKG-INFO
[1.029s] writing dependency_links to ../../build/control/control.egg-info/dependency_links.txt
[1.029s] writing entry points to ../../build/control/control.egg-info/entry_points.txt
[1.029s] writing requirements to ../../build/control/control.egg-info/requires.txt
[1.029s] writing top-level names to ../../build/control/control.egg-info/top_level.txt
[1.031s] reading manifest file '../../build/control/control.egg-info/SOURCES.txt'
[1.032s] adding license file 'LICENSE'
[1.033s] writing manifest file '../../build/control/control.egg-info/SOURCES.txt'
[1.033s] running build
[1.033s] running build_py
[1.034s] copying control/gamepad.py -> /micro_ros_ws/wall_e_ws/build/control/build/lib/control
[1.034s] running install
[1.034s] running install_lib
[1.035s] creating /micro_ros_ws/wall_e_ws/install/control/lib/python3.10/site-packages/control
[1.035s] copying /micro_ros_ws/wall_e_ws/build/control/build/lib/control/gamepad.py -> /micro_ros_ws/wall_e_ws/install/control/lib/python3.10/site-packages/control
[1.036s] copying /micro_ros_ws/wall_e_ws/build/control/build/lib/control/robot_control.py -> /micro_ros_ws/wall_e_ws/install/control/lib/python3.10/site-packages/control
[1.036s] copying /micro_ros_ws/wall_e_ws/build/control/build/lib/control/__init__.py -> /micro_ros_ws/wall_e_ws/install/control/lib/python3.10/site-packages/control
[1.037s] byte-compiling /micro_ros_ws/wall_e_ws/install/control/lib/python3.10/site-packages/control/gamepad.py to gamepad.cpython-310.pyc
[1.039s] byte-compiling /micro_ros_ws/wall_e_ws/install/control/lib/python3.10/site-packages/control/robot_control.py to robot_control.cpython-310.pyc
[1.039s] byte-compiling /micro_ros_ws/wall_e_ws/install/control/lib/python3.10/site-packages/control/__init__.py to __init__.cpython-310.pyc
[1.040s] running install_data
[1.040s] copying resource/control -> /micro_ros_ws/wall_e_ws/install/control/share/ament_index/resource_index/packages
[1.041s] copying package.xml -> /micro_ros_ws/wall_e_ws/install/control/share/control
[1.041s] running install_egg_info
[1.043s] Copying ../../build/control/control.egg-info to /micro_ros_ws/wall_e_ws/install/control/lib/python3.10/site-packages/control-0.0.0-py3.10.egg-info
[1.046s] running install_scripts
[1.073s] Installing gamepad_node script to /micro_ros_ws/wall_e_ws/install/control/lib/control
[1.074s] writing list of installed files to '/micro_ros_ws/wall_e_ws/build/control/install.log'
[1.090s] Invoked command in '/micro_ros_ws/wall_e_ws/src/control' returned '0': PYTHONPATH=/micro_ros_ws/wall_e_ws/build/control/prefix_override:/usr/lib/python3/dist-packages/colcon_core/task/python/colcon_distutils_commands:/micro_ros_ws/wall_e_ws/install/control/lib/python3.10/site-packages:${PYTHONPATH} /usr/bin/python3 -W ignore:setup.py install is deprecated -W ignore:easy_install command is deprecated setup.py egg_info --egg-base ../../build/control build --build-base /micro_ros_ws/wall_e_ws/build/control/build install --record /micro_ros_ws/wall_e_ws/build/control/install.log --single-version-externally-managed install_data --force
