[0.770s] Invoking command in '/micro_ros_ws/wall_e_ws/src/control': PYTHONPATH=/micro_ros_ws/wall_e_ws/build/control/prefix_override:/usr/lib/python3/dist-packages/colcon_core/task/python/colcon_distutils_commands:/micro_ros_ws/wall_e_ws/install/control/lib/python3.10/site-packages:${PYTHONPATH} /usr/bin/python3 -W ignore:setup.py install is deprecated -W ignore:easy_install command is deprecated setup.py egg_info --egg-base ../../build/control build --build-base /micro_ros_ws/wall_e_ws/build/control/build install --record /micro_ros_ws/wall_e_ws/build/control/install.log --single-version-externally-managed install_data
[0.991s] running egg_info
[0.991s] writing ../../build/control/control.egg-info/PKG-INFO
[0.992s] writing dependency_links to ../../build/control/control.egg-info/dependency_links.txt
[0.992s] writing entry points to ../../build/control/control.egg-info/entry_points.txt
[0.992s] writing requirements to ../../build/control/control.egg-info/requires.txt
[0.992s] writing top-level names to ../../build/control/control.egg-info/top_level.txt
[0.995s] reading manifest file '../../build/control/control.egg-info/SOURCES.txt'
[0.996s] adding license file 'LICENSE'
[0.997s] writing manifest file '../../build/control/control.egg-info/SOURCES.txt'
[0.997s] running build
[0.997s] running build_py
[0.998s] copying control/robot_control.py -> /micro_ros_ws/wall_e_ws/build/control/build/lib/control
[0.998s] running install
[0.999s] running install_lib
[1.000s] copying /micro_ros_ws/wall_e_ws/build/control/build/lib/control/robot_control.py -> /micro_ros_ws/wall_e_ws/install/control/lib/python3.10/site-packages/control
[1.002s] byte-compiling /micro_ros_ws/wall_e_ws/install/control/lib/python3.10/site-packages/control/robot_control.py to robot_control.cpython-310.pyc
[1.004s] running install_data
[1.005s] running install_egg_info
[1.006s] removing '/micro_ros_ws/wall_e_ws/install/control/lib/python3.10/site-packages/control-0.0.0-py3.10.egg-info' (and everything under it)
[1.007s] Copying ../../build/control/control.egg-info to /micro_ros_ws/wall_e_ws/install/control/lib/python3.10/site-packages/control-0.0.0-py3.10.egg-info
[1.011s] running install_scripts
[1.031s] Installing gamepad_node script to /micro_ros_ws/wall_e_ws/install/control/lib/control
[1.032s] Installing robot_control_node script to /micro_ros_ws/wall_e_ws/install/control/lib/control
[1.032s] writing list of installed files to '/micro_ros_ws/wall_e_ws/build/control/install.log'
[1.049s] Invoked command in '/micro_ros_ws/wall_e_ws/src/control' returned '0': PYTHONPATH=/micro_ros_ws/wall_e_ws/build/control/prefix_override:/usr/lib/python3/dist-packages/colcon_core/task/python/colcon_distutils_commands:/micro_ros_ws/wall_e_ws/install/control/lib/python3.10/site-packages:${PYTHONPATH} /usr/bin/python3 -W ignore:setup.py install is deprecated -W ignore:easy_install command is deprecated setup.py egg_info --egg-base ../../build/control build --build-base /micro_ros_ws/wall_e_ws/build/control/build install --record /micro_ros_ws/wall_e_ws/build/control/install.log --single-version-externally-managed install_data
