In file included from [01m[K/micro_ros_ws/firmware/mcu_ws/uros/rcutils/include/rcutils/error_handling.h:28[m[K,
                 from [01m[K/micro_ros_ws/firmware/mcu_ws/uros/rcutils/src/char_array.c:16[m[K:
[01m[K/micro_ros_ws/firmware/toolchain/esp-idf/components/newlib/platform_include/assert.h:24:2:[m[K [01;35m[Kwarning: [m[K#include_next is a GCC extension
 #[01;35m[Kinclude_next[m[K <assert.h>
  [01;35m[K^~~~~~~~~~~~[m[K
In file included from [01m[K/micro_ros_ws/firmware/mcu_ws/uros/rcutils/include/rcutils/error_handling.h:28[m[K,
                 from [01m[K/micro_ros_ws/firmware/mcu_ws/uros/rcutils/src/array_list.c:23[m[K:
[01m[K/micro_ros_ws/firmware/toolchain/esp-idf/components/newlib/platform_include/assert.h:24:2:[m[K [01;35m[Kwarning: [m[K#include_next is a GCC extension
 #[01;35m[Kinclude_next[m[K <assert.h>
  [01;35m[K^~~~~~~~~~~~[m[K
In file included from [01m[K/micro_ros_ws/firmware/mcu_ws/uros/rcutils/src/env.c:20[m[K:
[01m[K/micro_ros_ws/firmware/toolchain/esp-idf/components/newlib/platform_include/errno.h:18:2:[m[K [01;35m[Kwarning: [m[K#include_next is a GCC extension
 #[01;35m[Kinclude_next[m[K "errno.h"
  [01;35m[K^~~~~~~~~~~~[m[K
In file included from [01m[K/micro_ros_ws/firmware/mcu_ws/uros/rcutils/src/strcasecmp.c:20[m[K:
[01m[K/micro_ros_ws/firmware/toolchain/esp-idf/components/newlib/platform_include/errno.h:18:2:[m[K [01;35m[Kwarning: [m[K#include_next is a GCC extension
 #[01;35m[Kinclude_next[m[K "errno.h"
  [01;35m[K^~~~~~~~~~~~[m[K
In file included from [01m[K/micro_ros_ws/firmware/mcu_ws/uros/rcutils/src/snprintf.c:22[m[K:
[01m[K/micro_ros_ws/firmware/toolchain/esp-idf/components/newlib/platform_include/errno.h:18:2:[m[K [01;35m[Kwarning: [m[K#include_next is a GCC extension
 #[01;35m[Kinclude_next[m[K "errno.h"
  [01;35m[K^~~~~~~~~~~~[m[K
In file included from [01m[K/micro_ros_ws/firmware/mcu_ws/uros/rcutils/src/filesystem.c:21[m[K:
[01m[K/micro_ros_ws/firmware/toolchain/esp-idf/components/newlib/platform_include/errno.h:18:2:[m[K [01;35m[Kwarning: [m[K#include_next is a GCC extension
 #[01;35m[Kinclude_next[m[K "errno.h"
  [01;35m[K^~~~~~~~~~~~[m[K
In file included from [01m[K/micro_ros_ws/firmware/mcu_ws/uros/rcutils/include/rcutils/error_handling.h:28[m[K,
                 from [01m[K/micro_ros_ws/firmware/mcu_ws/uros/rcutils/src/error_handling.c:22[m[K:
[01m[K/micro_ros_ws/firmware/toolchain/esp-idf/components/newlib/platform_include/assert.h:24:2:[m[K [01;35m[Kwarning: [m[K#include_next is a GCC extension
 #[01;35m[Kinclude_next[m[K <assert.h>
  [01;35m[K^~~~~~~~~~~~[m[K
In file included from [01m[K/micro_ros_ws/firmware/mcu_ws/uros/rcutils/src/strerror.c:20[m[K:
[01m[K/micro_ros_ws/firmware/toolchain/esp-idf/components/newlib/platform_include/errno.h:18:2:[m[K [01;35m[Kwarning: [m[K#include_next is a GCC extension
 #[01;35m[Kinclude_next[m[K "errno.h"
  [01;35m[K^~~~~~~~~~~~[m[K
[01m[K/micro_ros_ws/firmware/mcu_ws/uros/rcutils/src/shared_library.c:34:10:[m[K [01;31m[Kfatal error: [m[Kdlfcn.h: No such file or directory
 #include [01;31m[K<dlfcn.h>[m[K
          [01;31m[K^~~~~~~~~[m[K
compilation terminated.
gmake[6]: *** [CMakeFiles/rcutils.dir/build.make:281: CMakeFiles/rcutils.dir/src/shared_library.c.obj] Error 1
gmake[6]: *** Waiting for unfinished jobs....
In file included from [01m[K/micro_ros_ws/firmware/mcu_ws/uros/rcutils/include/rcutils/error_handling.h:28[m[K,
                 from [01m[K/micro_ros_ws/firmware/mcu_ws/uros/rcutils/src/env.c:25[m[K:
[01m[K/micro_ros_ws/firmware/toolchain/esp-idf/components/newlib/platform_include/assert.h:24:2:[m[K [01;35m[Kwarning: [m[K#include_next is a GCC extension
 #[01;35m[Kinclude_next[m[K <assert.h>
  [01;35m[K^~~~~~~~~~~~[m[K
In file included from [01m[K/micro_ros_ws/firmware/mcu_ws/uros/rcutils/include/rcutils/error_handling.h:28[m[K,
                 from [01m[K/micro_ros_ws/firmware/mcu_ws/uros/rcutils/src/split.c:24[m[K:
[01m[K/micro_ros_ws/firmware/toolchain/esp-idf/components/newlib/platform_include/assert.h:24:2:[m[K [01;35m[Kwarning: [m[K#include_next is a GCC extension
 #[01;35m[Kinclude_next[m[K <assert.h>
  [01;35m[K^~~~~~~~~~~~[m[K
In file included from [01m[K/micro_ros_ws/firmware/mcu_ws/uros/rcutils/include/rcutils/error_handling.h:28[m[K,
                 from [01m[K/micro_ros_ws/firmware/mcu_ws/uros/rcutils/src/hash_map.c:24[m[K:
[01m[K/micro_ros_ws/firmware/toolchain/esp-idf/components/newlib/platform_include/assert.h:24:2:[m[K [01;35m[Kwarning: [m[K#include_next is a GCC extension
 #[01;35m[Kinclude_next[m[K <assert.h>
  [01;35m[K^~~~~~~~~~~~[m[K
In file included from [01m[K/micro_ros_ws/firmware/mcu_ws/uros/rcutils/include/rcutils/error_handling.h:28[m[K,
                 from [01m[K/micro_ros_ws/firmware/mcu_ws/uros/rcutils/include/rcutils/types/string_array.h:28[m[K,
                 from [01m[K/micro_ros_ws/firmware/mcu_ws/uros/rcutils/include/rcutils/types.h:26[m[K,
                 from [01m[K/micro_ros_ws/firmware/mcu_ws/uros/rcutils/include/rcutils/find.h:25[m[K,
                 from [01m[K/micro_ros_ws/firmware/mcu_ws/uros/rcutils/src/find.c:25[m[K:
[01m[K/micro_ros_ws/firmware/toolchain/esp-idf/components/newlib/platform_include/assert.h:24:2:[m[K [01;35m[Kwarning: [m[K#include_next is a GCC extension
 #[01;35m[Kinclude_next[m[K <assert.h>
  [01;35m[K^~~~~~~~~~~~[m[K
In file included from [01m[K/micro_ros_ws/firmware/mcu_ws/uros/rcutils/include/rcutils/error_handling.h:28[m[K,
                 from [01m[K/micro_ros_ws/firmware/mcu_ws/uros/rcutils/src/./common.h:23[m[K,
                 from [01m[K/micro_ros_ws/firmware/mcu_ws/uros/rcutils/src/strdup.c:25[m[K:
[01m[K/micro_ros_ws/firmware/toolchain/esp-idf/components/newlib/platform_include/assert.h:24:2:[m[K [01;35m[Kwarning: [m[K#include_next is a GCC extension
 #[01;35m[Kinclude_next[m[K <assert.h>
  [01;35m[K^~~~~~~~~~~~[m[K
In file included from [01m[K/micro_ros_ws/firmware/mcu_ws/uros/rcutils/include/rcutils/error_handling.h:28[m[K,
                 from [01m[K/micro_ros_ws/firmware/mcu_ws/uros/rcutils/src/string_array.c:24[m[K:
[01m[K/micro_ros_ws/firmware/toolchain/esp-idf/components/newlib/platform_include/assert.h:24:2:[m[K [01;35m[Kwarning: [m[K#include_next is a GCC extension
 #[01;35m[Kinclude_next[m[K <assert.h>
  [01;35m[K^~~~~~~~~~~~[m[K
In file included from [01m[K/micro_ros_ws/firmware/mcu_ws/uros/rcutils/include/rcutils/error_handling.h:28[m[K,
                 from [01m[K/micro_ros_ws/firmware/mcu_ws/uros/rcutils/src/filesystem.c:50[m[K:
[01m[K/micro_ros_ws/firmware/toolchain/esp-idf/components/newlib/platform_include/assert.h:24:2:[m[K [01;35m[Kwarning: [m[K#include_next is a GCC extension
 #[01;35m[Kinclude_next[m[K <assert.h>
  [01;35m[K^~~~~~~~~~~~[m[K
[01m[K/micro_ros_ws/firmware/mcu_ws/uros/rcutils/src/filesystem.c:[m[K In function '[01m[Krcutils_calculate_directory_size_with_recursion[m[K':
[01m[K/micro_ros_ws/firmware/mcu_ws/uros/rcutils/src/filesystem.c:450:10:[m[K [01;35m[Kwarning: [m[Kunused variable '[01m[Kdir_size[m[K' [[01;35m[K-Wunused-variable[m[K]
   size_t [01;35m[Kdir_size[m[K = 0;
          [01;35m[K^~~~~~~~[m[K
gmake[5]: *** [CMakeFiles/Makefile2:195: CMakeFiles/rcutils.dir/all] Error 2
gmake[4]: *** [Makefile:149: all] Error 2
