/micro_ros_ws/wall_e_ws/install/feedback/lib/python3.10/site-packages/feedback/imu_filter.py
/micro_ros_ws/wall_e_ws/install/feedback/lib/python3.10/site-packages/feedback/range_filter.py
/micro_ros_ws/wall_e_ws/install/feedback/lib/python3.10/site-packages/feedback/sensor_fusion.py
/micro_ros_ws/wall_e_ws/install/feedback/lib/python3.10/site-packages/feedback/__init__.py
/micro_ros_ws/wall_e_ws/install/feedback/lib/python3.10/site-packages/feedback/__pycache__/imu_filter.cpython-310.pyc
/micro_ros_ws/wall_e_ws/install/feedback/lib/python3.10/site-packages/feedback/__pycache__/range_filter.cpython-310.pyc
/micro_ros_ws/wall_e_ws/install/feedback/lib/python3.10/site-packages/feedback/__pycache__/sensor_fusion.cpython-310.pyc
/micro_ros_ws/wall_e_ws/install/feedback/lib/python3.10/site-packages/feedback/__pycache__/__init__.cpython-310.pyc
/micro_ros_ws/wall_e_ws/install/feedback/share/ament_index/resource_index/packages/feedback
/micro_ros_ws/wall_e_ws/install/feedback/share/feedback/package.xml
/micro_ros_ws/wall_e_ws/install/feedback/lib/python3.10/site-packages/feedback-0.0.0-py3.10.egg-info/dependency_links.txt
/micro_ros_ws/wall_e_ws/install/feedback/lib/python3.10/site-packages/feedback-0.0.0-py3.10.egg-info/entry_points.txt
/micro_ros_ws/wall_e_ws/install/feedback/lib/python3.10/site-packages/feedback-0.0.0-py3.10.egg-info/PKG-INFO
/micro_ros_ws/wall_e_ws/install/feedback/lib/python3.10/site-packages/feedback-0.0.0-py3.10.egg-info/requires.txt
/micro_ros_ws/wall_e_ws/install/feedback/lib/python3.10/site-packages/feedback-0.0.0-py3.10.egg-info/SOURCES.txt
/micro_ros_ws/wall_e_ws/install/feedback/lib/python3.10/site-packages/feedback-0.0.0-py3.10.egg-info/top_level.txt
/micro_ros_ws/wall_e_ws/install/feedback/lib/python3.10/site-packages/feedback-0.0.0-py3.10.egg-info/zip-safe
/micro_ros_ws/wall_e_ws/install/feedback/lib/feedback/imu_filter_node
/micro_ros_ws/wall_e_ws/install/feedback/lib/feedback/range_filter_node
/micro_ros_ws/wall_e_ws/install/feedback/lib/feedback/sensor_fusion_node
