[1.075s] Invoking command in '/micro_ros_ws/wall_e_ws/src/localization': PYTHONPATH=/micro_ros_ws/wall_e_ws/build/localization/prefix_override:/usr/lib/python3/dist-packages/colcon_core/task/python/colcon_distutils_commands:/micro_ros_ws/wall_e_ws/install/localization/lib/python3.10/site-packages:${PYTHONPATH} /usr/bin/python3 -W ignore:setup.py install is deprecated -W ignore:easy_install command is deprecated setup.py egg_info --egg-base ../../build/localization build --build-base /micro_ros_ws/wall_e_ws/build/localization/build install --record /micro_ros_ws/wall_e_ws/build/localization/install.log --single-version-externally-managed install_data
[1.270s] running egg_info
[1.270s] creating ../../build/localization/localization.egg-info
[1.270s] writing ../../build/localization/localization.egg-info/PKG-INFO
[1.271s] writing dependency_links to ../../build/localization/localization.egg-info/dependency_links.txt
[1.271s] writing entry points to ../../build/localization/localization.egg-info/entry_points.txt
[1.271s] writing requirements to ../../build/localization/localization.egg-info/requires.txt
[1.271s] writing top-level names to ../../build/localization/localization.egg-info/top_level.txt
[1.271s] writing manifest file '../../build/localization/localization.egg-info/SOURCES.txt'
[1.274s] reading manifest file '../../build/localization/localization.egg-info/SOURCES.txt'
[1.275s] adding license file 'LICENSE'
[1.276s] writing manifest file '../../build/localization/localization.egg-info/SOURCES.txt'
[1.276s] running build
[1.276s] running build_py
[1.276s] creating /micro_ros_ws/wall_e_ws/build/localization/build
[1.277s] creating /micro_ros_ws/wall_e_ws/build/localization/build/lib
[1.277s] creating /micro_ros_ws/wall_e_ws/build/localization/build/lib/localization
[1.277s] copying localization/inverse_kinematic.py -> /micro_ros_ws/wall_e_ws/build/localization/build/lib/localization
[1.277s] copying localization/odometry.py -> /micro_ros_ws/wall_e_ws/build/localization/build/lib/localization
[1.279s] copying localization/__init__.py -> /micro_ros_ws/wall_e_ws/build/localization/build/lib/localization
[1.280s] running install
[1.281s] running install_lib
[1.283s] creating /micro_ros_ws/wall_e_ws/install/localization/lib/python3.10/site-packages/localization
[1.284s] copying /micro_ros_ws/wall_e_ws/build/localization/build/lib/localization/inverse_kinematic.py -> /micro_ros_ws/wall_e_ws/install/localization/lib/python3.10/site-packages/localization
[1.288s] copying /micro_ros_ws/wall_e_ws/build/localization/build/lib/localization/odometry.py -> /micro_ros_ws/wall_e_ws/install/localization/lib/python3.10/site-packages/localization
[1.292s] copying /micro_ros_ws/wall_e_ws/build/localization/build/lib/localization/__init__.py -> /micro_ros_ws/wall_e_ws/install/localization/lib/python3.10/site-packages/localization
[1.297s] byte-compiling /micro_ros_ws/wall_e_ws/install/localization/lib/python3.10/site-packages/localization/inverse_kinematic.py to inverse_kinematic.cpython-310.pyc
[1.299s] byte-compiling /micro_ros_ws/wall_e_ws/install/localization/lib/python3.10/site-packages/localization/odometry.py to odometry.cpython-310.pyc
[1.300s] byte-compiling /micro_ros_ws/wall_e_ws/install/localization/lib/python3.10/site-packages/localization/__init__.py to __init__.cpython-310.pyc
[1.301s] running install_data
[1.302s] creating /micro_ros_ws/wall_e_ws/install/localization/share/ament_index
[1.302s] creating /micro_ros_ws/wall_e_ws/install/localization/share/ament_index/resource_index
[1.303s] creating /micro_ros_ws/wall_e_ws/install/localization/share/ament_index/resource_index/packages
[1.303s] copying resource/localization -> /micro_ros_ws/wall_e_ws/install/localization/share/ament_index/resource_index/packages
[1.303s] copying package.xml -> /micro_ros_ws/wall_e_ws/install/localization/share/localization
[1.303s] running install_egg_info
[1.306s] Copying ../../build/localization/localization.egg-info to /micro_ros_ws/wall_e_ws/install/localization/lib/python3.10/site-packages/localization-0.0.0-py3.10.egg-info
[1.312s] running install_scripts
[1.334s] writing list of installed files to '/micro_ros_ws/wall_e_ws/build/localization/install.log'
[1.367s] Invoked command in '/micro_ros_ws/wall_e_ws/src/localization' returned '0': PYTHONPATH=/micro_ros_ws/wall_e_ws/build/localization/prefix_override:/usr/lib/python3/dist-packages/colcon_core/task/python/colcon_distutils_commands:/micro_ros_ws/wall_e_ws/install/localization/lib/python3.10/site-packages:${PYTHONPATH} /usr/bin/python3 -W ignore:setup.py install is deprecated -W ignore:easy_install command is deprecated setup.py egg_info --egg-base ../../build/localization build --build-base /micro_ros_ws/wall_e_ws/build/localization/build install --record /micro_ros_ws/wall_e_ws/build/localization/install.log --single-version-externally-managed install_data
