[0.052s] Invoking command in '/micro_ros_ws/wall_e_ws/build/custom_interfaces': CMAKE_PREFIX_PATH=${CMAKE_PREFIX_PATH}:/micro_ros_ws/wall_e_ws/install/localization:/micro_ros_ws/wall_e_ws/install/feedback:/micro_ros_ws/wall_e_ws/install/control:/micro_ros_ws/install/feedback:/micro_ros_ws/install/control:/opt/ros/humble /usr/bin/cmake --build /micro_ros_ws/wall_e_ws/build/custom_interfaces -- -j12 -l12
[0.567s] [  3%] Built target custom_interfaces__rs
[0.567s] [  6%] Built target custom_interfaces__cpp
[0.568s] [ 15%] Built target custom_interfaces__rosidl_generator_c
[0.568s] [ 15%] Built target ament_cmake_python_copy_custom_interfaces
[0.576s] [ 25%] Built target custom_interfaces__rosidl_typesupport_cpp
[0.577s] [ 34%] Built target custom_interfaces__rosidl_typesupport_fastrtps_cpp
[0.579s] [ 43%] Built target custom_interfaces__rosidl_typesupport_introspection_cpp
[0.581s] [ 59%] Built target custom_interfaces__rosidl_typesupport_introspection_c
[0.582s] [ 62%] Built target custom_interfaces__rosidl_typesupport_c
[0.583s] [ 71%] Built target custom_interfaces__rosidl_typesupport_fastrtps_c
[0.644s] [ 71%] Built target custom_interfaces
[0.694s] [ 75%] Built target custom_interfaces__py
[0.758s] [ 81%] Built target custom_interfaces__rosidl_generator_py
[0.824s] running egg_info
[0.825s] writing custom_interfaces.egg-info/PKG-INFO
[0.826s] writing dependency_links to custom_interfaces.egg-info/dependency_links.txt
[0.827s] writing top-level names to custom_interfaces.egg-info/top_level.txt
[0.827s] [ 87%] Built target custom_interfaces__rosidl_typesupport_fastrtps_c__pyext
[0.831s] reading manifest file 'custom_interfaces.egg-info/SOURCES.txt'
[0.833s] [ 93%] Built target custom_interfaces__rosidl_typesupport_introspection_c__pyext
[0.834s] writing manifest file 'custom_interfaces.egg-info/SOURCES.txt'
[0.837s] [100%] Built target custom_interfaces__rosidl_typesupport_c__pyext
[0.876s] [100%] Built target ament_cmake_python_build_custom_interfaces_egg
[0.908s] Invoked command in '/micro_ros_ws/wall_e_ws/build/custom_interfaces' returned '0': CMAKE_PREFIX_PATH=${CMAKE_PREFIX_PATH}:/micro_ros_ws/wall_e_ws/install/localization:/micro_ros_ws/wall_e_ws/install/feedback:/micro_ros_ws/wall_e_ws/install/control:/micro_ros_ws/install/feedback:/micro_ros_ws/install/control:/opt/ros/humble /usr/bin/cmake --build /micro_ros_ws/wall_e_ws/build/custom_interfaces -- -j12 -l12
[0.939s] Invoking command in '/micro_ros_ws/wall_e_ws/build/custom_interfaces': CMAKE_PREFIX_PATH=${CMAKE_PREFIX_PATH}:/micro_ros_ws/wall_e_ws/install/localization:/micro_ros_ws/wall_e_ws/install/feedback:/micro_ros_ws/wall_e_ws/install/control:/micro_ros_ws/install/feedback:/micro_ros_ws/install/control:/opt/ros/humble /usr/bin/cmake --install /micro_ros_ws/wall_e_ws/build/custom_interfaces
[0.956s] -- Install configuration: ""
[0.957s] -- Up-to-date: /micro_ros_ws/wall_e_ws/install/custom_interfaces/share/ament_index/resource_index/rosidl_interfaces/custom_interfaces
[0.957s] -- Up-to-date: /micro_ros_ws/wall_e_ws/install/custom_interfaces/include/custom_interfaces/custom_interfaces
[0.958s] -- Up-to-date: /micro_ros_ws/wall_e_ws/install/custom_interfaces/include/custom_interfaces/custom_interfaces/msg
[0.959s] -- Up-to-date: /micro_ros_ws/wall_e_ws/install/custom_interfaces/include/custom_interfaces/custom_interfaces/msg/detail
[0.960s] -- Up-to-date: /micro_ros_ws/wall_e_ws/install/custom_interfaces/include/custom_interfaces/custom_interfaces/msg/detail/gamepad__functions.c
[0.961s] -- Up-to-date: /micro_ros_ws/wall_e_ws/install/custom_interfaces/include/custom_interfaces/custom_interfaces/msg/detail/gamepad__functions.h
[0.962s] -- Up-to-date: /micro_ros_ws/wall_e_ws/install/custom_interfaces/include/custom_interfaces/custom_interfaces/msg/detail/gamepad__struct.h
[0.962s] -- Up-to-date: /micro_ros_ws/wall_e_ws/install/custom_interfaces/include/custom_interfaces/custom_interfaces/msg/detail/gamepad__type_support.h
[0.963s] -- Up-to-date: /micro_ros_ws/wall_e_ws/install/custom_interfaces/include/custom_interfaces/custom_interfaces/msg/gamepad.h
[0.964s] -- Up-to-date: /micro_ros_ws/wall_e_ws/install/custom_interfaces/include/custom_interfaces/custom_interfaces/msg/rosidl_generator_c__visibility_control.h
[0.964s] -- Up-to-date: /micro_ros_ws/wall_e_ws/install/custom_interfaces/share/custom_interfaces/environment/library_path.sh
[0.965s] -- Up-to-date: /micro_ros_ws/wall_e_ws/install/custom_interfaces/share/custom_interfaces/environment/library_path.dsv
[0.966s] -- Up-to-date: /micro_ros_ws/wall_e_ws/install/custom_interfaces/lib/libcustom_interfaces__rosidl_generator_c.so
[0.967s] -- Up-to-date: /micro_ros_ws/wall_e_ws/install/custom_interfaces/include/custom_interfaces/custom_interfaces
[0.968s] -- Up-to-date: /micro_ros_ws/wall_e_ws/install/custom_interfaces/include/custom_interfaces/custom_interfaces/msg
[0.969s] -- Up-to-date: /micro_ros_ws/wall_e_ws/install/custom_interfaces/include/custom_interfaces/custom_interfaces/msg/detail
[0.969s] -- Up-to-date: /micro_ros_ws/wall_e_ws/install/custom_interfaces/include/custom_interfaces/custom_interfaces/msg/detail/gamepad__rosidl_typesupport_fastrtps_c.h
[0.970s] -- Up-to-date: /micro_ros_ws/wall_e_ws/install/custom_interfaces/include/custom_interfaces/custom_interfaces/msg/rosidl_typesupport_fastrtps_c__visibility_control.h
[0.971s] -- Up-to-date: /micro_ros_ws/wall_e_ws/install/custom_interfaces/lib/libcustom_interfaces__rosidl_typesupport_fastrtps_c.so
[0.973s] -- Up-to-date: /micro_ros_ws/wall_e_ws/install/custom_interfaces/include/custom_interfaces/custom_interfaces
[0.973s] -- Up-to-date: /micro_ros_ws/wall_e_ws/install/custom_interfaces/include/custom_interfaces/custom_interfaces/msg
[0.974s] -- Up-to-date: /micro_ros_ws/wall_e_ws/install/custom_interfaces/include/custom_interfaces/custom_interfaces/msg/detail
[0.975s] -- Up-to-date: /micro_ros_ws/wall_e_ws/install/custom_interfaces/include/custom_interfaces/custom_interfaces/msg/detail/gamepad__rosidl_typesupport_introspection_c.h
[0.976s] -- Up-to-date: /micro_ros_ws/wall_e_ws/install/custom_interfaces/include/custom_interfaces/custom_interfaces/msg/detail/gamepad__type_support.c
[0.976s] -- Up-to-date: /micro_ros_ws/wall_e_ws/install/custom_interfaces/include/custom_interfaces/custom_interfaces/msg/rosidl_typesupport_introspection_c__visibility_control.h
[0.977s] -- Up-to-date: /micro_ros_ws/wall_e_ws/install/custom_interfaces/lib/libcustom_interfaces__rosidl_typesupport_introspection_c.so
[0.978s] -- Up-to-date: /micro_ros_ws/wall_e_ws/install/custom_interfaces/lib/libcustom_interfaces__rosidl_typesupport_c.so
[0.979s] -- Up-to-date: /micro_ros_ws/wall_e_ws/install/custom_interfaces/include/custom_interfaces/custom_interfaces
[0.979s] -- Up-to-date: /micro_ros_ws/wall_e_ws/install/custom_interfaces/include/custom_interfaces/custom_interfaces/msg
[0.980s] -- Up-to-date: /micro_ros_ws/wall_e_ws/install/custom_interfaces/include/custom_interfaces/custom_interfaces/msg/detail
[0.981s] -- Up-to-date: /micro_ros_ws/wall_e_ws/install/custom_interfaces/include/custom_interfaces/custom_interfaces/msg/detail/gamepad__builder.hpp
[0.981s] -- Up-to-date: /micro_ros_ws/wall_e_ws/install/custom_interfaces/include/custom_interfaces/custom_interfaces/msg/detail/gamepad__struct.hpp
[0.982s] -- Up-to-date: /micro_ros_ws/wall_e_ws/install/custom_interfaces/include/custom_interfaces/custom_interfaces/msg/detail/gamepad__traits.hpp
[0.983s] -- Up-to-date: /micro_ros_ws/wall_e_ws/install/custom_interfaces/include/custom_interfaces/custom_interfaces/msg/detail/gamepad__type_support.hpp
[0.983s] -- Up-to-date: /micro_ros_ws/wall_e_ws/install/custom_interfaces/include/custom_interfaces/custom_interfaces/msg/gamepad.hpp
[0.984s] -- Up-to-date: /micro_ros_ws/wall_e_ws/install/custom_interfaces/include/custom_interfaces/custom_interfaces/msg/rosidl_generator_cpp__visibility_control.hpp
[0.984s] -- Up-to-date: /micro_ros_ws/wall_e_ws/install/custom_interfaces/include/custom_interfaces/custom_interfaces
[0.985s] -- Up-to-date: /micro_ros_ws/wall_e_ws/install/custom_interfaces/include/custom_interfaces/custom_interfaces/msg
[0.985s] -- Up-to-date: /micro_ros_ws/wall_e_ws/install/custom_interfaces/include/custom_interfaces/custom_interfaces/msg/detail
[0.987s] -- Up-to-date: /micro_ros_ws/wall_e_ws/install/custom_interfaces/include/custom_interfaces/custom_interfaces/msg/detail/dds_fastrtps
[0.987s] -- Up-to-date: /micro_ros_ws/wall_e_ws/install/custom_interfaces/include/custom_interfaces/custom_interfaces/msg/detail/gamepad__rosidl_typesupport_fastrtps_cpp.hpp
[0.987s] -- Up-to-date: /micro_ros_ws/wall_e_ws/install/custom_interfaces/include/custom_interfaces/custom_interfaces/msg/rosidl_typesupport_fastrtps_cpp__visibility_control.h
[0.988s] -- Up-to-date: /micro_ros_ws/wall_e_ws/install/custom_interfaces/lib/libcustom_interfaces__rosidl_typesupport_fastrtps_cpp.so
[0.989s] -- Up-to-date: /micro_ros_ws/wall_e_ws/install/custom_interfaces/include/custom_interfaces/custom_interfaces
[0.990s] -- Up-to-date: /micro_ros_ws/wall_e_ws/install/custom_interfaces/include/custom_interfaces/custom_interfaces/msg
[0.991s] -- Up-to-date: /micro_ros_ws/wall_e_ws/install/custom_interfaces/include/custom_interfaces/custom_interfaces/msg/detail
[0.992s] -- Up-to-date: /micro_ros_ws/wall_e_ws/install/custom_interfaces/include/custom_interfaces/custom_interfaces/msg/detail/gamepad__rosidl_typesupport_introspection_cpp.hpp
[0.993s] -- Up-to-date: /micro_ros_ws/wall_e_ws/install/custom_interfaces/include/custom_interfaces/custom_interfaces/msg/detail/gamepad__type_support.cpp
[0.994s] -- Up-to-date: /micro_ros_ws/wall_e_ws/install/custom_interfaces/lib/libcustom_interfaces__rosidl_typesupport_introspection_cpp.so
[0.995s] -- Up-to-date: /micro_ros_ws/wall_e_ws/install/custom_interfaces/lib/libcustom_interfaces__rosidl_typesupport_cpp.so
[0.996s] -- Up-to-date: /micro_ros_ws/wall_e_ws/install/custom_interfaces/share/custom_interfaces/environment/pythonpath.sh
[0.996s] -- Up-to-date: /micro_ros_ws/wall_e_ws/install/custom_interfaces/share/custom_interfaces/environment/pythonpath.dsv
[0.997s] -- Up-to-date: /micro_ros_ws/wall_e_ws/install/custom_interfaces/local/lib/python3.10/dist-packages/custom_interfaces-0.0.0-py3.10.egg-info
[0.997s] -- Installing: /micro_ros_ws/wall_e_ws/install/custom_interfaces/local/lib/python3.10/dist-packages/custom_interfaces-0.0.0-py3.10.egg-info/dependency_links.txt
[0.999s] -- Installing: /micro_ros_ws/wall_e_ws/install/custom_interfaces/local/lib/python3.10/dist-packages/custom_interfaces-0.0.0-py3.10.egg-info/PKG-INFO
[1.001s] -- Installing: /micro_ros_ws/wall_e_ws/install/custom_interfaces/local/lib/python3.10/dist-packages/custom_interfaces-0.0.0-py3.10.egg-info/SOURCES.txt
[1.002s] -- Installing: /micro_ros_ws/wall_e_ws/install/custom_interfaces/local/lib/python3.10/dist-packages/custom_interfaces-0.0.0-py3.10.egg-info/top_level.txt
[1.004s] -- Up-to-date: /micro_ros_ws/wall_e_ws/install/custom_interfaces/local/lib/python3.10/dist-packages/custom_interfaces
[1.005s] -- Up-to-date: /micro_ros_ws/wall_e_ws/install/custom_interfaces/local/lib/python3.10/dist-packages/custom_interfaces/custom_interfaces_s__rosidl_typesupport_c.cpython-310-x86_64-linux-gnu.so
[1.005s] -- Up-to-date: /micro_ros_ws/wall_e_ws/install/custom_interfaces/local/lib/python3.10/dist-packages/custom_interfaces/custom_interfaces_s__rosidl_typesupport_fastrtps_c.cpython-310-x86_64-linux-gnu.so
[1.006s] -- Up-to-date: /micro_ros_ws/wall_e_ws/install/custom_interfaces/local/lib/python3.10/dist-packages/custom_interfaces/custom_interfaces_s__rosidl_typesupport_introspection_c.cpython-310-x86_64-linux-gnu.so
[1.006s] -- Up-to-date: /micro_ros_ws/wall_e_ws/install/custom_interfaces/local/lib/python3.10/dist-packages/custom_interfaces/libcustom_interfaces__rosidl_generator_py.so
[1.007s] -- Up-to-date: /micro_ros_ws/wall_e_ws/install/custom_interfaces/local/lib/python3.10/dist-packages/custom_interfaces/msg
[1.008s] -- Up-to-date: /micro_ros_ws/wall_e_ws/install/custom_interfaces/local/lib/python3.10/dist-packages/custom_interfaces/msg/_gamepad.py
[1.009s] -- Up-to-date: /micro_ros_ws/wall_e_ws/install/custom_interfaces/local/lib/python3.10/dist-packages/custom_interfaces/msg/_gamepad_s.c
[1.010s] -- Up-to-date: /micro_ros_ws/wall_e_ws/install/custom_interfaces/local/lib/python3.10/dist-packages/custom_interfaces/msg/__init__.py
[1.012s] -- Up-to-date: /micro_ros_ws/wall_e_ws/install/custom_interfaces/local/lib/python3.10/dist-packages/custom_interfaces/_custom_interfaces_s.ep.rosidl_typesupport_c.c
[1.014s] -- Up-to-date: /micro_ros_ws/wall_e_ws/install/custom_interfaces/local/lib/python3.10/dist-packages/custom_interfaces/_custom_interfaces_s.ep.rosidl_typesupport_fastrtps_c.c
[1.022s] -- Up-to-date: /micro_ros_ws/wall_e_ws/install/custom_interfaces/local/lib/python3.10/dist-packages/custom_interfaces/_custom_interfaces_s.ep.rosidl_typesupport_introspection_c.c
[1.024s] -- Up-to-date: /micro_ros_ws/wall_e_ws/install/custom_interfaces/local/lib/python3.10/dist-packages/custom_interfaces/__init__.py
[1.090s] Listing '/micro_ros_ws/wall_e_ws/install/custom_interfaces/local/lib/python3.10/dist-packages/custom_interfaces'...
[1.090s] Listing '/micro_ros_ws/wall_e_ws/install/custom_interfaces/local/lib/python3.10/dist-packages/custom_interfaces/msg'...
[1.096s] -- Up-to-date: /micro_ros_ws/wall_e_ws/install/custom_interfaces/local/lib/python3.10/dist-packages/custom_interfaces/custom_interfaces_s__rosidl_typesupport_fastrtps_c.cpython-310-x86_64-linux-gnu.so
[1.099s] -- Up-to-date: /micro_ros_ws/wall_e_ws/install/custom_interfaces/local/lib/python3.10/dist-packages/custom_interfaces/custom_interfaces_s__rosidl_typesupport_introspection_c.cpython-310-x86_64-linux-gnu.so
[1.102s] -- Up-to-date: /micro_ros_ws/wall_e_ws/install/custom_interfaces/local/lib/python3.10/dist-packages/custom_interfaces/custom_interfaces_s__rosidl_typesupport_c.cpython-310-x86_64-linux-gnu.so
[1.104s] -- Up-to-date: /micro_ros_ws/wall_e_ws/install/custom_interfaces/lib/libcustom_interfaces__rosidl_generator_py.so
[1.106s] -- Up-to-date: /micro_ros_ws/wall_e_ws/install/custom_interfaces/share/ament_index/resource_index/rust_packages/custom_interfaces
[1.107s] -- Up-to-date: /micro_ros_ws/wall_e_ws/install/custom_interfaces/share/custom_interfaces/rust
[1.108s] -- Up-to-date: /micro_ros_ws/wall_e_ws/install/custom_interfaces/share/custom_interfaces/rust/build.rs
[1.108s] -- Up-to-date: /micro_ros_ws/wall_e_ws/install/custom_interfaces/share/custom_interfaces/rust/Cargo.toml
[1.109s] -- Up-to-date: /micro_ros_ws/wall_e_ws/install/custom_interfaces/share/custom_interfaces/rust/src
[1.114s] -- Up-to-date: /micro_ros_ws/wall_e_ws/install/custom_interfaces/share/custom_interfaces/rust/src/lib.rs
[1.119s] -- Up-to-date: /micro_ros_ws/wall_e_ws/install/custom_interfaces/share/custom_interfaces/rust/src/msg
[1.124s] -- Up-to-date: /micro_ros_ws/wall_e_ws/install/custom_interfaces/share/custom_interfaces/rust/src/msg/rmw.rs
[1.125s] -- Up-to-date: /micro_ros_ws/wall_e_ws/install/custom_interfaces/share/custom_interfaces/rust/src/msg.rs
[1.126s] -- Up-to-date: /micro_ros_ws/wall_e_ws/install/custom_interfaces/share/custom_interfaces/msg/Gamepad.idl
[1.126s] -- Up-to-date: /micro_ros_ws/wall_e_ws/install/custom_interfaces/share/custom_interfaces/msg/Gamepad.msg
[1.127s] -- Up-to-date: /micro_ros_ws/wall_e_ws/install/custom_interfaces/share/ament_index/resource_index/package_run_dependencies/custom_interfaces
[1.129s] -- Up-to-date: /micro_ros_ws/wall_e_ws/install/custom_interfaces/share/ament_index/resource_index/parent_prefix_path/custom_interfaces
[1.130s] -- Up-to-date: /micro_ros_ws/wall_e_ws/install/custom_interfaces/share/custom_interfaces/environment/ament_prefix_path.sh
[1.131s] -- Up-to-date: /micro_ros_ws/wall_e_ws/install/custom_interfaces/share/custom_interfaces/environment/ament_prefix_path.dsv
[1.132s] -- Up-to-date: /micro_ros_ws/wall_e_ws/install/custom_interfaces/share/custom_interfaces/environment/path.sh
[1.133s] -- Up-to-date: /micro_ros_ws/wall_e_ws/install/custom_interfaces/share/custom_interfaces/environment/path.dsv
[1.134s] -- Up-to-date: /micro_ros_ws/wall_e_ws/install/custom_interfaces/share/custom_interfaces/local_setup.bash
[1.135s] -- Up-to-date: /micro_ros_ws/wall_e_ws/install/custom_interfaces/share/custom_interfaces/local_setup.sh
[1.136s] -- Up-to-date: /micro_ros_ws/wall_e_ws/install/custom_interfaces/share/custom_interfaces/local_setup.zsh
[1.137s] -- Up-to-date: /micro_ros_ws/wall_e_ws/install/custom_interfaces/share/custom_interfaces/local_setup.dsv
[1.138s] -- Installing: /micro_ros_ws/wall_e_ws/install/custom_interfaces/share/custom_interfaces/package.dsv
[1.141s] -- Up-to-date: /micro_ros_ws/wall_e_ws/install/custom_interfaces/share/ament_index/resource_index/packages/custom_interfaces
[1.143s] -- Up-to-date: /micro_ros_ws/wall_e_ws/install/custom_interfaces/share/custom_interfaces/cmake/export_custom_interfaces__rosidl_generator_cExport.cmake
[1.144s] -- Up-to-date: /micro_ros_ws/wall_e_ws/install/custom_interfaces/share/custom_interfaces/cmake/export_custom_interfaces__rosidl_generator_cExport-noconfig.cmake
[1.145s] -- Up-to-date: /micro_ros_ws/wall_e_ws/install/custom_interfaces/share/custom_interfaces/cmake/export_custom_interfaces__rosidl_typesupport_fastrtps_cExport.cmake
[1.147s] -- Up-to-date: /micro_ros_ws/wall_e_ws/install/custom_interfaces/share/custom_interfaces/cmake/export_custom_interfaces__rosidl_typesupport_fastrtps_cExport-noconfig.cmake
[1.148s] -- Up-to-date: /micro_ros_ws/wall_e_ws/install/custom_interfaces/share/custom_interfaces/cmake/custom_interfaces__rosidl_typesupport_introspection_cExport.cmake
[1.149s] -- Up-to-date: /micro_ros_ws/wall_e_ws/install/custom_interfaces/share/custom_interfaces/cmake/custom_interfaces__rosidl_typesupport_introspection_cExport-noconfig.cmake
[1.150s] -- Up-to-date: /micro_ros_ws/wall_e_ws/install/custom_interfaces/share/custom_interfaces/cmake/custom_interfaces__rosidl_typesupport_cExport.cmake
[1.151s] -- Up-to-date: /micro_ros_ws/wall_e_ws/install/custom_interfaces/share/custom_interfaces/cmake/custom_interfaces__rosidl_typesupport_cExport-noconfig.cmake
[1.152s] -- Up-to-date: /micro_ros_ws/wall_e_ws/install/custom_interfaces/share/custom_interfaces/cmake/export_custom_interfaces__rosidl_generator_cppExport.cmake
[1.154s] -- Up-to-date: /micro_ros_ws/wall_e_ws/install/custom_interfaces/share/custom_interfaces/cmake/export_custom_interfaces__rosidl_typesupport_fastrtps_cppExport.cmake
[1.155s] -- Up-to-date: /micro_ros_ws/wall_e_ws/install/custom_interfaces/share/custom_interfaces/cmake/export_custom_interfaces__rosidl_typesupport_fastrtps_cppExport-noconfig.cmake
[1.156s] -- Up-to-date: /micro_ros_ws/wall_e_ws/install/custom_interfaces/share/custom_interfaces/cmake/custom_interfaces__rosidl_typesupport_introspection_cppExport.cmake
[1.157s] -- Up-to-date: /micro_ros_ws/wall_e_ws/install/custom_interfaces/share/custom_interfaces/cmake/custom_interfaces__rosidl_typesupport_introspection_cppExport-noconfig.cmake
[1.158s] -- Up-to-date: /micro_ros_ws/wall_e_ws/install/custom_interfaces/share/custom_interfaces/cmake/custom_interfaces__rosidl_typesupport_cppExport.cmake
[1.159s] -- Up-to-date: /micro_ros_ws/wall_e_ws/install/custom_interfaces/share/custom_interfaces/cmake/custom_interfaces__rosidl_typesupport_cppExport-noconfig.cmake
[1.160s] -- Up-to-date: /micro_ros_ws/wall_e_ws/install/custom_interfaces/share/custom_interfaces/cmake/export_custom_interfaces__rosidl_generator_pyExport.cmake
[1.161s] -- Up-to-date: /micro_ros_ws/wall_e_ws/install/custom_interfaces/share/custom_interfaces/cmake/export_custom_interfaces__rosidl_generator_pyExport-noconfig.cmake
[1.162s] -- Up-to-date: /micro_ros_ws/wall_e_ws/install/custom_interfaces/share/custom_interfaces/cmake/rosidl_cmake-extras.cmake
[1.162s] -- Up-to-date: /micro_ros_ws/wall_e_ws/install/custom_interfaces/share/custom_interfaces/cmake/ament_cmake_export_dependencies-extras.cmake
[1.163s] -- Up-to-date: /micro_ros_ws/wall_e_ws/install/custom_interfaces/share/custom_interfaces/cmake/ament_cmake_export_include_directories-extras.cmake
[1.164s] -- Up-to-date: /micro_ros_ws/wall_e_ws/install/custom_interfaces/share/custom_interfaces/cmake/ament_cmake_export_libraries-extras.cmake
[1.165s] -- Up-to-date: /micro_ros_ws/wall_e_ws/install/custom_interfaces/share/custom_interfaces/cmake/ament_cmake_export_targets-extras.cmake
[1.165s] -- Up-to-date: /micro_ros_ws/wall_e_ws/install/custom_interfaces/share/custom_interfaces/cmake/rosidl_cmake_export_typesupport_targets-extras.cmake
[1.166s] -- Up-to-date: /micro_ros_ws/wall_e_ws/install/custom_interfaces/share/custom_interfaces/cmake/rosidl_cmake_export_typesupport_libraries-extras.cmake
[1.167s] -- Up-to-date: /micro_ros_ws/wall_e_ws/install/custom_interfaces/share/custom_interfaces/cmake/custom_interfacesConfig.cmake
[1.167s] -- Up-to-date: /micro_ros_ws/wall_e_ws/install/custom_interfaces/share/custom_interfaces/cmake/custom_interfacesConfig-version.cmake
[1.168s] -- Up-to-date: /micro_ros_ws/wall_e_ws/install/custom_interfaces/share/custom_interfaces/package.xml
[1.170s] Invoked command in '/micro_ros_ws/wall_e_ws/build/custom_interfaces' returned '0': CMAKE_PREFIX_PATH=${CMAKE_PREFIX_PATH}:/micro_ros_ws/wall_e_ws/install/localization:/micro_ros_ws/wall_e_ws/install/feedback:/micro_ros_ws/wall_e_ws/install/control:/micro_ros_ws/install/feedback:/micro_ros_ws/install/control:/opt/ros/humble /usr/bin/cmake --install /micro_ros_ws/wall_e_ws/build/custom_interfaces
