[0.285s] DEBUG:colcon:Command line arguments: ['/usr/bin/colcon', 'build']
[0.285s] DEBUG:colcon:Parsed command line arguments: Namespace(log_base=None, log_level=None, verb_name='build', build_base='build', install_base='install', merge_install=False, symlink_install=False, test_result_base=None, continue_on_error=False, executor='parallel', parallel_workers=12, event_handlers=None, ignore_user_meta=False, metas=['./colcon.meta'], base_paths=['.'], packages_ignore=None, packages_ignore_regex=None, paths=None, packages_up_to=None, packages_up_to_regex=None, packages_above=None, packages_above_and_dependencies=None, packages_above_depth=None, packages_select_by_dep=None, packages_skip_by_dep=None, packages_skip_up_to=None, packages_select_build_failed=False, packages_skip_build_finished=False, packages_select_test_failures=False, packages_skip_test_passed=False, packages_select=None, packages_skip=None, packages_select_regex=None, packages_skip_regex=None, packages_start=None, packages_end=None, cmake_args=None, cmake_target=None, cmake_target_skip_unavailable=False, cmake_clean_cache=False, cmake_clean_first=False, cmake_force_configure=False, ament_cmake_args=None, catkin_cmake_args=None, catkin_skip_building_tests=False, mixin_files=None, mixin=None, verb_parser=<colcon_mixin.mixin.mixin_argument.MixinArgumentDecorator object at 0x754a8cb1cd60>, verb_extension=<colcon_core.verb.build.BuildVerb object at 0x754a8cb1c7f0>, main=<bound method BuildVerb.main of <colcon_core.verb.build.BuildVerb object at 0x754a8cb1c7f0>>, mixin_verb=('build',))
[0.385s] Level 1:colcon.colcon_core.package_discovery:discover_packages(colcon_meta) check parameters
[0.386s] INFO:colcon.colcon_metadata.package_discovery.colcon_meta:Using configuration from '/root/.colcon/metadata/default/Gazebo.meta'
[0.386s] INFO:colcon.colcon_metadata.package_discovery.colcon_meta:Using configuration from '/root/.colcon/metadata/default/fastdds.meta'
[0.387s] INFO:colcon.colcon_metadata.package_discovery.colcon_meta:Using configuration from '/root/.colcon/metadata/default/fastrtps.meta'
[0.387s] Level 1:colcon.colcon_core.package_discovery:discover_packages(recursive) check parameters
[0.387s] Level 1:colcon.colcon_core.package_discovery:discover_packages(ignore) check parameters
[0.387s] Level 1:colcon.colcon_core.package_discovery:discover_packages(path) check parameters
[0.387s] Level 1:colcon.colcon_core.package_discovery:discover_packages(colcon_meta) discover
[0.387s] Level 1:colcon.colcon_core.package_discovery:discover_packages(recursive) discover
[0.387s] INFO:colcon.colcon_core.package_discovery:Crawling recursively for packages in '/micro_ros_ws/wall_e_ws'
[0.387s] Level 1:colcon.colcon_core.package_identification:_identify(.) by extensions ['ignore', 'ignore_ament_install']
[0.387s] Level 1:colcon.colcon_core.package_identification:_identify(.) by extension 'ignore'
[0.387s] Level 1:colcon.colcon_core.package_identification:_identify(.) by extension 'ignore_ament_install'
[0.387s] Level 1:colcon.colcon_core.package_identification:_identify(.) by extensions ['colcon_pkg']
[0.387s] Level 1:colcon.colcon_core.package_identification:_identify(.) by extension 'colcon_pkg'
[0.387s] Level 1:colcon.colcon_core.package_identification:_identify(.) by extensions ['colcon_meta']
[0.387s] Level 1:colcon.colcon_core.package_identification:_identify(.) by extension 'colcon_meta'
[0.387s] Level 1:colcon.colcon_core.package_identification:_identify(.) by extensions ['ros']
[0.387s] Level 1:colcon.colcon_core.package_identification:_identify(.) by extension 'ros'
[0.395s] Level 1:colcon.colcon_core.package_identification:_identify(.) by extensions ['cmake', 'python']
[0.395s] Level 1:colcon.colcon_core.package_identification:_identify(.) by extension 'cmake'
[0.395s] Level 1:colcon.colcon_core.package_identification:_identify(.) by extension 'python'
[0.395s] Level 1:colcon.colcon_core.package_identification:_identify(.) by extensions ['python_setup_py']
[0.396s] Level 1:colcon.colcon_core.package_identification:_identify(.) by extension 'python_setup_py'
[0.396s] Level 1:colcon.colcon_core.package_identification:_identify(build) by extensions ['ignore', 'ignore_ament_install']
[0.396s] Level 1:colcon.colcon_core.package_identification:_identify(build) by extension 'ignore'
[0.396s] Level 1:colcon.colcon_core.package_identification:_identify(build) ignored
[0.396s] Level 1:colcon.colcon_core.package_identification:_identify(install) by extensions ['ignore', 'ignore_ament_install']
[0.396s] Level 1:colcon.colcon_core.package_identification:_identify(install) by extension 'ignore'
[0.396s] Level 1:colcon.colcon_core.package_identification:_identify(install) ignored
[0.396s] Level 1:colcon.colcon_core.package_identification:_identify(log) by extensions ['ignore', 'ignore_ament_install']
[0.396s] Level 1:colcon.colcon_core.package_identification:_identify(log) by extension 'ignore'
[0.397s] Level 1:colcon.colcon_core.package_identification:_identify(log) ignored
[0.397s] Level 1:colcon.colcon_core.package_identification:_identify(src) by extensions ['ignore', 'ignore_ament_install']
[0.397s] Level 1:colcon.colcon_core.package_identification:_identify(src) by extension 'ignore'
[0.397s] Level 1:colcon.colcon_core.package_identification:_identify(src) by extension 'ignore_ament_install'
[0.397s] Level 1:colcon.colcon_core.package_identification:_identify(src) by extensions ['colcon_pkg']
[0.397s] Level 1:colcon.colcon_core.package_identification:_identify(src) by extension 'colcon_pkg'
[0.397s] Level 1:colcon.colcon_core.package_identification:_identify(src) by extensions ['colcon_meta']
[0.397s] Level 1:colcon.colcon_core.package_identification:_identify(src) by extension 'colcon_meta'
[0.397s] Level 1:colcon.colcon_core.package_identification:_identify(src) by extensions ['ros']
[0.397s] Level 1:colcon.colcon_core.package_identification:_identify(src) by extension 'ros'
[0.397s] Level 1:colcon.colcon_core.package_identification:_identify(src) by extensions ['cmake', 'python']
[0.397s] Level 1:colcon.colcon_core.package_identification:_identify(src) by extension 'cmake'
[0.397s] Level 1:colcon.colcon_core.package_identification:_identify(src) by extension 'python'
[0.397s] Level 1:colcon.colcon_core.package_identification:_identify(src) by extensions ['python_setup_py']
[0.397s] Level 1:colcon.colcon_core.package_identification:_identify(src) by extension 'python_setup_py'
[0.398s] Level 1:colcon.colcon_core.package_identification:_identify(src/control) by extensions ['ignore', 'ignore_ament_install']
[0.398s] Level 1:colcon.colcon_core.package_identification:_identify(src/control) by extension 'ignore'
[0.398s] Level 1:colcon.colcon_core.package_identification:_identify(src/control) by extension 'ignore_ament_install'
[0.398s] Level 1:colcon.colcon_core.package_identification:_identify(src/control) by extensions ['colcon_pkg']
[0.398s] Level 1:colcon.colcon_core.package_identification:_identify(src/control) by extension 'colcon_pkg'
[0.398s] Level 1:colcon.colcon_core.package_identification:_identify(src/control) by extensions ['colcon_meta']
[0.398s] Level 1:colcon.colcon_core.package_identification:_identify(src/control) by extension 'colcon_meta'
[0.398s] Level 1:colcon.colcon_core.package_identification:_identify(src/control) by extensions ['ros']
[0.398s] Level 1:colcon.colcon_core.package_identification:_identify(src/control) by extension 'ros'
[0.400s] DEBUG:colcon.colcon_core.package_identification:Package 'src/control' with type 'ros.ament_python' and name 'control'
[0.400s] Level 1:colcon.colcon_core.package_identification:_identify(src/custom_interfaces) by extensions ['ignore', 'ignore_ament_install']
[0.400s] Level 1:colcon.colcon_core.package_identification:_identify(src/custom_interfaces) by extension 'ignore'
[0.400s] Level 1:colcon.colcon_core.package_identification:_identify(src/custom_interfaces) by extension 'ignore_ament_install'
[0.400s] Level 1:colcon.colcon_core.package_identification:_identify(src/custom_interfaces) by extensions ['colcon_pkg']
[0.400s] Level 1:colcon.colcon_core.package_identification:_identify(src/custom_interfaces) by extension 'colcon_pkg'
[0.401s] Level 1:colcon.colcon_core.package_identification:_identify(src/custom_interfaces) by extensions ['colcon_meta']
[0.401s] Level 1:colcon.colcon_core.package_identification:_identify(src/custom_interfaces) by extension 'colcon_meta'
[0.401s] Level 1:colcon.colcon_core.package_identification:_identify(src/custom_interfaces) by extensions ['ros']
[0.401s] Level 1:colcon.colcon_core.package_identification:_identify(src/custom_interfaces) by extension 'ros'
[0.402s] DEBUG:colcon.colcon_core.package_identification:Package 'src/custom_interfaces' with type 'ros.ament_cmake' and name 'custom_interfaces'
[0.402s] Level 1:colcon.colcon_core.package_identification:_identify(src/feedback) by extensions ['ignore', 'ignore_ament_install']
[0.402s] Level 1:colcon.colcon_core.package_identification:_identify(src/feedback) by extension 'ignore'
[0.402s] Level 1:colcon.colcon_core.package_identification:_identify(src/feedback) by extension 'ignore_ament_install'
[0.402s] Level 1:colcon.colcon_core.package_identification:_identify(src/feedback) by extensions ['colcon_pkg']
[0.402s] Level 1:colcon.colcon_core.package_identification:_identify(src/feedback) by extension 'colcon_pkg'
[0.402s] Level 1:colcon.colcon_core.package_identification:_identify(src/feedback) by extensions ['colcon_meta']
[0.402s] Level 1:colcon.colcon_core.package_identification:_identify(src/feedback) by extension 'colcon_meta'
[0.402s] Level 1:colcon.colcon_core.package_identification:_identify(src/feedback) by extensions ['ros']
[0.402s] Level 1:colcon.colcon_core.package_identification:_identify(src/feedback) by extension 'ros'
[0.403s] DEBUG:colcon.colcon_core.package_identification:Package 'src/feedback' with type 'ros.ament_python' and name 'feedback'
[0.403s] Level 1:colcon.colcon_core.package_identification:_identify(src/localization) by extensions ['ignore', 'ignore_ament_install']
[0.403s] Level 1:colcon.colcon_core.package_identification:_identify(src/localization) by extension 'ignore'
[0.404s] Level 1:colcon.colcon_core.package_identification:_identify(src/localization) by extension 'ignore_ament_install'
[0.404s] Level 1:colcon.colcon_core.package_identification:_identify(src/localization) by extensions ['colcon_pkg']
[0.404s] Level 1:colcon.colcon_core.package_identification:_identify(src/localization) by extension 'colcon_pkg'
[0.404s] Level 1:colcon.colcon_core.package_identification:_identify(src/localization) by extensions ['colcon_meta']
[0.404s] Level 1:colcon.colcon_core.package_identification:_identify(src/localization) by extension 'colcon_meta'
[0.404s] Level 1:colcon.colcon_core.package_identification:_identify(src/localization) by extensions ['ros']
[0.404s] Level 1:colcon.colcon_core.package_identification:_identify(src/localization) by extension 'ros'
[0.405s] DEBUG:colcon.colcon_core.package_identification:Package 'src/localization' with type 'ros.ament_python' and name 'localization'
[0.405s] Level 1:colcon.colcon_core.package_discovery:discover_packages(recursive) using defaults
[0.405s] Level 1:colcon.colcon_core.package_discovery:discover_packages(ignore) discover
[0.405s] Level 1:colcon.colcon_core.package_discovery:discover_packages(ignore) using defaults
[0.405s] Level 1:colcon.colcon_core.package_discovery:discover_packages(path) discover
[0.405s] Level 1:colcon.colcon_core.package_discovery:discover_packages(path) using defaults
[0.428s] Level 5:colcon.colcon_core.verb:set package 'custom_interfaces' build argument 'cmake_args' from command line to 'None'
[0.428s] Level 5:colcon.colcon_core.verb:set package 'custom_interfaces' build argument 'cmake_target' from command line to 'None'
[0.428s] Level 5:colcon.colcon_core.verb:set package 'custom_interfaces' build argument 'cmake_target_skip_unavailable' from command line to 'False'
[0.428s] Level 5:colcon.colcon_core.verb:set package 'custom_interfaces' build argument 'cmake_clean_cache' from command line to 'False'
[0.428s] Level 5:colcon.colcon_core.verb:set package 'custom_interfaces' build argument 'cmake_clean_first' from command line to 'False'
[0.428s] Level 5:colcon.colcon_core.verb:set package 'custom_interfaces' build argument 'cmake_force_configure' from command line to 'False'
[0.428s] Level 5:colcon.colcon_core.verb:set package 'custom_interfaces' build argument 'ament_cmake_args' from command line to 'None'
[0.428s] Level 5:colcon.colcon_core.verb:set package 'custom_interfaces' build argument 'catkin_cmake_args' from command line to 'None'
[0.428s] Level 5:colcon.colcon_core.verb:set package 'custom_interfaces' build argument 'catkin_skip_building_tests' from command line to 'False'
[0.428s] DEBUG:colcon.colcon_core.verb:Building package 'custom_interfaces' with the following arguments: {'ament_cmake_args': None, 'build_base': '/micro_ros_ws/wall_e_ws/build/custom_interfaces', 'catkin_cmake_args': None, 'catkin_skip_building_tests': False, 'cmake_args': None, 'cmake_clean_cache': False, 'cmake_clean_first': False, 'cmake_force_configure': False, 'cmake_target': None, 'cmake_target_skip_unavailable': False, 'install_base': '/micro_ros_ws/wall_e_ws/install/custom_interfaces', 'merge_install': False, 'path': '/micro_ros_ws/wall_e_ws/src/custom_interfaces', 'symlink_install': False, 'test_result_base': None}
[0.428s] Level 5:colcon.colcon_core.verb:set package 'feedback' build argument 'cmake_args' from command line to 'None'
[0.428s] Level 5:colcon.colcon_core.verb:set package 'feedback' build argument 'cmake_target' from command line to 'None'
[0.428s] Level 5:colcon.colcon_core.verb:set package 'feedback' build argument 'cmake_target_skip_unavailable' from command line to 'False'
[0.428s] Level 5:colcon.colcon_core.verb:set package 'feedback' build argument 'cmake_clean_cache' from command line to 'False'
[0.428s] Level 5:colcon.colcon_core.verb:set package 'feedback' build argument 'cmake_clean_first' from command line to 'False'
[0.428s] Level 5:colcon.colcon_core.verb:set package 'feedback' build argument 'cmake_force_configure' from command line to 'False'
[0.428s] Level 5:colcon.colcon_core.verb:set package 'feedback' build argument 'ament_cmake_args' from command line to 'None'
[0.428s] Level 5:colcon.colcon_core.verb:set package 'feedback' build argument 'catkin_cmake_args' from command line to 'None'
[0.428s] Level 5:colcon.colcon_core.verb:set package 'feedback' build argument 'catkin_skip_building_tests' from command line to 'False'
[0.428s] DEBUG:colcon.colcon_core.verb:Building package 'feedback' with the following arguments: {'ament_cmake_args': None, 'build_base': '/micro_ros_ws/wall_e_ws/build/feedback', 'catkin_cmake_args': None, 'catkin_skip_building_tests': False, 'cmake_args': None, 'cmake_clean_cache': False, 'cmake_clean_first': False, 'cmake_force_configure': False, 'cmake_target': None, 'cmake_target_skip_unavailable': False, 'install_base': '/micro_ros_ws/wall_e_ws/install/feedback', 'merge_install': False, 'path': '/micro_ros_ws/wall_e_ws/src/feedback', 'symlink_install': False, 'test_result_base': None}
[0.429s] Level 5:colcon.colcon_core.verb:set package 'localization' build argument 'cmake_args' from command line to 'None'
[0.429s] Level 5:colcon.colcon_core.verb:set package 'localization' build argument 'cmake_target' from command line to 'None'
[0.429s] Level 5:colcon.colcon_core.verb:set package 'localization' build argument 'cmake_target_skip_unavailable' from command line to 'False'
[0.429s] Level 5:colcon.colcon_core.verb:set package 'localization' build argument 'cmake_clean_cache' from command line to 'False'
[0.429s] Level 5:colcon.colcon_core.verb:set package 'localization' build argument 'cmake_clean_first' from command line to 'False'
[0.429s] Level 5:colcon.colcon_core.verb:set package 'localization' build argument 'cmake_force_configure' from command line to 'False'
[0.429s] Level 5:colcon.colcon_core.verb:set package 'localization' build argument 'ament_cmake_args' from command line to 'None'
[0.429s] Level 5:colcon.colcon_core.verb:set package 'localization' build argument 'catkin_cmake_args' from command line to 'None'
[0.429s] Level 5:colcon.colcon_core.verb:set package 'localization' build argument 'catkin_skip_building_tests' from command line to 'False'
[0.429s] DEBUG:colcon.colcon_core.verb:Building package 'localization' with the following arguments: {'ament_cmake_args': None, 'build_base': '/micro_ros_ws/wall_e_ws/build/localization', 'catkin_cmake_args': None, 'catkin_skip_building_tests': False, 'cmake_args': None, 'cmake_clean_cache': False, 'cmake_clean_first': False, 'cmake_force_configure': False, 'cmake_target': None, 'cmake_target_skip_unavailable': False, 'install_base': '/micro_ros_ws/wall_e_ws/install/localization', 'merge_install': False, 'path': '/micro_ros_ws/wall_e_ws/src/localization', 'symlink_install': False, 'test_result_base': None}
[0.429s] Level 5:colcon.colcon_core.verb:set package 'control' build argument 'cmake_args' from command line to 'None'
[0.429s] Level 5:colcon.colcon_core.verb:set package 'control' build argument 'cmake_target' from command line to 'None'
[0.429s] Level 5:colcon.colcon_core.verb:set package 'control' build argument 'cmake_target_skip_unavailable' from command line to 'False'
[0.429s] Level 5:colcon.colcon_core.verb:set package 'control' build argument 'cmake_clean_cache' from command line to 'False'
[0.429s] Level 5:colcon.colcon_core.verb:set package 'control' build argument 'cmake_clean_first' from command line to 'False'
[0.429s] Level 5:colcon.colcon_core.verb:set package 'control' build argument 'cmake_force_configure' from command line to 'False'
[0.430s] Level 5:colcon.colcon_core.verb:set package 'control' build argument 'ament_cmake_args' from command line to 'None'
[0.430s] Level 5:colcon.colcon_core.verb:set package 'control' build argument 'catkin_cmake_args' from command line to 'None'
[0.430s] Level 5:colcon.colcon_core.verb:set package 'control' build argument 'catkin_skip_building_tests' from command line to 'False'
[0.430s] DEBUG:colcon.colcon_core.verb:Building package 'control' with the following arguments: {'ament_cmake_args': None, 'build_base': '/micro_ros_ws/wall_e_ws/build/control', 'catkin_cmake_args': None, 'catkin_skip_building_tests': False, 'cmake_args': None, 'cmake_clean_cache': False, 'cmake_clean_first': False, 'cmake_force_configure': False, 'cmake_target': None, 'cmake_target_skip_unavailable': False, 'install_base': '/micro_ros_ws/wall_e_ws/install/control', 'merge_install': False, 'path': '/micro_ros_ws/wall_e_ws/src/control', 'symlink_install': False, 'test_result_base': None}
[0.430s] INFO:colcon.colcon_core.executor:Executing jobs using 'parallel' executor
[0.431s] DEBUG:colcon.colcon_parallel_executor.executor.parallel:run_until_complete
[0.431s] INFO:colcon.colcon_ros.task.ament_cmake.build:Building ROS package in '/micro_ros_ws/wall_e_ws/src/custom_interfaces' with build type 'ament_cmake'
[0.431s] INFO:colcon.colcon_cmake.task.cmake.build:Building CMake package in '/micro_ros_ws/wall_e_ws/src/custom_interfaces'
[0.433s] INFO:colcon.colcon_core.plugin_system:Skipping extension 'colcon_core.shell.bat': Not used on non-Windows systems
[0.433s] INFO:colcon.colcon_core.shell:Skip shell extension 'powershell' for command environment: Not usable outside of PowerShell
[0.434s] DEBUG:colcon.colcon_core.shell:Skip shell extension 'dsv' for command environment
[0.442s] INFO:colcon.colcon_ros.task.ament_python.build:Building ROS package in '/micro_ros_ws/wall_e_ws/src/feedback' with build type 'ament_python'
[0.442s] Level 1:colcon.colcon_core.shell:create_environment_hook('feedback', 'ament_prefix_path')
[0.443s] INFO:colcon.colcon_core.shell:Creating environment hook '/micro_ros_ws/wall_e_ws/install/feedback/share/feedback/hook/ament_prefix_path.ps1'
[0.448s] INFO:colcon.colcon_core.shell:Creating environment descriptor '/micro_ros_ws/wall_e_ws/install/feedback/share/feedback/hook/ament_prefix_path.dsv'
[0.455s] INFO:colcon.colcon_core.shell:Creating environment hook '/micro_ros_ws/wall_e_ws/install/feedback/share/feedback/hook/ament_prefix_path.sh'
[0.461s] INFO:colcon.colcon_core.shell:Skip shell extension 'powershell' for command environment: Not usable outside of PowerShell
[0.461s] DEBUG:colcon.colcon_core.shell:Skip shell extension 'dsv' for command environment
[0.504s] INFO:colcon.colcon_ros.task.ament_python.build:Building ROS package in '/micro_ros_ws/wall_e_ws/src/localization' with build type 'ament_python'
[0.504s] Level 1:colcon.colcon_core.shell:create_environment_hook('localization', 'ament_prefix_path')
[0.505s] INFO:colcon.colcon_core.shell:Creating environment hook '/micro_ros_ws/wall_e_ws/install/localization/share/localization/hook/ament_prefix_path.ps1'
[0.508s] INFO:colcon.colcon_core.shell:Creating environment descriptor '/micro_ros_ws/wall_e_ws/install/localization/share/localization/hook/ament_prefix_path.dsv'
[0.513s] INFO:colcon.colcon_core.shell:Creating environment hook '/micro_ros_ws/wall_e_ws/install/localization/share/localization/hook/ament_prefix_path.sh'
[0.520s] INFO:colcon.colcon_core.shell:Skip shell extension 'powershell' for command environment: Not usable outside of PowerShell
[0.521s] DEBUG:colcon.colcon_core.shell:Skip shell extension 'dsv' for command environment
[0.584s] DEBUG:colcon.colcon_core.event_handler.log_command:Invoking command in '/micro_ros_ws/wall_e_ws/build/custom_interfaces': CMAKE_PREFIX_PATH=${CMAKE_PREFIX_PATH}:/micro_ros_ws/wall_e_ws/install/localization:/micro_ros_ws/wall_e_ws/install/feedback:/micro_ros_ws/wall_e_ws/install/control:/micro_ros_ws/install/feedback:/micro_ros_ws/install/control:/opt/ros/humble /usr/bin/cmake --build /micro_ros_ws/wall_e_ws/build/custom_interfaces -- -j12 -l12
[1.391s] INFO:colcon.colcon_core.task.python.build:Building Python package in '/micro_ros_ws/wall_e_ws/src/feedback'
[1.391s] INFO:colcon.colcon_core.shell:Skip shell extension 'powershell' for command environment: Not usable outside of PowerShell
[1.391s] DEBUG:colcon.colcon_core.shell:Skip shell extension 'dsv' for command environment
[1.712s] INFO:colcon.colcon_core.task.python.build:Building Python package in '/micro_ros_ws/wall_e_ws/src/localization'
[1.713s] INFO:colcon.colcon_core.shell:Skip shell extension 'powershell' for command environment: Not usable outside of PowerShell
[1.713s] DEBUG:colcon.colcon_core.shell:Skip shell extension 'dsv' for command environment
[1.726s] DEBUG:colcon.colcon_core.event_handler.log_command:Invoked command in '/micro_ros_ws/wall_e_ws/build/custom_interfaces' returned '0': CMAKE_PREFIX_PATH=${CMAKE_PREFIX_PATH}:/micro_ros_ws/wall_e_ws/install/localization:/micro_ros_ws/wall_e_ws/install/feedback:/micro_ros_ws/wall_e_ws/install/control:/micro_ros_ws/install/feedback:/micro_ros_ws/install/control:/opt/ros/humble /usr/bin/cmake --build /micro_ros_ws/wall_e_ws/build/custom_interfaces -- -j12 -l12
[1.743s] DEBUG:colcon.colcon_core.event_handler.log_command:Invoking command in '/micro_ros_ws/wall_e_ws/build/custom_interfaces': CMAKE_PREFIX_PATH=${CMAKE_PREFIX_PATH}:/micro_ros_ws/wall_e_ws/install/localization:/micro_ros_ws/wall_e_ws/install/feedback:/micro_ros_ws/wall_e_ws/install/control:/micro_ros_ws/install/feedback:/micro_ros_ws/install/control:/opt/ros/humble /usr/bin/cmake --install /micro_ros_ws/wall_e_ws/build/custom_interfaces
[2.239s] Level 1:colcon.colcon_core.environment:create_environment_scripts_only(custom_interfaces)
[2.240s] DEBUG:colcon.colcon_core.event_handler.log_command:Invoked command in '/micro_ros_ws/wall_e_ws/build/custom_interfaces' returned '0': CMAKE_PREFIX_PATH=${CMAKE_PREFIX_PATH}:/micro_ros_ws/wall_e_ws/install/localization:/micro_ros_ws/wall_e_ws/install/feedback:/micro_ros_ws/wall_e_ws/install/control:/micro_ros_ws/install/feedback:/micro_ros_ws/install/control:/opt/ros/humble /usr/bin/cmake --install /micro_ros_ws/wall_e_ws/build/custom_interfaces
[2.242s] Level 1:colcon.colcon_core.environment:checking '/micro_ros_ws/wall_e_ws/install/custom_interfaces' for CMake module files
[2.251s] Level 1:colcon.colcon_core.environment:checking '/micro_ros_ws/wall_e_ws/install/custom_interfaces' for CMake config files
[2.261s] Level 1:colcon.colcon_core.shell:create_environment_hook('custom_interfaces', 'cmake_prefix_path')
[2.261s] INFO:colcon.colcon_core.shell:Creating environment hook '/micro_ros_ws/wall_e_ws/install/custom_interfaces/share/custom_interfaces/hook/cmake_prefix_path.ps1'
[2.262s] INFO:colcon.colcon_core.shell:Creating environment descriptor '/micro_ros_ws/wall_e_ws/install/custom_interfaces/share/custom_interfaces/hook/cmake_prefix_path.dsv'
[2.263s] INFO:colcon.colcon_core.shell:Creating environment hook '/micro_ros_ws/wall_e_ws/install/custom_interfaces/share/custom_interfaces/hook/cmake_prefix_path.sh'
[2.265s] Level 1:colcon.colcon_core.environment:checking '/micro_ros_ws/wall_e_ws/install/custom_interfaces/lib'
[2.265s] Level 1:colcon.colcon_core.shell:create_environment_hook('custom_interfaces', 'ld_library_path_lib')
[2.265s] INFO:colcon.colcon_core.shell:Creating environment hook '/micro_ros_ws/wall_e_ws/install/custom_interfaces/share/custom_interfaces/hook/ld_library_path_lib.ps1'
[2.266s] INFO:colcon.colcon_core.shell:Creating environment descriptor '/micro_ros_ws/wall_e_ws/install/custom_interfaces/share/custom_interfaces/hook/ld_library_path_lib.dsv'
[2.267s] INFO:colcon.colcon_core.shell:Creating environment hook '/micro_ros_ws/wall_e_ws/install/custom_interfaces/share/custom_interfaces/hook/ld_library_path_lib.sh'
[2.268s] Level 1:colcon.colcon_core.environment:checking '/micro_ros_ws/wall_e_ws/install/custom_interfaces/bin'
[2.268s] Level 1:colcon.colcon_core.environment:checking '/micro_ros_ws/wall_e_ws/install/custom_interfaces/lib/pkgconfig/custom_interfaces.pc'
[2.268s] Level 1:colcon.colcon_core.environment:checking '/micro_ros_ws/wall_e_ws/install/custom_interfaces/lib/python3.10/site-packages'
[2.269s] Level 1:colcon.colcon_core.environment:checking '/micro_ros_ws/wall_e_ws/install/custom_interfaces/bin'
[2.269s] INFO:colcon.colcon_core.shell:Creating package script '/micro_ros_ws/wall_e_ws/install/custom_interfaces/share/custom_interfaces/package.ps1'
[2.270s] INFO:colcon.colcon_core.shell:Creating package descriptor '/micro_ros_ws/wall_e_ws/install/custom_interfaces/share/custom_interfaces/package.dsv'
[2.271s] INFO:colcon.colcon_core.shell:Creating package script '/micro_ros_ws/wall_e_ws/install/custom_interfaces/share/custom_interfaces/package.sh'
[2.272s] INFO:colcon.colcon_core.shell:Creating package script '/micro_ros_ws/wall_e_ws/install/custom_interfaces/share/custom_interfaces/package.bash'
[2.272s] INFO:colcon.colcon_core.shell:Creating package script '/micro_ros_ws/wall_e_ws/install/custom_interfaces/share/custom_interfaces/package.zsh'
[2.273s] Level 1:colcon.colcon_core.environment:create_file_with_runtime_dependencies(/micro_ros_ws/wall_e_ws/install/custom_interfaces/share/colcon-core/packages/custom_interfaces)
[2.274s] Level 1:colcon.colcon_core.environment:create_environment_scripts_only(custom_interfaces)
[2.274s] Level 1:colcon.colcon_core.environment:checking '/micro_ros_ws/wall_e_ws/install/custom_interfaces' for CMake module files
[2.277s] Level 1:colcon.colcon_core.environment:checking '/micro_ros_ws/wall_e_ws/install/custom_interfaces' for CMake config files
[2.282s] Level 1:colcon.colcon_core.shell:create_environment_hook('custom_interfaces', 'cmake_prefix_path')
[2.282s] INFO:colcon.colcon_core.shell:Creating environment hook '/micro_ros_ws/wall_e_ws/install/custom_interfaces/share/custom_interfaces/hook/cmake_prefix_path.ps1'
[2.283s] INFO:colcon.colcon_core.shell:Creating environment descriptor '/micro_ros_ws/wall_e_ws/install/custom_interfaces/share/custom_interfaces/hook/cmake_prefix_path.dsv'
[2.284s] INFO:colcon.colcon_core.shell:Creating environment hook '/micro_ros_ws/wall_e_ws/install/custom_interfaces/share/custom_interfaces/hook/cmake_prefix_path.sh'
[2.285s] Level 1:colcon.colcon_core.environment:checking '/micro_ros_ws/wall_e_ws/install/custom_interfaces/lib'
[2.285s] Level 1:colcon.colcon_core.shell:create_environment_hook('custom_interfaces', 'ld_library_path_lib')
[2.285s] INFO:colcon.colcon_core.shell:Creating environment hook '/micro_ros_ws/wall_e_ws/install/custom_interfaces/share/custom_interfaces/hook/ld_library_path_lib.ps1'
[2.286s] INFO:colcon.colcon_core.shell:Creating environment descriptor '/micro_ros_ws/wall_e_ws/install/custom_interfaces/share/custom_interfaces/hook/ld_library_path_lib.dsv'
[2.287s] INFO:colcon.colcon_core.shell:Creating environment hook '/micro_ros_ws/wall_e_ws/install/custom_interfaces/share/custom_interfaces/hook/ld_library_path_lib.sh'
[2.287s] Level 1:colcon.colcon_core.environment:checking '/micro_ros_ws/wall_e_ws/install/custom_interfaces/bin'
[2.287s] Level 1:colcon.colcon_core.environment:checking '/micro_ros_ws/wall_e_ws/install/custom_interfaces/lib/pkgconfig/custom_interfaces.pc'
[2.288s] Level 1:colcon.colcon_core.environment:checking '/micro_ros_ws/wall_e_ws/install/custom_interfaces/lib/python3.10/site-packages'
[2.288s] Level 1:colcon.colcon_core.environment:checking '/micro_ros_ws/wall_e_ws/install/custom_interfaces/bin'
[2.289s] INFO:colcon.colcon_core.shell:Creating package script '/micro_ros_ws/wall_e_ws/install/custom_interfaces/share/custom_interfaces/package.ps1'
[2.290s] INFO:colcon.colcon_core.shell:Creating package descriptor '/micro_ros_ws/wall_e_ws/install/custom_interfaces/share/custom_interfaces/package.dsv'
[2.290s] INFO:colcon.colcon_core.shell:Creating package script '/micro_ros_ws/wall_e_ws/install/custom_interfaces/share/custom_interfaces/package.sh'
[2.291s] INFO:colcon.colcon_core.shell:Creating package script '/micro_ros_ws/wall_e_ws/install/custom_interfaces/share/custom_interfaces/package.bash'
[2.292s] INFO:colcon.colcon_core.shell:Creating package script '/micro_ros_ws/wall_e_ws/install/custom_interfaces/share/custom_interfaces/package.zsh'
[2.292s] Level 1:colcon.colcon_core.environment:create_file_with_runtime_dependencies(/micro_ros_ws/wall_e_ws/install/custom_interfaces/share/colcon-core/packages/custom_interfaces)
[2.293s] INFO:colcon.colcon_ros.task.ament_python.build:Building ROS package in '/micro_ros_ws/wall_e_ws/src/control' with build type 'ament_python'
[2.293s] Level 1:colcon.colcon_core.shell:create_environment_hook('control', 'ament_prefix_path')
[2.294s] INFO:colcon.colcon_core.shell:Creating environment hook '/micro_ros_ws/wall_e_ws/install/control/share/control/hook/ament_prefix_path.ps1'
[2.294s] INFO:colcon.colcon_core.shell:Creating environment descriptor '/micro_ros_ws/wall_e_ws/install/control/share/control/hook/ament_prefix_path.dsv'
[2.295s] INFO:colcon.colcon_core.shell:Creating environment hook '/micro_ros_ws/wall_e_ws/install/control/share/control/hook/ament_prefix_path.sh'
[2.296s] INFO:colcon.colcon_core.shell:Skip shell extension 'powershell' for command environment: Not usable outside of PowerShell
[2.296s] DEBUG:colcon.colcon_core.shell:Skip shell extension 'dsv' for command environment
[2.308s] DEBUG:colcon.colcon_core.event_handler.log_command:Invoking command in '/micro_ros_ws/wall_e_ws/src/feedback': PYTHONPATH=/micro_ros_ws/wall_e_ws/build/feedback/prefix_override:/usr/lib/python3/dist-packages/colcon_core/task/python/colcon_distutils_commands:/micro_ros_ws/wall_e_ws/install/feedback/lib/python3.10/site-packages:${PYTHONPATH} /usr/bin/python3 -W ignore:setup.py install is deprecated -W ignore:easy_install command is deprecated setup.py egg_info --egg-base ../../build/feedback build --build-base /micro_ros_ws/wall_e_ws/build/feedback/build install --record /micro_ros_ws/wall_e_ws/build/feedback/install.log --single-version-externally-managed install_data
[2.680s] INFO:colcon.colcon_core.task.python.build:Building Python package in '/micro_ros_ws/wall_e_ws/src/control'
[2.680s] INFO:colcon.colcon_core.shell:Skip shell extension 'powershell' for command environment: Not usable outside of PowerShell
[2.680s] DEBUG:colcon.colcon_core.shell:Skip shell extension 'dsv' for command environment
[2.688s] DEBUG:colcon.colcon_core.event_handler.log_command:Invoking command in '/micro_ros_ws/wall_e_ws/src/localization': PYTHONPATH=/micro_ros_ws/wall_e_ws/build/localization/prefix_override:/usr/lib/python3/dist-packages/colcon_core/task/python/colcon_distutils_commands:/micro_ros_ws/wall_e_ws/install/localization/lib/python3.10/site-packages:${PYTHONPATH} /usr/bin/python3 -W ignore:setup.py install is deprecated -W ignore:easy_install command is deprecated setup.py egg_info --egg-base ../../build/localization build --build-base /micro_ros_ws/wall_e_ws/build/localization/build install --record /micro_ros_ws/wall_e_ws/build/localization/install.log --single-version-externally-managed install_data
[2.710s] Level 1:colcon.colcon_core.environment:checking '/micro_ros_ws/wall_e_ws/install/feedback' for CMake module files
[2.710s] DEBUG:colcon.colcon_core.event_handler.log_command:Invoked command in '/micro_ros_ws/wall_e_ws/src/feedback' returned '0': PYTHONPATH=/micro_ros_ws/wall_e_ws/build/feedback/prefix_override:/usr/lib/python3/dist-packages/colcon_core/task/python/colcon_distutils_commands:/micro_ros_ws/wall_e_ws/install/feedback/lib/python3.10/site-packages:${PYTHONPATH} /usr/bin/python3 -W ignore:setup.py install is deprecated -W ignore:easy_install command is deprecated setup.py egg_info --egg-base ../../build/feedback build --build-base /micro_ros_ws/wall_e_ws/build/feedback/build install --record /micro_ros_ws/wall_e_ws/build/feedback/install.log --single-version-externally-managed install_data
[2.712s] Level 1:colcon.colcon_core.environment:checking '/micro_ros_ws/wall_e_ws/install/feedback' for CMake config files
[2.715s] Level 1:colcon.colcon_core.environment:checking '/micro_ros_ws/wall_e_ws/install/feedback/lib'
[2.715s] Level 1:colcon.colcon_core.environment:checking '/micro_ros_ws/wall_e_ws/install/feedback/bin'
[2.716s] Level 1:colcon.colcon_core.environment:checking '/micro_ros_ws/wall_e_ws/install/feedback/lib/pkgconfig/feedback.pc'
[2.716s] Level 1:colcon.colcon_core.environment:checking '/micro_ros_ws/wall_e_ws/install/feedback/lib/python3.10/site-packages'
[2.716s] Level 1:colcon.colcon_core.shell:create_environment_hook('feedback', 'pythonpath')
[2.716s] INFO:colcon.colcon_core.shell:Creating environment hook '/micro_ros_ws/wall_e_ws/install/feedback/share/feedback/hook/pythonpath.ps1'
[2.717s] INFO:colcon.colcon_core.shell:Creating environment descriptor '/micro_ros_ws/wall_e_ws/install/feedback/share/feedback/hook/pythonpath.dsv'
[2.718s] INFO:colcon.colcon_core.shell:Creating environment hook '/micro_ros_ws/wall_e_ws/install/feedback/share/feedback/hook/pythonpath.sh'
[2.719s] Level 1:colcon.colcon_core.environment:checking '/micro_ros_ws/wall_e_ws/install/feedback/bin'
[2.719s] Level 1:colcon.colcon_core.environment:create_environment_scripts_only(feedback)
[2.719s] INFO:colcon.colcon_core.shell:Creating package script '/micro_ros_ws/wall_e_ws/install/feedback/share/feedback/package.ps1'
[2.720s] INFO:colcon.colcon_core.shell:Creating package descriptor '/micro_ros_ws/wall_e_ws/install/feedback/share/feedback/package.dsv'
[2.721s] INFO:colcon.colcon_core.shell:Creating package script '/micro_ros_ws/wall_e_ws/install/feedback/share/feedback/package.sh'
[2.721s] INFO:colcon.colcon_core.shell:Creating package script '/micro_ros_ws/wall_e_ws/install/feedback/share/feedback/package.bash'
[2.722s] INFO:colcon.colcon_core.shell:Creating package script '/micro_ros_ws/wall_e_ws/install/feedback/share/feedback/package.zsh'
[2.723s] Level 1:colcon.colcon_core.environment:create_file_with_runtime_dependencies(/micro_ros_ws/wall_e_ws/install/feedback/share/colcon-core/packages/feedback)
[3.015s] Level 1:colcon.colcon_core.environment:checking '/micro_ros_ws/wall_e_ws/install/localization' for CMake module files
[3.016s] DEBUG:colcon.colcon_core.event_handler.log_command:Invoked command in '/micro_ros_ws/wall_e_ws/src/localization' returned '0': PYTHONPATH=/micro_ros_ws/wall_e_ws/build/localization/prefix_override:/usr/lib/python3/dist-packages/colcon_core/task/python/colcon_distutils_commands:/micro_ros_ws/wall_e_ws/install/localization/lib/python3.10/site-packages:${PYTHONPATH} /usr/bin/python3 -W ignore:setup.py install is deprecated -W ignore:easy_install command is deprecated setup.py egg_info --egg-base ../../build/localization build --build-base /micro_ros_ws/wall_e_ws/build/localization/build install --record /micro_ros_ws/wall_e_ws/build/localization/install.log --single-version-externally-managed install_data
[3.017s] Level 1:colcon.colcon_core.environment:checking '/micro_ros_ws/wall_e_ws/install/localization' for CMake config files
[3.019s] Level 1:colcon.colcon_core.environment:checking '/micro_ros_ws/wall_e_ws/install/localization/lib'
[3.020s] Level 1:colcon.colcon_core.environment:checking '/micro_ros_ws/wall_e_ws/install/localization/bin'
[3.020s] Level 1:colcon.colcon_core.environment:checking '/micro_ros_ws/wall_e_ws/install/localization/lib/pkgconfig/localization.pc'
[3.020s] Level 1:colcon.colcon_core.environment:checking '/micro_ros_ws/wall_e_ws/install/localization/lib/python3.10/site-packages'
[3.020s] Level 1:colcon.colcon_core.shell:create_environment_hook('localization', 'pythonpath')
[3.020s] INFO:colcon.colcon_core.shell:Creating environment hook '/micro_ros_ws/wall_e_ws/install/localization/share/localization/hook/pythonpath.ps1'
[3.021s] INFO:colcon.colcon_core.shell:Creating environment descriptor '/micro_ros_ws/wall_e_ws/install/localization/share/localization/hook/pythonpath.dsv'
[3.021s] INFO:colcon.colcon_core.shell:Creating environment hook '/micro_ros_ws/wall_e_ws/install/localization/share/localization/hook/pythonpath.sh'
[3.022s] Level 1:colcon.colcon_core.environment:checking '/micro_ros_ws/wall_e_ws/install/localization/bin'
[3.022s] Level 1:colcon.colcon_core.environment:create_environment_scripts_only(localization)
[3.022s] INFO:colcon.colcon_core.shell:Creating package script '/micro_ros_ws/wall_e_ws/install/localization/share/localization/package.ps1'
[3.023s] INFO:colcon.colcon_core.shell:Creating package descriptor '/micro_ros_ws/wall_e_ws/install/localization/share/localization/package.dsv'
[3.023s] INFO:colcon.colcon_core.shell:Creating package script '/micro_ros_ws/wall_e_ws/install/localization/share/localization/package.sh'
[3.023s] INFO:colcon.colcon_core.shell:Creating package script '/micro_ros_ws/wall_e_ws/install/localization/share/localization/package.bash'
[3.024s] INFO:colcon.colcon_core.shell:Creating package script '/micro_ros_ws/wall_e_ws/install/localization/share/localization/package.zsh'
[3.024s] Level 1:colcon.colcon_core.environment:create_file_with_runtime_dependencies(/micro_ros_ws/wall_e_ws/install/localization/share/colcon-core/packages/localization)
[3.064s] DEBUG:colcon.colcon_core.event_handler.log_command:Invoking command in '/micro_ros_ws/wall_e_ws/src/control': PYTHONPATH=/micro_ros_ws/wall_e_ws/build/control/prefix_override:/usr/lib/python3/dist-packages/colcon_core/task/python/colcon_distutils_commands:/micro_ros_ws/wall_e_ws/install/control/lib/python3.10/site-packages:${PYTHONPATH} /usr/bin/python3 -W ignore:setup.py install is deprecated -W ignore:easy_install command is deprecated setup.py egg_info --egg-base ../../build/control build --build-base /micro_ros_ws/wall_e_ws/build/control/build install --record /micro_ros_ws/wall_e_ws/build/control/install.log --single-version-externally-managed install_data
[3.343s] Level 1:colcon.colcon_core.environment:checking '/micro_ros_ws/wall_e_ws/install/control' for CMake module files
[3.344s] DEBUG:colcon.colcon_core.event_handler.log_command:Invoked command in '/micro_ros_ws/wall_e_ws/src/control' returned '0': PYTHONPATH=/micro_ros_ws/wall_e_ws/build/control/prefix_override:/usr/lib/python3/dist-packages/colcon_core/task/python/colcon_distutils_commands:/micro_ros_ws/wall_e_ws/install/control/lib/python3.10/site-packages:${PYTHONPATH} /usr/bin/python3 -W ignore:setup.py install is deprecated -W ignore:easy_install command is deprecated setup.py egg_info --egg-base ../../build/control build --build-base /micro_ros_ws/wall_e_ws/build/control/build install --record /micro_ros_ws/wall_e_ws/build/control/install.log --single-version-externally-managed install_data
[3.345s] Level 1:colcon.colcon_core.environment:checking '/micro_ros_ws/wall_e_ws/install/control' for CMake config files
[3.348s] Level 1:colcon.colcon_core.environment:checking '/micro_ros_ws/wall_e_ws/install/control/lib'
[3.349s] Level 1:colcon.colcon_core.environment:checking '/micro_ros_ws/wall_e_ws/install/control/bin'
[3.349s] Level 1:colcon.colcon_core.environment:checking '/micro_ros_ws/wall_e_ws/install/control/lib/pkgconfig/control.pc'
[3.349s] Level 1:colcon.colcon_core.environment:checking '/micro_ros_ws/wall_e_ws/install/control/lib/python3.10/site-packages'
[3.349s] Level 1:colcon.colcon_core.shell:create_environment_hook('control', 'pythonpath')
[3.350s] INFO:colcon.colcon_core.shell:Creating environment hook '/micro_ros_ws/wall_e_ws/install/control/share/control/hook/pythonpath.ps1'
[3.351s] INFO:colcon.colcon_core.shell:Creating environment descriptor '/micro_ros_ws/wall_e_ws/install/control/share/control/hook/pythonpath.dsv'
[3.353s] INFO:colcon.colcon_core.shell:Creating environment hook '/micro_ros_ws/wall_e_ws/install/control/share/control/hook/pythonpath.sh'
[3.355s] Level 1:colcon.colcon_core.environment:checking '/micro_ros_ws/wall_e_ws/install/control/bin'
[3.355s] Level 1:colcon.colcon_core.environment:create_environment_scripts_only(control)
[3.356s] INFO:colcon.colcon_core.shell:Creating package script '/micro_ros_ws/wall_e_ws/install/control/share/control/package.ps1'
[3.357s] INFO:colcon.colcon_core.shell:Creating package descriptor '/micro_ros_ws/wall_e_ws/install/control/share/control/package.dsv'
[3.358s] INFO:colcon.colcon_core.shell:Creating package script '/micro_ros_ws/wall_e_ws/install/control/share/control/package.sh'
[3.358s] INFO:colcon.colcon_core.shell:Creating package script '/micro_ros_ws/wall_e_ws/install/control/share/control/package.bash'
[3.359s] INFO:colcon.colcon_core.shell:Creating package script '/micro_ros_ws/wall_e_ws/install/control/share/control/package.zsh'
[3.361s] Level 1:colcon.colcon_core.environment:create_file_with_runtime_dependencies(/micro_ros_ws/wall_e_ws/install/control/share/colcon-core/packages/control)
[3.362s] DEBUG:colcon.colcon_parallel_executor.executor.parallel:closing loop
[3.362s] DEBUG:colcon.colcon_parallel_executor.executor.parallel:loop closed
[3.362s] DEBUG:colcon.colcon_parallel_executor.executor.parallel:run_until_complete finished with '0'
[3.362s] DEBUG:colcon.colcon_core.event_reactor:joining thread
[3.371s] INFO:colcon.colcon_core.plugin_system:Skipping extension 'colcon_notification.desktop_notification.notify_send': Could not find 'notify-send'
[3.371s] INFO:colcon.colcon_core.plugin_system:Skipping extension 'colcon_notification.desktop_notification.terminal_notifier': Not used on non-Darwin systems
[3.371s] INFO:colcon.colcon_core.plugin_system:Skipping extension 'colcon_notification.desktop_notification.win32': Not used on non-Windows systems
[3.371s] INFO:colcon.colcon_notification.desktop_notification:Sending desktop notification using 'notify2'
[3.371s] DEBUG:colcon.colcon_notification.desktop_notification.notify2:Failed to initialize notify2: org.freedesktop.DBus.Error.NotSupported: Unable to autolaunch a dbus-daemon without a $DISPLAY for X11
[3.371s] DEBUG:colcon.colcon_core.event_reactor:joined thread
[3.372s] INFO:colcon.colcon_core.shell:Creating prefix script '/micro_ros_ws/wall_e_ws/install/local_setup.ps1'
[3.373s] INFO:colcon.colcon_core.shell:Creating prefix util module '/micro_ros_ws/wall_e_ws/install/_local_setup_util_ps1.py'
[3.376s] INFO:colcon.colcon_core.shell:Creating prefix chain script '/micro_ros_ws/wall_e_ws/install/setup.ps1'
[3.382s] INFO:colcon.colcon_core.shell:Creating prefix script '/micro_ros_ws/wall_e_ws/install/local_setup.sh'
[3.383s] INFO:colcon.colcon_core.shell:Creating prefix util module '/micro_ros_ws/wall_e_ws/install/_local_setup_util_sh.py'
[3.384s] INFO:colcon.colcon_core.shell:Creating prefix chain script '/micro_ros_ws/wall_e_ws/install/setup.sh'
[3.391s] INFO:colcon.colcon_core.shell:Creating prefix script '/micro_ros_ws/wall_e_ws/install/local_setup.bash'
[3.392s] INFO:colcon.colcon_core.shell:Creating prefix chain script '/micro_ros_ws/wall_e_ws/install/setup.bash'
[3.395s] INFO:colcon.colcon_core.shell:Creating prefix script '/micro_ros_ws/wall_e_ws/install/local_setup.zsh'
[3.397s] INFO:colcon.colcon_core.shell:Creating prefix chain script '/micro_ros_ws/wall_e_ws/install/setup.zsh'
