[1.241s] Invoking command in '/micro_ros_ws/wall_e_ws/src/feedback': PYTHONPATH=/micro_ros_ws/wall_e_ws/build/feedback/prefix_override:/usr/lib/python3/dist-packages/colcon_core/task/python/colcon_distutils_commands:/micro_ros_ws/wall_e_ws/install/feedback/lib/python3.10/site-packages:${PYTHONPATH} /usr/bin/python3 -W ignore:setup.py install is deprecated -W ignore:easy_install command is deprecated setup.py egg_info --egg-base ../../build/feedback build --build-base /micro_ros_ws/wall_e_ws/build/feedback/build install --record /micro_ros_ws/wall_e_ws/build/feedback/install.log --single-version-externally-managed install_data
[1.493s] running egg_info
[1.494s] writing ../../build/feedback/feedback.egg-info/PKG-INFO
[1.494s] writing dependency_links to ../../build/feedback/feedback.egg-info/dependency_links.txt
[1.494s] writing entry points to ../../build/feedback/feedback.egg-info/entry_points.txt
[1.495s] writing requirements to ../../build/feedback/feedback.egg-info/requires.txt
[1.495s] writing top-level names to ../../build/feedback/feedback.egg-info/top_level.txt
[1.499s] reading manifest file '../../build/feedback/feedback.egg-info/SOURCES.txt'
[1.501s] adding license file 'LICENSE'
[1.505s] writing manifest file '../../build/feedback/feedback.egg-info/SOURCES.txt'
[1.506s] running build
[1.507s] running build_py
[1.518s] running install
[1.520s] running install_lib
[1.531s] running install_data
[1.532s] running install_egg_info
[1.535s] removing '/micro_ros_ws/wall_e_ws/install/feedback/lib/python3.10/site-packages/feedback-0.0.0-py3.10.egg-info' (and everything under it)
[1.538s] Copying ../../build/feedback/feedback.egg-info to /micro_ros_ws/wall_e_ws/install/feedback/lib/python3.10/site-packages/feedback-0.0.0-py3.10.egg-info
[1.546s] running install_scripts
[1.568s] Installing imu_filter_node script to /micro_ros_ws/wall_e_ws/install/feedback/lib/feedback
[1.568s] Installing range_filter_node script to /micro_ros_ws/wall_e_ws/install/feedback/lib/feedback
[1.569s] Installing sensor_fusion_node script to /micro_ros_ws/wall_e_ws/install/feedback/lib/feedback
[1.569s] writing list of installed files to '/micro_ros_ws/wall_e_ws/build/feedback/install.log'
[1.595s] Invoked command in '/micro_ros_ws/wall_e_ws/src/feedback' returned '0': PYTHONPATH=/micro_ros_ws/wall_e_ws/build/feedback/prefix_override:/usr/lib/python3/dist-packages/colcon_core/task/python/colcon_distutils_commands:/micro_ros_ws/wall_e_ws/install/feedback/lib/python3.10/site-packages:${PYTHONPATH} /usr/bin/python3 -W ignore:setup.py install is deprecated -W ignore:easy_install command is deprecated setup.py egg_info --egg-base ../../build/feedback build --build-base /micro_ros_ws/wall_e_ws/build/feedback/build install --record /micro_ros_ws/wall_e_ws/build/feedback/install.log --single-version-externally-managed install_data
