[0.481s] Invoking command in '/micro_ros_ws/wall_e_ws/src/feedback': PYTHONPATH=/micro_ros_ws/wall_e_ws/build/feedback/prefix_override:/usr/lib/python3/dist-packages/colcon_core/task/python/colcon_distutils_commands:/micro_ros_ws/wall_e_ws/install/feedback/lib/python3.10/site-packages:${PYTHONPATH} /usr/bin/python3 -W ignore:setup.py install is deprecated -W ignore:easy_install command is deprecated setup.py egg_info --egg-base ../../build/feedback build --build-base /micro_ros_ws/wall_e_ws/build/feedback/build install --record /micro_ros_ws/wall_e_ws/build/feedback/install.log --single-version-externally-managed install_data
[0.640s] running egg_info
[0.640s] creating ../../build/feedback/feedback.egg-info
[0.640s] writing ../../build/feedback/feedback.egg-info/PKG-INFO
[0.641s] writing dependency_links to ../../build/feedback/feedback.egg-info/dependency_links.txt
[0.642s] writing entry points to ../../build/feedback/feedback.egg-info/entry_points.txt
[0.643s] writing requirements to ../../build/feedback/feedback.egg-info/requires.txt
[0.643s] writing top-level names to ../../build/feedback/feedback.egg-info/top_level.txt
[0.644s] writing manifest file '../../build/feedback/feedback.egg-info/SOURCES.txt'
[0.648s] reading manifest file '../../build/feedback/feedback.egg-info/SOURCES.txt'
[0.651s] adding license file 'LICENSE'
[0.653s] writing manifest file '../../build/feedback/feedback.egg-info/SOURCES.txt'
[0.653s] running build
[0.654s] running build_py
[0.654s] creating /micro_ros_ws/wall_e_ws/build/feedback/build
[0.655s] creating /micro_ros_ws/wall_e_ws/build/feedback/build/lib
[0.655s] creating /micro_ros_ws/wall_e_ws/build/feedback/build/lib/feedback
[0.656s] copying feedback/imu_filter.py -> /micro_ros_ws/wall_e_ws/build/feedback/build/lib/feedback
[0.658s] copying feedback/range_filter.py -> /micro_ros_ws/wall_e_ws/build/feedback/build/lib/feedback
[0.660s] copying feedback/sensor_fusion.py -> /micro_ros_ws/wall_e_ws/build/feedback/build/lib/feedback
[0.661s] copying feedback/__init__.py -> /micro_ros_ws/wall_e_ws/build/feedback/build/lib/feedback
[0.663s] running install
[0.667s] running install_lib
[0.667s] creating /micro_ros_ws/wall_e_ws/install/feedback/lib/python3.10/site-packages/feedback
[0.667s] copying /micro_ros_ws/wall_e_ws/build/feedback/build/lib/feedback/imu_filter.py -> /micro_ros_ws/wall_e_ws/install/feedback/lib/python3.10/site-packages/feedback
[0.670s] copying /micro_ros_ws/wall_e_ws/build/feedback/build/lib/feedback/range_filter.py -> /micro_ros_ws/wall_e_ws/install/feedback/lib/python3.10/site-packages/feedback
[0.670s] copying /micro_ros_ws/wall_e_ws/build/feedback/build/lib/feedback/sensor_fusion.py -> /micro_ros_ws/wall_e_ws/install/feedback/lib/python3.10/site-packages/feedback
[0.673s] copying /micro_ros_ws/wall_e_ws/build/feedback/build/lib/feedback/__init__.py -> /micro_ros_ws/wall_e_ws/install/feedback/lib/python3.10/site-packages/feedback
[0.676s] byte-compiling /micro_ros_ws/wall_e_ws/install/feedback/lib/python3.10/site-packages/feedback/imu_filter.py to imu_filter.cpython-310.pyc
[0.679s] byte-compiling /micro_ros_ws/wall_e_ws/install/feedback/lib/python3.10/site-packages/feedback/range_filter.py to range_filter.cpython-310.pyc
[0.681s] byte-compiling /micro_ros_ws/wall_e_ws/install/feedback/lib/python3.10/site-packages/feedback/sensor_fusion.py to sensor_fusion.cpython-310.pyc
[0.683s] byte-compiling /micro_ros_ws/wall_e_ws/install/feedback/lib/python3.10/site-packages/feedback/__init__.py to __init__.cpython-310.pyc
[0.685s] running install_data
[0.686s] creating /micro_ros_ws/wall_e_ws/install/feedback/share/ament_index
[0.686s] creating /micro_ros_ws/wall_e_ws/install/feedback/share/ament_index/resource_index
[0.686s] creating /micro_ros_ws/wall_e_ws/install/feedback/share/ament_index/resource_index/packages
[0.687s] copying resource/feedback -> /micro_ros_ws/wall_e_ws/install/feedback/share/ament_index/resource_index/packages
[0.688s] copying package.xml -> /micro_ros_ws/wall_e_ws/install/feedback/share/feedback
[0.688s] running install_egg_info
[0.692s] Copying ../../build/feedback/feedback.egg-info to /micro_ros_ws/wall_e_ws/install/feedback/lib/python3.10/site-packages/feedback-0.0.0-py3.10.egg-info
[0.700s] running install_scripts
[0.728s] Installing imu_filter_node script to /micro_ros_ws/wall_e_ws/install/feedback/lib/feedback
[0.728s] Installing range_filter_node script to /micro_ros_ws/wall_e_ws/install/feedback/lib/feedback
[0.729s] Installing sensor_fusion_node script to /micro_ros_ws/wall_e_ws/install/feedback/lib/feedback
[0.729s] writing list of installed files to '/micro_ros_ws/wall_e_ws/build/feedback/install.log'
[0.755s] Invoked command in '/micro_ros_ws/wall_e_ws/src/feedback' returned '0': PYTHONPATH=/micro_ros_ws/wall_e_ws/build/feedback/prefix_override:/usr/lib/python3/dist-packages/colcon_core/task/python/colcon_distutils_commands:/micro_ros_ws/wall_e_ws/install/feedback/lib/python3.10/site-packages:${PYTHONPATH} /usr/bin/python3 -W ignore:setup.py install is deprecated -W ignore:easy_install command is deprecated setup.py egg_info --egg-base ../../build/feedback build --build-base /micro_ros_ws/wall_e_ws/build/feedback/build install --record /micro_ros_ws/wall_e_ws/build/feedback/install.log --single-version-externally-managed install_data
