[0.046s] Invoking command in '/micro_ros_ws/wall_e_ws/build/custom_interfaces': CMAKE_PREFIX_PATH=${CMAKE_PREFIX_PATH}:/micro_ros_ws/wall_e_ws/install/localization:/micro_ros_ws/wall_e_ws/install/feedback:/micro_ros_ws/wall_e_ws/install/control:/micro_ros_ws/install/feedback:/micro_ros_ws/install/control:/opt/ros/humble /usr/bin/cmake --build /micro_ros_ws/wall_e_ws/build/custom_interfaces -- -j12 -l12
[0.328s] [  3%] Built target custom_interfaces__rs
[0.328s] [  6%] Built target custom_interfaces__cpp
[0.329s] [ 15%] Built target custom_interfaces__rosidl_generator_c
[0.329s] [ 15%] Built target ament_cmake_python_copy_custom_interfaces
[0.329s] [ 28%] Built target custom_interfaces__rosidl_typesupport_introspection_cpp
[0.329s] [ 34%] Built target custom_interfaces__rosidl_typesupport_fastrtps_cpp
[0.329s] [ 43%] Built target custom_interfaces__rosidl_typesupport_cpp
[0.330s] [ 53%] Built target custom_interfaces__rosidl_typesupport_fastrtps_c
[0.330s] [ 68%] Built target custom_interfaces__rosidl_typesupport_c
[0.330s] [ 71%] Built target custom_interfaces__rosidl_typesupport_introspection_c
[0.330s] [ 71%] Built target custom_interfaces
[0.353s] [ 75%] Built target custom_interfaces__py
[0.390s] [ 81%] Built target custom_interfaces__rosidl_generator_py
[0.453s] [ 87%] Built target custom_interfaces__rosidl_typesupport_c__pyext
[0.454s] [ 96%] Built target custom_interfaces__rosidl_typesupport_fastrtps_c__pyext
[0.454s] [100%] Built target custom_interfaces__rosidl_typesupport_introspection_c__pyext
[0.471s] running egg_info
[0.472s] writing custom_interfaces.egg-info/PKG-INFO
[0.472s] writing dependency_links to custom_interfaces.egg-info/dependency_links.txt
[0.472s] writing top-level names to custom_interfaces.egg-info/top_level.txt
[0.474s] reading manifest file 'custom_interfaces.egg-info/SOURCES.txt'
[0.475s] writing manifest file 'custom_interfaces.egg-info/SOURCES.txt'
[0.503s] [100%] Built target ament_cmake_python_build_custom_interfaces_egg
[0.547s] Invoked command in '/micro_ros_ws/wall_e_ws/build/custom_interfaces' returned '0': CMAKE_PREFIX_PATH=${CMAKE_PREFIX_PATH}:/micro_ros_ws/wall_e_ws/install/localization:/micro_ros_ws/wall_e_ws/install/feedback:/micro_ros_ws/wall_e_ws/install/control:/micro_ros_ws/install/feedback:/micro_ros_ws/install/control:/opt/ros/humble /usr/bin/cmake --build /micro_ros_ws/wall_e_ws/build/custom_interfaces -- -j12 -l12
[0.560s] Invoking command in '/micro_ros_ws/wall_e_ws/build/custom_interfaces': CMAKE_PREFIX_PATH=${CMAKE_PREFIX_PATH}:/micro_ros_ws/wall_e_ws/install/localization:/micro_ros_ws/wall_e_ws/install/feedback:/micro_ros_ws/wall_e_ws/install/control:/micro_ros_ws/install/feedback:/micro_ros_ws/install/control:/opt/ros/humble /usr/bin/cmake --install /micro_ros_ws/wall_e_ws/build/custom_interfaces
[0.574s] -- Install configuration: ""
[0.575s] -- Up-to-date: /micro_ros_ws/wall_e_ws/install/custom_interfaces/share/ament_index/resource_index/rosidl_interfaces/custom_interfaces
[0.576s] -- Up-to-date: /micro_ros_ws/wall_e_ws/install/custom_interfaces/include/custom_interfaces/custom_interfaces
[0.577s] -- Up-to-date: /micro_ros_ws/wall_e_ws/install/custom_interfaces/include/custom_interfaces/custom_interfaces/msg
[0.577s] -- Up-to-date: /micro_ros_ws/wall_e_ws/install/custom_interfaces/include/custom_interfaces/custom_interfaces/msg/detail
[0.578s] -- Up-to-date: /micro_ros_ws/wall_e_ws/install/custom_interfaces/include/custom_interfaces/custom_interfaces/msg/detail/gamepad__functions.c
[0.579s] -- Up-to-date: /micro_ros_ws/wall_e_ws/install/custom_interfaces/include/custom_interfaces/custom_interfaces/msg/detail/gamepad__functions.h
[0.580s] -- Up-to-date: /micro_ros_ws/wall_e_ws/install/custom_interfaces/include/custom_interfaces/custom_interfaces/msg/detail/gamepad__struct.h
[0.581s] -- Up-to-date: /micro_ros_ws/wall_e_ws/install/custom_interfaces/include/custom_interfaces/custom_interfaces/msg/detail/gamepad__type_support.h
[0.581s] -- Up-to-date: /micro_ros_ws/wall_e_ws/install/custom_interfaces/include/custom_interfaces/custom_interfaces/msg/gamepad.h
[0.582s] -- Up-to-date: /micro_ros_ws/wall_e_ws/install/custom_interfaces/include/custom_interfaces/custom_interfaces/msg/rosidl_generator_c__visibility_control.h
[0.583s] -- Up-to-date: /micro_ros_ws/wall_e_ws/install/custom_interfaces/share/custom_interfaces/environment/library_path.sh
[0.584s] -- Up-to-date: /micro_ros_ws/wall_e_ws/install/custom_interfaces/share/custom_interfaces/environment/library_path.dsv
[0.585s] -- Up-to-date: /micro_ros_ws/wall_e_ws/install/custom_interfaces/lib/libcustom_interfaces__rosidl_generator_c.so
[0.587s] -- Up-to-date: /micro_ros_ws/wall_e_ws/install/custom_interfaces/include/custom_interfaces/custom_interfaces
[0.587s] -- Up-to-date: /micro_ros_ws/wall_e_ws/install/custom_interfaces/include/custom_interfaces/custom_interfaces/msg
[0.588s] -- Up-to-date: /micro_ros_ws/wall_e_ws/install/custom_interfaces/include/custom_interfaces/custom_interfaces/msg/detail
[0.589s] -- Up-to-date: /micro_ros_ws/wall_e_ws/install/custom_interfaces/include/custom_interfaces/custom_interfaces/msg/detail/gamepad__rosidl_typesupport_fastrtps_c.h
[0.590s] -- Up-to-date: /micro_ros_ws/wall_e_ws/install/custom_interfaces/include/custom_interfaces/custom_interfaces/msg/rosidl_typesupport_fastrtps_c__visibility_control.h
[0.591s] -- Up-to-date: /micro_ros_ws/wall_e_ws/install/custom_interfaces/lib/libcustom_interfaces__rosidl_typesupport_fastrtps_c.so
[0.591s] -- Up-to-date: /micro_ros_ws/wall_e_ws/install/custom_interfaces/include/custom_interfaces/custom_interfaces
[0.592s] -- Up-to-date: /micro_ros_ws/wall_e_ws/install/custom_interfaces/include/custom_interfaces/custom_interfaces/msg
[0.593s] -- Up-to-date: /micro_ros_ws/wall_e_ws/install/custom_interfaces/include/custom_interfaces/custom_interfaces/msg/detail
[0.593s] -- Up-to-date: /micro_ros_ws/wall_e_ws/install/custom_interfaces/include/custom_interfaces/custom_interfaces/msg/detail/gamepad__rosidl_typesupport_introspection_c.h
[0.594s] -- Up-to-date: /micro_ros_ws/wall_e_ws/install/custom_interfaces/include/custom_interfaces/custom_interfaces/msg/detail/gamepad__type_support.c
[0.595s] -- Up-to-date: /micro_ros_ws/wall_e_ws/install/custom_interfaces/include/custom_interfaces/custom_interfaces/msg/rosidl_typesupport_introspection_c__visibility_control.h
[0.597s] -- Up-to-date: /micro_ros_ws/wall_e_ws/install/custom_interfaces/lib/libcustom_interfaces__rosidl_typesupport_introspection_c.so
[0.599s] -- Up-to-date: /micro_ros_ws/wall_e_ws/install/custom_interfaces/lib/libcustom_interfaces__rosidl_typesupport_c.so
[0.600s] -- Up-to-date: /micro_ros_ws/wall_e_ws/install/custom_interfaces/include/custom_interfaces/custom_interfaces
[0.601s] -- Up-to-date: /micro_ros_ws/wall_e_ws/install/custom_interfaces/include/custom_interfaces/custom_interfaces/msg
[0.601s] -- Up-to-date: /micro_ros_ws/wall_e_ws/install/custom_interfaces/include/custom_interfaces/custom_interfaces/msg/detail
[0.602s] -- Up-to-date: /micro_ros_ws/wall_e_ws/install/custom_interfaces/include/custom_interfaces/custom_interfaces/msg/detail/gamepad__builder.hpp
[0.602s] -- Up-to-date: /micro_ros_ws/wall_e_ws/install/custom_interfaces/include/custom_interfaces/custom_interfaces/msg/detail/gamepad__struct.hpp
[0.603s] -- Up-to-date: /micro_ros_ws/wall_e_ws/install/custom_interfaces/include/custom_interfaces/custom_interfaces/msg/detail/gamepad__traits.hpp
[0.603s] -- Up-to-date: /micro_ros_ws/wall_e_ws/install/custom_interfaces/include/custom_interfaces/custom_interfaces/msg/detail/gamepad__type_support.hpp
[0.604s] -- Up-to-date: /micro_ros_ws/wall_e_ws/install/custom_interfaces/include/custom_interfaces/custom_interfaces/msg/gamepad.hpp
[0.604s] -- Up-to-date: /micro_ros_ws/wall_e_ws/install/custom_interfaces/include/custom_interfaces/custom_interfaces/msg/rosidl_generator_cpp__visibility_control.hpp
[0.605s] -- Up-to-date: /micro_ros_ws/wall_e_ws/install/custom_interfaces/include/custom_interfaces/custom_interfaces
[0.605s] -- Up-to-date: /micro_ros_ws/wall_e_ws/install/custom_interfaces/include/custom_interfaces/custom_interfaces/msg
[0.606s] -- Up-to-date: /micro_ros_ws/wall_e_ws/install/custom_interfaces/include/custom_interfaces/custom_interfaces/msg/detail
[0.606s] -- Up-to-date: /micro_ros_ws/wall_e_ws/install/custom_interfaces/include/custom_interfaces/custom_interfaces/msg/detail/dds_fastrtps
[0.608s] -- Up-to-date: /micro_ros_ws/wall_e_ws/install/custom_interfaces/include/custom_interfaces/custom_interfaces/msg/detail/gamepad__rosidl_typesupport_fastrtps_cpp.hpp
[0.612s] -- Up-to-date: /micro_ros_ws/wall_e_ws/install/custom_interfaces/include/custom_interfaces/custom_interfaces/msg/rosidl_typesupport_fastrtps_cpp__visibility_control.h
[0.615s] -- Up-to-date: /micro_ros_ws/wall_e_ws/install/custom_interfaces/lib/libcustom_interfaces__rosidl_typesupport_fastrtps_cpp.so
[0.621s] -- Up-to-date: /micro_ros_ws/wall_e_ws/install/custom_interfaces/include/custom_interfaces/custom_interfaces
[0.624s] -- Up-to-date: /micro_ros_ws/wall_e_ws/install/custom_interfaces/include/custom_interfaces/custom_interfaces/msg
[0.626s] -- Up-to-date: /micro_ros_ws/wall_e_ws/install/custom_interfaces/include/custom_interfaces/custom_interfaces/msg/detail
[0.626s] -- Up-to-date: /micro_ros_ws/wall_e_ws/install/custom_interfaces/include/custom_interfaces/custom_interfaces/msg/detail/gamepad__rosidl_typesupport_introspection_cpp.hpp
[0.627s] -- Up-to-date: /micro_ros_ws/wall_e_ws/install/custom_interfaces/include/custom_interfaces/custom_interfaces/msg/detail/gamepad__type_support.cpp
[0.628s] -- Up-to-date: /micro_ros_ws/wall_e_ws/install/custom_interfaces/lib/libcustom_interfaces__rosidl_typesupport_introspection_cpp.so
[0.629s] -- Up-to-date: /micro_ros_ws/wall_e_ws/install/custom_interfaces/lib/libcustom_interfaces__rosidl_typesupport_cpp.so
[0.630s] -- Up-to-date: /micro_ros_ws/wall_e_ws/install/custom_interfaces/share/custom_interfaces/environment/pythonpath.sh
[0.631s] -- Up-to-date: /micro_ros_ws/wall_e_ws/install/custom_interfaces/share/custom_interfaces/environment/pythonpath.dsv
[0.631s] -- Up-to-date: /micro_ros_ws/wall_e_ws/install/custom_interfaces/local/lib/python3.10/dist-packages/custom_interfaces-0.0.0-py3.10.egg-info
[0.632s] -- Installing: /micro_ros_ws/wall_e_ws/install/custom_interfaces/local/lib/python3.10/dist-packages/custom_interfaces-0.0.0-py3.10.egg-info/dependency_links.txt
[0.633s] -- Installing: /micro_ros_ws/wall_e_ws/install/custom_interfaces/local/lib/python3.10/dist-packages/custom_interfaces-0.0.0-py3.10.egg-info/PKG-INFO
[0.634s] -- Installing: /micro_ros_ws/wall_e_ws/install/custom_interfaces/local/lib/python3.10/dist-packages/custom_interfaces-0.0.0-py3.10.egg-info/SOURCES.txt
[0.635s] -- Installing: /micro_ros_ws/wall_e_ws/install/custom_interfaces/local/lib/python3.10/dist-packages/custom_interfaces-0.0.0-py3.10.egg-info/top_level.txt
[0.637s] -- Up-to-date: /micro_ros_ws/wall_e_ws/install/custom_interfaces/local/lib/python3.10/dist-packages/custom_interfaces
[0.637s] -- Up-to-date: /micro_ros_ws/wall_e_ws/install/custom_interfaces/local/lib/python3.10/dist-packages/custom_interfaces/custom_interfaces_s__rosidl_typesupport_c.cpython-310-x86_64-linux-gnu.so
[0.638s] -- Up-to-date: /micro_ros_ws/wall_e_ws/install/custom_interfaces/local/lib/python3.10/dist-packages/custom_interfaces/custom_interfaces_s__rosidl_typesupport_fastrtps_c.cpython-310-x86_64-linux-gnu.so
[0.638s] -- Up-to-date: /micro_ros_ws/wall_e_ws/install/custom_interfaces/local/lib/python3.10/dist-packages/custom_interfaces/custom_interfaces_s__rosidl_typesupport_introspection_c.cpython-310-x86_64-linux-gnu.so
[0.638s] -- Up-to-date: /micro_ros_ws/wall_e_ws/install/custom_interfaces/local/lib/python3.10/dist-packages/custom_interfaces/libcustom_interfaces__rosidl_generator_py.so
[0.639s] -- Up-to-date: /micro_ros_ws/wall_e_ws/install/custom_interfaces/local/lib/python3.10/dist-packages/custom_interfaces/msg
[0.639s] -- Up-to-date: /micro_ros_ws/wall_e_ws/install/custom_interfaces/local/lib/python3.10/dist-packages/custom_interfaces/msg/_gamepad.py
[0.640s] -- Up-to-date: /micro_ros_ws/wall_e_ws/install/custom_interfaces/local/lib/python3.10/dist-packages/custom_interfaces/msg/_gamepad_s.c
[0.640s] -- Up-to-date: /micro_ros_ws/wall_e_ws/install/custom_interfaces/local/lib/python3.10/dist-packages/custom_interfaces/msg/__init__.py
[0.640s] -- Up-to-date: /micro_ros_ws/wall_e_ws/install/custom_interfaces/local/lib/python3.10/dist-packages/custom_interfaces/_custom_interfaces_s.ep.rosidl_typesupport_c.c
[0.641s] -- Up-to-date: /micro_ros_ws/wall_e_ws/install/custom_interfaces/local/lib/python3.10/dist-packages/custom_interfaces/_custom_interfaces_s.ep.rosidl_typesupport_fastrtps_c.c
[0.641s] -- Up-to-date: /micro_ros_ws/wall_e_ws/install/custom_interfaces/local/lib/python3.10/dist-packages/custom_interfaces/_custom_interfaces_s.ep.rosidl_typesupport_introspection_c.c
[0.641s] -- Up-to-date: /micro_ros_ws/wall_e_ws/install/custom_interfaces/local/lib/python3.10/dist-packages/custom_interfaces/__init__.py
[0.681s] Listing '/micro_ros_ws/wall_e_ws/install/custom_interfaces/local/lib/python3.10/dist-packages/custom_interfaces'...
[0.681s] Listing '/micro_ros_ws/wall_e_ws/install/custom_interfaces/local/lib/python3.10/dist-packages/custom_interfaces/msg'...
[0.685s] -- Up-to-date: /micro_ros_ws/wall_e_ws/install/custom_interfaces/local/lib/python3.10/dist-packages/custom_interfaces/custom_interfaces_s__rosidl_typesupport_fastrtps_c.cpython-310-x86_64-linux-gnu.so
[0.686s] -- Up-to-date: /micro_ros_ws/wall_e_ws/install/custom_interfaces/local/lib/python3.10/dist-packages/custom_interfaces/custom_interfaces_s__rosidl_typesupport_introspection_c.cpython-310-x86_64-linux-gnu.so
[0.687s] -- Up-to-date: /micro_ros_ws/wall_e_ws/install/custom_interfaces/local/lib/python3.10/dist-packages/custom_interfaces/custom_interfaces_s__rosidl_typesupport_c.cpython-310-x86_64-linux-gnu.so
[0.688s] -- Up-to-date: /micro_ros_ws/wall_e_ws/install/custom_interfaces/lib/libcustom_interfaces__rosidl_generator_py.so
[0.689s] -- Up-to-date: /micro_ros_ws/wall_e_ws/install/custom_interfaces/share/ament_index/resource_index/rust_packages/custom_interfaces
[0.689s] -- Up-to-date: /micro_ros_ws/wall_e_ws/install/custom_interfaces/share/custom_interfaces/rust
[0.690s] -- Up-to-date: /micro_ros_ws/wall_e_ws/install/custom_interfaces/share/custom_interfaces/rust/build.rs
[0.690s] -- Up-to-date: /micro_ros_ws/wall_e_ws/install/custom_interfaces/share/custom_interfaces/rust/Cargo.toml
[0.690s] -- Up-to-date: /micro_ros_ws/wall_e_ws/install/custom_interfaces/share/custom_interfaces/rust/src
[0.691s] -- Up-to-date: /micro_ros_ws/wall_e_ws/install/custom_interfaces/share/custom_interfaces/rust/src/lib.rs
[0.691s] -- Up-to-date: /micro_ros_ws/wall_e_ws/install/custom_interfaces/share/custom_interfaces/rust/src/msg
[0.691s] -- Up-to-date: /micro_ros_ws/wall_e_ws/install/custom_interfaces/share/custom_interfaces/rust/src/msg/rmw.rs
[0.692s] -- Up-to-date: /micro_ros_ws/wall_e_ws/install/custom_interfaces/share/custom_interfaces/rust/src/msg.rs
[0.692s] -- Up-to-date: /micro_ros_ws/wall_e_ws/install/custom_interfaces/share/custom_interfaces/msg/Gamepad.idl
[0.692s] -- Up-to-date: /micro_ros_ws/wall_e_ws/install/custom_interfaces/share/custom_interfaces/msg/Gamepad.msg
[0.693s] -- Up-to-date: /micro_ros_ws/wall_e_ws/install/custom_interfaces/share/ament_index/resource_index/package_run_dependencies/custom_interfaces
[0.693s] -- Up-to-date: /micro_ros_ws/wall_e_ws/install/custom_interfaces/share/ament_index/resource_index/parent_prefix_path/custom_interfaces
[0.693s] -- Up-to-date: /micro_ros_ws/wall_e_ws/install/custom_interfaces/share/custom_interfaces/environment/ament_prefix_path.sh
[0.694s] -- Up-to-date: /micro_ros_ws/wall_e_ws/install/custom_interfaces/share/custom_interfaces/environment/ament_prefix_path.dsv
[0.694s] -- Up-to-date: /micro_ros_ws/wall_e_ws/install/custom_interfaces/share/custom_interfaces/environment/path.sh
[0.694s] -- Up-to-date: /micro_ros_ws/wall_e_ws/install/custom_interfaces/share/custom_interfaces/environment/path.dsv
[0.695s] -- Up-to-date: /micro_ros_ws/wall_e_ws/install/custom_interfaces/share/custom_interfaces/local_setup.bash
[0.695s] -- Up-to-date: /micro_ros_ws/wall_e_ws/install/custom_interfaces/share/custom_interfaces/local_setup.sh
[0.695s] -- Up-to-date: /micro_ros_ws/wall_e_ws/install/custom_interfaces/share/custom_interfaces/local_setup.zsh
[0.696s] -- Up-to-date: /micro_ros_ws/wall_e_ws/install/custom_interfaces/share/custom_interfaces/local_setup.dsv
[0.696s] -- Installing: /micro_ros_ws/wall_e_ws/install/custom_interfaces/share/custom_interfaces/package.dsv
[0.697s] -- Up-to-date: /micro_ros_ws/wall_e_ws/install/custom_interfaces/share/ament_index/resource_index/packages/custom_interfaces
[0.698s] -- Up-to-date: /micro_ros_ws/wall_e_ws/install/custom_interfaces/share/custom_interfaces/cmake/export_custom_interfaces__rosidl_generator_cExport.cmake
[0.698s] -- Up-to-date: /micro_ros_ws/wall_e_ws/install/custom_interfaces/share/custom_interfaces/cmake/export_custom_interfaces__rosidl_generator_cExport-noconfig.cmake
[0.699s] -- Up-to-date: /micro_ros_ws/wall_e_ws/install/custom_interfaces/share/custom_interfaces/cmake/export_custom_interfaces__rosidl_typesupport_fastrtps_cExport.cmake
[0.699s] -- Up-to-date: /micro_ros_ws/wall_e_ws/install/custom_interfaces/share/custom_interfaces/cmake/export_custom_interfaces__rosidl_typesupport_fastrtps_cExport-noconfig.cmake
[0.700s] -- Up-to-date: /micro_ros_ws/wall_e_ws/install/custom_interfaces/share/custom_interfaces/cmake/custom_interfaces__rosidl_typesupport_introspection_cExport.cmake
[0.700s] -- Up-to-date: /micro_ros_ws/wall_e_ws/install/custom_interfaces/share/custom_interfaces/cmake/custom_interfaces__rosidl_typesupport_introspection_cExport-noconfig.cmake
[0.701s] -- Up-to-date: /micro_ros_ws/wall_e_ws/install/custom_interfaces/share/custom_interfaces/cmake/custom_interfaces__rosidl_typesupport_cExport.cmake
[0.701s] -- Up-to-date: /micro_ros_ws/wall_e_ws/install/custom_interfaces/share/custom_interfaces/cmake/custom_interfaces__rosidl_typesupport_cExport-noconfig.cmake
[0.701s] -- Up-to-date: /micro_ros_ws/wall_e_ws/install/custom_interfaces/share/custom_interfaces/cmake/export_custom_interfaces__rosidl_generator_cppExport.cmake
[0.702s] -- Up-to-date: /micro_ros_ws/wall_e_ws/install/custom_interfaces/share/custom_interfaces/cmake/export_custom_interfaces__rosidl_typesupport_fastrtps_cppExport.cmake
[0.702s] -- Up-to-date: /micro_ros_ws/wall_e_ws/install/custom_interfaces/share/custom_interfaces/cmake/export_custom_interfaces__rosidl_typesupport_fastrtps_cppExport-noconfig.cmake
[0.703s] -- Up-to-date: /micro_ros_ws/wall_e_ws/install/custom_interfaces/share/custom_interfaces/cmake/custom_interfaces__rosidl_typesupport_introspection_cppExport.cmake
[0.703s] -- Up-to-date: /micro_ros_ws/wall_e_ws/install/custom_interfaces/share/custom_interfaces/cmake/custom_interfaces__rosidl_typesupport_introspection_cppExport-noconfig.cmake
[0.704s] -- Up-to-date: /micro_ros_ws/wall_e_ws/install/custom_interfaces/share/custom_interfaces/cmake/custom_interfaces__rosidl_typesupport_cppExport.cmake
[0.704s] -- Up-to-date: /micro_ros_ws/wall_e_ws/install/custom_interfaces/share/custom_interfaces/cmake/custom_interfaces__rosidl_typesupport_cppExport-noconfig.cmake
[0.705s] -- Up-to-date: /micro_ros_ws/wall_e_ws/install/custom_interfaces/share/custom_interfaces/cmake/export_custom_interfaces__rosidl_generator_pyExport.cmake
[0.705s] -- Up-to-date: /micro_ros_ws/wall_e_ws/install/custom_interfaces/share/custom_interfaces/cmake/export_custom_interfaces__rosidl_generator_pyExport-noconfig.cmake
[0.705s] -- Up-to-date: /micro_ros_ws/wall_e_ws/install/custom_interfaces/share/custom_interfaces/cmake/rosidl_cmake-extras.cmake
[0.706s] -- Up-to-date: /micro_ros_ws/wall_e_ws/install/custom_interfaces/share/custom_interfaces/cmake/ament_cmake_export_dependencies-extras.cmake
[0.706s] -- Up-to-date: /micro_ros_ws/wall_e_ws/install/custom_interfaces/share/custom_interfaces/cmake/ament_cmake_export_include_directories-extras.cmake
[0.706s] -- Up-to-date: /micro_ros_ws/wall_e_ws/install/custom_interfaces/share/custom_interfaces/cmake/ament_cmake_export_libraries-extras.cmake
[0.707s] -- Up-to-date: /micro_ros_ws/wall_e_ws/install/custom_interfaces/share/custom_interfaces/cmake/ament_cmake_export_targets-extras.cmake
[0.707s] -- Up-to-date: /micro_ros_ws/wall_e_ws/install/custom_interfaces/share/custom_interfaces/cmake/rosidl_cmake_export_typesupport_targets-extras.cmake
[0.707s] -- Up-to-date: /micro_ros_ws/wall_e_ws/install/custom_interfaces/share/custom_interfaces/cmake/rosidl_cmake_export_typesupport_libraries-extras.cmake
[0.713s] -- Up-to-date: /micro_ros_ws/wall_e_ws/install/custom_interfaces/share/custom_interfaces/cmake/custom_interfacesConfig.cmake
[0.716s] -- Up-to-date: /micro_ros_ws/wall_e_ws/install/custom_interfaces/share/custom_interfaces/cmake/custom_interfacesConfig-version.cmake
[0.716s] -- Up-to-date: /micro_ros_ws/wall_e_ws/install/custom_interfaces/share/custom_interfaces/package.xml
[0.726s] Invoked command in '/micro_ros_ws/wall_e_ws/build/custom_interfaces' returned '0': CMAKE_PREFIX_PATH=${CMAKE_PREFIX_PATH}:/micro_ros_ws/wall_e_ws/install/localization:/micro_ros_ws/wall_e_ws/install/feedback:/micro_ros_ws/wall_e_ws/install/control:/micro_ros_ws/install/feedback:/micro_ros_ws/install/control:/opt/ros/humble /usr/bin/cmake --install /micro_ros_ws/wall_e_ws/build/custom_interfaces
