[0.000000] (-) TimerEvent: {}
[0.000374] (-) JobUnselected: {'identifier': 'custom_interfaces'}
[0.000561] (-) JobUnselected: {'identifier': 'feedback'}
[0.000615] (-) JobUnselected: {'identifier': 'localization'}
[0.000666] (control) JobQueued: {'identifier': 'control', 'dependencies': OrderedDict([('custom_interfaces', '/micro_ros_ws/wall_e_ws/install/custom_interfaces')])}
[0.000713] (control) JobStarted: {'identifier': 'control'}
[0.099673] (-) TimerEvent: {}
[0.200006] (-) TimerEvent: {}
[0.300310] (-) TimerEvent: {}
[0.400746] (-) TimerEvent: {}
[0.416170] (control) Command: {'cmd': ['/usr/bin/python3', '-W', 'ignore:setup.py install is deprecated', '-W', 'ignore:easy_install command is deprecated', 'setup.py', 'develop', '--editable', '--build-directory', '/micro_ros_ws/wall_e_ws/build/control/build', '--no-deps', 'symlink_data', '--force'], 'cwd': '/micro_ros_ws/wall_e_ws/build/control', 'env': {'HOSTNAME': 'e9b38ef6caf0', 'SHLVL': '0', 'LD_LIBRARY_PATH': '/micro_ros_ws/wall_e_ws/install/custom_interfaces/lib:/opt/ros/humble/lib/x86_64-linux-gnu:/opt/ros/humble/lib', 'HOME': '/root', 'OLDPWD': '/micro_ros_ws', 'ROS_PYTHON_VERSION': '3', 'ROS_DISTRO': 'humble', '_': '/usr/bin/colcon', 'ROS_VERSION': '2', 'TERM': 'xterm', 'ROS_LOCALHOST_ONLY': '0', 'PATH': '/opt/ros/humble/bin:/usr/local/sbin:/usr/local/bin:/usr/sbin:/usr/bin:/sbin:/bin', 'LANG': 'C.UTF-8', 'AMENT_PREFIX_PATH': '/micro_ros_ws/wall_e_ws/install/custom_interfaces:/opt/ros/humble', 'PWD': '/micro_ros_ws/wall_e_ws/build/control', 'LC_ALL': 'C.UTF-8', 'PYTHONPATH': '/micro_ros_ws/wall_e_ws/build/control/prefix_override:/usr/lib/python3/dist-packages/colcon_core/task/python/colcon_distutils_commands:/micro_ros_ws/wall_e_ws/install/control/lib/python3.10/site-packages:/micro_ros_ws/wall_e_ws/install/custom_interfaces/local/lib/python3.10/dist-packages:/opt/ros/humble/lib/python3.10/site-packages:/opt/ros/humble/local/lib/python3.10/dist-packages', 'COLCON': '1', 'CMAKE_PREFIX_PATH': '/micro_ros_ws/wall_e_ws/install/custom_interfaces'}, 'shell': False}
[0.500829] (-) TimerEvent: {}
[0.576485] (control) StdoutLine: {'line': b'running develop\n'}
[0.600921] (-) TimerEvent: {}
[0.664279] (control) StdoutLine: {'line': b'running egg_info\n'}
[0.664590] (control) StdoutLine: {'line': b'writing control.egg-info/PKG-INFO\n'}
[0.665079] (control) StdoutLine: {'line': b'writing dependency_links to control.egg-info/dependency_links.txt\n'}
[0.665349] (control) StdoutLine: {'line': b'writing entry points to control.egg-info/entry_points.txt\n'}
[0.665593] (control) StdoutLine: {'line': b'writing requirements to control.egg-info/requires.txt\n'}
[0.665764] (control) StdoutLine: {'line': b'writing top-level names to control.egg-info/top_level.txt\n'}
[0.667989] (control) StdoutLine: {'line': b"reading manifest file 'control.egg-info/SOURCES.txt'\n"}
[0.670479] (control) StdoutLine: {'line': b"writing manifest file 'control.egg-info/SOURCES.txt'\n"}
[0.671959] (control) StdoutLine: {'line': b'running build_ext\n'}
[0.672164] (control) StdoutLine: {'line': b'Creating /micro_ros_ws/wall_e_ws/install/control/lib/python3.10/site-packages/control.egg-link (link to .)\n'}
[0.673721] (control) StdoutLine: {'line': b'Installing gamepad_node script to /micro_ros_ws/wall_e_ws/install/control/lib/control\n'}
[0.674304] (control) StdoutLine: {'line': b'Installing robot_control_node script to /micro_ros_ws/wall_e_ws/install/control/lib/control\n'}
[0.674944] (control) StdoutLine: {'line': b'\n'}
[0.675069] (control) StdoutLine: {'line': b'Installed /micro_ros_ws/wall_e_ws/build/control\n'}
[0.675191] (control) StdoutLine: {'line': b'running symlink_data\n'}
[0.675719] (control) StdoutLine: {'line': b'symbolically linking /micro_ros_ws/wall_e_ws/build/control/resource/control -> /micro_ros_ws/wall_e_ws/install/control/share/ament_index/resource_index/packages\n'}
[0.676226] (control) StdoutLine: {'line': b'symbolically linking /micro_ros_ws/wall_e_ws/build/control/package.xml -> /micro_ros_ws/wall_e_ws/install/control/share/control\n'}
[0.699568] (control) CommandEnded: {'returncode': 0}
[0.700982] (-) TimerEvent: {}
[0.715049] (control) JobEnded: {'identifier': 'control', 'rc': 0}
[0.715686] (-) EventReactorShutdown: {}
