[1.865s] Invoking command in '/micro_ros_ws/wall_e_ws/src/feedback': PYTHONPATH=/micro_ros_ws/wall_e_ws/build/feedback/prefix_override:/usr/lib/python3/dist-packages/colcon_core/task/python/colcon_distutils_commands:/micro_ros_ws/wall_e_ws/install/feedback/lib/python3.10/site-packages:${PYTHONPATH} /usr/bin/python3 -W ignore:setup.py install is deprecated -W ignore:easy_install command is deprecated setup.py egg_info --egg-base ../../build/feedback build --build-base /micro_ros_ws/wall_e_ws/build/feedback/build install --record /micro_ros_ws/wall_e_ws/build/feedback/install.log --single-version-externally-managed install_data
[2.180s] running egg_info
[2.180s] writing ../../build/feedback/feedback.egg-info/PKG-INFO
[2.180s] writing dependency_links to ../../build/feedback/feedback.egg-info/dependency_links.txt
[2.181s] writing entry points to ../../build/feedback/feedback.egg-info/entry_points.txt
[2.181s] writing requirements to ../../build/feedback/feedback.egg-info/requires.txt
[2.181s] writing top-level names to ../../build/feedback/feedback.egg-info/top_level.txt
[2.184s] reading manifest file '../../build/feedback/feedback.egg-info/SOURCES.txt'
[2.186s] adding license file 'LICENSE'
[2.187s] writing manifest file '../../build/feedback/feedback.egg-info/SOURCES.txt'
[2.187s] running build
[2.187s] running build_py
[2.189s] running install
[2.189s] running install_lib
[2.193s] running install_data
[2.194s] running install_egg_info
[2.197s] removing '/micro_ros_ws/wall_e_ws/install/feedback/lib/python3.10/site-packages/feedback-0.0.0-py3.10.egg-info' (and everything under it)
[2.198s] Copying ../../build/feedback/feedback.egg-info to /micro_ros_ws/wall_e_ws/install/feedback/lib/python3.10/site-packages/feedback-0.0.0-py3.10.egg-info
[2.215s] running install_scripts
[2.246s] Installing imu_filter_node script to /micro_ros_ws/wall_e_ws/install/feedback/lib/feedback
[2.246s] Installing range_filter_node script to /micro_ros_ws/wall_e_ws/install/feedback/lib/feedback
[2.246s] Installing sensor_fusion_node script to /micro_ros_ws/wall_e_ws/install/feedback/lib/feedback
[2.247s] writing list of installed files to '/micro_ros_ws/wall_e_ws/build/feedback/install.log'
[2.268s] Invoked command in '/micro_ros_ws/wall_e_ws/src/feedback' returned '0': PYTHONPATH=/micro_ros_ws/wall_e_ws/build/feedback/prefix_override:/usr/lib/python3/dist-packages/colcon_core/task/python/colcon_distutils_commands:/micro_ros_ws/wall_e_ws/install/feedback/lib/python3.10/site-packages:${PYTHONPATH} /usr/bin/python3 -W ignore:setup.py install is deprecated -W ignore:easy_install command is deprecated setup.py egg_info --egg-base ../../build/feedback build --build-base /micro_ros_ws/wall_e_ws/build/feedback/build install --record /micro_ros_ws/wall_e_ws/build/feedback/install.log --single-version-externally-managed install_data
