[2.116s] Invoking command in '/micro_ros_ws/firmware/mcu_ws/build/libyaml_vendor': CMAKE_PREFIX_PATH=${CMAKE_PREFIX_PATH}:/micro_ros_ws/firmware/dev_ws/install/ament_uncrustify:/micro_ros_ws/firmware/dev_ws/install/domain_coordinator:/micro_ros_ws/firmware/dev_ws/install/ament_xmllint:/micro_ros_ws/firmware/dev_ws/install/ament_pyflakes:/micro_ros_ws/firmware/dev_ws/install/ament_pycodestyle:/micro_ros_ws/firmware/dev_ws/install/ament_pep257:/micro_ros_ws/firmware/dev_ws/install/ament_pclint:/micro_ros_ws/firmware/dev_ws/install/ament_package:/micro_ros_ws/firmware/dev_ws/install/ament_mypy:/micro_ros_ws/firmware/dev_ws/install/ament_lint_cmake:/micro_ros_ws/firmware/dev_ws/install/ament_flake8:/micro_ros_ws/firmware/dev_ws/install/ament_copyright:/micro_ros_ws/firmware/dev_ws/install/ament_lint:/micro_ros_ws/firmware/dev_ws/install/ament_index_python:/micro_ros_ws/firmware/dev_ws/install/ament_cpplint:/micro_ros_ws/firmware/dev_ws/install/ament_cppcheck:/micro_ros_ws/firmware/dev_ws/install/ament_clang_tidy:/micro_ros_ws/firmware/dev_ws/install/ament_clang_format /usr/bin/cmake /micro_ros_ws/firmware/mcu_ws/ros2/libyaml_vendor --no-warn-unused-cli -DCMAKE_POSITION_INDEPENDENT_CODE:BOOL=OFF -DTHIRDPARTY=ON -DBUILD_SHARED_LIBS=OFF -DBUILD_TESTING=OFF -DCMAKE_BUILD_TYPE=Debug -DCMAKE_TOOLCHAIN_FILE=/micro_ros_ws/firmware/freertos_apps/microros_esp32_extensions/esp32_toolchain.cmake -DCMAKE_VERBOSE_MAKEFILE=ON -DCMAKE_INSTALL_PREFIX=/micro_ros_ws/firmware/mcu_ws/install
[2.132s] Not searching for unused variables given on the command line.
[2.138s] -- Found ament_cmake: 1.3.14 (/micro_ros_ws/firmware/dev_ws/install/ament_cmake/share/ament_cmake/cmake)
[3.559s] -- Configuring done
[3.624s] -- Generating done
[3.640s] -- Build files have been written to: /micro_ros_ws/firmware/mcu_ws/build/libyaml_vendor
[3.643s] Invoked command in '/micro_ros_ws/firmware/mcu_ws/build/libyaml_vendor' returned '0': CMAKE_PREFIX_PATH=${CMAKE_PREFIX_PATH}:/micro_ros_ws/firmware/dev_ws/install/ament_uncrustify:/micro_ros_ws/firmware/dev_ws/install/domain_coordinator:/micro_ros_ws/firmware/dev_ws/install/ament_xmllint:/micro_ros_ws/firmware/dev_ws/install/ament_pyflakes:/micro_ros_ws/firmware/dev_ws/install/ament_pycodestyle:/micro_ros_ws/firmware/dev_ws/install/ament_pep257:/micro_ros_ws/firmware/dev_ws/install/ament_pclint:/micro_ros_ws/firmware/dev_ws/install/ament_package:/micro_ros_ws/firmware/dev_ws/install/ament_mypy:/micro_ros_ws/firmware/dev_ws/install/ament_lint_cmake:/micro_ros_ws/firmware/dev_ws/install/ament_flake8:/micro_ros_ws/firmware/dev_ws/install/ament_copyright:/micro_ros_ws/firmware/dev_ws/install/ament_lint:/micro_ros_ws/firmware/dev_ws/install/ament_index_python:/micro_ros_ws/firmware/dev_ws/install/ament_cpplint:/micro_ros_ws/firmware/dev_ws/install/ament_cppcheck:/micro_ros_ws/firmware/dev_ws/install/ament_clang_tidy:/micro_ros_ws/firmware/dev_ws/install/ament_clang_format /usr/bin/cmake /micro_ros_ws/firmware/mcu_ws/ros2/libyaml_vendor --no-warn-unused-cli -DCMAKE_POSITION_INDEPENDENT_CODE:BOOL=OFF -DTHIRDPARTY=ON -DBUILD_SHARED_LIBS=OFF -DBUILD_TESTING=OFF -DCMAKE_BUILD_TYPE=Debug -DCMAKE_TOOLCHAIN_FILE=/micro_ros_ws/firmware/freertos_apps/microros_esp32_extensions/esp32_toolchain.cmake -DCMAKE_VERBOSE_MAKEFILE=ON -DCMAKE_INSTALL_PREFIX=/micro_ros_ws/firmware/mcu_ws/install
[3.644s] Invoking command in '/micro_ros_ws/firmware/mcu_ws/build/libyaml_vendor': CMAKE_PREFIX_PATH=${CMAKE_PREFIX_PATH}:/micro_ros_ws/firmware/dev_ws/install/ament_uncrustify:/micro_ros_ws/firmware/dev_ws/install/domain_coordinator:/micro_ros_ws/firmware/dev_ws/install/ament_xmllint:/micro_ros_ws/firmware/dev_ws/install/ament_pyflakes:/micro_ros_ws/firmware/dev_ws/install/ament_pycodestyle:/micro_ros_ws/firmware/dev_ws/install/ament_pep257:/micro_ros_ws/firmware/dev_ws/install/ament_pclint:/micro_ros_ws/firmware/dev_ws/install/ament_package:/micro_ros_ws/firmware/dev_ws/install/ament_mypy:/micro_ros_ws/firmware/dev_ws/install/ament_lint_cmake:/micro_ros_ws/firmware/dev_ws/install/ament_flake8:/micro_ros_ws/firmware/dev_ws/install/ament_copyright:/micro_ros_ws/firmware/dev_ws/install/ament_lint:/micro_ros_ws/firmware/dev_ws/install/ament_index_python:/micro_ros_ws/firmware/dev_ws/install/ament_cpplint:/micro_ros_ws/firmware/dev_ws/install/ament_cppcheck:/micro_ros_ws/firmware/dev_ws/install/ament_clang_tidy:/micro_ros_ws/firmware/dev_ws/install/ament_clang_format /usr/bin/cmake --build /micro_ros_ws/firmware/mcu_ws/build/libyaml_vendor -- -j12 -l12
[3.687s] gmake[4]: Entering directory '/micro_ros_ws/firmware/mcu_ws/build/libyaml_vendor'
[3.687s] /usr/bin/cmake -S/micro_ros_ws/firmware/mcu_ws/ros2/libyaml_vendor -B/micro_ros_ws/firmware/mcu_ws/build/libyaml_vendor --check-build-system CMakeFiles/Makefile.cmake 0
[3.724s] /usr/bin/cmake -E cmake_progress_start /micro_ros_ws/firmware/mcu_ws/build/libyaml_vendor/CMakeFiles /micro_ros_ws/firmware/mcu_ws/build/libyaml_vendor//CMakeFiles/progress.marks
[3.738s] /usr/bin/gmake  -f CMakeFiles/Makefile2 all
[3.742s] gmake[5]: Entering directory '/micro_ros_ws/firmware/mcu_ws/build/libyaml_vendor'
[3.742s] /usr/bin/gmake  -f CMakeFiles/libyaml-0.2.5.dir/build.make CMakeFiles/libyaml-0.2.5.dir/depend
[3.747s] gmake[6]: Entering directory '/micro_ros_ws/firmware/mcu_ws/build/libyaml_vendor'
[3.747s] cd /micro_ros_ws/firmware/mcu_ws/build/libyaml_vendor && /usr/bin/cmake -E cmake_depends "Unix Makefiles" /micro_ros_ws/firmware/mcu_ws/ros2/libyaml_vendor /micro_ros_ws/firmware/mcu_ws/ros2/libyaml_vendor /micro_ros_ws/firmware/mcu_ws/build/libyaml_vendor /micro_ros_ws/firmware/mcu_ws/build/libyaml_vendor /micro_ros_ws/firmware/mcu_ws/build/libyaml_vendor/CMakeFiles/libyaml-0.2.5.dir/DependInfo.cmake --color=
[3.770s] gmake[6]: Leaving directory '/micro_ros_ws/firmware/mcu_ws/build/libyaml_vendor'
[3.770s] /usr/bin/gmake  -f CMakeFiles/libyaml-0.2.5.dir/build.make CMakeFiles/libyaml-0.2.5.dir/build
[3.779s] gmake[6]: Entering directory '/micro_ros_ws/firmware/mcu_ws/build/libyaml_vendor'
[3.798s] [ 12%] [34m[1mCreating directories for 'libyaml-0.2.5'[0m
[3.799s] /usr/bin/cmake -E make_directory /micro_ros_ws/firmware/mcu_ws/build/libyaml_vendor/libyaml-0.2.5-prefix/src/libyaml-0.2.5
[3.811s] /usr/bin/cmake -E make_directory /micro_ros_ws/firmware/mcu_ws/build/libyaml_vendor/libyaml-0.2.5-prefix/src/libyaml-0.2.5-build
[3.824s] /usr/bin/cmake -E make_directory /micro_ros_ws/firmware/mcu_ws/build/libyaml_vendor/libyaml-0.2.5-prefix
[3.838s] /usr/bin/cmake -E make_directory /micro_ros_ws/firmware/mcu_ws/build/libyaml_vendor/libyaml-0.2.5-prefix/tmp
[3.850s] /usr/bin/cmake -E make_directory /micro_ros_ws/firmware/mcu_ws/build/libyaml_vendor/libyaml-0.2.5-prefix/src/libyaml-0.2.5-stamp
[3.873s] /usr/bin/cmake -E make_directory /micro_ros_ws/firmware/mcu_ws/build/libyaml_vendor/libyaml-0.2.5-prefix/src
[3.888s] /usr/bin/cmake -E make_directory /micro_ros_ws/firmware/mcu_ws/build/libyaml_vendor/libyaml-0.2.5-prefix/src/libyaml-0.2.5-stamp
[3.902s] /usr/bin/cmake -E touch /micro_ros_ws/firmware/mcu_ws/build/libyaml_vendor/libyaml-0.2.5-prefix/src/libyaml-0.2.5-stamp/libyaml-0.2.5-mkdir
[3.929s] [ 25%] [34m[1mPerforming download step (git clone) for 'libyaml-0.2.5'[0m
[3.930s] cd /micro_ros_ws/firmware/mcu_ws/build/libyaml_vendor/libyaml-0.2.5-prefix/src && /usr/bin/cmake -P /micro_ros_ws/firmware/mcu_ws/build/libyaml_vendor/libyaml-0.2.5-prefix/tmp/libyaml-0.2.5-gitclone.cmake
[3.968s] Cloning into 'libyaml-0.2.5'...
[5.941s] fatal: detected dubious ownership in repository at '/micro_ros_ws/firmware/mcu_ws/build/libyaml_vendor/libyaml-0.2.5-prefix/src/libyaml-0.2.5'
[5.941s] To add an exception for this directory, call:
[5.942s] 
[5.942s] 	git config --global --add safe.directory /micro_ros_ws/firmware/mcu_ws/build/libyaml_vendor/libyaml-0.2.5-prefix/src/libyaml-0.2.5
[5.942s] [31mCMake Error at /micro_ros_ws/firmware/mcu_ws/build/libyaml_vendor/libyaml-0.2.5-prefix/tmp/libyaml-0.2.5-gitclone.cmake:40 (message):
[5.943s]   Failed to checkout tag: '2c891fc7a770e8ba2fec34fc6b545c672beb37e6'
[5.943s] 
[5.943s] [0m
[5.944s] gmake[6]: *** [CMakeFiles/libyaml-0.2.5.dir/build.make:101: libyaml-0.2.5-prefix/src/libyaml-0.2.5-stamp/libyaml-0.2.5-download] Error 1
[5.944s] gmake[6]: Leaving directory '/micro_ros_ws/firmware/mcu_ws/build/libyaml_vendor'
[5.944s] gmake[5]: *** [CMakeFiles/Makefile2:140: CMakeFiles/libyaml-0.2.5.dir/all] Error 2
[5.944s] gmake[5]: Leaving directory '/micro_ros_ws/firmware/mcu_ws/build/libyaml_vendor'
[5.945s] gmake[4]: *** [Makefile:149: all] Error 2
[5.945s] gmake[4]: Leaving directory '/micro_ros_ws/firmware/mcu_ws/build/libyaml_vendor'
[6.909s] Invoked command in '/micro_ros_ws/firmware/mcu_ws/build/libyaml_vendor' returned '2': CMAKE_PREFIX_PATH=${CMAKE_PREFIX_PATH}:/micro_ros_ws/firmware/dev_ws/install/ament_uncrustify:/micro_ros_ws/firmware/dev_ws/install/domain_coordinator:/micro_ros_ws/firmware/dev_ws/install/ament_xmllint:/micro_ros_ws/firmware/dev_ws/install/ament_pyflakes:/micro_ros_ws/firmware/dev_ws/install/ament_pycodestyle:/micro_ros_ws/firmware/dev_ws/install/ament_pep257:/micro_ros_ws/firmware/dev_ws/install/ament_pclint:/micro_ros_ws/firmware/dev_ws/install/ament_package:/micro_ros_ws/firmware/dev_ws/install/ament_mypy:/micro_ros_ws/firmware/dev_ws/install/ament_lint_cmake:/micro_ros_ws/firmware/dev_ws/install/ament_flake8:/micro_ros_ws/firmware/dev_ws/install/ament_copyright:/micro_ros_ws/firmware/dev_ws/install/ament_lint:/micro_ros_ws/firmware/dev_ws/install/ament_index_python:/micro_ros_ws/firmware/dev_ws/install/ament_cpplint:/micro_ros_ws/firmware/dev_ws/install/ament_cppcheck:/micro_ros_ws/firmware/dev_ws/install/ament_clang_tidy:/micro_ros_ws/firmware/dev_ws/install/ament_clang_format /usr/bin/cmake --build /micro_ros_ws/firmware/mcu_ws/build/libyaml_vendor -- -j12 -l12
