[1.093s] Invoking command in '/micro_ros_ws/wall_e_ws/src/feedback': PYTHONPATH=/micro_ros_ws/wall_e_ws/build/feedback/prefix_override:/usr/lib/python3/dist-packages/colcon_core/task/python/colcon_distutils_commands:/micro_ros_ws/wall_e_ws/install/feedback/lib/python3.10/site-packages:${PYTHONPATH} /usr/bin/python3 -W ignore:setup.py install is deprecated -W ignore:easy_install command is deprecated setup.py egg_info --egg-base ../../build/feedback build --build-base /micro_ros_ws/wall_e_ws/build/feedback/build install --record /micro_ros_ws/wall_e_ws/build/feedback/install.log --single-version-externally-managed install_data
[1.300s] running egg_info
[1.301s] writing ../../build/feedback/feedback.egg-info/PKG-INFO
[1.302s] writing dependency_links to ../../build/feedback/feedback.egg-info/dependency_links.txt
[1.304s] writing entry points to ../../build/feedback/feedback.egg-info/entry_points.txt
[1.305s] writing requirements to ../../build/feedback/feedback.egg-info/requires.txt
[1.305s] writing top-level names to ../../build/feedback/feedback.egg-info/top_level.txt
[1.313s] reading manifest file '../../build/feedback/feedback.egg-info/SOURCES.txt'
[1.315s] adding license file 'LICENSE'
[1.317s] writing manifest file '../../build/feedback/feedback.egg-info/SOURCES.txt'
[1.317s] running build
[1.317s] running build_py
[1.319s] running install
[1.319s] running install_lib
[1.322s] running install_data
[1.323s] running install_egg_info
[1.326s] removing '/micro_ros_ws/wall_e_ws/install/feedback/lib/python3.10/site-packages/feedback-0.0.0-py3.10.egg-info' (and everything under it)
[1.327s] Copying ../../build/feedback/feedback.egg-info to /micro_ros_ws/wall_e_ws/install/feedback/lib/python3.10/site-packages/feedback-0.0.0-py3.10.egg-info
[1.333s] running install_scripts
[1.349s] Installing imu_filter_node script to /micro_ros_ws/wall_e_ws/install/feedback/lib/feedback
[1.349s] Installing range_filter_node script to /micro_ros_ws/wall_e_ws/install/feedback/lib/feedback
[1.350s] Installing sensor_fusion_node script to /micro_ros_ws/wall_e_ws/install/feedback/lib/feedback
[1.350s] writing list of installed files to '/micro_ros_ws/wall_e_ws/build/feedback/install.log'
[1.374s] Invoked command in '/micro_ros_ws/wall_e_ws/src/feedback' returned '0': PYTHONPATH=/micro_ros_ws/wall_e_ws/build/feedback/prefix_override:/usr/lib/python3/dist-packages/colcon_core/task/python/colcon_distutils_commands:/micro_ros_ws/wall_e_ws/install/feedback/lib/python3.10/site-packages:${PYTHONPATH} /usr/bin/python3 -W ignore:setup.py install is deprecated -W ignore:easy_install command is deprecated setup.py egg_info --egg-base ../../build/feedback build --build-base /micro_ros_ws/wall_e_ws/build/feedback/build install --record /micro_ros_ws/wall_e_ws/build/feedback/install.log --single-version-externally-managed install_data
