[0.000000] (-) TimerEvent: {}
[0.000412] (-) JobUnselected: {'identifier': 'control'}
[0.000593] (-) JobUnselected: {'identifier': 'custom_interfaces'}
[0.000764] (-) JobUnselected: {'identifier': 'feedback'}
[0.000807] (localization) JobQueued: {'identifier': 'localization', 'dependencies': OrderedDict()}
[0.000848] (localization) JobStarted: {'identifier': 'localization'}
[0.099833] (-) TimerEvent: {}
[0.200105] (-) TimerEvent: {}
[0.300385] (-) TimerEvent: {}
[0.400744] (-) TimerEvent: {}
[0.415269] (localization) Command: {'cmd': ['/usr/bin/python3', '-W', 'ignore:setup.py install is deprecated', '-W', 'ignore:easy_install command is deprecated', 'setup.py', 'develop', '--editable', '--build-directory', '/micro_ros_ws/wall_e_ws/build/localization/build', '--no-deps', 'symlink_data', '--force'], 'cwd': '/micro_ros_ws/wall_e_ws/build/localization', 'env': {'HOSTNAME': 'e9b38ef6caf0', 'SHLVL': '0', 'LD_LIBRARY_PATH': '/opt/ros/humble/lib/x86_64-linux-gnu:/opt/ros/humble/lib', 'HOME': '/root', 'OLDPWD': '/micro_ros_ws', 'ROS_PYTHON_VERSION': '3', 'ROS_DISTRO': 'humble', '_': '/usr/bin/colcon', 'ROS_VERSION': '2', 'TERM': 'xterm', 'ROS_LOCALHOST_ONLY': '0', 'PATH': '/opt/ros/humble/bin:/usr/local/sbin:/usr/local/bin:/usr/sbin:/usr/bin:/sbin:/bin', 'LANG': 'C.UTF-8', 'AMENT_PREFIX_PATH': '/opt/ros/humble', 'PWD': '/micro_ros_ws/wall_e_ws/build/localization', 'LC_ALL': 'C.UTF-8', 'PYTHONPATH': '/micro_ros_ws/wall_e_ws/build/localization/prefix_override:/usr/lib/python3/dist-packages/colcon_core/task/python/colcon_distutils_commands:/micro_ros_ws/wall_e_ws/install/localization/lib/python3.10/site-packages:/opt/ros/humble/lib/python3.10/site-packages:/opt/ros/humble/local/lib/python3.10/dist-packages', 'COLCON': '1'}, 'shell': False}
[0.500853] (-) TimerEvent: {}
[0.575826] (localization) StdoutLine: {'line': b'running develop\n'}
[0.600971] (-) TimerEvent: {}
[0.630915] (localization) StdoutLine: {'line': b'running egg_info\n'}
[0.631168] (localization) StdoutLine: {'line': b'writing localization.egg-info/PKG-INFO\n'}
[0.631566] (localization) StdoutLine: {'line': b'writing dependency_links to localization.egg-info/dependency_links.txt\n'}
[0.632029] (localization) StdoutLine: {'line': b'writing entry points to localization.egg-info/entry_points.txt\n'}
[0.632312] (localization) StdoutLine: {'line': b'writing requirements to localization.egg-info/requires.txt\n'}
[0.632486] (localization) StdoutLine: {'line': b'writing top-level names to localization.egg-info/top_level.txt\n'}
[0.635707] (localization) StdoutLine: {'line': b"reading manifest file 'localization.egg-info/SOURCES.txt'\n"}
[0.638672] (localization) StdoutLine: {'line': b"writing manifest file 'localization.egg-info/SOURCES.txt'\n"}
[0.640609] (localization) StdoutLine: {'line': b'running build_ext\n'}
[0.640897] (localization) StdoutLine: {'line': b'Creating /micro_ros_ws/wall_e_ws/install/localization/lib/python3.10/site-packages/localization.egg-link (link to .)\n'}
[0.642875] (localization) StdoutLine: {'line': b'Installing inverse_kinematic_node script to /micro_ros_ws/wall_e_ws/install/localization/lib/localization\n'}
[0.643481] (localization) StdoutLine: {'line': b'Installing odometry_node script to /micro_ros_ws/wall_e_ws/install/localization/lib/localization\n'}
[0.644132] (localization) StdoutLine: {'line': b'\n'}
[0.644288] (localization) StdoutLine: {'line': b'Installed /micro_ros_ws/wall_e_ws/build/localization\n'}
[0.644412] (localization) StdoutLine: {'line': b'running symlink_data\n'}
[0.644872] (localization) StdoutLine: {'line': b'symbolically linking /micro_ros_ws/wall_e_ws/build/localization/resource/localization -> /micro_ros_ws/wall_e_ws/install/localization/share/ament_index/resource_index/packages\n'}
[0.645400] (localization) StdoutLine: {'line': b'symbolically linking /micro_ros_ws/wall_e_ws/build/localization/package.xml -> /micro_ros_ws/wall_e_ws/install/localization/share/localization\n'}
[0.669588] (localization) CommandEnded: {'returncode': 0}
[0.683397] (localization) JobEnded: {'identifier': 'localization', 'rc': 0}
[0.684273] (-) EventReactorShutdown: {}
