[0.417s] Invoking command in '/micro_ros_ws/wall_e_ws/build/localization': PYTHONPATH=/micro_ros_ws/wall_e_ws/build/localization/prefix_override:/usr/lib/python3/dist-packages/colcon_core/task/python/colcon_distutils_commands:/micro_ros_ws/wall_e_ws/install/localization/lib/python3.10/site-packages:${PYTHONPATH} /usr/bin/python3 -W ignore:setup.py install is deprecated -W ignore:easy_install command is deprecated setup.py develop --editable --build-directory /micro_ros_ws/wall_e_ws/build/localization/build --no-deps symlink_data --force
[0.575s] running develop
[0.630s] running egg_info
[0.630s] writing localization.egg-info/PKG-INFO
[0.631s] writing dependency_links to localization.egg-info/dependency_links.txt
[0.631s] writing entry points to localization.egg-info/entry_points.txt
[0.632s] writing requirements to localization.egg-info/requires.txt
[0.632s] writing top-level names to localization.egg-info/top_level.txt
[0.635s] reading manifest file 'localization.egg-info/SOURCES.txt'
[0.638s] writing manifest file 'localization.egg-info/SOURCES.txt'
[0.640s] running build_ext
[0.640s] Creating /micro_ros_ws/wall_e_ws/install/localization/lib/python3.10/site-packages/localization.egg-link (link to .)
[0.642s] Installing inverse_kinematic_node script to /micro_ros_ws/wall_e_ws/install/localization/lib/localization
[0.643s] Installing odometry_node script to /micro_ros_ws/wall_e_ws/install/localization/lib/localization
[0.643s] 
[0.644s] Installed /micro_ros_ws/wall_e_ws/build/localization
[0.644s] running symlink_data
[0.644s] symbolically linking /micro_ros_ws/wall_e_ws/build/localization/resource/localization -> /micro_ros_ws/wall_e_ws/install/localization/share/ament_index/resource_index/packages
[0.645s] symbolically linking /micro_ros_ws/wall_e_ws/build/localization/package.xml -> /micro_ros_ws/wall_e_ws/install/localization/share/localization
[0.669s] Invoked command in '/micro_ros_ws/wall_e_ws/build/localization' returned '0': PYTHONPATH=/micro_ros_ws/wall_e_ws/build/localization/prefix_override:/usr/lib/python3/dist-packages/colcon_core/task/python/colcon_distutils_commands:/micro_ros_ws/wall_e_ws/install/localization/lib/python3.10/site-packages:${PYTHONPATH} /usr/bin/python3 -W ignore:setup.py install is deprecated -W ignore:easy_install command is deprecated setup.py develop --editable --build-directory /micro_ros_ws/wall_e_ws/build/localization/build --no-deps symlink_data --force
