[0.560s] Invoking command in '/micro_ros_ws/wall_e_ws/src/control': PYTHONPATH=/micro_ros_ws/wall_e_ws/build/control/prefix_override:/usr/lib/python3/dist-packages/colcon_core/task/python/colcon_distutils_commands:/micro_ros_ws/wall_e_ws/install/control/lib/python3.10/site-packages:${PYTHONPATH} /usr/bin/python3 -W ignore:setup.py install is deprecated -W ignore:easy_install command is deprecated setup.py egg_info --egg-base ../../build/control build --build-base /micro_ros_ws/wall_e_ws/build/control/build install --record /micro_ros_ws/wall_e_ws/build/control/install.log --single-version-externally-managed install_data
[0.741s] running egg_info
[0.742s] writing ../../build/control/control.egg-info/PKG-INFO
[0.743s] writing dependency_links to ../../build/control/control.egg-info/dependency_links.txt
[0.743s] writing entry points to ../../build/control/control.egg-info/entry_points.txt
[0.743s] writing requirements to ../../build/control/control.egg-info/requires.txt
[0.744s] writing top-level names to ../../build/control/control.egg-info/top_level.txt
[0.750s] reading manifest file '../../build/control/control.egg-info/SOURCES.txt'
[0.751s] adding license file 'LICENSE'
[0.752s] writing manifest file '../../build/control/control.egg-info/SOURCES.txt'
[0.752s] running build
[0.752s] running build_py
[0.752s] copying control/gamepad.py -> /micro_ros_ws/wall_e_ws/build/control/build/lib/control
[0.753s] running install
[0.753s] running install_lib
[0.754s] copying /micro_ros_ws/wall_e_ws/build/control/build/lib/control/gamepad.py -> /micro_ros_ws/wall_e_ws/install/control/lib/python3.10/site-packages/control
[0.756s] byte-compiling /micro_ros_ws/wall_e_ws/install/control/lib/python3.10/site-packages/control/gamepad.py to gamepad.cpython-310.pyc
[0.757s] running install_data
[0.758s] copying package.xml -> /micro_ros_ws/wall_e_ws/install/control/share/control
[0.758s] running install_egg_info
[0.760s] removing '/micro_ros_ws/wall_e_ws/install/control/lib/python3.10/site-packages/control-0.0.0-py3.10.egg-info' (and everything under it)
[0.761s] Copying ../../build/control/control.egg-info to /micro_ros_ws/wall_e_ws/install/control/lib/python3.10/site-packages/control-0.0.0-py3.10.egg-info
[0.764s] running install_scripts
[0.781s] Installing gamepad_node script to /micro_ros_ws/wall_e_ws/install/control/lib/control
[0.781s] writing list of installed files to '/micro_ros_ws/wall_e_ws/build/control/install.log'
[0.797s] Invoked command in '/micro_ros_ws/wall_e_ws/src/control' returned '0': PYTHONPATH=/micro_ros_ws/wall_e_ws/build/control/prefix_override:/usr/lib/python3/dist-packages/colcon_core/task/python/colcon_distutils_commands:/micro_ros_ws/wall_e_ws/install/control/lib/python3.10/site-packages:${PYTHONPATH} /usr/bin/python3 -W ignore:setup.py install is deprecated -W ignore:easy_install command is deprecated setup.py egg_info --egg-base ../../build/control build --build-base /micro_ros_ws/wall_e_ws/build/control/build install --record /micro_ros_ws/wall_e_ws/build/control/install.log --single-version-externally-managed install_data
