Not searching for unused variables given on the command line.
-- Found ament_cmake_ros: 0.10.0 (/micro_ros_ws/firmware/dev_ws/install/ament_cmake_ros/share/ament_cmake_ros/cmake)
-- Configuring done
-- Generating done
-- Build files have been written to: /micro_ros_ws/firmware/mcu_ws/build/tracetools
gmake[4]: Entering directory '/micro_ros_ws/firmware/mcu_ws/build/tracetools'
/usr/bin/cmake -S/micro_ros_ws/firmware/mcu_ws/uros/tracetools/tracetools -B/micro_ros_ws/firmware/mcu_ws/build/tracetools --check-build-system CMakeFiles/Makefile.cmake 0
/usr/bin/cmake -E cmake_progress_start /micro_ros_ws/firmware/mcu_ws/build/tracetools/CMakeFiles /micro_ros_ws/firmware/mcu_ws/build/tracetools//CMakeFiles/progress.marks
/usr/bin/gmake  -f CMakeFiles/Makefile2 all
gmake[5]: Entering directory '/micro_ros_ws/firmware/mcu_ws/build/tracetools'
gmake[5]: Nothing to be done for 'all'.
gmake[5]: Leaving directory '/micro_ros_ws/firmware/mcu_ws/build/tracetools'
/usr/bin/cmake -E cmake_progress_start /micro_ros_ws/firmware/mcu_ws/build/tracetools/CMakeFiles 0
gmake[4]: Leaving directory '/micro_ros_ws/firmware/mcu_ws/build/tracetools'
-- Install configuration: "Debug"
-- Up-to-date: /micro_ros_ws/firmware/mcu_ws/install/include/tracetools
-- Installing: /micro_ros_ws/firmware/mcu_ws/install/include/tracetools/tracetools
-- Installing: /micro_ros_ws/firmware/mcu_ws/install/include/tracetools/tracetools/config.h
-- Installing: /micro_ros_ws/firmware/mcu_ws/install/include/tracetools/tracetools/tracetools.h
-- Installing: /micro_ros_ws/firmware/mcu_ws/install/include/tracetools/tracetools/utils.hpp
-- Installing: /micro_ros_ws/firmware/mcu_ws/install/include/tracetools/tracetools/visibility_control.hpp
-- Installing: /micro_ros_ws/firmware/mcu_ws/install/share/ament_index/resource_index/package_run_dependencies/tracetools
-- Installing: /micro_ros_ws/firmware/mcu_ws/install/share/ament_index/resource_index/parent_prefix_path/tracetools
-- Installing: /micro_ros_ws/firmware/mcu_ws/install/share/tracetools/environment/ament_prefix_path.sh
-- Installing: /micro_ros_ws/firmware/mcu_ws/install/share/tracetools/environment/ament_prefix_path.dsv
-- Installing: /micro_ros_ws/firmware/mcu_ws/install/share/tracetools/environment/path.sh
-- Installing: /micro_ros_ws/firmware/mcu_ws/install/share/tracetools/environment/path.dsv
-- Installing: /micro_ros_ws/firmware/mcu_ws/install/share/tracetools/local_setup.bash
-- Installing: /micro_ros_ws/firmware/mcu_ws/install/share/tracetools/local_setup.sh
-- Installing: /micro_ros_ws/firmware/mcu_ws/install/share/tracetools/local_setup.zsh
-- Installing: /micro_ros_ws/firmware/mcu_ws/install/share/tracetools/local_setup.dsv
-- Installing: /micro_ros_ws/firmware/mcu_ws/install/share/tracetools/package.dsv
-- Installing: /micro_ros_ws/firmware/mcu_ws/install/share/ament_index/resource_index/packages/tracetools
-- Installing: /micro_ros_ws/firmware/mcu_ws/install/share/tracetools/cmake/tracetools_exportExport.cmake
-- Installing: /micro_ros_ws/firmware/mcu_ws/install/share/tracetools/cmake/ament_cmake_export_targets-extras.cmake
-- Installing: /micro_ros_ws/firmware/mcu_ws/install/share/tracetools/cmake/ament_cmake_export_include_directories-extras.cmake
-- Installing: /micro_ros_ws/firmware/mcu_ws/install/share/tracetools/cmake/tracetoolsConfig.cmake
-- Installing: /micro_ros_ws/firmware/mcu_ws/install/share/tracetools/cmake/tracetoolsConfig-version.cmake
-- Installing: /micro_ros_ws/firmware/mcu_ws/install/share/tracetools/package.xml
