[1.032s] Invoking command in '/micro_ros_ws/firmware/mcu_ws/build/rosidl_adapter': AMENT_PREFIX_PATH=/micro_ros_ws/firmware/mcu_ws/install:${AMENT_PREFIX_PATH} CMAKE_PREFIX_PATH=/micro_ros_ws/firmware/mcu_ws/install:/micro_ros_ws/firmware/dev_ws/install/ament_lint_common:/micro_ros_ws/firmware/dev_ws/install/ament_cmake_uncrustify:/micro_ros_ws/firmware/dev_ws/install/uncrustify_vendor:/micro_ros_ws/firmware/dev_ws/install/ament_cmake_ros:/micro_ros_ws/firmware/dev_ws/install/ament_cmake_auto:/micro_ros_ws/firmware/dev_ws/install/ament_cmake_gmock:/micro_ros_ws/firmware/dev_ws/install/gmock_vendor:/micro_ros_ws/firmware/dev_ws/install/ament_cmake_gtest:/micro_ros_ws/firmware/dev_ws/install/gtest_vendor:/micro_ros_ws/firmware/dev_ws/install/ament_cmake_xmllint:/micro_ros_ws/firmware/dev_ws/install/ament_cmake_pyflakes:/micro_ros_ws/firmware/dev_ws/install/ament_cmake_pycodestyle:/micro_ros_ws/firmware/dev_ws/install/ament_cmake_pep257:/micro_ros_ws/firmware/dev_ws/install/ament_cmake_pclint:/micro_ros_ws/firmware/dev_ws/install/ament_lint_auto:/micro_ros_ws/firmware/dev_ws/install/ament_cmake:/micro_ros_ws/firmware/dev_ws/install/ament_cmake_version:/micro_ros_ws/firmware/dev_ws/install/ament_cmake_vendor_package:/micro_ros_ws/firmware/dev_ws/install/ament_cmake_pytest:/micro_ros_ws/firmware/dev_ws/install/ament_cmake_nose:/micro_ros_ws/firmware/dev_ws/install/ament_cmake_mypy:/micro_ros_ws/firmware/dev_ws/install/ament_cmake_lint_cmake:/micro_ros_ws/firmware/dev_ws/install/ament_cmake_google_benchmark:/micro_ros_ws/firmware/dev_ws/install/ament_cmake_flake8:/micro_ros_ws/firmware/dev_ws/install/ament_cmake_cpplint:/micro_ros_ws/firmware/dev_ws/install/ament_cmake_cppcheck:/micro_ros_ws/firmware/dev_ws/install/ament_cmake_copyright:/micro_ros_ws/firmware/dev_ws/install/ament_cmake_clang_tidy:/micro_ros_ws/firmware/dev_ws/install/ament_cmake_clang_format:/micro_ros_ws/firmware/dev_ws/install/ament_cmake_test:/micro_ros_ws/firmware/dev_ws/install/ament_cmake_target_dependencies:/micro_ros_ws/firmware/dev_ws/install/ament_cmake_python:/micro_ros_ws/firmware/dev_ws/install/ament_cmake_export_dependencies:/micro_ros_ws/firmware/dev_ws/install/ament_cmake_libraries:/micro_ros_ws/firmware/dev_ws/install/ament_cmake_include_directories:/micro_ros_ws/firmware/dev_ws/install/ament_cmake_gen_version_h:/micro_ros_ws/firmware/dev_ws/install/ament_cmake_export_targets:/micro_ros_ws/firmware/dev_ws/install/ament_cmake_export_link_flags:/micro_ros_ws/firmware/dev_ws/install/ament_cmake_export_interfaces:/micro_ros_ws/firmware/dev_ws/install/ament_cmake_export_libraries:/micro_ros_ws/firmware/dev_ws/install/ament_cmake_export_include_directories:/micro_ros_ws/firmware/dev_ws/install/ament_cmake_export_definitions:/micro_ros_ws/firmware/dev_ws/install/ament_cmake_core:/micro_ros_ws/firmware/dev_ws/install/ament_index_cpp:/micro_ros_ws/firmware/dev_ws/install/ament_uncrustify:/micro_ros_ws/firmware/dev_ws/install/domain_coordinator:/micro_ros_ws/firmware/dev_ws/install/ament_xmllint:/micro_ros_ws/firmware/dev_ws/install/ament_pyflakes:/micro_ros_ws/firmware/dev_ws/install/ament_pycodestyle:/micro_ros_ws/firmware/dev_ws/install/ament_pep257:/micro_ros_ws/firmware/dev_ws/install/ament_pclint:/micro_ros_ws/firmware/dev_ws/install/ament_package:/micro_ros_ws/firmware/dev_ws/install/ament_mypy:/micro_ros_ws/firmware/dev_ws/install/ament_lint_cmake:/micro_ros_ws/firmware/dev_ws/install/ament_flake8:/micro_ros_ws/firmware/dev_ws/install/ament_copyright:/micro_ros_ws/firmware/dev_ws/install/ament_lint:/micro_ros_ws/firmware/dev_ws/install/ament_index_python:/micro_ros_ws/firmware/dev_ws/install/ament_cpplint:/micro_ros_ws/firmware/dev_ws/install/ament_cppcheck:/micro_ros_ws/firmware/dev_ws/install/ament_clang_tidy:/micro_ros_ws/firmware/dev_ws/install/ament_clang_format PATH=/micro_ros_ws/firmware/mcu_ws/install/bin:${PATH} PYTHONPATH=/micro_ros_ws/firmware/mcu_ws/install/lib/python3.10/site-packages:${PYTHONPATH} /usr/bin/cmake --build /micro_ros_ws/firmware/mcu_ws/build/rosidl_adapter -- -j12 -l12
[1.054s] gmake[4]: Entering directory '/micro_ros_ws/firmware/mcu_ws/build/rosidl_adapter'
[1.055s] /usr/bin/cmake -S/micro_ros_ws/firmware/mcu_ws/ros2/rosidl/rosidl_adapter -B/micro_ros_ws/firmware/mcu_ws/build/rosidl_adapter --check-build-system CMakeFiles/Makefile.cmake 0
[1.085s] Re-run cmake file: Makefile older than: /micro_ros_ws/firmware/freertos_apps/microros_esp32_extensions/esp32_toolchain.cmake
[1.090s] -- Found ament_cmake: 1.3.14 (/micro_ros_ws/firmware/dev_ws/install/ament_cmake/share/ament_cmake/cmake)
[2.098s] -- Configuring done
[2.141s] -- Generating done
[2.152s] -- Build files have been written to: /micro_ros_ws/firmware/mcu_ws/build/rosidl_adapter
[2.154s] /usr/bin/cmake -E cmake_progress_start /micro_ros_ws/firmware/mcu_ws/build/rosidl_adapter/CMakeFiles /micro_ros_ws/firmware/mcu_ws/build/rosidl_adapter//CMakeFiles/progress.marks
[2.162s] /usr/bin/gmake  -f CMakeFiles/Makefile2 all
[2.165s] gmake[5]: Entering directory '/micro_ros_ws/firmware/mcu_ws/build/rosidl_adapter'
[2.165s] /usr/bin/gmake  -f CMakeFiles/ament_cmake_python_copy_rosidl_adapter_setup.dir/build.make CMakeFiles/ament_cmake_python_copy_rosidl_adapter_setup.dir/depend
[2.166s] /usr/bin/gmake  -f CMakeFiles/ament_cmake_python_copy_rosidl_adapter.dir/build.make CMakeFiles/ament_cmake_python_copy_rosidl_adapter.dir/depend
[2.169s] gmake[6]: Entering directory '/micro_ros_ws/firmware/mcu_ws/build/rosidl_adapter'
[2.169s] gmake[6]: Entering directory '/micro_ros_ws/firmware/mcu_ws/build/rosidl_adapter'
[2.169s] cd /micro_ros_ws/firmware/mcu_ws/build/rosidl_adapter && /usr/bin/cmake -E cmake_depends "Unix Makefiles" /micro_ros_ws/firmware/mcu_ws/ros2/rosidl/rosidl_adapter /micro_ros_ws/firmware/mcu_ws/ros2/rosidl/rosidl_adapter /micro_ros_ws/firmware/mcu_ws/build/rosidl_adapter /micro_ros_ws/firmware/mcu_ws/build/rosidl_adapter /micro_ros_ws/firmware/mcu_ws/build/rosidl_adapter/CMakeFiles/ament_cmake_python_copy_rosidl_adapter_setup.dir/DependInfo.cmake --color=
[2.169s] cd /micro_ros_ws/firmware/mcu_ws/build/rosidl_adapter && /usr/bin/cmake -E cmake_depends "Unix Makefiles" /micro_ros_ws/firmware/mcu_ws/ros2/rosidl/rosidl_adapter /micro_ros_ws/firmware/mcu_ws/ros2/rosidl/rosidl_adapter /micro_ros_ws/firmware/mcu_ws/build/rosidl_adapter /micro_ros_ws/firmware/mcu_ws/build/rosidl_adapter /micro_ros_ws/firmware/mcu_ws/build/rosidl_adapter/CMakeFiles/ament_cmake_python_copy_rosidl_adapter.dir/DependInfo.cmake --color=
[2.182s] gmake[6]: Leaving directory '/micro_ros_ws/firmware/mcu_ws/build/rosidl_adapter'
[2.182s] /usr/bin/gmake  -f CMakeFiles/ament_cmake_python_copy_rosidl_adapter.dir/build.make CMakeFiles/ament_cmake_python_copy_rosidl_adapter.dir/build
[2.184s] gmake[6]: Leaving directory '/micro_ros_ws/firmware/mcu_ws/build/rosidl_adapter'
[2.186s] /usr/bin/gmake  -f CMakeFiles/ament_cmake_python_copy_rosidl_adapter_setup.dir/build.make CMakeFiles/ament_cmake_python_copy_rosidl_adapter_setup.dir/build
[2.187s] gmake[6]: Entering directory '/micro_ros_ws/firmware/mcu_ws/build/rosidl_adapter'
[2.187s] /usr/bin/cmake -E copy_directory /micro_ros_ws/firmware/mcu_ws/ros2/rosidl/rosidl_adapter/rosidl_adapter /micro_ros_ws/firmware/mcu_ws/build/rosidl_adapter/ament_cmake_python/rosidl_adapter/rosidl_adapter
[2.188s] gmake[6]: Entering directory '/micro_ros_ws/firmware/mcu_ws/build/rosidl_adapter'
[2.188s] /usr/bin/cmake -E copy /micro_ros_ws/firmware/mcu_ws/ros2/rosidl/rosidl_adapter/setup.cfg /micro_ros_ws/firmware/mcu_ws/build/rosidl_adapter/ament_cmake_python/rosidl_adapter/setup.cfg
[2.201s] gmake[6]: Leaving directory '/micro_ros_ws/firmware/mcu_ws/build/rosidl_adapter'
[2.218s] Built target ament_cmake_python_copy_rosidl_adapter_setup
[2.236s] gmake[6]: Leaving directory '/micro_ros_ws/firmware/mcu_ws/build/rosidl_adapter'
[2.249s] Built target ament_cmake_python_copy_rosidl_adapter
[2.250s] /usr/bin/gmake  -f CMakeFiles/ament_cmake_python_build_rosidl_adapter_egg.dir/build.make CMakeFiles/ament_cmake_python_build_rosidl_adapter_egg.dir/depend
[2.254s] gmake[6]: Entering directory '/micro_ros_ws/firmware/mcu_ws/build/rosidl_adapter'
[2.254s] cd /micro_ros_ws/firmware/mcu_ws/build/rosidl_adapter && /usr/bin/cmake -E cmake_depends "Unix Makefiles" /micro_ros_ws/firmware/mcu_ws/ros2/rosidl/rosidl_adapter /micro_ros_ws/firmware/mcu_ws/ros2/rosidl/rosidl_adapter /micro_ros_ws/firmware/mcu_ws/build/rosidl_adapter /micro_ros_ws/firmware/mcu_ws/build/rosidl_adapter /micro_ros_ws/firmware/mcu_ws/build/rosidl_adapter/CMakeFiles/ament_cmake_python_build_rosidl_adapter_egg.dir/DependInfo.cmake --color=
[2.269s] gmake[6]: Leaving directory '/micro_ros_ws/firmware/mcu_ws/build/rosidl_adapter'
[2.269s] /usr/bin/gmake  -f CMakeFiles/ament_cmake_python_build_rosidl_adapter_egg.dir/build.make CMakeFiles/ament_cmake_python_build_rosidl_adapter_egg.dir/build
[2.272s] gmake[6]: Entering directory '/micro_ros_ws/firmware/mcu_ws/build/rosidl_adapter'
[2.272s] cd /micro_ros_ws/firmware/mcu_ws/build/rosidl_adapter/ament_cmake_python/rosidl_adapter && /micro_ros_ws/firmware/toolchain/espressif/python_env/idf4.1_py3.10_env/bin/python3 setup.py egg_info
[3.105s] running egg_info
[3.154s] creating rosidl_adapter.egg-info
[3.154s] writing rosidl_adapter.egg-info/PKG-INFO
[3.156s] writing dependency_links to rosidl_adapter.egg-info/dependency_links.txt
[3.157s] writing entry points to rosidl_adapter.egg-info/entry_points.txt
[3.158s] writing top-level names to rosidl_adapter.egg-info/top_level.txt
[3.159s] writing manifest file 'rosidl_adapter.egg-info/SOURCES.txt'
[3.327s] reading manifest file 'rosidl_adapter.egg-info/SOURCES.txt'
[3.332s] writing manifest file 'rosidl_adapter.egg-info/SOURCES.txt'
[3.353s] gmake[6]: Leaving directory '/micro_ros_ws/firmware/mcu_ws/build/rosidl_adapter'
[3.375s] Built target ament_cmake_python_build_rosidl_adapter_egg
[3.376s] gmake[5]: Leaving directory '/micro_ros_ws/firmware/mcu_ws/build/rosidl_adapter'
[3.377s] /usr/bin/cmake -E cmake_progress_start /micro_ros_ws/firmware/mcu_ws/build/rosidl_adapter/CMakeFiles 0
[3.395s] gmake[4]: Leaving directory '/micro_ros_ws/firmware/mcu_ws/build/rosidl_adapter'
[3.398s] Invoked command in '/micro_ros_ws/firmware/mcu_ws/build/rosidl_adapter' returned '0': AMENT_PREFIX_PATH=/micro_ros_ws/firmware/mcu_ws/install:${AMENT_PREFIX_PATH} CMAKE_PREFIX_PATH=/micro_ros_ws/firmware/mcu_ws/install:/micro_ros_ws/firmware/dev_ws/install/ament_lint_common:/micro_ros_ws/firmware/dev_ws/install/ament_cmake_uncrustify:/micro_ros_ws/firmware/dev_ws/install/uncrustify_vendor:/micro_ros_ws/firmware/dev_ws/install/ament_cmake_ros:/micro_ros_ws/firmware/dev_ws/install/ament_cmake_auto:/micro_ros_ws/firmware/dev_ws/install/ament_cmake_gmock:/micro_ros_ws/firmware/dev_ws/install/gmock_vendor:/micro_ros_ws/firmware/dev_ws/install/ament_cmake_gtest:/micro_ros_ws/firmware/dev_ws/install/gtest_vendor:/micro_ros_ws/firmware/dev_ws/install/ament_cmake_xmllint:/micro_ros_ws/firmware/dev_ws/install/ament_cmake_pyflakes:/micro_ros_ws/firmware/dev_ws/install/ament_cmake_pycodestyle:/micro_ros_ws/firmware/dev_ws/install/ament_cmake_pep257:/micro_ros_ws/firmware/dev_ws/install/ament_cmake_pclint:/micro_ros_ws/firmware/dev_ws/install/ament_lint_auto:/micro_ros_ws/firmware/dev_ws/install/ament_cmake:/micro_ros_ws/firmware/dev_ws/install/ament_cmake_version:/micro_ros_ws/firmware/dev_ws/install/ament_cmake_vendor_package:/micro_ros_ws/firmware/dev_ws/install/ament_cmake_pytest:/micro_ros_ws/firmware/dev_ws/install/ament_cmake_nose:/micro_ros_ws/firmware/dev_ws/install/ament_cmake_mypy:/micro_ros_ws/firmware/dev_ws/install/ament_cmake_lint_cmake:/micro_ros_ws/firmware/dev_ws/install/ament_cmake_google_benchmark:/micro_ros_ws/firmware/dev_ws/install/ament_cmake_flake8:/micro_ros_ws/firmware/dev_ws/install/ament_cmake_cpplint:/micro_ros_ws/firmware/dev_ws/install/ament_cmake_cppcheck:/micro_ros_ws/firmware/dev_ws/install/ament_cmake_copyright:/micro_ros_ws/firmware/dev_ws/install/ament_cmake_clang_tidy:/micro_ros_ws/firmware/dev_ws/install/ament_cmake_clang_format:/micro_ros_ws/firmware/dev_ws/install/ament_cmake_test:/micro_ros_ws/firmware/dev_ws/install/ament_cmake_target_dependencies:/micro_ros_ws/firmware/dev_ws/install/ament_cmake_python:/micro_ros_ws/firmware/dev_ws/install/ament_cmake_export_dependencies:/micro_ros_ws/firmware/dev_ws/install/ament_cmake_libraries:/micro_ros_ws/firmware/dev_ws/install/ament_cmake_include_directories:/micro_ros_ws/firmware/dev_ws/install/ament_cmake_gen_version_h:/micro_ros_ws/firmware/dev_ws/install/ament_cmake_export_targets:/micro_ros_ws/firmware/dev_ws/install/ament_cmake_export_link_flags:/micro_ros_ws/firmware/dev_ws/install/ament_cmake_export_interfaces:/micro_ros_ws/firmware/dev_ws/install/ament_cmake_export_libraries:/micro_ros_ws/firmware/dev_ws/install/ament_cmake_export_include_directories:/micro_ros_ws/firmware/dev_ws/install/ament_cmake_export_definitions:/micro_ros_ws/firmware/dev_ws/install/ament_cmake_core:/micro_ros_ws/firmware/dev_ws/install/ament_index_cpp:/micro_ros_ws/firmware/dev_ws/install/ament_uncrustify:/micro_ros_ws/firmware/dev_ws/install/domain_coordinator:/micro_ros_ws/firmware/dev_ws/install/ament_xmllint:/micro_ros_ws/firmware/dev_ws/install/ament_pyflakes:/micro_ros_ws/firmware/dev_ws/install/ament_pycodestyle:/micro_ros_ws/firmware/dev_ws/install/ament_pep257:/micro_ros_ws/firmware/dev_ws/install/ament_pclint:/micro_ros_ws/firmware/dev_ws/install/ament_package:/micro_ros_ws/firmware/dev_ws/install/ament_mypy:/micro_ros_ws/firmware/dev_ws/install/ament_lint_cmake:/micro_ros_ws/firmware/dev_ws/install/ament_flake8:/micro_ros_ws/firmware/dev_ws/install/ament_copyright:/micro_ros_ws/firmware/dev_ws/install/ament_lint:/micro_ros_ws/firmware/dev_ws/install/ament_index_python:/micro_ros_ws/firmware/dev_ws/install/ament_cpplint:/micro_ros_ws/firmware/dev_ws/install/ament_cppcheck:/micro_ros_ws/firmware/dev_ws/install/ament_clang_tidy:/micro_ros_ws/firmware/dev_ws/install/ament_clang_format PATH=/micro_ros_ws/firmware/mcu_ws/install/bin:${PATH} PYTHONPATH=/micro_ros_ws/firmware/mcu_ws/install/lib/python3.10/site-packages:${PYTHONPATH} /usr/bin/cmake --build /micro_ros_ws/firmware/mcu_ws/build/rosidl_adapter -- -j12 -l12
[3.401s] Invoking command in '/micro_ros_ws/firmware/mcu_ws/build/rosidl_adapter': AMENT_PREFIX_PATH=/micro_ros_ws/firmware/mcu_ws/install:${AMENT_PREFIX_PATH} CMAKE_PREFIX_PATH=/micro_ros_ws/firmware/mcu_ws/install:/micro_ros_ws/firmware/dev_ws/install/ament_lint_common:/micro_ros_ws/firmware/dev_ws/install/ament_cmake_uncrustify:/micro_ros_ws/firmware/dev_ws/install/uncrustify_vendor:/micro_ros_ws/firmware/dev_ws/install/ament_cmake_ros:/micro_ros_ws/firmware/dev_ws/install/ament_cmake_auto:/micro_ros_ws/firmware/dev_ws/install/ament_cmake_gmock:/micro_ros_ws/firmware/dev_ws/install/gmock_vendor:/micro_ros_ws/firmware/dev_ws/install/ament_cmake_gtest:/micro_ros_ws/firmware/dev_ws/install/gtest_vendor:/micro_ros_ws/firmware/dev_ws/install/ament_cmake_xmllint:/micro_ros_ws/firmware/dev_ws/install/ament_cmake_pyflakes:/micro_ros_ws/firmware/dev_ws/install/ament_cmake_pycodestyle:/micro_ros_ws/firmware/dev_ws/install/ament_cmake_pep257:/micro_ros_ws/firmware/dev_ws/install/ament_cmake_pclint:/micro_ros_ws/firmware/dev_ws/install/ament_lint_auto:/micro_ros_ws/firmware/dev_ws/install/ament_cmake:/micro_ros_ws/firmware/dev_ws/install/ament_cmake_version:/micro_ros_ws/firmware/dev_ws/install/ament_cmake_vendor_package:/micro_ros_ws/firmware/dev_ws/install/ament_cmake_pytest:/micro_ros_ws/firmware/dev_ws/install/ament_cmake_nose:/micro_ros_ws/firmware/dev_ws/install/ament_cmake_mypy:/micro_ros_ws/firmware/dev_ws/install/ament_cmake_lint_cmake:/micro_ros_ws/firmware/dev_ws/install/ament_cmake_google_benchmark:/micro_ros_ws/firmware/dev_ws/install/ament_cmake_flake8:/micro_ros_ws/firmware/dev_ws/install/ament_cmake_cpplint:/micro_ros_ws/firmware/dev_ws/install/ament_cmake_cppcheck:/micro_ros_ws/firmware/dev_ws/install/ament_cmake_copyright:/micro_ros_ws/firmware/dev_ws/install/ament_cmake_clang_tidy:/micro_ros_ws/firmware/dev_ws/install/ament_cmake_clang_format:/micro_ros_ws/firmware/dev_ws/install/ament_cmake_test:/micro_ros_ws/firmware/dev_ws/install/ament_cmake_target_dependencies:/micro_ros_ws/firmware/dev_ws/install/ament_cmake_python:/micro_ros_ws/firmware/dev_ws/install/ament_cmake_export_dependencies:/micro_ros_ws/firmware/dev_ws/install/ament_cmake_libraries:/micro_ros_ws/firmware/dev_ws/install/ament_cmake_include_directories:/micro_ros_ws/firmware/dev_ws/install/ament_cmake_gen_version_h:/micro_ros_ws/firmware/dev_ws/install/ament_cmake_export_targets:/micro_ros_ws/firmware/dev_ws/install/ament_cmake_export_link_flags:/micro_ros_ws/firmware/dev_ws/install/ament_cmake_export_interfaces:/micro_ros_ws/firmware/dev_ws/install/ament_cmake_export_libraries:/micro_ros_ws/firmware/dev_ws/install/ament_cmake_export_include_directories:/micro_ros_ws/firmware/dev_ws/install/ament_cmake_export_definitions:/micro_ros_ws/firmware/dev_ws/install/ament_cmake_core:/micro_ros_ws/firmware/dev_ws/install/ament_index_cpp:/micro_ros_ws/firmware/dev_ws/install/ament_uncrustify:/micro_ros_ws/firmware/dev_ws/install/domain_coordinator:/micro_ros_ws/firmware/dev_ws/install/ament_xmllint:/micro_ros_ws/firmware/dev_ws/install/ament_pyflakes:/micro_ros_ws/firmware/dev_ws/install/ament_pycodestyle:/micro_ros_ws/firmware/dev_ws/install/ament_pep257:/micro_ros_ws/firmware/dev_ws/install/ament_pclint:/micro_ros_ws/firmware/dev_ws/install/ament_package:/micro_ros_ws/firmware/dev_ws/install/ament_mypy:/micro_ros_ws/firmware/dev_ws/install/ament_lint_cmake:/micro_ros_ws/firmware/dev_ws/install/ament_flake8:/micro_ros_ws/firmware/dev_ws/install/ament_copyright:/micro_ros_ws/firmware/dev_ws/install/ament_lint:/micro_ros_ws/firmware/dev_ws/install/ament_index_python:/micro_ros_ws/firmware/dev_ws/install/ament_cpplint:/micro_ros_ws/firmware/dev_ws/install/ament_cppcheck:/micro_ros_ws/firmware/dev_ws/install/ament_clang_tidy:/micro_ros_ws/firmware/dev_ws/install/ament_clang_format PATH=/micro_ros_ws/firmware/mcu_ws/install/bin:${PATH} PYTHONPATH=/micro_ros_ws/firmware/mcu_ws/install/lib/python3.10/site-packages:${PYTHONPATH} /usr/bin/cmake --install /micro_ros_ws/firmware/mcu_ws/build/rosidl_adapter
[3.419s] -- Install configuration: "Debug"
[3.421s] -- Installing: /micro_ros_ws/firmware/mcu_ws/install/share/rosidl_adapter/environment/pythonpath.sh
[3.426s] -- Installing: /micro_ros_ws/firmware/mcu_ws/install/share/rosidl_adapter/environment/pythonpath.dsv
[3.431s] -- Installing: /micro_ros_ws/firmware/mcu_ws/install/lib/python3.10/site-packages/rosidl_adapter-3.1.8-py3.10.egg-info
[3.434s] -- Installing: /micro_ros_ws/firmware/mcu_ws/install/lib/python3.10/site-packages/rosidl_adapter-3.1.8-py3.10.egg-info/dependency_links.txt
[3.441s] -- Installing: /micro_ros_ws/firmware/mcu_ws/install/lib/python3.10/site-packages/rosidl_adapter-3.1.8-py3.10.egg-info/entry_points.txt
[3.447s] -- Installing: /micro_ros_ws/firmware/mcu_ws/install/lib/python3.10/site-packages/rosidl_adapter-3.1.8-py3.10.egg-info/PKG-INFO
[3.454s] -- Installing: /micro_ros_ws/firmware/mcu_ws/install/lib/python3.10/site-packages/rosidl_adapter-3.1.8-py3.10.egg-info/SOURCES.txt
[3.463s] -- Installing: /micro_ros_ws/firmware/mcu_ws/install/lib/python3.10/site-packages/rosidl_adapter-3.1.8-py3.10.egg-info/top_level.txt
[3.469s] -- Installing: /micro_ros_ws/firmware/mcu_ws/install/lib/python3.10/site-packages/rosidl_adapter
[3.473s] -- Installing: /micro_ros_ws/firmware/mcu_ws/install/lib/python3.10/site-packages/rosidl_adapter/action
[3.482s] -- Installing: /micro_ros_ws/firmware/mcu_ws/install/lib/python3.10/site-packages/rosidl_adapter/action/__init__.py
[3.488s] -- Installing: /micro_ros_ws/firmware/mcu_ws/install/lib/python3.10/site-packages/rosidl_adapter/cli.py
[3.498s] -- Installing: /micro_ros_ws/firmware/mcu_ws/install/lib/python3.10/site-packages/rosidl_adapter/main.py
[3.507s] -- Installing: /micro_ros_ws/firmware/mcu_ws/install/lib/python3.10/site-packages/rosidl_adapter/msg
[3.510s] -- Installing: /micro_ros_ws/firmware/mcu_ws/install/lib/python3.10/site-packages/rosidl_adapter/msg/__init__.py
[3.516s] -- Installing: /micro_ros_ws/firmware/mcu_ws/install/lib/python3.10/site-packages/rosidl_adapter/parser.py
[3.525s] -- Installing: /micro_ros_ws/firmware/mcu_ws/install/lib/python3.10/site-packages/rosidl_adapter/resource
[3.528s] -- Installing: /micro_ros_ws/firmware/mcu_ws/install/lib/python3.10/site-packages/rosidl_adapter/resource/action.idl.em
[3.535s] -- Installing: /micro_ros_ws/firmware/mcu_ws/install/lib/python3.10/site-packages/rosidl_adapter/resource/msg.idl.em
[3.541s] -- Installing: /micro_ros_ws/firmware/mcu_ws/install/lib/python3.10/site-packages/rosidl_adapter/resource/srv.idl.em
[3.547s] -- Installing: /micro_ros_ws/firmware/mcu_ws/install/lib/python3.10/site-packages/rosidl_adapter/resource/struct.idl.em
[3.554s] -- Installing: /micro_ros_ws/firmware/mcu_ws/install/lib/python3.10/site-packages/rosidl_adapter/resource/__init__.py
[3.560s] -- Installing: /micro_ros_ws/firmware/mcu_ws/install/lib/python3.10/site-packages/rosidl_adapter/srv
[3.563s] -- Installing: /micro_ros_ws/firmware/mcu_ws/install/lib/python3.10/site-packages/rosidl_adapter/srv/__init__.py
[3.569s] -- Installing: /micro_ros_ws/firmware/mcu_ws/install/lib/python3.10/site-packages/rosidl_adapter/__init__.py
[3.574s] -- Installing: /micro_ros_ws/firmware/mcu_ws/install/lib/python3.10/site-packages/rosidl_adapter/__main__.py
[3.834s] Listing '/micro_ros_ws/firmware/mcu_ws/install/lib/python3.10/site-packages/rosidl_adapter'...
[3.834s] Compiling '/micro_ros_ws/firmware/mcu_ws/install/lib/python3.10/site-packages/rosidl_adapter/__init__.py'...
[3.835s] Compiling '/micro_ros_ws/firmware/mcu_ws/install/lib/python3.10/site-packages/rosidl_adapter/__main__.py'...
[3.835s] Listing '/micro_ros_ws/firmware/mcu_ws/install/lib/python3.10/site-packages/rosidl_adapter/action'...
[3.836s] Compiling '/micro_ros_ws/firmware/mcu_ws/install/lib/python3.10/site-packages/rosidl_adapter/action/__init__.py'...
[3.836s] Compiling '/micro_ros_ws/firmware/mcu_ws/install/lib/python3.10/site-packages/rosidl_adapter/cli.py'...
[3.836s] Compiling '/micro_ros_ws/firmware/mcu_ws/install/lib/python3.10/site-packages/rosidl_adapter/main.py'...
[3.836s] Listing '/micro_ros_ws/firmware/mcu_ws/install/lib/python3.10/site-packages/rosidl_adapter/msg'...
[3.837s] Compiling '/micro_ros_ws/firmware/mcu_ws/install/lib/python3.10/site-packages/rosidl_adapter/msg/__init__.py'...
[3.837s] Compiling '/micro_ros_ws/firmware/mcu_ws/install/lib/python3.10/site-packages/rosidl_adapter/parser.py'...
[3.837s] Listing '/micro_ros_ws/firmware/mcu_ws/install/lib/python3.10/site-packages/rosidl_adapter/resource'...
[3.837s] Compiling '/micro_ros_ws/firmware/mcu_ws/install/lib/python3.10/site-packages/rosidl_adapter/resource/__init__.py'...
[3.838s] Listing '/micro_ros_ws/firmware/mcu_ws/install/lib/python3.10/site-packages/rosidl_adapter/srv'...
[3.838s] Compiling '/micro_ros_ws/firmware/mcu_ws/install/lib/python3.10/site-packages/rosidl_adapter/srv/__init__.py'...
[3.841s] -- Installing: /micro_ros_ws/firmware/mcu_ws/install/share/ament_index/resource_index/package_run_dependencies/rosidl_adapter
[3.846s] -- Installing: /micro_ros_ws/firmware/mcu_ws/install/share/ament_index/resource_index/parent_prefix_path/rosidl_adapter
[3.852s] -- Installing: /micro_ros_ws/firmware/mcu_ws/install/share/rosidl_adapter/environment/ament_prefix_path.sh
[3.856s] -- Installing: /micro_ros_ws/firmware/mcu_ws/install/share/rosidl_adapter/environment/ament_prefix_path.dsv
[3.859s] -- Installing: /micro_ros_ws/firmware/mcu_ws/install/share/rosidl_adapter/environment/path.sh
[3.862s] -- Installing: /micro_ros_ws/firmware/mcu_ws/install/share/rosidl_adapter/environment/path.dsv
[3.865s] -- Installing: /micro_ros_ws/firmware/mcu_ws/install/share/rosidl_adapter/local_setup.bash
[3.867s] -- Installing: /micro_ros_ws/firmware/mcu_ws/install/share/rosidl_adapter/local_setup.sh
[3.870s] -- Installing: /micro_ros_ws/firmware/mcu_ws/install/share/rosidl_adapter/local_setup.zsh
[3.872s] -- Installing: /micro_ros_ws/firmware/mcu_ws/install/share/rosidl_adapter/local_setup.dsv
[3.874s] -- Installing: /micro_ros_ws/firmware/mcu_ws/install/share/rosidl_adapter/package.dsv
[3.877s] -- Installing: /micro_ros_ws/firmware/mcu_ws/install/share/ament_index/resource_index/packages/rosidl_adapter
[3.881s] -- Installing: /micro_ros_ws/firmware/mcu_ws/install/share/rosidl_adapter/cmake/rosidl_adapter-extras.cmake
[3.884s] -- Installing: /micro_ros_ws/firmware/mcu_ws/install/share/rosidl_adapter/cmake/rosidl_adapterConfig.cmake
[3.887s] -- Installing: /micro_ros_ws/firmware/mcu_ws/install/share/rosidl_adapter/cmake/rosidl_adapterConfig-version.cmake
[3.891s] -- Installing: /micro_ros_ws/firmware/mcu_ws/install/share/rosidl_adapter/package.xml
[3.893s] -- Up-to-date: /micro_ros_ws/firmware/mcu_ws/install/share/rosidl_adapter/cmake
[3.894s] -- Installing: /micro_ros_ws/firmware/mcu_ws/install/share/rosidl_adapter/cmake/rosidl_adapt_interfaces.cmake
[3.898s] -- Installing: /micro_ros_ws/firmware/mcu_ws/install/lib/rosidl_adapter/msg2idl.py
[3.901s] -- Installing: /micro_ros_ws/firmware/mcu_ws/install/lib/rosidl_adapter/srv2idl.py
[3.985s] Invoked command in '/micro_ros_ws/firmware/mcu_ws/build/rosidl_adapter' returned '0': AMENT_PREFIX_PATH=/micro_ros_ws/firmware/mcu_ws/install:${AMENT_PREFIX_PATH} CMAKE_PREFIX_PATH=/micro_ros_ws/firmware/mcu_ws/install:/micro_ros_ws/firmware/dev_ws/install/ament_lint_common:/micro_ros_ws/firmware/dev_ws/install/ament_cmake_uncrustify:/micro_ros_ws/firmware/dev_ws/install/uncrustify_vendor:/micro_ros_ws/firmware/dev_ws/install/ament_cmake_ros:/micro_ros_ws/firmware/dev_ws/install/ament_cmake_auto:/micro_ros_ws/firmware/dev_ws/install/ament_cmake_gmock:/micro_ros_ws/firmware/dev_ws/install/gmock_vendor:/micro_ros_ws/firmware/dev_ws/install/ament_cmake_gtest:/micro_ros_ws/firmware/dev_ws/install/gtest_vendor:/micro_ros_ws/firmware/dev_ws/install/ament_cmake_xmllint:/micro_ros_ws/firmware/dev_ws/install/ament_cmake_pyflakes:/micro_ros_ws/firmware/dev_ws/install/ament_cmake_pycodestyle:/micro_ros_ws/firmware/dev_ws/install/ament_cmake_pep257:/micro_ros_ws/firmware/dev_ws/install/ament_cmake_pclint:/micro_ros_ws/firmware/dev_ws/install/ament_lint_auto:/micro_ros_ws/firmware/dev_ws/install/ament_cmake:/micro_ros_ws/firmware/dev_ws/install/ament_cmake_version:/micro_ros_ws/firmware/dev_ws/install/ament_cmake_vendor_package:/micro_ros_ws/firmware/dev_ws/install/ament_cmake_pytest:/micro_ros_ws/firmware/dev_ws/install/ament_cmake_nose:/micro_ros_ws/firmware/dev_ws/install/ament_cmake_mypy:/micro_ros_ws/firmware/dev_ws/install/ament_cmake_lint_cmake:/micro_ros_ws/firmware/dev_ws/install/ament_cmake_google_benchmark:/micro_ros_ws/firmware/dev_ws/install/ament_cmake_flake8:/micro_ros_ws/firmware/dev_ws/install/ament_cmake_cpplint:/micro_ros_ws/firmware/dev_ws/install/ament_cmake_cppcheck:/micro_ros_ws/firmware/dev_ws/install/ament_cmake_copyright:/micro_ros_ws/firmware/dev_ws/install/ament_cmake_clang_tidy:/micro_ros_ws/firmware/dev_ws/install/ament_cmake_clang_format:/micro_ros_ws/firmware/dev_ws/install/ament_cmake_test:/micro_ros_ws/firmware/dev_ws/install/ament_cmake_target_dependencies:/micro_ros_ws/firmware/dev_ws/install/ament_cmake_python:/micro_ros_ws/firmware/dev_ws/install/ament_cmake_export_dependencies:/micro_ros_ws/firmware/dev_ws/install/ament_cmake_libraries:/micro_ros_ws/firmware/dev_ws/install/ament_cmake_include_directories:/micro_ros_ws/firmware/dev_ws/install/ament_cmake_gen_version_h:/micro_ros_ws/firmware/dev_ws/install/ament_cmake_export_targets:/micro_ros_ws/firmware/dev_ws/install/ament_cmake_export_link_flags:/micro_ros_ws/firmware/dev_ws/install/ament_cmake_export_interfaces:/micro_ros_ws/firmware/dev_ws/install/ament_cmake_export_libraries:/micro_ros_ws/firmware/dev_ws/install/ament_cmake_export_include_directories:/micro_ros_ws/firmware/dev_ws/install/ament_cmake_export_definitions:/micro_ros_ws/firmware/dev_ws/install/ament_cmake_core:/micro_ros_ws/firmware/dev_ws/install/ament_index_cpp:/micro_ros_ws/firmware/dev_ws/install/ament_uncrustify:/micro_ros_ws/firmware/dev_ws/install/domain_coordinator:/micro_ros_ws/firmware/dev_ws/install/ament_xmllint:/micro_ros_ws/firmware/dev_ws/install/ament_pyflakes:/micro_ros_ws/firmware/dev_ws/install/ament_pycodestyle:/micro_ros_ws/firmware/dev_ws/install/ament_pep257:/micro_ros_ws/firmware/dev_ws/install/ament_pclint:/micro_ros_ws/firmware/dev_ws/install/ament_package:/micro_ros_ws/firmware/dev_ws/install/ament_mypy:/micro_ros_ws/firmware/dev_ws/install/ament_lint_cmake:/micro_ros_ws/firmware/dev_ws/install/ament_flake8:/micro_ros_ws/firmware/dev_ws/install/ament_copyright:/micro_ros_ws/firmware/dev_ws/install/ament_lint:/micro_ros_ws/firmware/dev_ws/install/ament_index_python:/micro_ros_ws/firmware/dev_ws/install/ament_cpplint:/micro_ros_ws/firmware/dev_ws/install/ament_cppcheck:/micro_ros_ws/firmware/dev_ws/install/ament_clang_tidy:/micro_ros_ws/firmware/dev_ws/install/ament_clang_format PATH=/micro_ros_ws/firmware/mcu_ws/install/bin:${PATH} PYTHONPATH=/micro_ros_ws/firmware/mcu_ws/install/lib/python3.10/site-packages:${PYTHONPATH} /usr/bin/cmake --install /micro_ros_ws/firmware/mcu_ws/build/rosidl_adapter
